[0.144s] Invoking command in '/home/nextup/Downloads/colcon_ws/build/gazebo_ros2_control': CMAKE_PREFIX_PATH=${CMAKE_PREFIX_PATH}:/opt/ros/humble /usr/bin/cmake /home/nextup/Downloads/colcon_ws/src/gazebo_ros2_control -DAMENT_CMAKE_SYMLINK_INSTALL=1 -DCMAKE_INSTALL_PREFIX=/home/nextup/Downloads/colcon_ws/install/gazebo_ros2_control
[0.152s] -- Found ament_cmake: 1.3.6 (/opt/ros/humble/share/ament_cmake/cmake)
[0.251s] -- Override CMake install command with custom implementation using symlinks instead of copying resources
[0.257s] -- Found angles: 1.15.0 (/opt/ros/humble/share/angles/cmake)
[0.258s] -- Found controller_manager: 2.35.0 (/opt/ros/humble/share/controller_manager/cmake)
[0.281s] -- Found rosidl_generator_c: 3.1.5 (/opt/ros/humble/share/rosidl_generator_c/cmake)
[0.283s] -- Found rosidl_adapter: 3.1.5 (/opt/ros/humble/share/rosidl_adapter/cmake)
[0.287s] -- Found rosidl_generator_cpp: 3.1.5 (/opt/ros/humble/share/rosidl_generator_cpp/cmake)
[0.296s] -- Using all available rosidl_typesupport_c: rosidl_typesupport_fastrtps_c;rosidl_typesupport_introspection_c
[0.309s] -- Using all available rosidl_typesupport_cpp: rosidl_typesupport_fastrtps_cpp;rosidl_typesupport_introspection_cpp
[0.825s] -- Found rmw_implementation_cmake: 6.1.1 (/opt/ros/humble/share/rmw_implementation_cmake/cmake)
[0.827s] -- Found rmw_fastrtps_cpp: 6.2.5 (/opt/ros/humble/share/rmw_fastrtps_cpp/cmake)
[0.851s] -- Found TinyXML2 via Config file: TinyXML2_DIR-NOTFOUND
[0.857s] -- Found TinyXML2 via Config file: TinyXML2_DIR-NOTFOUND
[0.877s] -- Found TinyXML2 via Config file: TinyXML2_DIR-NOTFOUND
[0.885s] -- Found TinyXML2 via Config file: TinyXML2_DIR-NOTFOUND
[0.896s] -- Using RMW implementation 'rmw_fastrtps_cpp' as default
[1.409s] -- Found gazebo_dev: 3.7.0 (/opt/ros/humble/share/gazebo_dev/cmake)
[1.429s] -- Found DART: /usr/include (Required is at least version "6.6") found components: dart 
[1.449s] -- Found Protobuf: /usr/lib/x86_64-linux-gnu/libprotobuf.so (found version "3.12.4") 
[1.450s] -- Looking for ignition-math6 -- found version 6.15.0
[1.453s] -- Searching for dependencies of ignition-math6
[1.454s] -- Looking for OGRE...
[1.458s] -- Found Ogre Ghadamon (1.9.0)
[1.458s] -- Found OGRE: optimized;/usr/lib/x86_64-linux-gnu/libOgreMain.so;debug;/usr/lib/x86_64-linux-gnu/libOgreMain.so
[1.466s] -- Looking for OGRE_Paging...
[1.466s] -- Found OGRE_Paging: optimized;/usr/lib/x86_64-linux-gnu/libOgrePaging.so;debug;/usr/lib/x86_64-linux-gnu/libOgrePaging.so
[1.466s] -- Looking for OGRE_Terrain...
[1.466s] -- Found OGRE_Terrain: optimized;/usr/lib/x86_64-linux-gnu/libOgreTerrain.so;debug;/usr/lib/x86_64-linux-gnu/libOgreTerrain.so
[1.466s] -- Looking for OGRE_Property...
[1.466s] -- Found OGRE_Property: optimized;/usr/lib/x86_64-linux-gnu/libOgreProperty.so;debug;/usr/lib/x86_64-linux-gnu/libOgreProperty.so
[1.466s] -- Looking for OGRE_RTShaderSystem...
[1.466s] -- Found OGRE_RTShaderSystem: optimized;/usr/lib/x86_64-linux-gnu/libOgreRTShaderSystem.so;debug;/usr/lib/x86_64-linux-gnu/libOgreRTShaderSystem.so
[1.466s] -- Looking for OGRE_Volume...
[1.466s] -- Found OGRE_Volume: optimized;/usr/lib/x86_64-linux-gnu/libOgreVolume.so;debug;/usr/lib/x86_64-linux-gnu/libOgreVolume.so
[1.466s] -- Looking for OGRE_Overlay...
[1.466s] -- Found OGRE_Overlay: optimized;/usr/lib/x86_64-linux-gnu/libOgreOverlay.so;debug;/usr/lib/x86_64-linux-gnu/libOgreOverlay.so
[1.581s] -- Looking for ignition-math6 -- found version 6.15.0
[1.581s] -- Looking for ignition-transport8 -- found version 8.2.1
[1.581s] -- Searching for dependencies of ignition-transport8
[1.595s] -- Found Protobuf: /usr/lib/x86_64-linux-gnu/libprotobuf.so (found suitable version "3.12.4", minimum required is "3") 
[1.604s] -- Config-file not installed for ZeroMQ -- checking for pkg-config
[1.607s] -- Checking for module 'libzmq >= 4'
[1.617s] --   Found libzmq , version 4.3.4
[1.644s] -- Checking for module 'uuid'
[1.653s] --   Found uuid, version 2.37.2
[1.673s] -- Looking for ignition-msgs5 -- found version 5.8.1
[1.674s] -- Searching for dependencies of ignition-msgs5
[1.687s] -- Looking for ignition-math6 -- found version 6.15.0
[1.692s] -- Looking for ignition-msgs5 -- found version 5.8.1
[1.692s] -- Looking for ignition-common3 -- found version 3.14.0
[1.692s] -- Searching for dependencies of ignition-common3
[1.693s] -- Looking for dlfcn.h - found
[1.693s] -- Looking for libdl - found
[1.701s] -- Searching for <ignition-common3> component [graphics]
[1.701s] -- Looking for ignition-common3-graphics -- found version 3.14.0
[1.702s] -- Searching for dependencies of ignition-common3-graphics
[1.702s] -- Looking for ignition-math6 -- found version 6.15.0
[1.702s] -- Looking for ignition-fuel_tools4 -- found version 4.4.0
[1.703s] -- Searching for dependencies of ignition-fuel_tools4
[1.731s] -- Checking for module 'jsoncpp'
[1.741s] --   Found jsoncpp, version 1.9.5
[1.765s] -- Checking for module 'libzip'
[1.774s] --   Found libzip, version 1.7.3
[1.795s] -- Looking for ignition-common3 -- found version 3.14.0
[1.795s] -- Looking for ignition-math6 -- found version 6.15.0
[1.795s] -- Looking for ignition-msgs5 -- found version 5.8.1
[1.796s] -- Gazebo version: 11.10
[1.797s] -- Found gazebo_ros: 3.7.0 (/opt/ros/humble/share/gazebo_ros/cmake)
[1.804s] -- Found yaml_cpp_vendor: 8.0.2 (/opt/ros/humble/share/yaml_cpp_vendor/cmake)
[2.379s] -- Found ament_cmake_gtest: 1.3.6 (/opt/ros/humble/share/ament_cmake_gtest/cmake)
[2.379s] -- Found ament_lint_auto: 0.12.9 (/opt/ros/humble/share/ament_lint_auto/cmake)
[2.430s] -- Added test 'copyright' to check source files copyright and LICENSE
[2.431s] -- Added test 'cppcheck' to perform static code analysis on C / C++ code
[2.431s] -- Configured cppcheck include dirs: /home/nextup/Downloads/colcon_ws/src/gazebo_ros2_control/include
[2.431s] -- Configured cppcheck exclude dirs and/or files: 
[2.431s] -- Added test 'cpplint' to check C / C++ code against the Google style
[2.432s] -- Configured cpplint exclude dirs and/or files: 
[2.432s] -- Added test 'lint_cmake' to check CMake code style
[2.432s] -- Added test 'uncrustify' to check C / C++ code style
[2.432s] -- Configured uncrustify additional arguments: 
[2.433s] -- Added test 'xmllint' to check XML markup files
[2.434s] -- Configuring done
[2.469s] -- Generating done
[2.471s] -- Build files have been written to: /home/nextup/Downloads/colcon_ws/build/gazebo_ros2_control
[2.479s] Invoked command in '/home/nextup/Downloads/colcon_ws/build/gazebo_ros2_control' returned '0': CMAKE_PREFIX_PATH=${CMAKE_PREFIX_PATH}:/opt/ros/humble /usr/bin/cmake /home/nextup/Downloads/colcon_ws/src/gazebo_ros2_control -DAMENT_CMAKE_SYMLINK_INSTALL=1 -DCMAKE_INSTALL_PREFIX=/home/nextup/Downloads/colcon_ws/install/gazebo_ros2_control
[2.480s] Invoking command in '/home/nextup/Downloads/colcon_ws/build/gazebo_ros2_control': CMAKE_PREFIX_PATH=${CMAKE_PREFIX_PATH}:/opt/ros/humble /usr/bin/cmake --build /home/nextup/Downloads/colcon_ws/build/gazebo_ros2_control -- -j16 -l16
[2.510s] [35m[1mConsolidate compiler generated dependencies of target gazebo_hardware_plugins[0m
[2.510s] [35m[1mConsolidate compiler generated dependencies of target gazebo_ros2_control[0m
[2.534s] [ 25%] [32m[1mLinking CXX shared library libgazebo_hardware_plugins.so[0m
[2.535s] [ 50%] [32m[1mLinking CXX shared library libgazebo_ros2_control.so[0m
[2.851s] [ 75%] Built target gazebo_hardware_plugins
[2.937s] [100%] Built target gazebo_ros2_control
[2.944s] Invoked command in '/home/nextup/Downloads/colcon_ws/build/gazebo_ros2_control' returned '0': CMAKE_PREFIX_PATH=${CMAKE_PREFIX_PATH}:/opt/ros/humble /usr/bin/cmake --build /home/nextup/Downloads/colcon_ws/build/gazebo_ros2_control -- -j16 -l16
[2.964s] Invoking command in '/home/nextup/Downloads/colcon_ws/build/gazebo_ros2_control': CMAKE_PREFIX_PATH=${CMAKE_PREFIX_PATH}:/opt/ros/humble /usr/bin/cmake --install /home/nextup/Downloads/colcon_ws/build/gazebo_ros2_control
[2.969s] -- Install configuration: ""
[2.969s] -- Execute custom install script
[2.969s] -- Symlinking: /home/nextup/Downloads/colcon_ws/install/gazebo_ros2_control/lib/libgazebo_ros2_control.so
[2.975s] -- Symlinking: /home/nextup/Downloads/colcon_ws/install/gazebo_ros2_control/lib/libgazebo_hardware_plugins.so
[2.981s] -- Symlinking: /home/nextup/Downloads/colcon_ws/install/gazebo_ros2_control/share/gazebo_ros2_control/environment/library_path.sh
[2.986s] -- Symlinking: /home/nextup/Downloads/colcon_ws/install/gazebo_ros2_control/share/gazebo_ros2_control/environment/library_path.dsv
[2.992s] -- Symlinking: /home/nextup/Downloads/colcon_ws/install/gazebo_ros2_control/include/gazebo_ros2_control/gazebo_ros2_control_plugin.hpp
[2.997s] -- Symlinking: /home/nextup/Downloads/colcon_ws/install/gazebo_ros2_control/include/gazebo_ros2_control/gazebo_system.hpp
[3.003s] -- Symlinking: /home/nextup/Downloads/colcon_ws/install/gazebo_ros2_control/include/gazebo_ros2_control/gazebo_system_interface.hpp
[3.008s] -- Symlinking: /home/nextup/Downloads/colcon_ws/install/gazebo_ros2_control/share/gazebo_ros2_control//gazebo_hardware_plugins.xml
[3.014s] -- Symlinking: /home/nextup/Downloads/colcon_ws/install/gazebo_ros2_control/share/ament_index/resource_index/package_run_dependencies/gazebo_ros2_control
[3.020s] -- Symlinking: /home/nextup/Downloads/colcon_ws/install/gazebo_ros2_control/share/ament_index/resource_index/parent_prefix_path/gazebo_ros2_control
[3.025s] -- Symlinking: /home/nextup/Downloads/colcon_ws/install/gazebo_ros2_control/share/gazebo_ros2_control/environment/ament_prefix_path.sh
[3.031s] -- Symlinking: /home/nextup/Downloads/colcon_ws/install/gazebo_ros2_control/share/gazebo_ros2_control/environment/ament_prefix_path.dsv
[3.036s] -- Symlinking: /home/nextup/Downloads/colcon_ws/install/gazebo_ros2_control/share/gazebo_ros2_control/environment/path.sh
[3.042s] -- Symlinking: /home/nextup/Downloads/colcon_ws/install/gazebo_ros2_control/share/gazebo_ros2_control/environment/path.dsv
[3.047s] -- Symlinking: /home/nextup/Downloads/colcon_ws/install/gazebo_ros2_control/share/gazebo_ros2_control/local_setup.bash
[3.052s] -- Symlinking: /home/nextup/Downloads/colcon_ws/install/gazebo_ros2_control/share/gazebo_ros2_control/local_setup.sh
[3.058s] -- Symlinking: /home/nextup/Downloads/colcon_ws/install/gazebo_ros2_control/share/gazebo_ros2_control/local_setup.zsh
[3.063s] -- Symlinking: /home/nextup/Downloads/colcon_ws/install/gazebo_ros2_control/share/gazebo_ros2_control/local_setup.dsv
[3.069s] -- Symlinking: /home/nextup/Downloads/colcon_ws/install/gazebo_ros2_control/share/gazebo_ros2_control/package.dsv
[3.074s] -- Symlinking: /home/nextup/Downloads/colcon_ws/install/gazebo_ros2_control/share/ament_index/resource_index/packages/gazebo_ros2_control
[3.080s] -- Symlinking: /home/nextup/Downloads/colcon_ws/install/gazebo_ros2_control/share/ament_index/resource_index/gazebo_ros2_control__pluginlib__plugin/gazebo_ros2_control
[3.085s] -- Symlinking: /home/nextup/Downloads/colcon_ws/install/gazebo_ros2_control/share/gazebo_ros2_control/cmake/ament_cmake_export_include_directories-extras.cmake
[3.091s] -- Symlinking: /home/nextup/Downloads/colcon_ws/install/gazebo_ros2_control/share/gazebo_ros2_control/cmake/ament_cmake_export_dependencies-extras.cmake
[3.096s] -- Symlinking: /home/nextup/Downloads/colcon_ws/install/gazebo_ros2_control/share/gazebo_ros2_control/cmake/ament_cmake_export_libraries-extras.cmake
[3.102s] -- Symlinking: /home/nextup/Downloads/colcon_ws/install/gazebo_ros2_control/share/gazebo_ros2_control/cmake/gazebo_ros2_controlConfig.cmake
[3.107s] -- Symlinking: /home/nextup/Downloads/colcon_ws/install/gazebo_ros2_control/share/gazebo_ros2_control/cmake/gazebo_ros2_controlConfig-version.cmake
[3.112s] -- Symlinking: /home/nextup/Downloads/colcon_ws/install/gazebo_ros2_control/share/gazebo_ros2_control/package.xml
[3.119s] Invoked command in '/home/nextup/Downloads/colcon_ws/build/gazebo_ros2_control' returned '0': CMAKE_PREFIX_PATH=${CMAKE_PREFIX_PATH}:/opt/ros/humble /usr/bin/cmake --install /home/nextup/Downloads/colcon_ws/build/gazebo_ros2_control
