[0.094s] Invoking command in '/home/nextup/Downloads/colcon_ws/build/realsense_gazebo_plugin': CMAKE_PREFIX_PATH=${CMAKE_PREFIX_PATH}:/opt/ros/humble /usr/bin/cmake /home/nextup/Downloads/colcon_ws/src/realsense_gazebo_plugin -DAMENT_CMAKE_SYMLINK_INSTALL=1 -DCMAKE_INSTALL_PREFIX=/home/nextup/Downloads/colcon_ws/install/realsense_gazebo_plugin
[0.109s] -- Found ament_cmake: 1.3.6 (/opt/ros/humble/share/ament_cmake/cmake)
[0.244s] -- Override CMake install command with custom implementation using symlinks instead of copying resources
[0.252s] -- Found rclcpp: 16.0.7 (/opt/ros/humble/share/rclcpp/cmake)
[0.287s] -- Found rosidl_generator_c: 3.1.5 (/opt/ros/humble/share/rosidl_generator_c/cmake)
[0.290s] -- Found rosidl_adapter: 3.1.5 (/opt/ros/humble/share/rosidl_adapter/cmake)
[0.298s] -- Found rosidl_generator_cpp: 3.1.5 (/opt/ros/humble/share/rosidl_generator_cpp/cmake)
[0.313s] -- Using all available rosidl_typesupport_c: rosidl_typesupport_fastrtps_c;rosidl_typesupport_introspection_c
[0.336s] -- Using all available rosidl_typesupport_cpp: rosidl_typesupport_fastrtps_cpp;rosidl_typesupport_introspection_cpp
[0.415s] -- Found rmw_implementation_cmake: 6.1.1 (/opt/ros/humble/share/rmw_implementation_cmake/cmake)
[0.418s] -- Found rmw_fastrtps_cpp: 6.2.5 (/opt/ros/humble/share/rmw_fastrtps_cpp/cmake)
[0.572s] -- Using RMW implementation 'rmw_fastrtps_cpp' as default
[0.761s] -- Found gazebo_ros: 3.7.0 (/opt/ros/humble/share/gazebo_ros/cmake)
[0.784s] -- Found DART: /usr/include (Required is at least version "6.6") found components: dart 
[0.804s] -- Found Protobuf: /usr/lib/x86_64-linux-gnu/libprotobuf.so (found version "3.12.4") 
[0.805s] -- Looking for ignition-math6 -- found version 6.15.0
[0.808s] -- Searching for dependencies of ignition-math6
[0.809s] -- Looking for OGRE...
[0.814s] -- Found Ogre Ghadamon (1.9.0)
[0.814s] -- Found OGRE: optimized;/usr/lib/x86_64-linux-gnu/libOgreMain.so;debug;/usr/lib/x86_64-linux-gnu/libOgreMain.so
[0.825s] -- Looking for OGRE_Paging...
[0.825s] -- Found OGRE_Paging: optimized;/usr/lib/x86_64-linux-gnu/libOgrePaging.so;debug;/usr/lib/x86_64-linux-gnu/libOgrePaging.so
[0.825s] -- Looking for OGRE_Terrain...
[0.825s] -- Found OGRE_Terrain: optimized;/usr/lib/x86_64-linux-gnu/libOgreTerrain.so;debug;/usr/lib/x86_64-linux-gnu/libOgreTerrain.so
[0.825s] -- Looking for OGRE_Property...
[0.825s] -- Found OGRE_Property: optimized;/usr/lib/x86_64-linux-gnu/libOgreProperty.so;debug;/usr/lib/x86_64-linux-gnu/libOgreProperty.so
[0.825s] -- Looking for OGRE_RTShaderSystem...
[0.826s] -- Found OGRE_RTShaderSystem: optimized;/usr/lib/x86_64-linux-gnu/libOgreRTShaderSystem.so;debug;/usr/lib/x86_64-linux-gnu/libOgreRTShaderSystem.so
[0.826s] -- Looking for OGRE_Volume...
[0.826s] -- Found OGRE_Volume: optimized;/usr/lib/x86_64-linux-gnu/libOgreVolume.so;debug;/usr/lib/x86_64-linux-gnu/libOgreVolume.so
[0.826s] -- Looking for OGRE_Overlay...
[0.826s] -- Found OGRE_Overlay: optimized;/usr/lib/x86_64-linux-gnu/libOgreOverlay.so;debug;/usr/lib/x86_64-linux-gnu/libOgreOverlay.so
[0.979s] -- Looking for ignition-math6 -- found version 6.15.0
[0.979s] -- Looking for ignition-transport8 -- found version 8.2.1
[0.979s] -- Searching for dependencies of ignition-transport8
[0.993s] -- Found Protobuf: /usr/lib/x86_64-linux-gnu/libprotobuf.so (found suitable version "3.12.4", minimum required is "3") 
[1.002s] -- Config-file not installed for ZeroMQ -- checking for pkg-config
[1.005s] -- Checking for module 'libzmq >= 4'
[1.015s] --   Found libzmq , version 4.3.4
[1.041s] -- Checking for module 'uuid'
[1.051s] --   Found uuid, version 2.37.2
[1.072s] -- Looking for ignition-msgs5 -- found version 5.8.1
[1.072s] -- Searching for dependencies of ignition-msgs5
[1.087s] -- Looking for ignition-math6 -- found version 6.15.0
[1.090s] -- Checking for module 'tinyxml2'
[1.099s] --   Found tinyxml2, version 9.0.0
[1.121s] -- Looking for ignition-msgs5 -- found version 5.8.1
[1.122s] -- Looking for ignition-common3 -- found version 3.14.0
[1.122s] -- Searching for dependencies of ignition-common3
[1.122s] -- Looking for dlfcn.h - found
[1.122s] -- Looking for libdl - found
[1.130s] -- Searching for <ignition-common3> component [graphics]
[1.131s] -- Looking for ignition-common3-graphics -- found version 3.14.0
[1.131s] -- Searching for dependencies of ignition-common3-graphics
[1.131s] -- Looking for ignition-math6 -- found version 6.15.0
[1.132s] -- Looking for ignition-fuel_tools4 -- found version 4.4.0
[1.132s] -- Searching for dependencies of ignition-fuel_tools4
[1.161s] -- Checking for module 'jsoncpp'
[1.170s] --   Found jsoncpp, version 1.9.5
[1.194s] -- Checking for module 'libzip'
[1.203s] --   Found libzip, version 1.7.3
[1.224s] -- Looking for ignition-common3 -- found version 3.14.0
[1.224s] -- Looking for ignition-math6 -- found version 6.15.0
[1.224s] -- Looking for ignition-msgs5 -- found version 5.8.1
[1.225s] -- Gazebo version: 11.10
[1.229s] -- Found image_transport: 3.1.7 (/opt/ros/humble/share/image_transport/cmake)
[1.356s] -- Found camera_info_manager: 3.1.7 (/opt/ros/humble/share/camera_info_manager/cmake)
[1.409s] -- Found ament_lint_auto: 0.12.9 (/opt/ros/humble/share/ament_lint_auto/cmake)
[1.459s] -- Configuring done
[1.473s] -- Generating done
[1.475s] -- Build files have been written to: /home/nextup/Downloads/colcon_ws/build/realsense_gazebo_plugin
