[0.350s] Invoking command in '/home/nextup/Downloads/colcon_ws/build/ebot_description': CMAKE_PREFIX_PATH=${CMAKE_PREFIX_PATH}:/home/nextup/Downloads/colcon_ws/install/ur_description:/opt/ros/humble /usr/bin/cmake --build /home/nextup/Downloads/colcon_ws/build/ebot_description -- -j16 -l16
[0.376s] Invoked command in '/home/nextup/Downloads/colcon_ws/build/ebot_description' returned '0': CMAKE_PREFIX_PATH=${CMAKE_PREFIX_PATH}:/home/nextup/Downloads/colcon_ws/install/ur_description:/opt/ros/humble /usr/bin/cmake --build /home/nextup/Downloads/colcon_ws/build/ebot_description -- -j16 -l16
[0.397s] Invoking command in '/home/nextup/Downloads/colcon_ws/build/ebot_description': CMAKE_PREFIX_PATH=${CMAKE_PREFIX_PATH}:/home/nextup/Downloads/colcon_ws/install/ur_description:/opt/ros/humble /usr/bin/cmake --install /home/nextup/Downloads/colcon_ws/build/ebot_description
[0.403s] -- Install configuration: ""
[0.403s] -- Execute custom install script
[0.403s] -- Up-to-date symlink: /home/nextup/Downloads/colcon_ws/install/ebot_description/share/ebot_description//launch/ebot_gazebo_launch.py
[0.403s] -- Up-to-date symlink: /home/nextup/Downloads/colcon_ws/install/ebot_description/share/ebot_description//launch/spawn_robot.py
[0.403s] -- Up-to-date symlink: /home/nextup/Downloads/colcon_ws/install/ebot_description/share/ebot_description//launch/start_world_launch.py
[0.403s] -- Up-to-date symlink: /home/nextup/Downloads/colcon_ws/install/ebot_description/share/ebot_description//worlds/border_road.world
[0.403s] -- Up-to-date symlink: /home/nextup/Downloads/colcon_ws/install/ebot_description/share/ebot_description//worlds/empty.world
[0.404s] -- Up-to-date symlink: /home/nextup/Downloads/colcon_ws/install/ebot_description/share/ebot_description//models/ebot/car.urdf.xacro
[0.404s] -- Up-to-date symlink: /home/nextup/Downloads/colcon_ws/install/ebot_description/share/ebot_description//models/ebot/ebot.gazebo
[0.404s] -- Up-to-date symlink: /home/nextup/Downloads/colcon_ws/install/ebot_description/share/ebot_description//models/ebot/ebot_description copy (copy).xacro
[0.404s] -- Up-to-date symlink: /home/nextup/Downloads/colcon_ws/install/ebot_description/share/ebot_description//models/ebot/ebot_description copy.xacro
[0.404s] -- Up-to-date symlink: /home/nextup/Downloads/colcon_ws/install/ebot_description/share/ebot_description//models/ebot/ebot_description.xacro
[0.404s] -- Up-to-date symlink: /home/nextup/Downloads/colcon_ws/install/ebot_description/share/ebot_description//meshes/FUS1.STL
[0.404s] -- Up-to-date symlink: /home/nextup/Downloads/colcon_ws/install/ebot_description/share/ebot_description//meshes/FUS2.STL
[0.404s] -- Up-to-date symlink: /home/nextup/Downloads/colcon_ws/install/ebot_description/share/ebot_description//meshes/FUS3.STL
[0.404s] -- Up-to-date symlink: /home/nextup/Downloads/colcon_ws/install/ebot_description/share/ebot_description//meshes/FUS4.STL
[0.405s] -- Up-to-date symlink: /home/nextup/Downloads/colcon_ws/install/ebot_description/share/ebot_description//meshes/FWL.STL
[0.405s] -- Up-to-date symlink: /home/nextup/Downloads/colcon_ws/install/ebot_description/share/ebot_description//meshes/FWR.STL
[0.405s] -- Up-to-date symlink: /home/nextup/Downloads/colcon_ws/install/ebot_description/share/ebot_description//meshes/LHUS10.STL
[0.405s] -- Up-to-date symlink: /home/nextup/Downloads/colcon_ws/install/ebot_description/share/ebot_description//meshes/LHUS9.STL
[0.405s] -- Up-to-date symlink: /home/nextup/Downloads/colcon_ws/install/ebot_description/share/ebot_description//meshes/RHUS7.STL
[0.405s] -- Up-to-date symlink: /home/nextup/Downloads/colcon_ws/install/ebot_description/share/ebot_description//meshes/RHUS9.STL
[0.405s] -- Up-to-date symlink: /home/nextup/Downloads/colcon_ws/install/ebot_description/share/ebot_description//meshes/RUS5.STL
[0.405s] -- Up-to-date symlink: /home/nextup/Downloads/colcon_ws/install/ebot_description/share/ebot_description//meshes/RUS6.STL
[0.406s] -- Up-to-date symlink: /home/nextup/Downloads/colcon_ws/install/ebot_description/share/ebot_description//meshes/RWL.STL
[0.406s] -- Up-to-date symlink: /home/nextup/Downloads/colcon_ws/install/ebot_description/share/ebot_description//meshes/RWR.STL
[0.406s] -- Up-to-date symlink: /home/nextup/Downloads/colcon_ws/install/ebot_description/share/ebot_description//meshes/chassis.dae
[0.407s] -- Up-to-date symlink: /home/nextup/Downloads/colcon_ws/install/ebot_description/share/ebot_description//meshes/robot_base.stl
[0.407s] -- Up-to-date symlink: /home/nextup/Downloads/colcon_ws/install/ebot_description/share/ebot_description//plugins/libgazebo_collision_sensor.so
[0.407s] -- Up-to-date symlink: /home/nextup/Downloads/colcon_ws/install/ebot_description/share/ebot_description//plugins/libgazebo_ros_vacuum_gripper.so
[0.407s] -- Up-to-date symlink: /home/nextup/Downloads/colcon_ws/install/ebot_description/share/ament_index/resource_index/package_run_dependencies/ebot_description
[0.407s] -- Up-to-date symlink: /home/nextup/Downloads/colcon_ws/install/ebot_description/share/ament_index/resource_index/parent_prefix_path/ebot_description
[0.407s] -- Up-to-date symlink: /home/nextup/Downloads/colcon_ws/install/ebot_description/share/ebot_description/environment/ament_prefix_path.sh
[0.407s] -- Up-to-date symlink: /home/nextup/Downloads/colcon_ws/install/ebot_description/share/ebot_description/environment/ament_prefix_path.dsv
[0.407s] -- Up-to-date symlink: /home/nextup/Downloads/colcon_ws/install/ebot_description/share/ebot_description/environment/path.sh
[0.407s] -- Up-to-date symlink: /home/nextup/Downloads/colcon_ws/install/ebot_description/share/ebot_description/environment/path.dsv
[0.407s] -- Up-to-date symlink: /home/nextup/Downloads/colcon_ws/install/ebot_description/share/ebot_description/local_setup.bash
[0.407s] -- Up-to-date symlink: /home/nextup/Downloads/colcon_ws/install/ebot_description/share/ebot_description/local_setup.sh
[0.407s] -- Up-to-date symlink: /home/nextup/Downloads/colcon_ws/install/ebot_description/share/ebot_description/local_setup.zsh
[0.407s] -- Up-to-date symlink: /home/nextup/Downloads/colcon_ws/install/ebot_description/share/ebot_description/local_setup.dsv
[0.407s] -- Symlinking: /home/nextup/Downloads/colcon_ws/install/ebot_description/share/ebot_description/package.dsv
[0.420s] -- Up-to-date symlink: /home/nextup/Downloads/colcon_ws/install/ebot_description/share/ament_index/resource_index/packages/ebot_description
[0.420s] -- Up-to-date symlink: /home/nextup/Downloads/colcon_ws/install/ebot_description/share/ebot_description/cmake/ebot_descriptionConfig.cmake
[0.420s] -- Up-to-date symlink: /home/nextup/Downloads/colcon_ws/install/ebot_description/share/ebot_description/cmake/ebot_descriptionConfig-version.cmake
[0.423s] -- Up-to-date symlink: /home/nextup/Downloads/colcon_ws/install/ebot_description/share/ebot_description/package.xml
[0.429s] Invoked command in '/home/nextup/Downloads/colcon_ws/build/ebot_description' returned '0': CMAKE_PREFIX_PATH=${CMAKE_PREFIX_PATH}:/home/nextup/Downloads/colcon_ws/install/ur_description:/opt/ros/humble /usr/bin/cmake --install /home/nextup/Downloads/colcon_ws/build/ebot_description
