[0.217s] Invoking command in '/home/nextup/Downloads/colcon_ws/build/eyantra_warehouse': CMAKE_PREFIX_PATH=${CMAKE_PREFIX_PATH}:/home/nextup/Downloads/colcon_ws/install/ur_description:/opt/ros/humble /usr/bin/cmake /home/nextup/Downloads/colcon_ws/src/eyantra_warehouse -DCMAKE_INSTALL_PREFIX=/home/nextup/Downloads/colcon_ws/install/eyantra_warehouse
[0.229s] -- Found ament_cmake: 1.3.6 (/opt/ros/humble/share/ament_cmake/cmake)
[0.342s] -- Override CMake install command with custom implementation using symlinks instead of copying resources
[0.352s] -- Found ament_lint_auto: 0.12.9 (/opt/ros/humble/share/ament_lint_auto/cmake)
[0.413s] -- Added test 'copyright' to check source files copyright and LICENSE
[0.462s] -- Added test 'flake8' to check Python code syntax and style conventions
[0.467s] -- Added test 'lint_cmake' to check CMake code style
[0.469s] -- Added test 'pep257' to check Python code against some of the docstring style conventions in PEP 257
[0.490s] -- Added test 'xmllint' to check XML markup files
[0.491s] -- Configuring done
[0.495s] -- Generating done
[0.496s] -- Build files have been written to: /home/nextup/Downloads/colcon_ws/build/eyantra_warehouse
[0.499s] Invoked command in '/home/nextup/Downloads/colcon_ws/build/eyantra_warehouse' returned '0': CMAKE_PREFIX_PATH=${CMAKE_PREFIX_PATH}:/home/nextup/Downloads/colcon_ws/install/ur_description:/opt/ros/humble /usr/bin/cmake /home/nextup/Downloads/colcon_ws/src/eyantra_warehouse -DCMAKE_INSTALL_PREFIX=/home/nextup/Downloads/colcon_ws/install/eyantra_warehouse
[0.500s] Invoking command in '/home/nextup/Downloads/colcon_ws/build/eyantra_warehouse': CMAKE_PREFIX_PATH=${CMAKE_PREFIX_PATH}:/home/nextup/Downloads/colcon_ws/install/ur_description:/opt/ros/humble /usr/bin/cmake --build /home/nextup/Downloads/colcon_ws/build/eyantra_warehouse -- -j16 -l16
[0.527s] Invoked command in '/home/nextup/Downloads/colcon_ws/build/eyantra_warehouse' returned '0': CMAKE_PREFIX_PATH=${CMAKE_PREFIX_PATH}:/home/nextup/Downloads/colcon_ws/install/ur_description:/opt/ros/humble /usr/bin/cmake --build /home/nextup/Downloads/colcon_ws/build/eyantra_warehouse -- -j16 -l16
[0.549s] Invoking command in '/home/nextup/Downloads/colcon_ws/build/eyantra_warehouse': CMAKE_PREFIX_PATH=${CMAKE_PREFIX_PATH}:/home/nextup/Downloads/colcon_ws/install/ur_description:/opt/ros/humble /usr/bin/cmake --install /home/nextup/Downloads/colcon_ws/build/eyantra_warehouse
[0.554s] -- Install configuration: ""
[0.554s] -- Execute custom install script
[0.555s] -- Up-to-date symlink: /home/nextup/Downloads/colcon_ws/install/eyantra_warehouse/share/eyantra_warehouse//launch/some_launch_file.launch.py
[0.555s] -- Up-to-date symlink: /home/nextup/Downloads/colcon_ws/install/eyantra_warehouse/share/eyantra_warehouse//worlds/border_road.world
[0.555s] -- Up-to-date symlink: /home/nextup/Downloads/colcon_ws/install/eyantra_warehouse/share/eyantra_warehouse//worlds/eyantra_warehouse.world
[0.556s] -- Up-to-date symlink: /home/nextup/Downloads/colcon_ws/install/eyantra_warehouse/share/eyantra_warehouse//worlds/eyantra_warehouse_task2a.world
[0.556s] -- Up-to-date symlink: /home/nextup/Downloads/colcon_ws/install/eyantra_warehouse/share/eyantra_warehouse//worlds/eyantra_warehouse_task2b.world
[0.556s] -- Up-to-date symlink: /home/nextup/Downloads/colcon_ws/install/eyantra_warehouse/share/eyantra_warehouse//worlds/office.world
[0.558s] -- Up-to-date symlink: /home/nextup/Downloads/colcon_ws/install/eyantra_warehouse/share/eyantra_warehouse//models/arm_base/meshes/arm_base.dae
[0.558s] -- Up-to-date symlink: /home/nextup/Downloads/colcon_ws/install/eyantra_warehouse/share/eyantra_warehouse//models/arm_base/model.config
[0.559s] -- Up-to-date symlink: /home/nextup/Downloads/colcon_ws/install/eyantra_warehouse/share/eyantra_warehouse//models/arm_base/model.sdf
[0.559s] -- Up-to-date symlink: /home/nextup/Downloads/colcon_ws/install/eyantra_warehouse/share/eyantra_warehouse//models/box/meshes/aruco_tag.jpg
[0.559s] -- Up-to-date symlink: /home/nextup/Downloads/colcon_ws/install/eyantra_warehouse/share/eyantra_warehouse//models/box/meshes/box.dae
[0.559s] -- Up-to-date symlink: /home/nextup/Downloads/colcon_ws/install/eyantra_warehouse/share/eyantra_warehouse//models/box/meshes/box__bg.png
[0.559s] -- Up-to-date symlink: /home/nextup/Downloads/colcon_ws/install/eyantra_warehouse/share/eyantra_warehouse//models/box/meshes/cardboard_bg.png
[0.559s] -- Up-to-date symlink: /home/nextup/Downloads/colcon_ws/install/eyantra_warehouse/share/eyantra_warehouse//models/box/meshes/centroid_old_box.zip
[0.559s] -- Up-to-date symlink: /home/nextup/Downloads/colcon_ws/install/eyantra_warehouse/share/eyantra_warehouse//models/box/model.config
[0.560s] -- Up-to-date symlink: /home/nextup/Downloads/colcon_ws/install/eyantra_warehouse/share/eyantra_warehouse//models/box/model.sdf
[0.560s] -- Up-to-date symlink: /home/nextup/Downloads/colcon_ws/install/eyantra_warehouse/share/eyantra_warehouse//models/boxes/box.stl
[0.560s] -- Up-to-date symlink: /home/nextup/Downloads/colcon_ws/install/eyantra_warehouse/share/eyantra_warehouse//models/boxes/box_1/meshes/aruco_tag.jpg
[0.560s] -- Up-to-date symlink: /home/nextup/Downloads/colcon_ws/install/eyantra_warehouse/share/eyantra_warehouse//models/boxes/box_1/meshes/box.dae
[0.560s] -- Up-to-date symlink: /home/nextup/Downloads/colcon_ws/install/eyantra_warehouse/share/eyantra_warehouse//models/boxes/box_1/meshes/box__bg.png
[0.560s] -- Up-to-date symlink: /home/nextup/Downloads/colcon_ws/install/eyantra_warehouse/share/eyantra_warehouse//models/boxes/box_1/meshes/cardboard_bg.png
[0.560s] -- Up-to-date symlink: /home/nextup/Downloads/colcon_ws/install/eyantra_warehouse/share/eyantra_warehouse//models/boxes/box_1/model.config
[0.561s] -- Up-to-date symlink: /home/nextup/Downloads/colcon_ws/install/eyantra_warehouse/share/eyantra_warehouse//models/boxes/box_1/model.sdf
[0.561s] -- Up-to-date symlink: /home/nextup/Downloads/colcon_ws/install/eyantra_warehouse/share/eyantra_warehouse//models/boxes/box_10/meshes/aruco_tag.jpg
[0.561s] -- Up-to-date symlink: /home/nextup/Downloads/colcon_ws/install/eyantra_warehouse/share/eyantra_warehouse//models/boxes/box_10/meshes/box.dae
[0.561s] -- Up-to-date symlink: /home/nextup/Downloads/colcon_ws/install/eyantra_warehouse/share/eyantra_warehouse//models/boxes/box_10/meshes/box__bg.png
[0.561s] -- Up-to-date symlink: /home/nextup/Downloads/colcon_ws/install/eyantra_warehouse/share/eyantra_warehouse//models/boxes/box_10/meshes/cardboard_bg.png
[0.561s] -- Up-to-date symlink: /home/nextup/Downloads/colcon_ws/install/eyantra_warehouse/share/eyantra_warehouse//models/boxes/box_10/model.config
[0.562s] -- Up-to-date symlink: /home/nextup/Downloads/colcon_ws/install/eyantra_warehouse/share/eyantra_warehouse//models/boxes/box_10/model.sdf
[0.562s] -- Up-to-date symlink: /home/nextup/Downloads/colcon_ws/install/eyantra_warehouse/share/eyantra_warehouse//models/boxes/box_11/meshes/aruco_tag.jpg
[0.562s] -- Up-to-date symlink: /home/nextup/Downloads/colcon_ws/install/eyantra_warehouse/share/eyantra_warehouse//models/boxes/box_11/meshes/box.dae
[0.562s] -- Up-to-date symlink: /home/nextup/Downloads/colcon_ws/install/eyantra_warehouse/share/eyantra_warehouse//models/boxes/box_11/meshes/box__bg.png
[0.562s] -- Up-to-date symlink: /home/nextup/Downloads/colcon_ws/install/eyantra_warehouse/share/eyantra_warehouse//models/boxes/box_11/meshes/cardboard_bg.png
[0.562s] -- Up-to-date symlink: /home/nextup/Downloads/colcon_ws/install/eyantra_warehouse/share/eyantra_warehouse//models/boxes/box_11/model.config
[0.563s] -- Up-to-date symlink: /home/nextup/Downloads/colcon_ws/install/eyantra_warehouse/share/eyantra_warehouse//models/boxes/box_11/model.sdf
[0.563s] -- Up-to-date symlink: /home/nextup/Downloads/colcon_ws/install/eyantra_warehouse/share/eyantra_warehouse//models/boxes/box_12/meshes/aruco_tag.jpg
[0.563s] -- Up-to-date symlink: /home/nextup/Downloads/colcon_ws/install/eyantra_warehouse/share/eyantra_warehouse//models/boxes/box_12/meshes/box.dae
[0.563s] -- Up-to-date symlink: /home/nextup/Downloads/colcon_ws/install/eyantra_warehouse/share/eyantra_warehouse//models/boxes/box_12/meshes/box__bg.png
[0.563s] -- Up-to-date symlink: /home/nextup/Downloads/colcon_ws/install/eyantra_warehouse/share/eyantra_warehouse//models/boxes/box_12/meshes/cardboard_bg.png
[0.563s] -- Up-to-date symlink: /home/nextup/Downloads/colcon_ws/install/eyantra_warehouse/share/eyantra_warehouse//models/boxes/box_12/model.config
[0.563s] -- Up-to-date symlink: /home/nextup/Downloads/colcon_ws/install/eyantra_warehouse/share/eyantra_warehouse//models/boxes/box_12/model.sdf
[0.564s] -- Up-to-date symlink: /home/nextup/Downloads/colcon_ws/install/eyantra_warehouse/share/eyantra_warehouse//models/boxes/box_13/meshes/aruco_tag.jpg
[0.564s] -- Up-to-date symlink: /home/nextup/Downloads/colcon_ws/install/eyantra_warehouse/share/eyantra_warehouse//models/boxes/box_13/meshes/box.dae
[0.564s] -- Up-to-date symlink: /home/nextup/Downloads/colcon_ws/install/eyantra_warehouse/share/eyantra_warehouse//models/boxes/box_13/meshes/box__bg.png
[0.564s] -- Up-to-date symlink: /home/nextup/Downloads/colcon_ws/install/eyantra_warehouse/share/eyantra_warehouse//models/boxes/box_13/meshes/cardboard_bg.png
[0.564s] -- Up-to-date symlink: /home/nextup/Downloads/colcon_ws/install/eyantra_warehouse/share/eyantra_warehouse//models/boxes/box_13/model.config
[0.565s] -- Up-to-date symlink: /home/nextup/Downloads/colcon_ws/install/eyantra_warehouse/share/eyantra_warehouse//models/boxes/box_13/model.sdf
[0.565s] -- Up-to-date symlink: /home/nextup/Downloads/colcon_ws/install/eyantra_warehouse/share/eyantra_warehouse//models/boxes/box_14/meshes/aruco_tag.jpg
[0.565s] -- Up-to-date symlink: /home/nextup/Downloads/colcon_ws/install/eyantra_warehouse/share/eyantra_warehouse//models/boxes/box_14/meshes/box.dae
[0.565s] -- Up-to-date symlink: /home/nextup/Downloads/colcon_ws/install/eyantra_warehouse/share/eyantra_warehouse//models/boxes/box_14/meshes/box__bg.png
[0.565s] -- Up-to-date symlink: /home/nextup/Downloads/colcon_ws/install/eyantra_warehouse/share/eyantra_warehouse//models/boxes/box_14/meshes/cardboard_bg.png
[0.565s] -- Up-to-date symlink: /home/nextup/Downloads/colcon_ws/install/eyantra_warehouse/share/eyantra_warehouse//models/boxes/box_14/model.config
[0.565s] -- Up-to-date symlink: /home/nextup/Downloads/colcon_ws/install/eyantra_warehouse/share/eyantra_warehouse//models/boxes/box_14/model.sdf
[0.566s] -- Up-to-date symlink: /home/nextup/Downloads/colcon_ws/install/eyantra_warehouse/share/eyantra_warehouse//models/boxes/box_15/meshes/aruco_tag.jpg
[0.566s] -- Up-to-date symlink: /home/nextup/Downloads/colcon_ws/install/eyantra_warehouse/share/eyantra_warehouse//models/boxes/box_15/meshes/box.dae
[0.566s] -- Up-to-date symlink: /home/nextup/Downloads/colcon_ws/install/eyantra_warehouse/share/eyantra_warehouse//models/boxes/box_15/meshes/box__bg.png
[0.566s] -- Up-to-date symlink: /home/nextup/Downloads/colcon_ws/install/eyantra_warehouse/share/eyantra_warehouse//models/boxes/box_15/meshes/cardboard_bg.png
[0.566s] -- Up-to-date symlink: /home/nextup/Downloads/colcon_ws/install/eyantra_warehouse/share/eyantra_warehouse//models/boxes/box_15/model.config
[0.566s] -- Up-to-date symlink: /home/nextup/Downloads/colcon_ws/install/eyantra_warehouse/share/eyantra_warehouse//models/boxes/box_15/model.sdf
[0.567s] -- Up-to-date symlink: /home/nextup/Downloads/colcon_ws/install/eyantra_warehouse/share/eyantra_warehouse//models/boxes/box_16/meshes/aruco_tag.jpg
[0.567s] -- Up-to-date symlink: /home/nextup/Downloads/colcon_ws/install/eyantra_warehouse/share/eyantra_warehouse//models/boxes/box_16/meshes/box.dae
[0.567s] -- Up-to-date symlink: /home/nextup/Downloads/colcon_ws/install/eyantra_warehouse/share/eyantra_warehouse//models/boxes/box_16/meshes/box__bg.png
[0.567s] -- Up-to-date symlink: /home/nextup/Downloads/colcon_ws/install/eyantra_warehouse/share/eyantra_warehouse//models/boxes/box_16/meshes/cardboard_bg.png
[0.567s] -- Up-to-date symlink: /home/nextup/Downloads/colcon_ws/install/eyantra_warehouse/share/eyantra_warehouse//models/boxes/box_16/model.config
[0.568s] -- Up-to-date symlink: /home/nextup/Downloads/colcon_ws/install/eyantra_warehouse/share/eyantra_warehouse//models/boxes/box_16/model.sdf
[0.568s] -- Up-to-date symlink: /home/nextup/Downloads/colcon_ws/install/eyantra_warehouse/share/eyantra_warehouse//models/boxes/box_17/meshes/aruco_tag.jpg
[0.568s] -- Up-to-date symlink: /home/nextup/Downloads/colcon_ws/install/eyantra_warehouse/share/eyantra_warehouse//models/boxes/box_17/meshes/box.dae
[0.568s] -- Up-to-date symlink: /home/nextup/Downloads/colcon_ws/install/eyantra_warehouse/share/eyantra_warehouse//models/boxes/box_17/meshes/box__bg.png
[0.568s] -- Up-to-date symlink: /home/nextup/Downloads/colcon_ws/install/eyantra_warehouse/share/eyantra_warehouse//models/boxes/box_17/meshes/cardboard_bg.png
[0.568s] -- Up-to-date symlink: /home/nextup/Downloads/colcon_ws/install/eyantra_warehouse/share/eyantra_warehouse//models/boxes/box_17/model.config
[0.569s] -- Up-to-date symlink: /home/nextup/Downloads/colcon_ws/install/eyantra_warehouse/share/eyantra_warehouse//models/boxes/box_17/model.sdf
[0.569s] -- Up-to-date symlink: /home/nextup/Downloads/colcon_ws/install/eyantra_warehouse/share/eyantra_warehouse//models/boxes/box_18/meshes/aruco_tag.jpg
[0.569s] -- Up-to-date symlink: /home/nextup/Downloads/colcon_ws/install/eyantra_warehouse/share/eyantra_warehouse//models/boxes/box_18/meshes/box.dae
[0.569s] -- Up-to-date symlink: /home/nextup/Downloads/colcon_ws/install/eyantra_warehouse/share/eyantra_warehouse//models/boxes/box_18/meshes/box__bg.png
[0.569s] -- Up-to-date symlink: /home/nextup/Downloads/colcon_ws/install/eyantra_warehouse/share/eyantra_warehouse//models/boxes/box_18/meshes/cardboard_bg.png
[0.569s] -- Up-to-date symlink: /home/nextup/Downloads/colcon_ws/install/eyantra_warehouse/share/eyantra_warehouse//models/boxes/box_18/model.config
[0.569s] -- Up-to-date symlink: /home/nextup/Downloads/colcon_ws/install/eyantra_warehouse/share/eyantra_warehouse//models/boxes/box_18/model.sdf
[0.570s] -- Up-to-date symlink: /home/nextup/Downloads/colcon_ws/install/eyantra_warehouse/share/eyantra_warehouse//models/boxes/box_19/meshes/aruco_tag.jpg
[0.570s] -- Up-to-date symlink: /home/nextup/Downloads/colcon_ws/install/eyantra_warehouse/share/eyantra_warehouse//models/boxes/box_19/meshes/box.dae
[0.570s] -- Up-to-date symlink: /home/nextup/Downloads/colcon_ws/install/eyantra_warehouse/share/eyantra_warehouse//models/boxes/box_19/meshes/box__bg.png
[0.570s] -- Up-to-date symlink: /home/nextup/Downloads/colcon_ws/install/eyantra_warehouse/share/eyantra_warehouse//models/boxes/box_19/meshes/cardboard_bg.png
[0.570s] -- Up-to-date symlink: /home/nextup/Downloads/colcon_ws/install/eyantra_warehouse/share/eyantra_warehouse//models/boxes/box_19/model.config
[0.570s] -- Up-to-date symlink: /home/nextup/Downloads/colcon_ws/install/eyantra_warehouse/share/eyantra_warehouse//models/boxes/box_19/model.sdf
[0.571s] -- Up-to-date symlink: /home/nextup/Downloads/colcon_ws/install/eyantra_warehouse/share/eyantra_warehouse//models/boxes/box_2/meshes/aruco_tag.jpg
[0.571s] -- Up-to-date symlink: /home/nextup/Downloads/colcon_ws/install/eyantra_warehouse/share/eyantra_warehouse//models/boxes/box_2/meshes/box.dae
[0.571s] -- Up-to-date symlink: /home/nextup/Downloads/colcon_ws/install/eyantra_warehouse/share/eyantra_warehouse//models/boxes/box_2/meshes/box__bg.png
[0.571s] -- Up-to-date symlink: /home/nextup/Downloads/colcon_ws/install/eyantra_warehouse/share/eyantra_warehouse//models/boxes/box_2/meshes/cardboard_bg.png
[0.571s] -- Up-to-date symlink: /home/nextup/Downloads/colcon_ws/install/eyantra_warehouse/share/eyantra_warehouse//models/boxes/box_2/model.config
[0.571s] -- Up-to-date symlink: /home/nextup/Downloads/colcon_ws/install/eyantra_warehouse/share/eyantra_warehouse//models/boxes/box_2/model.sdf
[0.572s] -- Up-to-date symlink: /home/nextup/Downloads/colcon_ws/install/eyantra_warehouse/share/eyantra_warehouse//models/boxes/box_20/meshes/aruco_tag.jpg
[0.572s] -- Up-to-date symlink: /home/nextup/Downloads/colcon_ws/install/eyantra_warehouse/share/eyantra_warehouse//models/boxes/box_20/meshes/box.dae
[0.572s] -- Up-to-date symlink: /home/nextup/Downloads/colcon_ws/install/eyantra_warehouse/share/eyantra_warehouse//models/boxes/box_20/meshes/box__bg.png
[0.572s] -- Up-to-date symlink: /home/nextup/Downloads/colcon_ws/install/eyantra_warehouse/share/eyantra_warehouse//models/boxes/box_20/meshes/cardboard_bg.png
[0.572s] -- Up-to-date symlink: /home/nextup/Downloads/colcon_ws/install/eyantra_warehouse/share/eyantra_warehouse//models/boxes/box_20/model.config
[0.572s] -- Up-to-date symlink: /home/nextup/Downloads/colcon_ws/install/eyantra_warehouse/share/eyantra_warehouse//models/boxes/box_20/model.sdf
[0.573s] -- Up-to-date symlink: /home/nextup/Downloads/colcon_ws/install/eyantra_warehouse/share/eyantra_warehouse//models/boxes/box_21/meshes/aruco_tag.jpg
[0.573s] -- Up-to-date symlink: /home/nextup/Downloads/colcon_ws/install/eyantra_warehouse/share/eyantra_warehouse//models/boxes/box_21/meshes/box.dae
[0.573s] -- Up-to-date symlink: /home/nextup/Downloads/colcon_ws/install/eyantra_warehouse/share/eyantra_warehouse//models/boxes/box_21/meshes/box__bg.png
[0.573s] -- Up-to-date symlink: /home/nextup/Downloads/colcon_ws/install/eyantra_warehouse/share/eyantra_warehouse//models/boxes/box_21/meshes/cardboard_bg.png
[0.573s] -- Up-to-date symlink: /home/nextup/Downloads/colcon_ws/install/eyantra_warehouse/share/eyantra_warehouse//models/boxes/box_21/model.config
[0.573s] -- Up-to-date symlink: /home/nextup/Downloads/colcon_ws/install/eyantra_warehouse/share/eyantra_warehouse//models/boxes/box_21/model.sdf
[0.574s] -- Up-to-date symlink: /home/nextup/Downloads/colcon_ws/install/eyantra_warehouse/share/eyantra_warehouse//models/boxes/box_22/meshes/aruco_tag.jpg
[0.574s] -- Up-to-date symlink: /home/nextup/Downloads/colcon_ws/install/eyantra_warehouse/share/eyantra_warehouse//models/boxes/box_22/meshes/box.dae
[0.574s] -- Up-to-date symlink: /home/nextup/Downloads/colcon_ws/install/eyantra_warehouse/share/eyantra_warehouse//models/boxes/box_22/meshes/box__bg.png
[0.574s] -- Up-to-date symlink: /home/nextup/Downloads/colcon_ws/install/eyantra_warehouse/share/eyantra_warehouse//models/boxes/box_22/meshes/cardboard_bg.png
[0.574s] -- Up-to-date symlink: /home/nextup/Downloads/colcon_ws/install/eyantra_warehouse/share/eyantra_warehouse//models/boxes/box_22/model.config
[0.574s] -- Up-to-date symlink: /home/nextup/Downloads/colcon_ws/install/eyantra_warehouse/share/eyantra_warehouse//models/boxes/box_22/model.sdf
[0.575s] -- Up-to-date symlink: /home/nextup/Downloads/colcon_ws/install/eyantra_warehouse/share/eyantra_warehouse//models/boxes/box_23/meshes/aruco_tag.jpg
[0.575s] -- Up-to-date symlink: /home/nextup/Downloads/colcon_ws/install/eyantra_warehouse/share/eyantra_warehouse//models/boxes/box_23/meshes/box.dae
[0.575s] -- Up-to-date symlink: /home/nextup/Downloads/colcon_ws/install/eyantra_warehouse/share/eyantra_warehouse//models/boxes/box_23/meshes/box__bg.png
[0.575s] -- Up-to-date symlink: /home/nextup/Downloads/colcon_ws/install/eyantra_warehouse/share/eyantra_warehouse//models/boxes/box_23/meshes/cardboard_bg.png
[0.575s] -- Up-to-date symlink: /home/nextup/Downloads/colcon_ws/install/eyantra_warehouse/share/eyantra_warehouse//models/boxes/box_23/model.config
[0.575s] -- Up-to-date symlink: /home/nextup/Downloads/colcon_ws/install/eyantra_warehouse/share/eyantra_warehouse//models/boxes/box_23/model.sdf
[0.576s] -- Up-to-date symlink: /home/nextup/Downloads/colcon_ws/install/eyantra_warehouse/share/eyantra_warehouse//models/boxes/box_24/meshes/aruco_tag.jpg
[0.576s] -- Up-to-date symlink: /home/nextup/Downloads/colcon_ws/install/eyantra_warehouse/share/eyantra_warehouse//models/boxes/box_24/meshes/box.dae
[0.576s] -- Up-to-date symlink: /home/nextup/Downloads/colcon_ws/install/eyantra_warehouse/share/eyantra_warehouse//models/boxes/box_24/meshes/box__bg.png
[0.576s] -- Up-to-date symlink: /home/nextup/Downloads/colcon_ws/install/eyantra_warehouse/share/eyantra_warehouse//models/boxes/box_24/meshes/cardboard_bg.png
[0.576s] -- Up-to-date symlink: /home/nextup/Downloads/colcon_ws/install/eyantra_warehouse/share/eyantra_warehouse//models/boxes/box_24/model.config
[0.576s] -- Up-to-date symlink: /home/nextup/Downloads/colcon_ws/install/eyantra_warehouse/share/eyantra_warehouse//models/boxes/box_24/model.sdf
[0.577s] -- Up-to-date symlink: /home/nextup/Downloads/colcon_ws/install/eyantra_warehouse/share/eyantra_warehouse//models/boxes/box_25/meshes/aruco_tag.jpg
[0.577s] -- Up-to-date symlink: /home/nextup/Downloads/colcon_ws/install/eyantra_warehouse/share/eyantra_warehouse//models/boxes/box_25/meshes/box.dae
[0.577s] -- Up-to-date symlink: /home/nextup/Downloads/colcon_ws/install/eyantra_warehouse/share/eyantra_warehouse//models/boxes/box_25/meshes/box__bg.png
[0.577s] -- Up-to-date symlink: /home/nextup/Downloads/colcon_ws/install/eyantra_warehouse/share/eyantra_warehouse//models/boxes/box_25/meshes/cardboard_bg.png
[0.577s] -- Up-to-date symlink: /home/nextup/Downloads/colcon_ws/install/eyantra_warehouse/share/eyantra_warehouse//models/boxes/box_25/model.config
[0.577s] -- Up-to-date symlink: /home/nextup/Downloads/colcon_ws/install/eyantra_warehouse/share/eyantra_warehouse//models/boxes/box_25/model.sdf
[0.578s] -- Up-to-date symlink: /home/nextup/Downloads/colcon_ws/install/eyantra_warehouse/share/eyantra_warehouse//models/boxes/box_26/meshes/aruco_tag.jpg
[0.578s] -- Up-to-date symlink: /home/nextup/Downloads/colcon_ws/install/eyantra_warehouse/share/eyantra_warehouse//models/boxes/box_26/meshes/box.dae
[0.578s] -- Up-to-date symlink: /home/nextup/Downloads/colcon_ws/install/eyantra_warehouse/share/eyantra_warehouse//models/boxes/box_26/meshes/box__bg.png
[0.578s] -- Up-to-date symlink: /home/nextup/Downloads/colcon_ws/install/eyantra_warehouse/share/eyantra_warehouse//models/boxes/box_26/meshes/cardboard_bg.png
[0.578s] -- Up-to-date symlink: /home/nextup/Downloads/colcon_ws/install/eyantra_warehouse/share/eyantra_warehouse//models/boxes/box_26/model.config
[0.578s] -- Up-to-date symlink: /home/nextup/Downloads/colcon_ws/install/eyantra_warehouse/share/eyantra_warehouse//models/boxes/box_26/model.sdf
[0.579s] -- Up-to-date symlink: /home/nextup/Downloads/colcon_ws/install/eyantra_warehouse/share/eyantra_warehouse//models/boxes/box_27/meshes/aruco_tag.jpg
[0.579s] -- Up-to-date symlink: /home/nextup/Downloads/colcon_ws/install/eyantra_warehouse/share/eyantra_warehouse//models/boxes/box_27/meshes/box.dae
[0.579s] -- Up-to-date symlink: /home/nextup/Downloads/colcon_ws/install/eyantra_warehouse/share/eyantra_warehouse//models/boxes/box_27/meshes/box__bg.png
[0.579s] -- Up-to-date symlink: /home/nextup/Downloads/colcon_ws/install/eyantra_warehouse/share/eyantra_warehouse//models/boxes/box_27/meshes/cardboard_bg.png
[0.579s] -- Up-to-date symlink: /home/nextup/Downloads/colcon_ws/install/eyantra_warehouse/share/eyantra_warehouse//models/boxes/box_27/model.config
[0.579s] -- Up-to-date symlink: /home/nextup/Downloads/colcon_ws/install/eyantra_warehouse/share/eyantra_warehouse//models/boxes/box_27/model.sdf
[0.580s] -- Up-to-date symlink: /home/nextup/Downloads/colcon_ws/install/eyantra_warehouse/share/eyantra_warehouse//models/boxes/box_28/meshes/aruco_tag.jpg
[0.580s] -- Up-to-date symlink: /home/nextup/Downloads/colcon_ws/install/eyantra_warehouse/share/eyantra_warehouse//models/boxes/box_28/meshes/box.dae
[0.580s] -- Up-to-date symlink: /home/nextup/Downloads/colcon_ws/install/eyantra_warehouse/share/eyantra_warehouse//models/boxes/box_28/meshes/box__bg.png
[0.580s] -- Up-to-date symlink: /home/nextup/Downloads/colcon_ws/install/eyantra_warehouse/share/eyantra_warehouse//models/boxes/box_28/meshes/cardboard_bg.png
[0.580s] -- Up-to-date symlink: /home/nextup/Downloads/colcon_ws/install/eyantra_warehouse/share/eyantra_warehouse//models/boxes/box_28/model.config
[0.580s] -- Up-to-date symlink: /home/nextup/Downloads/colcon_ws/install/eyantra_warehouse/share/eyantra_warehouse//models/boxes/box_28/model.sdf
[0.581s] -- Up-to-date symlink: /home/nextup/Downloads/colcon_ws/install/eyantra_warehouse/share/eyantra_warehouse//models/boxes/box_29/meshes/aruco_tag.jpg
[0.581s] -- Up-to-date symlink: /home/nextup/Downloads/colcon_ws/install/eyantra_warehouse/share/eyantra_warehouse//models/boxes/box_29/meshes/box.dae
[0.581s] -- Up-to-date symlink: /home/nextup/Downloads/colcon_ws/install/eyantra_warehouse/share/eyantra_warehouse//models/boxes/box_29/meshes/box__bg.png
[0.581s] -- Up-to-date symlink: /home/nextup/Downloads/colcon_ws/install/eyantra_warehouse/share/eyantra_warehouse//models/boxes/box_29/meshes/cardboard_bg.png
[0.581s] -- Up-to-date symlink: /home/nextup/Downloads/colcon_ws/install/eyantra_warehouse/share/eyantra_warehouse//models/boxes/box_29/model.config
[0.581s] -- Up-to-date symlink: /home/nextup/Downloads/colcon_ws/install/eyantra_warehouse/share/eyantra_warehouse//models/boxes/box_29/model.sdf
[0.581s] -- Up-to-date symlink: /home/nextup/Downloads/colcon_ws/install/eyantra_warehouse/share/eyantra_warehouse//models/boxes/box_3/meshes/aruco_tag.jpg
[0.582s] -- Up-to-date symlink: /home/nextup/Downloads/colcon_ws/install/eyantra_warehouse/share/eyantra_warehouse//models/boxes/box_3/meshes/box.dae
[0.582s] -- Up-to-date symlink: /home/nextup/Downloads/colcon_ws/install/eyantra_warehouse/share/eyantra_warehouse//models/boxes/box_3/meshes/box__bg.png
[0.582s] -- Up-to-date symlink: /home/nextup/Downloads/colcon_ws/install/eyantra_warehouse/share/eyantra_warehouse//models/boxes/box_3/meshes/cardboard_bg.png
[0.582s] -- Up-to-date symlink: /home/nextup/Downloads/colcon_ws/install/eyantra_warehouse/share/eyantra_warehouse//models/boxes/box_3/model.config
[0.582s] -- Up-to-date symlink: /home/nextup/Downloads/colcon_ws/install/eyantra_warehouse/share/eyantra_warehouse//models/boxes/box_3/model.sdf
[0.583s] -- Up-to-date symlink: /home/nextup/Downloads/colcon_ws/install/eyantra_warehouse/share/eyantra_warehouse//models/boxes/box_30/meshes/aruco_tag.jpg
[0.583s] -- Up-to-date symlink: /home/nextup/Downloads/colcon_ws/install/eyantra_warehouse/share/eyantra_warehouse//models/boxes/box_30/meshes/box.dae
[0.583s] -- Up-to-date symlink: /home/nextup/Downloads/colcon_ws/install/eyantra_warehouse/share/eyantra_warehouse//models/boxes/box_30/meshes/box__bg.png
[0.583s] -- Up-to-date symlink: /home/nextup/Downloads/colcon_ws/install/eyantra_warehouse/share/eyantra_warehouse//models/boxes/box_30/meshes/cardboard_bg.png
[0.583s] -- Up-to-date symlink: /home/nextup/Downloads/colcon_ws/install/eyantra_warehouse/share/eyantra_warehouse//models/boxes/box_30/model.config
[0.583s] -- Up-to-date symlink: /home/nextup/Downloads/colcon_ws/install/eyantra_warehouse/share/eyantra_warehouse//models/boxes/box_30/model.sdf
[0.583s] -- Up-to-date symlink: /home/nextup/Downloads/colcon_ws/install/eyantra_warehouse/share/eyantra_warehouse//models/boxes/box_31/meshes/aruco_tag.jpg
[0.584s] -- Up-to-date symlink: /home/nextup/Downloads/colcon_ws/install/eyantra_warehouse/share/eyantra_warehouse//models/boxes/box_31/meshes/box.dae
[0.584s] -- Up-to-date symlink: /home/nextup/Downloads/colcon_ws/install/eyantra_warehouse/share/eyantra_warehouse//models/boxes/box_31/meshes/box__bg.png
[0.584s] -- Up-to-date symlink: /home/nextup/Downloads/colcon_ws/install/eyantra_warehouse/share/eyantra_warehouse//models/boxes/box_31/meshes/cardboard_bg.png
[0.584s] -- Up-to-date symlink: /home/nextup/Downloads/colcon_ws/install/eyantra_warehouse/share/eyantra_warehouse//models/boxes/box_31/model.config
[0.584s] -- Up-to-date symlink: /home/nextup/Downloads/colcon_ws/install/eyantra_warehouse/share/eyantra_warehouse//models/boxes/box_31/model.sdf
[0.584s] -- Up-to-date symlink: /home/nextup/Downloads/colcon_ws/install/eyantra_warehouse/share/eyantra_warehouse//models/boxes/box_32/meshes/aruco_tag.jpg
[0.585s] -- Up-to-date symlink: /home/nextup/Downloads/colcon_ws/install/eyantra_warehouse/share/eyantra_warehouse//models/boxes/box_32/meshes/box.dae
[0.585s] -- Up-to-date symlink: /home/nextup/Downloads/colcon_ws/install/eyantra_warehouse/share/eyantra_warehouse//models/boxes/box_32/meshes/box__bg.png
[0.585s] -- Up-to-date symlink: /home/nextup/Downloads/colcon_ws/install/eyantra_warehouse/share/eyantra_warehouse//models/boxes/box_32/meshes/cardboard_bg.png
[0.585s] -- Up-to-date symlink: /home/nextup/Downloads/colcon_ws/install/eyantra_warehouse/share/eyantra_warehouse//models/boxes/box_32/model.config
[0.585s] -- Up-to-date symlink: /home/nextup/Downloads/colcon_ws/install/eyantra_warehouse/share/eyantra_warehouse//models/boxes/box_32/model.sdf
[0.585s] -- Up-to-date symlink: /home/nextup/Downloads/colcon_ws/install/eyantra_warehouse/share/eyantra_warehouse//models/boxes/box_33/meshes/aruco_tag.jpg
[0.585s] -- Up-to-date symlink: /home/nextup/Downloads/colcon_ws/install/eyantra_warehouse/share/eyantra_warehouse//models/boxes/box_33/meshes/box.dae
[0.586s] -- Up-to-date symlink: /home/nextup/Downloads/colcon_ws/install/eyantra_warehouse/share/eyantra_warehouse//models/boxes/box_33/meshes/box__bg.png
[0.586s] -- Up-to-date symlink: /home/nextup/Downloads/colcon_ws/install/eyantra_warehouse/share/eyantra_warehouse//models/boxes/box_33/meshes/cardboard_bg.png
[0.586s] -- Up-to-date symlink: /home/nextup/Downloads/colcon_ws/install/eyantra_warehouse/share/eyantra_warehouse//models/boxes/box_33/model.config
[0.586s] -- Up-to-date symlink: /home/nextup/Downloads/colcon_ws/install/eyantra_warehouse/share/eyantra_warehouse//models/boxes/box_33/model.sdf
[0.586s] -- Up-to-date symlink: /home/nextup/Downloads/colcon_ws/install/eyantra_warehouse/share/eyantra_warehouse//models/boxes/box_34/meshes/aruco_tag.jpg
[0.586s] -- Up-to-date symlink: /home/nextup/Downloads/colcon_ws/install/eyantra_warehouse/share/eyantra_warehouse//models/boxes/box_34/meshes/box.dae
[0.587s] -- Up-to-date symlink: /home/nextup/Downloads/colcon_ws/install/eyantra_warehouse/share/eyantra_warehouse//models/boxes/box_34/meshes/box__bg.png
[0.587s] -- Up-to-date symlink: /home/nextup/Downloads/colcon_ws/install/eyantra_warehouse/share/eyantra_warehouse//models/boxes/box_34/meshes/cardboard_bg.png
[0.587s] -- Up-to-date symlink: /home/nextup/Downloads/colcon_ws/install/eyantra_warehouse/share/eyantra_warehouse//models/boxes/box_34/model.config
[0.587s] -- Up-to-date symlink: /home/nextup/Downloads/colcon_ws/install/eyantra_warehouse/share/eyantra_warehouse//models/boxes/box_34/model.sdf
[0.587s] -- Up-to-date symlink: /home/nextup/Downloads/colcon_ws/install/eyantra_warehouse/share/eyantra_warehouse//models/boxes/box_35/meshes/aruco_tag.jpg
[0.587s] -- Up-to-date symlink: /home/nextup/Downloads/colcon_ws/install/eyantra_warehouse/share/eyantra_warehouse//models/boxes/box_35/meshes/box.dae
[0.588s] -- Up-to-date symlink: /home/nextup/Downloads/colcon_ws/install/eyantra_warehouse/share/eyantra_warehouse//models/boxes/box_35/meshes/box__bg.png
[0.588s] -- Up-to-date symlink: /home/nextup/Downloads/colcon_ws/install/eyantra_warehouse/share/eyantra_warehouse//models/boxes/box_35/meshes/cardboard_bg.png
[0.588s] -- Up-to-date symlink: /home/nextup/Downloads/colcon_ws/install/eyantra_warehouse/share/eyantra_warehouse//models/boxes/box_35/model.config
[0.588s] -- Up-to-date symlink: /home/nextup/Downloads/colcon_ws/install/eyantra_warehouse/share/eyantra_warehouse//models/boxes/box_35/model.sdf
[0.588s] -- Up-to-date symlink: /home/nextup/Downloads/colcon_ws/install/eyantra_warehouse/share/eyantra_warehouse//models/boxes/box_36/meshes/aruco_tag.jpg
[0.589s] -- Up-to-date symlink: /home/nextup/Downloads/colcon_ws/install/eyantra_warehouse/share/eyantra_warehouse//models/boxes/box_36/meshes/box.dae
[0.589s] -- Up-to-date symlink: /home/nextup/Downloads/colcon_ws/install/eyantra_warehouse/share/eyantra_warehouse//models/boxes/box_36/meshes/box__bg.png
[0.589s] -- Up-to-date symlink: /home/nextup/Downloads/colcon_ws/install/eyantra_warehouse/share/eyantra_warehouse//models/boxes/box_36/meshes/cardboard_bg.png
[0.589s] -- Up-to-date symlink: /home/nextup/Downloads/colcon_ws/install/eyantra_warehouse/share/eyantra_warehouse//models/boxes/box_36/model.config
[0.589s] -- Up-to-date symlink: /home/nextup/Downloads/colcon_ws/install/eyantra_warehouse/share/eyantra_warehouse//models/boxes/box_36/model.sdf
[0.589s] -- Up-to-date symlink: /home/nextup/Downloads/colcon_ws/install/eyantra_warehouse/share/eyantra_warehouse//models/boxes/box_37/meshes/aruco_tag.jpg
[0.589s] -- Up-to-date symlink: /home/nextup/Downloads/colcon_ws/install/eyantra_warehouse/share/eyantra_warehouse//models/boxes/box_37/meshes/box.dae
[0.589s] -- Up-to-date symlink: /home/nextup/Downloads/colcon_ws/install/eyantra_warehouse/share/eyantra_warehouse//models/boxes/box_37/meshes/box__bg.png
[0.589s] -- Up-to-date symlink: /home/nextup/Downloads/colcon_ws/install/eyantra_warehouse/share/eyantra_warehouse//models/boxes/box_37/meshes/cardboard_bg.png
[0.590s] -- Up-to-date symlink: /home/nextup/Downloads/colcon_ws/install/eyantra_warehouse/share/eyantra_warehouse//models/boxes/box_37/model.config
[0.590s] -- Up-to-date symlink: /home/nextup/Downloads/colcon_ws/install/eyantra_warehouse/share/eyantra_warehouse//models/boxes/box_37/model.sdf
[0.590s] -- Up-to-date symlink: /home/nextup/Downloads/colcon_ws/install/eyantra_warehouse/share/eyantra_warehouse//models/boxes/box_38/meshes/aruco_tag.jpg
[0.590s] -- Up-to-date symlink: /home/nextup/Downloads/colcon_ws/install/eyantra_warehouse/share/eyantra_warehouse//models/boxes/box_38/meshes/box.dae
[0.590s] -- Up-to-date symlink: /home/nextup/Downloads/colcon_ws/install/eyantra_warehouse/share/eyantra_warehouse//models/boxes/box_38/meshes/box__bg.png
[0.590s] -- Up-to-date symlink: /home/nextup/Downloads/colcon_ws/install/eyantra_warehouse/share/eyantra_warehouse//models/boxes/box_38/meshes/cardboard_bg.png
[0.590s] -- Up-to-date symlink: /home/nextup/Downloads/colcon_ws/install/eyantra_warehouse/share/eyantra_warehouse//models/boxes/box_38/model.config
[0.590s] -- Up-to-date symlink: /home/nextup/Downloads/colcon_ws/install/eyantra_warehouse/share/eyantra_warehouse//models/boxes/box_38/model.sdf
[0.591s] -- Up-to-date symlink: /home/nextup/Downloads/colcon_ws/install/eyantra_warehouse/share/eyantra_warehouse//models/boxes/box_39/meshes/aruco_tag.jpg
[0.591s] -- Up-to-date symlink: /home/nextup/Downloads/colcon_ws/install/eyantra_warehouse/share/eyantra_warehouse//models/boxes/box_39/meshes/box.dae
[0.591s] -- Up-to-date symlink: /home/nextup/Downloads/colcon_ws/install/eyantra_warehouse/share/eyantra_warehouse//models/boxes/box_39/meshes/box__bg.png
[0.591s] -- Up-to-date symlink: /home/nextup/Downloads/colcon_ws/install/eyantra_warehouse/share/eyantra_warehouse//models/boxes/box_39/meshes/cardboard_bg.png
[0.591s] -- Up-to-date symlink: /home/nextup/Downloads/colcon_ws/install/eyantra_warehouse/share/eyantra_warehouse//models/boxes/box_39/model.config
[0.591s] -- Up-to-date symlink: /home/nextup/Downloads/colcon_ws/install/eyantra_warehouse/share/eyantra_warehouse//models/boxes/box_39/model.sdf
[0.592s] -- Up-to-date symlink: /home/nextup/Downloads/colcon_ws/install/eyantra_warehouse/share/eyantra_warehouse//models/boxes/box_4/meshes/aruco_tag.jpg
[0.592s] -- Up-to-date symlink: /home/nextup/Downloads/colcon_ws/install/eyantra_warehouse/share/eyantra_warehouse//models/boxes/box_4/meshes/box.dae
[0.592s] -- Up-to-date symlink: /home/nextup/Downloads/colcon_ws/install/eyantra_warehouse/share/eyantra_warehouse//models/boxes/box_4/meshes/box__bg.png
[0.592s] -- Up-to-date symlink: /home/nextup/Downloads/colcon_ws/install/eyantra_warehouse/share/eyantra_warehouse//models/boxes/box_4/meshes/cardboard_bg.png
[0.592s] -- Up-to-date symlink: /home/nextup/Downloads/colcon_ws/install/eyantra_warehouse/share/eyantra_warehouse//models/boxes/box_4/model.config
[0.592s] -- Up-to-date symlink: /home/nextup/Downloads/colcon_ws/install/eyantra_warehouse/share/eyantra_warehouse//models/boxes/box_4/model.sdf
[0.592s] -- Up-to-date symlink: /home/nextup/Downloads/colcon_ws/install/eyantra_warehouse/share/eyantra_warehouse//models/boxes/box_40/meshes/aruco_tag.jpg
[0.593s] -- Up-to-date symlink: /home/nextup/Downloads/colcon_ws/install/eyantra_warehouse/share/eyantra_warehouse//models/boxes/box_40/meshes/box.dae
[0.593s] -- Up-to-date symlink: /home/nextup/Downloads/colcon_ws/install/eyantra_warehouse/share/eyantra_warehouse//models/boxes/box_40/meshes/box__bg.png
[0.593s] -- Up-to-date symlink: /home/nextup/Downloads/colcon_ws/install/eyantra_warehouse/share/eyantra_warehouse//models/boxes/box_40/meshes/cardboard_bg.png
[0.593s] -- Up-to-date symlink: /home/nextup/Downloads/colcon_ws/install/eyantra_warehouse/share/eyantra_warehouse//models/boxes/box_40/model.config
[0.593s] -- Up-to-date symlink: /home/nextup/Downloads/colcon_ws/install/eyantra_warehouse/share/eyantra_warehouse//models/boxes/box_40/model.sdf
[0.593s] -- Up-to-date symlink: /home/nextup/Downloads/colcon_ws/install/eyantra_warehouse/share/eyantra_warehouse//models/boxes/box_41/meshes/aruco_tag.jpg
[0.594s] -- Up-to-date symlink: /home/nextup/Downloads/colcon_ws/install/eyantra_warehouse/share/eyantra_warehouse//models/boxes/box_41/meshes/box.dae
[0.594s] -- Up-to-date symlink: /home/nextup/Downloads/colcon_ws/install/eyantra_warehouse/share/eyantra_warehouse//models/boxes/box_41/meshes/box__bg.png
[0.594s] -- Up-to-date symlink: /home/nextup/Downloads/colcon_ws/install/eyantra_warehouse/share/eyantra_warehouse//models/boxes/box_41/meshes/cardboard_bg.png
[0.594s] -- Up-to-date symlink: /home/nextup/Downloads/colcon_ws/install/eyantra_warehouse/share/eyantra_warehouse//models/boxes/box_41/model.config
[0.594s] -- Up-to-date symlink: /home/nextup/Downloads/colcon_ws/install/eyantra_warehouse/share/eyantra_warehouse//models/boxes/box_41/model.sdf
[0.594s] -- Up-to-date symlink: /home/nextup/Downloads/colcon_ws/install/eyantra_warehouse/share/eyantra_warehouse//models/boxes/box_42/meshes/aruco_tag.jpg
[0.595s] -- Up-to-date symlink: /home/nextup/Downloads/colcon_ws/install/eyantra_warehouse/share/eyantra_warehouse//models/boxes/box_42/meshes/box.dae
[0.595s] -- Up-to-date symlink: /home/nextup/Downloads/colcon_ws/install/eyantra_warehouse/share/eyantra_warehouse//models/boxes/box_42/meshes/box__bg.png
[0.595s] -- Up-to-date symlink: /home/nextup/Downloads/colcon_ws/install/eyantra_warehouse/share/eyantra_warehouse//models/boxes/box_42/meshes/cardboard_bg.png
[0.595s] -- Up-to-date symlink: /home/nextup/Downloads/colcon_ws/install/eyantra_warehouse/share/eyantra_warehouse//models/boxes/box_42/model.config
[0.595s] -- Up-to-date symlink: /home/nextup/Downloads/colcon_ws/install/eyantra_warehouse/share/eyantra_warehouse//models/boxes/box_42/model.sdf
[0.595s] -- Up-to-date symlink: /home/nextup/Downloads/colcon_ws/install/eyantra_warehouse/share/eyantra_warehouse//models/boxes/box_43/meshes/aruco_tag.jpg
[0.596s] -- Up-to-date symlink: /home/nextup/Downloads/colcon_ws/install/eyantra_warehouse/share/eyantra_warehouse//models/boxes/box_43/meshes/box.dae
[0.596s] -- Up-to-date symlink: /home/nextup/Downloads/colcon_ws/install/eyantra_warehouse/share/eyantra_warehouse//models/boxes/box_43/meshes/box__bg.png
[0.596s] -- Up-to-date symlink: /home/nextup/Downloads/colcon_ws/install/eyantra_warehouse/share/eyantra_warehouse//models/boxes/box_43/meshes/cardboard_bg.png
[0.596s] -- Up-to-date symlink: /home/nextup/Downloads/colcon_ws/install/eyantra_warehouse/share/eyantra_warehouse//models/boxes/box_43/model.config
[0.596s] -- Up-to-date symlink: /home/nextup/Downloads/colcon_ws/install/eyantra_warehouse/share/eyantra_warehouse//models/boxes/box_43/model.sdf
[0.596s] -- Up-to-date symlink: /home/nextup/Downloads/colcon_ws/install/eyantra_warehouse/share/eyantra_warehouse//models/boxes/box_44/meshes/aruco_tag.jpg
[0.597s] -- Up-to-date symlink: /home/nextup/Downloads/colcon_ws/install/eyantra_warehouse/share/eyantra_warehouse//models/boxes/box_44/meshes/box.dae
[0.597s] -- Up-to-date symlink: /home/nextup/Downloads/colcon_ws/install/eyantra_warehouse/share/eyantra_warehouse//models/boxes/box_44/meshes/box__bg.png
[0.597s] -- Up-to-date symlink: /home/nextup/Downloads/colcon_ws/install/eyantra_warehouse/share/eyantra_warehouse//models/boxes/box_44/meshes/cardboard_bg.png
[0.597s] -- Up-to-date symlink: /home/nextup/Downloads/colcon_ws/install/eyantra_warehouse/share/eyantra_warehouse//models/boxes/box_44/model.config
[0.597s] -- Up-to-date symlink: /home/nextup/Downloads/colcon_ws/install/eyantra_warehouse/share/eyantra_warehouse//models/boxes/box_44/model.sdf
[0.597s] -- Up-to-date symlink: /home/nextup/Downloads/colcon_ws/install/eyantra_warehouse/share/eyantra_warehouse//models/boxes/box_45/meshes/aruco_tag.jpg
[0.597s] -- Up-to-date symlink: /home/nextup/Downloads/colcon_ws/install/eyantra_warehouse/share/eyantra_warehouse//models/boxes/box_45/meshes/box.dae
[0.598s] -- Up-to-date symlink: /home/nextup/Downloads/colcon_ws/install/eyantra_warehouse/share/eyantra_warehouse//models/boxes/box_45/meshes/box__bg.png
[0.598s] -- Up-to-date symlink: /home/nextup/Downloads/colcon_ws/install/eyantra_warehouse/share/eyantra_warehouse//models/boxes/box_45/meshes/cardboard_bg.png
[0.598s] -- Up-to-date symlink: /home/nextup/Downloads/colcon_ws/install/eyantra_warehouse/share/eyantra_warehouse//models/boxes/box_45/model.config
[0.598s] -- Up-to-date symlink: /home/nextup/Downloads/colcon_ws/install/eyantra_warehouse/share/eyantra_warehouse//models/boxes/box_45/model.sdf
[0.598s] -- Up-to-date symlink: /home/nextup/Downloads/colcon_ws/install/eyantra_warehouse/share/eyantra_warehouse//models/boxes/box_46/meshes/aruco_tag.jpg
[0.598s] -- Up-to-date symlink: /home/nextup/Downloads/colcon_ws/install/eyantra_warehouse/share/eyantra_warehouse//models/boxes/box_46/meshes/box.dae
[0.598s] -- Up-to-date symlink: /home/nextup/Downloads/colcon_ws/install/eyantra_warehouse/share/eyantra_warehouse//models/boxes/box_46/meshes/box__bg.png
[0.599s] -- Up-to-date symlink: /home/nextup/Downloads/colcon_ws/install/eyantra_warehouse/share/eyantra_warehouse//models/boxes/box_46/meshes/cardboard_bg.png
[0.599s] -- Up-to-date symlink: /home/nextup/Downloads/colcon_ws/install/eyantra_warehouse/share/eyantra_warehouse//models/boxes/box_46/model.config
[0.599s] -- Up-to-date symlink: /home/nextup/Downloads/colcon_ws/install/eyantra_warehouse/share/eyantra_warehouse//models/boxes/box_46/model.sdf
[0.599s] -- Up-to-date symlink: /home/nextup/Downloads/colcon_ws/install/eyantra_warehouse/share/eyantra_warehouse//models/boxes/box_47/meshes/aruco_tag.jpg
[0.599s] -- Up-to-date symlink: /home/nextup/Downloads/colcon_ws/install/eyantra_warehouse/share/eyantra_warehouse//models/boxes/box_47/meshes/box.dae
[0.599s] -- Up-to-date symlink: /home/nextup/Downloads/colcon_ws/install/eyantra_warehouse/share/eyantra_warehouse//models/boxes/box_47/meshes/box__bg.png
[0.600s] -- Up-to-date symlink: /home/nextup/Downloads/colcon_ws/install/eyantra_warehouse/share/eyantra_warehouse//models/boxes/box_47/meshes/cardboard_bg.png
[0.600s] -- Up-to-date symlink: /home/nextup/Downloads/colcon_ws/install/eyantra_warehouse/share/eyantra_warehouse//models/boxes/box_47/model.config
[0.600s] -- Up-to-date symlink: /home/nextup/Downloads/colcon_ws/install/eyantra_warehouse/share/eyantra_warehouse//models/boxes/box_47/model.sdf
[0.600s] -- Up-to-date symlink: /home/nextup/Downloads/colcon_ws/install/eyantra_warehouse/share/eyantra_warehouse//models/boxes/box_48/meshes/aruco_tag.jpg
[0.600s] -- Up-to-date symlink: /home/nextup/Downloads/colcon_ws/install/eyantra_warehouse/share/eyantra_warehouse//models/boxes/box_48/meshes/box.dae
[0.600s] -- Up-to-date symlink: /home/nextup/Downloads/colcon_ws/install/eyantra_warehouse/share/eyantra_warehouse//models/boxes/box_48/meshes/box__bg.png
[0.600s] -- Up-to-date symlink: /home/nextup/Downloads/colcon_ws/install/eyantra_warehouse/share/eyantra_warehouse//models/boxes/box_48/meshes/cardboard_bg.png
[0.601s] -- Up-to-date symlink: /home/nextup/Downloads/colcon_ws/install/eyantra_warehouse/share/eyantra_warehouse//models/boxes/box_48/model.config
[0.601s] -- Up-to-date symlink: /home/nextup/Downloads/colcon_ws/install/eyantra_warehouse/share/eyantra_warehouse//models/boxes/box_48/model.sdf
[0.601s] -- Up-to-date symlink: /home/nextup/Downloads/colcon_ws/install/eyantra_warehouse/share/eyantra_warehouse//models/boxes/box_49/meshes/aruco_tag.jpg
[0.601s] -- Up-to-date symlink: /home/nextup/Downloads/colcon_ws/install/eyantra_warehouse/share/eyantra_warehouse//models/boxes/box_49/meshes/box.dae
[0.601s] -- Up-to-date symlink: /home/nextup/Downloads/colcon_ws/install/eyantra_warehouse/share/eyantra_warehouse//models/boxes/box_49/meshes/box__bg.png
[0.601s] -- Up-to-date symlink: /home/nextup/Downloads/colcon_ws/install/eyantra_warehouse/share/eyantra_warehouse//models/boxes/box_49/meshes/cardboard_bg.png
[0.602s] -- Up-to-date symlink: /home/nextup/Downloads/colcon_ws/install/eyantra_warehouse/share/eyantra_warehouse//models/boxes/box_49/model.config
[0.602s] -- Up-to-date symlink: /home/nextup/Downloads/colcon_ws/install/eyantra_warehouse/share/eyantra_warehouse//models/boxes/box_49/model.sdf
[0.602s] -- Up-to-date symlink: /home/nextup/Downloads/colcon_ws/install/eyantra_warehouse/share/eyantra_warehouse//models/boxes/box_5/meshes/aruco_tag.jpg
[0.602s] -- Up-to-date symlink: /home/nextup/Downloads/colcon_ws/install/eyantra_warehouse/share/eyantra_warehouse//models/boxes/box_5/meshes/box.dae
[0.602s] -- Up-to-date symlink: /home/nextup/Downloads/colcon_ws/install/eyantra_warehouse/share/eyantra_warehouse//models/boxes/box_5/meshes/box__bg.png
[0.602s] -- Up-to-date symlink: /home/nextup/Downloads/colcon_ws/install/eyantra_warehouse/share/eyantra_warehouse//models/boxes/box_5/meshes/cardboard_bg.png
[0.603s] -- Up-to-date symlink: /home/nextup/Downloads/colcon_ws/install/eyantra_warehouse/share/eyantra_warehouse//models/boxes/box_5/model.config
[0.603s] -- Up-to-date symlink: /home/nextup/Downloads/colcon_ws/install/eyantra_warehouse/share/eyantra_warehouse//models/boxes/box_5/model.sdf
[0.603s] -- Up-to-date symlink: /home/nextup/Downloads/colcon_ws/install/eyantra_warehouse/share/eyantra_warehouse//models/boxes/box_50/meshes/aruco_tag.jpg
[0.603s] -- Up-to-date symlink: /home/nextup/Downloads/colcon_ws/install/eyantra_warehouse/share/eyantra_warehouse//models/boxes/box_50/meshes/box.dae
[0.603s] -- Up-to-date symlink: /home/nextup/Downloads/colcon_ws/install/eyantra_warehouse/share/eyantra_warehouse//models/boxes/box_50/meshes/box__bg.png
[0.603s] -- Up-to-date symlink: /home/nextup/Downloads/colcon_ws/install/eyantra_warehouse/share/eyantra_warehouse//models/boxes/box_50/meshes/cardboard_bg.png
[0.604s] -- Up-to-date symlink: /home/nextup/Downloads/colcon_ws/install/eyantra_warehouse/share/eyantra_warehouse//models/boxes/box_50/model.config
[0.604s] -- Up-to-date symlink: /home/nextup/Downloads/colcon_ws/install/eyantra_warehouse/share/eyantra_warehouse//models/boxes/box_50/model.sdf
[0.604s] -- Up-to-date symlink: /home/nextup/Downloads/colcon_ws/install/eyantra_warehouse/share/eyantra_warehouse//models/boxes/box_6/meshes/aruco_tag.jpg
[0.604s] -- Up-to-date symlink: /home/nextup/Downloads/colcon_ws/install/eyantra_warehouse/share/eyantra_warehouse//models/boxes/box_6/meshes/box.dae
[0.604s] -- Up-to-date symlink: /home/nextup/Downloads/colcon_ws/install/eyantra_warehouse/share/eyantra_warehouse//models/boxes/box_6/meshes/box__bg.png
[0.604s] -- Up-to-date symlink: /home/nextup/Downloads/colcon_ws/install/eyantra_warehouse/share/eyantra_warehouse//models/boxes/box_6/meshes/cardboard_bg.png
[0.604s] -- Up-to-date symlink: /home/nextup/Downloads/colcon_ws/install/eyantra_warehouse/share/eyantra_warehouse//models/boxes/box_6/model.config
[0.605s] -- Up-to-date symlink: /home/nextup/Downloads/colcon_ws/install/eyantra_warehouse/share/eyantra_warehouse//models/boxes/box_6/model.sdf
[0.605s] -- Up-to-date symlink: /home/nextup/Downloads/colcon_ws/install/eyantra_warehouse/share/eyantra_warehouse//models/boxes/box_7/meshes/aruco_tag.jpg
[0.605s] -- Up-to-date symlink: /home/nextup/Downloads/colcon_ws/install/eyantra_warehouse/share/eyantra_warehouse//models/boxes/box_7/meshes/box.dae
[0.605s] -- Up-to-date symlink: /home/nextup/Downloads/colcon_ws/install/eyantra_warehouse/share/eyantra_warehouse//models/boxes/box_7/meshes/box__bg.png
[0.605s] -- Up-to-date symlink: /home/nextup/Downloads/colcon_ws/install/eyantra_warehouse/share/eyantra_warehouse//models/boxes/box_7/meshes/cardboard_bg.png
[0.605s] -- Up-to-date symlink: /home/nextup/Downloads/colcon_ws/install/eyantra_warehouse/share/eyantra_warehouse//models/boxes/box_7/model.config
[0.605s] -- Up-to-date symlink: /home/nextup/Downloads/colcon_ws/install/eyantra_warehouse/share/eyantra_warehouse//models/boxes/box_7/model.sdf
[0.606s] -- Up-to-date symlink: /home/nextup/Downloads/colcon_ws/install/eyantra_warehouse/share/eyantra_warehouse//models/boxes/box_8/meshes/aruco_tag.jpg
[0.606s] -- Up-to-date symlink: /home/nextup/Downloads/colcon_ws/install/eyantra_warehouse/share/eyantra_warehouse//models/boxes/box_8/meshes/box.dae
[0.606s] -- Up-to-date symlink: /home/nextup/Downloads/colcon_ws/install/eyantra_warehouse/share/eyantra_warehouse//models/boxes/box_8/meshes/box__bg.png
[0.606s] -- Up-to-date symlink: /home/nextup/Downloads/colcon_ws/install/eyantra_warehouse/share/eyantra_warehouse//models/boxes/box_8/meshes/cardboard_bg.png
[0.606s] -- Up-to-date symlink: /home/nextup/Downloads/colcon_ws/install/eyantra_warehouse/share/eyantra_warehouse//models/boxes/box_8/model.config
[0.606s] -- Up-to-date symlink: /home/nextup/Downloads/colcon_ws/install/eyantra_warehouse/share/eyantra_warehouse//models/boxes/box_8/model.sdf
[0.607s] -- Up-to-date symlink: /home/nextup/Downloads/colcon_ws/install/eyantra_warehouse/share/eyantra_warehouse//models/boxes/box_9/meshes/aruco_tag.jpg
[0.607s] -- Up-to-date symlink: /home/nextup/Downloads/colcon_ws/install/eyantra_warehouse/share/eyantra_warehouse//models/boxes/box_9/meshes/box.dae
[0.607s] -- Up-to-date symlink: /home/nextup/Downloads/colcon_ws/install/eyantra_warehouse/share/eyantra_warehouse//models/boxes/box_9/meshes/box__bg.png
[0.607s] -- Up-to-date symlink: /home/nextup/Downloads/colcon_ws/install/eyantra_warehouse/share/eyantra_warehouse//models/boxes/box_9/meshes/cardboard_bg.png
[0.607s] -- Up-to-date symlink: /home/nextup/Downloads/colcon_ws/install/eyantra_warehouse/share/eyantra_warehouse//models/boxes/box_9/model.config
[0.608s] -- Up-to-date symlink: /home/nextup/Downloads/colcon_ws/install/eyantra_warehouse/share/eyantra_warehouse//models/boxes/box_9/model.sdf
[0.608s] -- Up-to-date symlink: /home/nextup/Downloads/colcon_ws/install/eyantra_warehouse/share/eyantra_warehouse//models/lab/meshes/WoodFlooring044_COL_3K.jpg.001.jpg
[0.608s] -- Up-to-date symlink: /home/nextup/Downloads/colcon_ws/install/eyantra_warehouse/share/eyantra_warehouse//models/lab/meshes/WoodPlanksWorn33_COL_VAR1_3K.jpg.002.jpg
[0.608s] -- Up-to-date symlink: /home/nextup/Downloads/colcon_ws/install/eyantra_warehouse/share/eyantra_warehouse//models/lab/meshes/lab.dae
[0.608s] -- Up-to-date symlink: /home/nextup/Downloads/colcon_ws/install/eyantra_warehouse/share/eyantra_warehouse//models/lab/meshes/lab.stl
[0.608s] -- Up-to-date symlink: /home/nextup/Downloads/colcon_ws/install/eyantra_warehouse/share/eyantra_warehouse//models/lab/model.config
[0.608s] -- Up-to-date symlink: /home/nextup/Downloads/colcon_ws/install/eyantra_warehouse/share/eyantra_warehouse//models/lab/model.sdf
[0.609s] -- Up-to-date symlink: /home/nextup/Downloads/colcon_ws/install/eyantra_warehouse/share/eyantra_warehouse//models/moon_surface/meshes/moon_surface.dae
[0.609s] -- Up-to-date symlink: /home/nextup/Downloads/colcon_ws/install/eyantra_warehouse/share/eyantra_warehouse//models/moon_surface/meshes/moon_texture.jpg
[0.609s] -- Up-to-date symlink: /home/nextup/Downloads/colcon_ws/install/eyantra_warehouse/share/eyantra_warehouse//models/moon_surface/model.config
[0.609s] -- Up-to-date symlink: /home/nextup/Downloads/colcon_ws/install/eyantra_warehouse/share/eyantra_warehouse//models/moon_surface/model.sdf
[0.609s] -- Up-to-date symlink: /home/nextup/Downloads/colcon_ws/install/eyantra_warehouse/share/eyantra_warehouse//models/office/meshes/Bricks01_COL_VAR1_3K.jpg.002.jpg
[0.609s] -- Up-to-date symlink: /home/nextup/Downloads/colcon_ws/install/eyantra_warehouse/share/eyantra_warehouse//models/office/meshes/ConcreteWall001_COL_VAR1_3K.jpg.002.jpg
[0.609s] -- Up-to-date symlink: /home/nextup/Downloads/colcon_ws/install/eyantra_warehouse/share/eyantra_warehouse//models/office/meshes/GroundClay002_COL_VAR1_3K.jpg.001.jpg
[0.609s] -- Up-to-date symlink: /home/nextup/Downloads/colcon_ws/install/eyantra_warehouse/share/eyantra_warehouse//models/office/meshes/MetalCorrodedHeavy001_COL_3K_METALNESS.jpg.002.jpg
[0.609s] -- Up-to-date symlink: /home/nextup/Downloads/colcon_ws/install/eyantra_warehouse/share/eyantra_warehouse//models/office/meshes/MetalCorrugatedIronSheet002_METALNESS_3K_METALNESS.jpg.002.jpg
[0.610s] -- Up-to-date symlink: /home/nextup/Downloads/colcon_ws/install/eyantra_warehouse/share/eyantra_warehouse//models/office/meshes/MetalSpottyDiscoloration001_COL_3K_METALNESS.jpg.002.jpg
[0.610s] -- Up-to-date symlink: /home/nextup/Downloads/colcon_ws/install/eyantra_warehouse/share/eyantra_warehouse//models/office/meshes/SB.mtl
[0.610s] -- Up-to-date symlink: /home/nextup/Downloads/colcon_ws/install/eyantra_warehouse/share/eyantra_warehouse//models/office/meshes/SB.obj
[0.610s] -- Up-to-date symlink: /home/nextup/Downloads/colcon_ws/install/eyantra_warehouse/share/eyantra_warehouse//models/office/meshes/SB_fixed.mtl
[0.610s] -- Up-to-date symlink: /home/nextup/Downloads/colcon_ws/install/eyantra_warehouse/share/eyantra_warehouse//models/office/meshes/SB_fixed.obj
[0.610s] -- Up-to-date symlink: /home/nextup/Downloads/colcon_ws/install/eyantra_warehouse/share/eyantra_warehouse//models/office/meshes/Tiles05_COL_VAR1_3K.jpg.001.jpg
[0.610s] -- Up-to-date symlink: /home/nextup/Downloads/colcon_ws/install/eyantra_warehouse/share/eyantra_warehouse//models/office/meshes/TilesRectangularMirrorGray001_COL_3K.jpg.001.jpg
[0.610s] -- Up-to-date symlink: /home/nextup/Downloads/colcon_ws/install/eyantra_warehouse/share/eyantra_warehouse//models/office/meshes/WoodFlooring061_COL_3K.jpg.001.jpg
[0.610s] -- Up-to-date symlink: /home/nextup/Downloads/colcon_ws/install/eyantra_warehouse/share/eyantra_warehouse//models/office/meshes/WoodFlooringMahoganyAfricanSanded001_COL_3K.jpg.001.jpg
[0.610s] -- Up-to-date symlink: /home/nextup/Downloads/colcon_ws/install/eyantra_warehouse/share/eyantra_warehouse//models/office/meshes/WoodPlanksWorn33_COL_VAR1_3K.jpg.002.jpg
[0.611s] -- Up-to-date symlink: /home/nextup/Downloads/colcon_ws/install/eyantra_warehouse/share/eyantra_warehouse//models/office/meshes/cardboard.jpg
[0.611s] -- Up-to-date symlink: /home/nextup/Downloads/colcon_ws/install/eyantra_warehouse/share/eyantra_warehouse//models/office/meshes/concrete_bag.jpg
[0.611s] -- Up-to-date symlink: /home/nextup/Downloads/colcon_ws/install/eyantra_warehouse/share/eyantra_warehouse//models/office/meshes/cp_walls.jpg
[0.611s] -- Up-to-date symlink: /home/nextup/Downloads/colcon_ws/install/eyantra_warehouse/share/eyantra_warehouse//models/office/meshes/fixed_sb_bake_2k.png
[0.611s] -- Up-to-date symlink: /home/nextup/Downloads/colcon_ws/install/eyantra_warehouse/share/eyantra_warehouse//models/office/meshes/office.dae
[0.611s] -- Up-to-date symlink: /home/nextup/Downloads/colcon_ws/install/eyantra_warehouse/share/eyantra_warehouse//models/office/meshes/office_construction.dae
[0.611s] -- Up-to-date symlink: /home/nextup/Downloads/colcon_ws/install/eyantra_warehouse/share/eyantra_warehouse//models/office/meshes/sb_bake_2k.png
[0.611s] -- Up-to-date symlink: /home/nextup/Downloads/colcon_ws/install/eyantra_warehouse/share/eyantra_warehouse//models/office/meshes/whiteboard.jpg
[0.611s] -- Up-to-date symlink: /home/nextup/Downloads/colcon_ws/install/eyantra_warehouse/share/eyantra_warehouse//models/office/model.config
[0.612s] -- Up-to-date symlink: /home/nextup/Downloads/colcon_ws/install/eyantra_warehouse/share/eyantra_warehouse//models/office/model.sdf
[0.612s] -- Up-to-date symlink: /home/nextup/Downloads/colcon_ws/install/eyantra_warehouse/share/eyantra_warehouse//models/package_box/meshes/4x4_1000-0.png
[0.612s] -- Up-to-date symlink: /home/nextup/Downloads/colcon_ws/install/eyantra_warehouse/share/eyantra_warehouse//models/package_box/meshes/aws_robomaker_warehouse_ClutteringC_02.png
[0.612s] -- Up-to-date symlink: /home/nextup/Downloads/colcon_ws/install/eyantra_warehouse/share/eyantra_warehouse//models/package_box/meshes/package_box.dae
[0.612s] -- Up-to-date symlink: /home/nextup/Downloads/colcon_ws/install/eyantra_warehouse/share/eyantra_warehouse//models/package_box/model.config
[0.612s] -- Up-to-date symlink: /home/nextup/Downloads/colcon_ws/install/eyantra_warehouse/share/eyantra_warehouse//models/package_box/model.sdf
[0.612s] -- Up-to-date symlink: /home/nextup/Downloads/colcon_ws/install/eyantra_warehouse/share/eyantra_warehouse//models/rack/meshes/brushedsteel4.jpg
[0.612s] -- Up-to-date symlink: /home/nextup/Downloads/colcon_ws/install/eyantra_warehouse/share/eyantra_warehouse//models/rack/meshes/brushedsteel_bg.jpg
[0.613s] -- Up-to-date symlink: /home/nextup/Downloads/colcon_ws/install/eyantra_warehouse/share/eyantra_warehouse//models/rack/meshes/rack.dae
[0.613s] -- Up-to-date symlink: /home/nextup/Downloads/colcon_ws/install/eyantra_warehouse/share/eyantra_warehouse//models/rack/meshes/rack.stl
[0.613s] -- Up-to-date symlink: /home/nextup/Downloads/colcon_ws/install/eyantra_warehouse/share/eyantra_warehouse//models/rack/model.config
[0.613s] -- Up-to-date symlink: /home/nextup/Downloads/colcon_ws/install/eyantra_warehouse/share/eyantra_warehouse//models/rack/model.sdf
[0.613s] -- Up-to-date symlink: /home/nextup/Downloads/colcon_ws/install/eyantra_warehouse/share/eyantra_warehouse//models/rack_base/model.config
[0.613s] -- Up-to-date symlink: /home/nextup/Downloads/colcon_ws/install/eyantra_warehouse/share/eyantra_warehouse//models/rack_base/model.sdf
[0.613s] -- Up-to-date symlink: /home/nextup/Downloads/colcon_ws/install/eyantra_warehouse/share/eyantra_warehouse//models/rack_with_box/meshes/brushedsteel_bg.jpg
[0.613s] -- Up-to-date symlink: /home/nextup/Downloads/colcon_ws/install/eyantra_warehouse/share/eyantra_warehouse//models/rack_with_box/meshes/rack.dae
[0.613s] -- Up-to-date symlink: /home/nextup/Downloads/colcon_ws/install/eyantra_warehouse/share/eyantra_warehouse//models/rack_with_box/model.config
[0.613s] -- Up-to-date symlink: /home/nextup/Downloads/colcon_ws/install/eyantra_warehouse/share/eyantra_warehouse//models/rack_with_box/model.sdf
[0.614s] -- Up-to-date symlink: /home/nextup/Downloads/colcon_ws/install/eyantra_warehouse/share/eyantra_warehouse//models/table/meshes/eyantra_logo~red_280x55.png
[0.614s] -- Up-to-date symlink: /home/nextup/Downloads/colcon_ws/install/eyantra_warehouse/share/eyantra_warehouse//models/table/meshes/eyantra_logo~red_280x55.png.001.png
[0.614s] -- Up-to-date symlink: /home/nextup/Downloads/colcon_ws/install/eyantra_warehouse/share/eyantra_warehouse//models/table/meshes/table.dae
[0.614s] -- Up-to-date symlink: /home/nextup/Downloads/colcon_ws/install/eyantra_warehouse/share/eyantra_warehouse//models/table/model.config
[0.614s] -- Up-to-date symlink: /home/nextup/Downloads/colcon_ws/install/eyantra_warehouse/share/eyantra_warehouse//models/table/model.sdf
[0.614s] -- Up-to-date symlink: /home/nextup/Downloads/colcon_ws/install/eyantra_warehouse/share/eyantra_warehouse//models/table_box/model.config
[0.614s] -- Up-to-date symlink: /home/nextup/Downloads/colcon_ws/install/eyantra_warehouse/share/eyantra_warehouse//models/table_box/model.sdf
[0.614s] -- Up-to-date symlink: /home/nextup/Downloads/colcon_ws/install/eyantra_warehouse/share/eyantra_warehouse//models/warehouse_boundary/meshes/warehouse_boundary.dae
[0.615s] -- Up-to-date symlink: /home/nextup/Downloads/colcon_ws/install/eyantra_warehouse/share/eyantra_warehouse//models/warehouse_boundary/meshes/warehouse_boundary_glass_cover.dae
[0.615s] -- Up-to-date symlink: /home/nextup/Downloads/colcon_ws/install/eyantra_warehouse/share/eyantra_warehouse//models/warehouse_boundary/meshes/warehouse_floor.jpg
[0.615s] -- Up-to-date symlink: /home/nextup/Downloads/colcon_ws/install/eyantra_warehouse/share/eyantra_warehouse//models/warehouse_boundary/model.config
[0.615s] -- Up-to-date symlink: /home/nextup/Downloads/colcon_ws/install/eyantra_warehouse/share/eyantra_warehouse//models/warehouse_boundary/model.sdf
[0.615s] -- Up-to-date symlink: /home/nextup/Downloads/colcon_ws/install/eyantra_warehouse/share/eyantra_warehouse//config/SkyX_Moon.fragment
[0.615s] -- Up-to-date symlink: /home/nextup/Downloads/colcon_ws/install/eyantra_warehouse/share/eyantra_warehouse//config/SkyX_Moon.png
[0.615s] -- Up-to-date symlink: /home/nextup/Downloads/colcon_ws/install/eyantra_warehouse/share/eyantra_warehouse//config/package_link.json
[0.615s] -- Up-to-date symlink: /home/nextup/Downloads/colcon_ws/install/eyantra_warehouse/share/ament_index/resource_index/package_run_dependencies/eyantra_warehouse
[0.616s] -- Up-to-date symlink: /home/nextup/Downloads/colcon_ws/install/eyantra_warehouse/share/ament_index/resource_index/parent_prefix_path/eyantra_warehouse
[0.616s] -- Up-to-date symlink: /home/nextup/Downloads/colcon_ws/install/eyantra_warehouse/share/eyantra_warehouse/environment/ament_prefix_path.sh
[0.616s] -- Up-to-date symlink: /home/nextup/Downloads/colcon_ws/install/eyantra_warehouse/share/eyantra_warehouse/environment/ament_prefix_path.dsv
[0.616s] -- Up-to-date symlink: /home/nextup/Downloads/colcon_ws/install/eyantra_warehouse/share/eyantra_warehouse/environment/path.sh
[0.616s] -- Up-to-date symlink: /home/nextup/Downloads/colcon_ws/install/eyantra_warehouse/share/eyantra_warehouse/environment/path.dsv
[0.616s] -- Up-to-date symlink: /home/nextup/Downloads/colcon_ws/install/eyantra_warehouse/share/eyantra_warehouse/local_setup.bash
[0.616s] -- Up-to-date symlink: /home/nextup/Downloads/colcon_ws/install/eyantra_warehouse/share/eyantra_warehouse/local_setup.sh
[0.617s] -- Up-to-date symlink: /home/nextup/Downloads/colcon_ws/install/eyantra_warehouse/share/eyantra_warehouse/local_setup.zsh
[0.617s] -- Up-to-date symlink: /home/nextup/Downloads/colcon_ws/install/eyantra_warehouse/share/eyantra_warehouse/local_setup.dsv
[0.617s] -- Symlinking: /home/nextup/Downloads/colcon_ws/install/eyantra_warehouse/share/eyantra_warehouse/package.dsv
[0.623s] -- Up-to-date symlink: /home/nextup/Downloads/colcon_ws/install/eyantra_warehouse/share/ament_index/resource_index/packages/eyantra_warehouse
[0.623s] -- Up-to-date symlink: /home/nextup/Downloads/colcon_ws/install/eyantra_warehouse/share/eyantra_warehouse/cmake/eyantra_warehouseConfig.cmake
[0.624s] -- Up-to-date symlink: /home/nextup/Downloads/colcon_ws/install/eyantra_warehouse/share/eyantra_warehouse/cmake/eyantra_warehouseConfig-version.cmake
[0.624s] -- Up-to-date symlink: /home/nextup/Downloads/colcon_ws/install/eyantra_warehouse/share/eyantra_warehouse/package.xml
[0.625s] Invoked command in '/home/nextup/Downloads/colcon_ws/build/eyantra_warehouse' returned '0': CMAKE_PREFIX_PATH=${CMAKE_PREFIX_PATH}:/home/nextup/Downloads/colcon_ws/install/ur_description:/opt/ros/humble /usr/bin/cmake --install /home/nextup/Downloads/colcon_ws/build/eyantra_warehouse
