[0.255s] Invoking command in '/home/nextup/Downloads/colcon_ws/build/ebot_nav2': CMAKE_PREFIX_PATH=${CMAKE_PREFIX_PATH}:/home/nextup/Downloads/colcon_ws/install/ur_description:/opt/ros/humble /usr/bin/cmake /home/nextup/Downloads/colcon_ws/src/ebot_nav2 -DCMAKE_INSTALL_PREFIX=/home/nextup/Downloads/colcon_ws/install/ebot_nav2
[0.288s] -- The C compiler identification is GNU 11.4.0
[0.326s] -- The CXX compiler identification is GNU 11.4.0
[0.331s] -- Detecting C compiler ABI info
[0.376s] -- Detecting C compiler ABI info - done
[0.383s] -- Check for working C compiler: /usr/bin/cc - skipped
[0.383s] -- Detecting C compile features
[0.384s] -- Detecting C compile features - done
[0.387s] -- Detecting CXX compiler ABI info
[0.442s] -- Detecting CXX compiler ABI info - done
[0.452s] -- Check for working CXX compiler: /usr/bin/c++ - skipped
[0.452s] -- Detecting CXX compile features
[0.452s] -- Detecting CXX compile features - done
[0.457s] -- Found ament_cmake: 1.3.6 (/opt/ros/humble/share/ament_cmake/cmake)
[0.599s] -- Found Python3: /usr/bin/python3.10 (found version "3.10.12") found components: Interpreter 
[0.700s] -- Found rclcpp: 16.0.7 (/opt/ros/humble/share/rclcpp/cmake)
[0.745s] -- Found rosidl_generator_c: 3.1.5 (/opt/ros/humble/share/rosidl_generator_c/cmake)
[0.751s] -- Found rosidl_adapter: 3.1.5 (/opt/ros/humble/share/rosidl_adapter/cmake)
[0.759s] -- Found rosidl_generator_cpp: 3.1.5 (/opt/ros/humble/share/rosidl_generator_cpp/cmake)
[0.772s] -- Using all available rosidl_typesupport_c: rosidl_typesupport_fastrtps_c;rosidl_typesupport_introspection_c
[0.790s] -- Using all available rosidl_typesupport_cpp: rosidl_typesupport_fastrtps_cpp;rosidl_typesupport_introspection_cpp
[0.855s] -- Found rmw_implementation_cmake: 6.1.1 (/opt/ros/humble/share/rmw_implementation_cmake/cmake)
[0.859s] -- Found rmw_fastrtps_cpp: 6.2.5 (/opt/ros/humble/share/rmw_fastrtps_cpp/cmake)
[0.935s] -- Found OpenSSL: /usr/lib/x86_64-linux-gnu/libcrypto.so (found version "3.0.2")  
[0.956s] -- Found FastRTPS: /opt/ros/humble/include  
[0.993s] -- Using RMW implementation 'rmw_fastrtps_cpp' as default
[1.004s] -- Looking for pthread.h
[1.051s] -- Looking for pthread.h - found
[1.051s] -- Performing Test CMAKE_HAVE_LIBC_PTHREAD
[1.101s] -- Performing Test CMAKE_HAVE_LIBC_PTHREAD - Success
[1.101s] -- Found Threads: TRUE  
[1.237s] -- Found rclpy: 3.3.11 (/opt/ros/humble/share/rclpy/cmake)
[1.239s] -- Found urdf: 2.6.0 (/opt/ros/humble/share/urdf/cmake)
[1.278s] -- Found xacro: 2.0.8 (/opt/ros/humble/share/xacro/cmake)
[1.280s] -- Found ament_lint_auto: 0.12.9 (/opt/ros/humble/share/ament_lint_auto/cmake)
[1.347s] -- Added test 'flake8' to check Python code syntax and style conventions
[1.347s] -- Added test 'lint_cmake' to check CMake code style
[1.348s] -- Added test 'pep257' to check Python code against some of the docstring style conventions in PEP 257
[1.349s] -- Added test 'xmllint' to check XML markup files
[1.351s] -- Configuring done
[1.354s] -- Generating done
[1.355s] -- Build files have been written to: /home/nextup/Downloads/colcon_ws/build/ebot_nav2
[1.362s] Invoked command in '/home/nextup/Downloads/colcon_ws/build/ebot_nav2' returned '0': CMAKE_PREFIX_PATH=${CMAKE_PREFIX_PATH}:/home/nextup/Downloads/colcon_ws/install/ur_description:/opt/ros/humble /usr/bin/cmake /home/nextup/Downloads/colcon_ws/src/ebot_nav2 -DCMAKE_INSTALL_PREFIX=/home/nextup/Downloads/colcon_ws/install/ebot_nav2
[1.364s] Invoking command in '/home/nextup/Downloads/colcon_ws/build/ebot_nav2': CMAKE_PREFIX_PATH=${CMAKE_PREFIX_PATH}:/home/nextup/Downloads/colcon_ws/install/ur_description:/opt/ros/humble /usr/bin/cmake --build /home/nextup/Downloads/colcon_ws/build/ebot_nav2 -- -j16 -l16
[1.392s] Invoked command in '/home/nextup/Downloads/colcon_ws/build/ebot_nav2' returned '0': CMAKE_PREFIX_PATH=${CMAKE_PREFIX_PATH}:/home/nextup/Downloads/colcon_ws/install/ur_description:/opt/ros/humble /usr/bin/cmake --build /home/nextup/Downloads/colcon_ws/build/ebot_nav2 -- -j16 -l16
[1.414s] Invoking command in '/home/nextup/Downloads/colcon_ws/build/ebot_nav2': CMAKE_PREFIX_PATH=${CMAKE_PREFIX_PATH}:/home/nextup/Downloads/colcon_ws/install/ur_description:/opt/ros/humble /usr/bin/cmake --install /home/nextup/Downloads/colcon_ws/build/ebot_nav2
[1.421s] -- Install configuration: ""
[1.421s] -- Installing: /home/nextup/Downloads/colcon_ws/install/ebot_nav2/share/ebot_nav2//launch
[1.421s] -- Installing: /home/nextup/Downloads/colcon_ws/install/ebot_nav2/share/ebot_nav2//launch/ebot_bringup_launch.py
[1.421s] -- Installing: /home/nextup/Downloads/colcon_ws/install/ebot_nav2/share/ebot_nav2//config
[1.421s] -- Installing: /home/nextup/Downloads/colcon_ws/install/ebot_nav2/share/ebot_nav2//config/ekf.yaml
[1.421s] -- Installing: /home/nextup/Downloads/colcon_ws/install/ebot_nav2/share/ebot_nav2//config/mapper_params_online_async.yaml
[1.421s] -- Installing: /home/nextup/Downloads/colcon_ws/install/ebot_nav2/share/ebot_nav2//maps
[1.421s] -- Installing: /home/nextup/Downloads/colcon_ws/install/ebot_nav2/share/ebot_nav2//maps/map.data
[1.424s] -- Installing: /home/nextup/Downloads/colcon_ws/install/ebot_nav2/share/ebot_nav2//maps/map.yaml
[1.424s] -- Installing: /home/nextup/Downloads/colcon_ws/install/ebot_nav2/share/ebot_nav2//maps/map.posegraph
[1.435s] -- Installing: /home/nextup/Downloads/colcon_ws/install/ebot_nav2/share/ebot_nav2//maps/map_file_here.text
[1.435s] -- Installing: /home/nextup/Downloads/colcon_ws/install/ebot_nav2/share/ebot_nav2//maps/map.pgm
[1.435s] -- Installing: /home/nextup/Downloads/colcon_ws/install/ebot_nav2/share/ebot_nav2//params
[1.435s] -- Installing: /home/nextup/Downloads/colcon_ws/install/ebot_nav2/share/ebot_nav2//params/nav2_params.yaml
[1.436s] -- Installing: /home/nextup/Downloads/colcon_ws/install/ebot_nav2/share/ebot_nav2//rviz
[1.436s] -- Installing: /home/nextup/Downloads/colcon_ws/install/ebot_nav2/share/ebot_nav2//rviz/nav2_default_view.rviz
[1.436s] -- Installing: /home/nextup/Downloads/colcon_ws/install/ebot_nav2/share/ament_index/resource_index/package_run_dependencies/ebot_nav2
[1.436s] -- Installing: /home/nextup/Downloads/colcon_ws/install/ebot_nav2/share/ament_index/resource_index/parent_prefix_path/ebot_nav2
[1.436s] -- Installing: /home/nextup/Downloads/colcon_ws/install/ebot_nav2/share/ebot_nav2/environment/ament_prefix_path.sh
[1.436s] -- Installing: /home/nextup/Downloads/colcon_ws/install/ebot_nav2/share/ebot_nav2/environment/ament_prefix_path.dsv
[1.436s] -- Installing: /home/nextup/Downloads/colcon_ws/install/ebot_nav2/share/ebot_nav2/environment/path.sh
[1.436s] -- Installing: /home/nextup/Downloads/colcon_ws/install/ebot_nav2/share/ebot_nav2/environment/path.dsv
[1.436s] -- Installing: /home/nextup/Downloads/colcon_ws/install/ebot_nav2/share/ebot_nav2/local_setup.bash
[1.436s] -- Installing: /home/nextup/Downloads/colcon_ws/install/ebot_nav2/share/ebot_nav2/local_setup.sh
[1.436s] -- Installing: /home/nextup/Downloads/colcon_ws/install/ebot_nav2/share/ebot_nav2/local_setup.zsh
[1.436s] -- Installing: /home/nextup/Downloads/colcon_ws/install/ebot_nav2/share/ebot_nav2/local_setup.dsv
[1.436s] -- Installing: /home/nextup/Downloads/colcon_ws/install/ebot_nav2/share/ebot_nav2/package.dsv
[1.437s] -- Installing: /home/nextup/Downloads/colcon_ws/install/ebot_nav2/share/ament_index/resource_index/packages/ebot_nav2
[1.437s] -- Installing: /home/nextup/Downloads/colcon_ws/install/ebot_nav2/share/ebot_nav2/cmake/ebot_nav2Config.cmake
[1.437s] -- Installing: /home/nextup/Downloads/colcon_ws/install/ebot_nav2/share/ebot_nav2/cmake/ebot_nav2Config-version.cmake
[1.437s] -- Installing: /home/nextup/Downloads/colcon_ws/install/ebot_nav2/share/ebot_nav2/package.xml
[1.438s] Invoked command in '/home/nextup/Downloads/colcon_ws/build/ebot_nav2' returned '0': CMAKE_PREFIX_PATH=${CMAKE_PREFIX_PATH}:/home/nextup/Downloads/colcon_ws/install/ur_description:/opt/ros/humble /usr/bin/cmake --install /home/nextup/Downloads/colcon_ws/build/ebot_nav2
