[0.839s] Invoking command in '/home/nextup/Downloads/colcon_ws/build/ebot_docking': CMAKE_PREFIX_PATH=${CMAKE_PREFIX_PATH}:/opt/ros/humble /usr/bin/cmake --build /home/nextup/Downloads/colcon_ws/build/ebot_docking -- -j16 -l16
[0.869s] [35m[1mConsolidate compiler generated dependencies of target ebot_docking__rosidl_generator_c[0m
[0.876s] [  3%] Built target ebot_docking__cpp
[0.882s] [ 12%] Built target ebot_docking__rosidl_generator_c
[0.886s] [ 12%] Built target ament_cmake_python_copy_ebot_docking
[0.887s] [35m[1mConsolidate compiler generated dependencies of target ebot_docking__rosidl_typesupport_cpp[0m
[0.887s] [35m[1mConsolidate compiler generated dependencies of target ebot_docking__rosidl_typesupport_introspection_cpp[0m
[0.887s] [35m[1mConsolidate compiler generated dependencies of target ebot_docking__rosidl_typesupport_fastrtps_cpp[0m
[0.888s] [35m[1mConsolidate compiler generated dependencies of target ebot_docking__rosidl_typesupport_introspection_c[0m
[0.889s] [35m[1mConsolidate compiler generated dependencies of target ebot_docking__rosidl_typesupport_fastrtps_c[0m
[0.889s] [35m[1mConsolidate compiler generated dependencies of target ebot_docking__rosidl_typesupport_c[0m
[0.900s] [ 25%] Built target ebot_docking__rosidl_typesupport_introspection_c
[0.900s] [ 35%] Built target ebot_docking__rosidl_typesupport_cpp
[0.900s] [ 51%] Built target ebot_docking__rosidl_typesupport_c
[0.900s] [ 51%] Built target ebot_docking__rosidl_typesupport_introspection_cpp
[0.902s] [ 61%] Built target ebot_docking__rosidl_typesupport_fastrtps_c
[0.908s] [ 70%] Built target ebot_docking__rosidl_typesupport_fastrtps_cpp
[0.954s] [ 70%] Built target ebot_docking
[1.014s] [ 74%] Built target ebot_docking__py
[1.014s] [35m[1mConsolidate compiler generated dependencies of target ebot_docking__rosidl_generator_py[0m
[1.015s] [ 80%] Built target ebot_docking__rosidl_generator_py
[1.015s] [35m[1mConsolidate compiler generated dependencies of target ebot_docking__rosidl_typesupport_c__pyext[0m
[1.015s] [35m[1mConsolidate compiler generated dependencies of target ebot_docking__rosidl_typesupport_introspection_c__pyext[0m
[1.016s] [35m[1mConsolidate compiler generated dependencies of target ebot_docking__rosidl_typesupport_fastrtps_c__pyext[0m
[1.016s] [ 93%] Built target ebot_docking__rosidl_typesupport_c__pyext
[1.016s] [ 93%] Built target ebot_docking__rosidl_typesupport_fastrtps_c__pyext
[1.017s] [100%] Built target ebot_docking__rosidl_typesupport_introspection_c__pyext
[1.137s] running egg_info
[1.138s] writing ebot_docking.egg-info/PKG-INFO
[1.139s] writing dependency_links to ebot_docking.egg-info/dependency_links.txt
[1.139s] writing top-level names to ebot_docking.egg-info/top_level.txt
[1.139s] reading manifest file 'ebot_docking.egg-info/SOURCES.txt'
[1.140s] writing manifest file 'ebot_docking.egg-info/SOURCES.txt'
[1.161s] [100%] Built target ament_cmake_python_build_ebot_docking_egg
[1.393s] Invoked command in '/home/nextup/Downloads/colcon_ws/build/ebot_docking' returned '0': CMAKE_PREFIX_PATH=${CMAKE_PREFIX_PATH}:/opt/ros/humble /usr/bin/cmake --build /home/nextup/Downloads/colcon_ws/build/ebot_docking -- -j16 -l16
[1.580s] Invoking command in '/home/nextup/Downloads/colcon_ws/build/ebot_docking': CMAKE_PREFIX_PATH=${CMAKE_PREFIX_PATH}:/opt/ros/humble /usr/bin/cmake --install /home/nextup/Downloads/colcon_ws/build/ebot_docking
[1.651s] -- Install configuration: ""
[1.651s] -- Up-to-date: /home/nextup/Downloads/colcon_ws/install/ebot_docking/share/ament_index/resource_index/rosidl_interfaces/ebot_docking
[1.651s] -- Up-to-date: /home/nextup/Downloads/colcon_ws/install/ebot_docking/include/ebot_docking/ebot_docking
[1.652s] -- Up-to-date: /home/nextup/Downloads/colcon_ws/install/ebot_docking/include/ebot_docking/ebot_docking/msg
[1.652s] -- Up-to-date: /home/nextup/Downloads/colcon_ws/install/ebot_docking/include/ebot_docking/ebot_docking/msg/rosidl_generator_c__visibility_control.h
[1.652s] -- Up-to-date: /home/nextup/Downloads/colcon_ws/install/ebot_docking/include/ebot_docking/ebot_docking/srv
[1.652s] -- Up-to-date: /home/nextup/Downloads/colcon_ws/install/ebot_docking/include/ebot_docking/ebot_docking/srv/dock_sw.h
[1.652s] -- Up-to-date: /home/nextup/Downloads/colcon_ws/install/ebot_docking/include/ebot_docking/ebot_docking/srv/detail
[1.652s] -- Up-to-date: /home/nextup/Downloads/colcon_ws/install/ebot_docking/include/ebot_docking/ebot_docking/srv/detail/dock_sw__type_support.h
[1.652s] -- Up-to-date: /home/nextup/Downloads/colcon_ws/install/ebot_docking/include/ebot_docking/ebot_docking/srv/detail/dock_sw__functions.h
[1.652s] -- Up-to-date: /home/nextup/Downloads/colcon_ws/install/ebot_docking/include/ebot_docking/ebot_docking/srv/detail/dock_sw__functions.c
[1.652s] -- Up-to-date: /home/nextup/Downloads/colcon_ws/install/ebot_docking/include/ebot_docking/ebot_docking/srv/detail/dock_sw__struct.h
[1.652s] -- Up-to-date: /home/nextup/Downloads/colcon_ws/install/ebot_docking/share/ebot_docking/environment/library_path.sh
[1.652s] -- Up-to-date: /home/nextup/Downloads/colcon_ws/install/ebot_docking/share/ebot_docking/environment/library_path.dsv
[1.652s] -- Up-to-date: /home/nextup/Downloads/colcon_ws/install/ebot_docking/lib/libebot_docking__rosidl_generator_c.so
[1.652s] -- Up-to-date: /home/nextup/Downloads/colcon_ws/install/ebot_docking/include/ebot_docking/ebot_docking
[1.652s] -- Up-to-date: /home/nextup/Downloads/colcon_ws/install/ebot_docking/include/ebot_docking/ebot_docking/msg
[1.652s] -- Up-to-date: /home/nextup/Downloads/colcon_ws/install/ebot_docking/include/ebot_docking/ebot_docking/msg/rosidl_typesupport_fastrtps_c__visibility_control.h
[1.652s] -- Up-to-date: /home/nextup/Downloads/colcon_ws/install/ebot_docking/include/ebot_docking/ebot_docking/srv
[1.652s] -- Up-to-date: /home/nextup/Downloads/colcon_ws/install/ebot_docking/include/ebot_docking/ebot_docking/srv/detail
[1.652s] -- Up-to-date: /home/nextup/Downloads/colcon_ws/install/ebot_docking/include/ebot_docking/ebot_docking/srv/detail/dock_sw__rosidl_typesupport_fastrtps_c.h
[1.653s] -- Up-to-date: /home/nextup/Downloads/colcon_ws/install/ebot_docking/lib/libebot_docking__rosidl_typesupport_fastrtps_c.so
[1.653s] -- Up-to-date: /home/nextup/Downloads/colcon_ws/install/ebot_docking/include/ebot_docking/ebot_docking
[1.653s] -- Up-to-date: /home/nextup/Downloads/colcon_ws/install/ebot_docking/include/ebot_docking/ebot_docking/msg
[1.653s] -- Up-to-date: /home/nextup/Downloads/colcon_ws/install/ebot_docking/include/ebot_docking/ebot_docking/msg/rosidl_typesupport_introspection_c__visibility_control.h
[1.653s] -- Up-to-date: /home/nextup/Downloads/colcon_ws/install/ebot_docking/include/ebot_docking/ebot_docking/srv
[1.653s] -- Up-to-date: /home/nextup/Downloads/colcon_ws/install/ebot_docking/include/ebot_docking/ebot_docking/srv/detail
[1.653s] -- Up-to-date: /home/nextup/Downloads/colcon_ws/install/ebot_docking/include/ebot_docking/ebot_docking/srv/detail/dock_sw__type_support.c
[1.653s] -- Up-to-date: /home/nextup/Downloads/colcon_ws/install/ebot_docking/include/ebot_docking/ebot_docking/srv/detail/dock_sw__rosidl_typesupport_introspection_c.h
[1.653s] -- Up-to-date: /home/nextup/Downloads/colcon_ws/install/ebot_docking/lib/libebot_docking__rosidl_typesupport_introspection_c.so
[1.653s] -- Up-to-date: /home/nextup/Downloads/colcon_ws/install/ebot_docking/lib/libebot_docking__rosidl_typesupport_c.so
[1.653s] -- Up-to-date: /home/nextup/Downloads/colcon_ws/install/ebot_docking/include/ebot_docking/ebot_docking
[1.653s] -- Up-to-date: /home/nextup/Downloads/colcon_ws/install/ebot_docking/include/ebot_docking/ebot_docking/srv
[1.653s] -- Up-to-date: /home/nextup/Downloads/colcon_ws/install/ebot_docking/include/ebot_docking/ebot_docking/srv/dock_sw.hpp
[1.653s] -- Up-to-date: /home/nextup/Downloads/colcon_ws/install/ebot_docking/include/ebot_docking/ebot_docking/srv/detail
[1.654s] -- Up-to-date: /home/nextup/Downloads/colcon_ws/install/ebot_docking/include/ebot_docking/ebot_docking/srv/detail/dock_sw__builder.hpp
[1.654s] -- Up-to-date: /home/nextup/Downloads/colcon_ws/install/ebot_docking/include/ebot_docking/ebot_docking/srv/detail/dock_sw__traits.hpp
[1.654s] -- Up-to-date: /home/nextup/Downloads/colcon_ws/install/ebot_docking/include/ebot_docking/ebot_docking/srv/detail/dock_sw__struct.hpp
[1.654s] -- Up-to-date: /home/nextup/Downloads/colcon_ws/install/ebot_docking/include/ebot_docking/ebot_docking
[1.654s] -- Up-to-date: /home/nextup/Downloads/colcon_ws/install/ebot_docking/include/ebot_docking/ebot_docking/msg
[1.654s] -- Up-to-date: /home/nextup/Downloads/colcon_ws/install/ebot_docking/include/ebot_docking/ebot_docking/msg/rosidl_typesupport_fastrtps_cpp__visibility_control.h
[1.654s] -- Up-to-date: /home/nextup/Downloads/colcon_ws/install/ebot_docking/include/ebot_docking/ebot_docking/srv
[1.654s] -- Up-to-date: /home/nextup/Downloads/colcon_ws/install/ebot_docking/include/ebot_docking/ebot_docking/srv/detail
[1.654s] -- Up-to-date: /home/nextup/Downloads/colcon_ws/install/ebot_docking/include/ebot_docking/ebot_docking/srv/detail/dock_sw__rosidl_typesupport_fastrtps_cpp.hpp
[1.654s] -- Up-to-date: /home/nextup/Downloads/colcon_ws/install/ebot_docking/include/ebot_docking/ebot_docking/srv/detail/dds_fastrtps
[1.654s] -- Up-to-date: /home/nextup/Downloads/colcon_ws/install/ebot_docking/lib/libebot_docking__rosidl_typesupport_fastrtps_cpp.so
[1.654s] -- Up-to-date: /home/nextup/Downloads/colcon_ws/install/ebot_docking/include/ebot_docking/ebot_docking
[1.654s] -- Up-to-date: /home/nextup/Downloads/colcon_ws/install/ebot_docking/include/ebot_docking/ebot_docking/srv
[1.654s] -- Up-to-date: /home/nextup/Downloads/colcon_ws/install/ebot_docking/include/ebot_docking/ebot_docking/srv/detail
[1.654s] -- Up-to-date: /home/nextup/Downloads/colcon_ws/install/ebot_docking/include/ebot_docking/ebot_docking/srv/detail/dock_sw__type_support.cpp
[1.654s] -- Up-to-date: /home/nextup/Downloads/colcon_ws/install/ebot_docking/include/ebot_docking/ebot_docking/srv/detail/dock_sw__rosidl_typesupport_introspection_cpp.hpp
[1.654s] -- Up-to-date: /home/nextup/Downloads/colcon_ws/install/ebot_docking/lib/libebot_docking__rosidl_typesupport_introspection_cpp.so
[1.654s] -- Up-to-date: /home/nextup/Downloads/colcon_ws/install/ebot_docking/lib/libebot_docking__rosidl_typesupport_cpp.so
[1.654s] -- Up-to-date: /home/nextup/Downloads/colcon_ws/install/ebot_docking/share/ebot_docking/environment/pythonpath.sh
[1.655s] -- Up-to-date: /home/nextup/Downloads/colcon_ws/install/ebot_docking/share/ebot_docking/environment/pythonpath.dsv
[1.655s] -- Up-to-date: /home/nextup/Downloads/colcon_ws/install/ebot_docking/local/lib/python3.10/dist-packages/ebot_docking-0.0.0-py3.10.egg-info
[1.655s] -- Installing: /home/nextup/Downloads/colcon_ws/install/ebot_docking/local/lib/python3.10/dist-packages/ebot_docking-0.0.0-py3.10.egg-info/top_level.txt
[1.655s] -- Installing: /home/nextup/Downloads/colcon_ws/install/ebot_docking/local/lib/python3.10/dist-packages/ebot_docking-0.0.0-py3.10.egg-info/dependency_links.txt
[1.655s] -- Installing: /home/nextup/Downloads/colcon_ws/install/ebot_docking/local/lib/python3.10/dist-packages/ebot_docking-0.0.0-py3.10.egg-info/PKG-INFO
[1.655s] -- Installing: /home/nextup/Downloads/colcon_ws/install/ebot_docking/local/lib/python3.10/dist-packages/ebot_docking-0.0.0-py3.10.egg-info/SOURCES.txt
[1.655s] -- Up-to-date: /home/nextup/Downloads/colcon_ws/install/ebot_docking/local/lib/python3.10/dist-packages/ebot_docking
[1.655s] -- Up-to-date: /home/nextup/Downloads/colcon_ws/install/ebot_docking/local/lib/python3.10/dist-packages/ebot_docking/_ebot_docking_s.ep.rosidl_typesupport_c.c
[1.655s] -- Up-to-date: /home/nextup/Downloads/colcon_ws/install/ebot_docking/local/lib/python3.10/dist-packages/ebot_docking/_ebot_docking_s.ep.rosidl_typesupport_fastrtps_c.c
[1.655s] -- Up-to-date: /home/nextup/Downloads/colcon_ws/install/ebot_docking/local/lib/python3.10/dist-packages/ebot_docking/__init__.py
[1.655s] -- Up-to-date: /home/nextup/Downloads/colcon_ws/install/ebot_docking/local/lib/python3.10/dist-packages/ebot_docking/ebot_docking_s__rosidl_typesupport_introspection_c.cpython-310-x86_64-linux-gnu.so
[1.655s] -- Up-to-date: /home/nextup/Downloads/colcon_ws/install/ebot_docking/local/lib/python3.10/dist-packages/ebot_docking/ebot_docking_s__rosidl_typesupport_c.cpython-310-x86_64-linux-gnu.so
[1.655s] -- Up-to-date: /home/nextup/Downloads/colcon_ws/install/ebot_docking/local/lib/python3.10/dist-packages/ebot_docking/_ebot_docking_s.ep.rosidl_typesupport_introspection_c.c
[1.656s] -- Up-to-date: /home/nextup/Downloads/colcon_ws/install/ebot_docking/local/lib/python3.10/dist-packages/ebot_docking/srv
[1.656s] -- Up-to-date: /home/nextup/Downloads/colcon_ws/install/ebot_docking/local/lib/python3.10/dist-packages/ebot_docking/srv/__init__.py
[1.656s] -- Up-to-date: /home/nextup/Downloads/colcon_ws/install/ebot_docking/local/lib/python3.10/dist-packages/ebot_docking/srv/_dock_sw_s.c
[1.656s] -- Up-to-date: /home/nextup/Downloads/colcon_ws/install/ebot_docking/local/lib/python3.10/dist-packages/ebot_docking/srv/_dock_sw.py
[1.656s] -- Up-to-date: /home/nextup/Downloads/colcon_ws/install/ebot_docking/local/lib/python3.10/dist-packages/ebot_docking/libebot_docking__rosidl_generator_py.so
[1.656s] -- Up-to-date: /home/nextup/Downloads/colcon_ws/install/ebot_docking/local/lib/python3.10/dist-packages/ebot_docking/ebot_docking_s__rosidl_typesupport_fastrtps_c.cpython-310-x86_64-linux-gnu.so
[1.656s] Listing '/home/nextup/Downloads/colcon_ws/install/ebot_docking/local/lib/python3.10/dist-packages/ebot_docking'...
[1.656s] Listing '/home/nextup/Downloads/colcon_ws/install/ebot_docking/local/lib/python3.10/dist-packages/ebot_docking/srv'...
[1.656s] -- Up-to-date: /home/nextup/Downloads/colcon_ws/install/ebot_docking/local/lib/python3.10/dist-packages/ebot_docking/ebot_docking_s__rosidl_typesupport_fastrtps_c.cpython-310-x86_64-linux-gnu.so
[1.656s] -- Up-to-date: /home/nextup/Downloads/colcon_ws/install/ebot_docking/local/lib/python3.10/dist-packages/ebot_docking/ebot_docking_s__rosidl_typesupport_introspection_c.cpython-310-x86_64-linux-gnu.so
[1.656s] -- Up-to-date: /home/nextup/Downloads/colcon_ws/install/ebot_docking/local/lib/python3.10/dist-packages/ebot_docking/ebot_docking_s__rosidl_typesupport_c.cpython-310-x86_64-linux-gnu.so
[1.656s] -- Up-to-date: /home/nextup/Downloads/colcon_ws/install/ebot_docking/lib/libebot_docking__rosidl_generator_py.so
[1.656s] -- Up-to-date: /home/nextup/Downloads/colcon_ws/install/ebot_docking/share/ebot_docking/srv/DockSw.idl
[1.656s] -- Up-to-date: /home/nextup/Downloads/colcon_ws/install/ebot_docking/share/ebot_docking/srv/DockSw.srv
[1.656s] -- Up-to-date: /home/nextup/Downloads/colcon_ws/install/ebot_docking/share/ebot_docking/srv/DockSw_Request.msg
[1.656s] -- Up-to-date: /home/nextup/Downloads/colcon_ws/install/ebot_docking/share/ebot_docking/srv/DockSw_Response.msg
[1.656s] -- Up-to-date: /home/nextup/Downloads/colcon_ws/install/ebot_docking/share/ebot_docking//srv
[1.656s] -- Up-to-date: /home/nextup/Downloads/colcon_ws/install/ebot_docking/share/ebot_docking//srv/DockSw.srv
[1.656s] -- Up-to-date: /home/nextup/Downloads/colcon_ws/install/ebot_docking/share/ebot_docking//scripts
[1.657s] -- Up-to-date: /home/nextup/Downloads/colcon_ws/install/ebot_docking/share/ebot_docking//scripts/ebot_docking_boilerplate.py
[1.657s] -- Up-to-date: /home/nextup/Downloads/colcon_ws/install/ebot_docking/lib/ebot_docking/ebot_docking_boilerplate.py
[1.657s] -- Up-to-date: /home/nextup/Downloads/colcon_ws/install/ebot_docking/share/ament_index/resource_index/package_run_dependencies/ebot_docking
[1.657s] -- Up-to-date: /home/nextup/Downloads/colcon_ws/install/ebot_docking/share/ament_index/resource_index/parent_prefix_path/ebot_docking
[1.657s] -- Up-to-date: /home/nextup/Downloads/colcon_ws/install/ebot_docking/share/ebot_docking/environment/ament_prefix_path.sh
[1.657s] -- Up-to-date: /home/nextup/Downloads/colcon_ws/install/ebot_docking/share/ebot_docking/environment/ament_prefix_path.dsv
[1.657s] -- Up-to-date: /home/nextup/Downloads/colcon_ws/install/ebot_docking/share/ebot_docking/environment/path.sh
[1.657s] -- Up-to-date: /home/nextup/Downloads/colcon_ws/install/ebot_docking/share/ebot_docking/environment/path.dsv
[1.657s] -- Up-to-date: /home/nextup/Downloads/colcon_ws/install/ebot_docking/share/ebot_docking/local_setup.bash
[1.657s] -- Up-to-date: /home/nextup/Downloads/colcon_ws/install/ebot_docking/share/ebot_docking/local_setup.sh
[1.657s] -- Up-to-date: /home/nextup/Downloads/colcon_ws/install/ebot_docking/share/ebot_docking/local_setup.zsh
[1.657s] -- Up-to-date: /home/nextup/Downloads/colcon_ws/install/ebot_docking/share/ebot_docking/local_setup.dsv
[1.657s] -- Installing: /home/nextup/Downloads/colcon_ws/install/ebot_docking/share/ebot_docking/package.dsv
[1.657s] -- Up-to-date: /home/nextup/Downloads/colcon_ws/install/ebot_docking/share/ament_index/resource_index/packages/ebot_docking
[1.657s] -- Up-to-date: /home/nextup/Downloads/colcon_ws/install/ebot_docking/share/ebot_docking/cmake/export_ebot_docking__rosidl_generator_cExport.cmake
[1.657s] -- Up-to-date: /home/nextup/Downloads/colcon_ws/install/ebot_docking/share/ebot_docking/cmake/export_ebot_docking__rosidl_generator_cExport-noconfig.cmake
[1.657s] -- Up-to-date: /home/nextup/Downloads/colcon_ws/install/ebot_docking/share/ebot_docking/cmake/export_ebot_docking__rosidl_typesupport_fastrtps_cExport.cmake
[1.657s] -- Up-to-date: /home/nextup/Downloads/colcon_ws/install/ebot_docking/share/ebot_docking/cmake/export_ebot_docking__rosidl_typesupport_fastrtps_cExport-noconfig.cmake
[1.658s] -- Up-to-date: /home/nextup/Downloads/colcon_ws/install/ebot_docking/share/ebot_docking/cmake/ebot_docking__rosidl_typesupport_introspection_cExport.cmake
[1.658s] -- Up-to-date: /home/nextup/Downloads/colcon_ws/install/ebot_docking/share/ebot_docking/cmake/ebot_docking__rosidl_typesupport_introspection_cExport-noconfig.cmake
[1.658s] -- Up-to-date: /home/nextup/Downloads/colcon_ws/install/ebot_docking/share/ebot_docking/cmake/ebot_docking__rosidl_typesupport_cExport.cmake
[1.658s] -- Up-to-date: /home/nextup/Downloads/colcon_ws/install/ebot_docking/share/ebot_docking/cmake/ebot_docking__rosidl_typesupport_cExport-noconfig.cmake
[1.658s] -- Up-to-date: /home/nextup/Downloads/colcon_ws/install/ebot_docking/share/ebot_docking/cmake/export_ebot_docking__rosidl_generator_cppExport.cmake
[1.658s] -- Up-to-date: /home/nextup/Downloads/colcon_ws/install/ebot_docking/share/ebot_docking/cmake/export_ebot_docking__rosidl_typesupport_fastrtps_cppExport.cmake
[1.658s] -- Up-to-date: /home/nextup/Downloads/colcon_ws/install/ebot_docking/share/ebot_docking/cmake/export_ebot_docking__rosidl_typesupport_fastrtps_cppExport-noconfig.cmake
[1.658s] -- Up-to-date: /home/nextup/Downloads/colcon_ws/install/ebot_docking/share/ebot_docking/cmake/ebot_docking__rosidl_typesupport_introspection_cppExport.cmake
[1.658s] -- Up-to-date: /home/nextup/Downloads/colcon_ws/install/ebot_docking/share/ebot_docking/cmake/ebot_docking__rosidl_typesupport_introspection_cppExport-noconfig.cmake
[1.658s] -- Up-to-date: /home/nextup/Downloads/colcon_ws/install/ebot_docking/share/ebot_docking/cmake/ebot_docking__rosidl_typesupport_cppExport.cmake
[1.658s] -- Up-to-date: /home/nextup/Downloads/colcon_ws/install/ebot_docking/share/ebot_docking/cmake/ebot_docking__rosidl_typesupport_cppExport-noconfig.cmake
[1.658s] -- Up-to-date: /home/nextup/Downloads/colcon_ws/install/ebot_docking/share/ebot_docking/cmake/export_ebot_docking__rosidl_generator_pyExport.cmake
[1.658s] -- Up-to-date: /home/nextup/Downloads/colcon_ws/install/ebot_docking/share/ebot_docking/cmake/export_ebot_docking__rosidl_generator_pyExport-noconfig.cmake
[1.658s] -- Up-to-date: /home/nextup/Downloads/colcon_ws/install/ebot_docking/share/ebot_docking/cmake/rosidl_cmake-extras.cmake
[1.658s] -- Up-to-date: /home/nextup/Downloads/colcon_ws/install/ebot_docking/share/ebot_docking/cmake/ament_cmake_export_include_directories-extras.cmake
[1.658s] -- Up-to-date: /home/nextup/Downloads/colcon_ws/install/ebot_docking/share/ebot_docking/cmake/ament_cmake_export_libraries-extras.cmake
[1.658s] -- Up-to-date: /home/nextup/Downloads/colcon_ws/install/ebot_docking/share/ebot_docking/cmake/ament_cmake_export_targets-extras.cmake
[1.658s] -- Up-to-date: /home/nextup/Downloads/colcon_ws/install/ebot_docking/share/ebot_docking/cmake/rosidl_cmake_export_typesupport_targets-extras.cmake
[1.659s] -- Up-to-date: /home/nextup/Downloads/colcon_ws/install/ebot_docking/share/ebot_docking/cmake/ament_cmake_export_dependencies-extras.cmake
[1.659s] -- Up-to-date: /home/nextup/Downloads/colcon_ws/install/ebot_docking/share/ebot_docking/cmake/rosidl_cmake_export_typesupport_libraries-extras.cmake
[1.659s] -- Up-to-date: /home/nextup/Downloads/colcon_ws/install/ebot_docking/share/ebot_docking/cmake/ebot_dockingConfig.cmake
[1.659s] -- Up-to-date: /home/nextup/Downloads/colcon_ws/install/ebot_docking/share/ebot_docking/cmake/ebot_dockingConfig-version.cmake
[1.659s] -- Up-to-date: /home/nextup/Downloads/colcon_ws/install/ebot_docking/share/ebot_docking/package.xml
[1.715s] Invoked command in '/home/nextup/Downloads/colcon_ws/build/ebot_docking' returned '0': CMAKE_PREFIX_PATH=${CMAKE_PREFIX_PATH}:/opt/ros/humble /usr/bin/cmake --install /home/nextup/Downloads/colcon_ws/build/ebot_docking
