[0.365s] Invoking command in '/home/nextup/Downloads/colcon_ws/build/eyantra_warehouse': CMAKE_PREFIX_PATH=${CMAKE_PREFIX_PATH}:/opt/ros/humble /usr/bin/cmake /home/nextup/Downloads/colcon_ws/src/eyantra_warehouse -DAMENT_CMAKE_SYMLINK_INSTALL=1 -DCMAKE_INSTALL_PREFIX=/home/nextup/Downloads/colcon_ws/install/eyantra_warehouse
[0.375s] -- Found ament_cmake: 1.3.6 (/opt/ros/humble/share/ament_cmake/cmake)
[0.484s] -- Override CMake install command with custom implementation using symlinks instead of copying resources
[0.489s] -- Found ament_lint_auto: 0.12.9 (/opt/ros/humble/share/ament_lint_auto/cmake)
[0.543s] -- Added test 'copyright' to check source files copyright and LICENSE
[0.565s] -- Added test 'flake8' to check Python code syntax and style conventions
[0.568s] -- Added test 'lint_cmake' to check CMake code style
[0.570s] -- Added test 'pep257' to check Python code against some of the docstring style conventions in PEP 257
[0.581s] -- Added test 'xmllint' to check XML markup files
[0.582s] -- Configuring done
[0.584s] -- Generating done
[0.584s] -- Build files have been written to: /home/nextup/Downloads/colcon_ws/build/eyantra_warehouse
[0.586s] Invoked command in '/home/nextup/Downloads/colcon_ws/build/eyantra_warehouse' returned '0': CMAKE_PREFIX_PATH=${CMAKE_PREFIX_PATH}:/opt/ros/humble /usr/bin/cmake /home/nextup/Downloads/colcon_ws/src/eyantra_warehouse -DAMENT_CMAKE_SYMLINK_INSTALL=1 -DCMAKE_INSTALL_PREFIX=/home/nextup/Downloads/colcon_ws/install/eyantra_warehouse
[0.588s] Invoking command in '/home/nextup/Downloads/colcon_ws/build/eyantra_warehouse': CMAKE_PREFIX_PATH=${CMAKE_PREFIX_PATH}:/opt/ros/humble /usr/bin/cmake --build /home/nextup/Downloads/colcon_ws/build/eyantra_warehouse -- -j16 -l16
[0.615s] Invoked command in '/home/nextup/Downloads/colcon_ws/build/eyantra_warehouse' returned '0': CMAKE_PREFIX_PATH=${CMAKE_PREFIX_PATH}:/opt/ros/humble /usr/bin/cmake --build /home/nextup/Downloads/colcon_ws/build/eyantra_warehouse -- -j16 -l16
[0.638s] Invoking command in '/home/nextup/Downloads/colcon_ws/build/eyantra_warehouse': CMAKE_PREFIX_PATH=${CMAKE_PREFIX_PATH}:/opt/ros/humble /usr/bin/cmake --install /home/nextup/Downloads/colcon_ws/build/eyantra_warehouse
[0.643s] -- Install configuration: ""
[0.644s] -- Execute custom install script
[0.644s] -- Symlinking: /home/nextup/Downloads/colcon_ws/install/eyantra_warehouse/share/eyantra_warehouse//launch/some_launch_file.launch.py
[0.651s] -- Symlinking: /home/nextup/Downloads/colcon_ws/install/eyantra_warehouse/share/eyantra_warehouse//worlds/border_road.world
[0.657s] -- Symlinking: /home/nextup/Downloads/colcon_ws/install/eyantra_warehouse/share/eyantra_warehouse//worlds/eyantra_warehouse.world
[0.663s] -- Symlinking: /home/nextup/Downloads/colcon_ws/install/eyantra_warehouse/share/eyantra_warehouse//worlds/eyantra_warehouse_task2a.world
[0.670s] -- Symlinking: /home/nextup/Downloads/colcon_ws/install/eyantra_warehouse/share/eyantra_warehouse//worlds/eyantra_warehouse_task2b.world
[0.676s] -- Symlinking: /home/nextup/Downloads/colcon_ws/install/eyantra_warehouse/share/eyantra_warehouse//worlds/office.world
[0.685s] -- Symlinking: /home/nextup/Downloads/colcon_ws/install/eyantra_warehouse/share/eyantra_warehouse//models/arm_base/meshes/arm_base.dae
[0.692s] -- Symlinking: /home/nextup/Downloads/colcon_ws/install/eyantra_warehouse/share/eyantra_warehouse//models/arm_base/model.config
[0.698s] -- Symlinking: /home/nextup/Downloads/colcon_ws/install/eyantra_warehouse/share/eyantra_warehouse//models/arm_base/model.sdf
[0.705s] -- Symlinking: /home/nextup/Downloads/colcon_ws/install/eyantra_warehouse/share/eyantra_warehouse//models/box/meshes/aruco_tag.jpg
[0.711s] -- Symlinking: /home/nextup/Downloads/colcon_ws/install/eyantra_warehouse/share/eyantra_warehouse//models/box/meshes/box.dae
[0.719s] -- Symlinking: /home/nextup/Downloads/colcon_ws/install/eyantra_warehouse/share/eyantra_warehouse//models/box/meshes/box__bg.png
[0.725s] -- Symlinking: /home/nextup/Downloads/colcon_ws/install/eyantra_warehouse/share/eyantra_warehouse//models/box/meshes/cardboard_bg.png
[0.732s] -- Symlinking: /home/nextup/Downloads/colcon_ws/install/eyantra_warehouse/share/eyantra_warehouse//models/box/meshes/centroid_old_box.zip
[0.738s] -- Symlinking: /home/nextup/Downloads/colcon_ws/install/eyantra_warehouse/share/eyantra_warehouse//models/box/model.config
[0.744s] -- Symlinking: /home/nextup/Downloads/colcon_ws/install/eyantra_warehouse/share/eyantra_warehouse//models/box/model.sdf
[0.751s] -- Symlinking: /home/nextup/Downloads/colcon_ws/install/eyantra_warehouse/share/eyantra_warehouse//models/boxes/box.stl
[0.757s] -- Symlinking: /home/nextup/Downloads/colcon_ws/install/eyantra_warehouse/share/eyantra_warehouse//models/boxes/box_1/meshes/aruco_tag.jpg
[0.764s] -- Symlinking: /home/nextup/Downloads/colcon_ws/install/eyantra_warehouse/share/eyantra_warehouse//models/boxes/box_1/meshes/box.dae
[0.770s] -- Symlinking: /home/nextup/Downloads/colcon_ws/install/eyantra_warehouse/share/eyantra_warehouse//models/boxes/box_1/meshes/box__bg.png
[0.777s] -- Symlinking: /home/nextup/Downloads/colcon_ws/install/eyantra_warehouse/share/eyantra_warehouse//models/boxes/box_1/meshes/cardboard_bg.png
[0.783s] -- Symlinking: /home/nextup/Downloads/colcon_ws/install/eyantra_warehouse/share/eyantra_warehouse//models/boxes/box_1/model.config
[0.789s] -- Symlinking: /home/nextup/Downloads/colcon_ws/install/eyantra_warehouse/share/eyantra_warehouse//models/boxes/box_1/model.sdf
[0.796s] -- Symlinking: /home/nextup/Downloads/colcon_ws/install/eyantra_warehouse/share/eyantra_warehouse//models/boxes/box_10/meshes/aruco_tag.jpg
[0.802s] -- Symlinking: /home/nextup/Downloads/colcon_ws/install/eyantra_warehouse/share/eyantra_warehouse//models/boxes/box_10/meshes/box.dae
[0.809s] -- Symlinking: /home/nextup/Downloads/colcon_ws/install/eyantra_warehouse/share/eyantra_warehouse//models/boxes/box_10/meshes/box__bg.png
[0.816s] -- Symlinking: /home/nextup/Downloads/colcon_ws/install/eyantra_warehouse/share/eyantra_warehouse//models/boxes/box_10/meshes/cardboard_bg.png
[0.822s] -- Symlinking: /home/nextup/Downloads/colcon_ws/install/eyantra_warehouse/share/eyantra_warehouse//models/boxes/box_10/model.config
[0.829s] -- Symlinking: /home/nextup/Downloads/colcon_ws/install/eyantra_warehouse/share/eyantra_warehouse//models/boxes/box_10/model.sdf
[0.835s] -- Symlinking: /home/nextup/Downloads/colcon_ws/install/eyantra_warehouse/share/eyantra_warehouse//models/boxes/box_11/meshes/aruco_tag.jpg
[0.842s] -- Symlinking: /home/nextup/Downloads/colcon_ws/install/eyantra_warehouse/share/eyantra_warehouse//models/boxes/box_11/meshes/box.dae
[0.849s] -- Symlinking: /home/nextup/Downloads/colcon_ws/install/eyantra_warehouse/share/eyantra_warehouse//models/boxes/box_11/meshes/box__bg.png
[0.856s] -- Symlinking: /home/nextup/Downloads/colcon_ws/install/eyantra_warehouse/share/eyantra_warehouse//models/boxes/box_11/meshes/cardboard_bg.png
[0.862s] -- Symlinking: /home/nextup/Downloads/colcon_ws/install/eyantra_warehouse/share/eyantra_warehouse//models/boxes/box_11/model.config
[0.868s] -- Symlinking: /home/nextup/Downloads/colcon_ws/install/eyantra_warehouse/share/eyantra_warehouse//models/boxes/box_11/model.sdf
[0.875s] -- Symlinking: /home/nextup/Downloads/colcon_ws/install/eyantra_warehouse/share/eyantra_warehouse//models/boxes/box_12/meshes/aruco_tag.jpg
[0.881s] -- Symlinking: /home/nextup/Downloads/colcon_ws/install/eyantra_warehouse/share/eyantra_warehouse//models/boxes/box_12/meshes/box.dae
[0.888s] -- Symlinking: /home/nextup/Downloads/colcon_ws/install/eyantra_warehouse/share/eyantra_warehouse//models/boxes/box_12/meshes/box__bg.png
[0.894s] -- Symlinking: /home/nextup/Downloads/colcon_ws/install/eyantra_warehouse/share/eyantra_warehouse//models/boxes/box_12/meshes/cardboard_bg.png
[0.901s] -- Symlinking: /home/nextup/Downloads/colcon_ws/install/eyantra_warehouse/share/eyantra_warehouse//models/boxes/box_12/model.config
[0.907s] -- Symlinking: /home/nextup/Downloads/colcon_ws/install/eyantra_warehouse/share/eyantra_warehouse//models/boxes/box_12/model.sdf
[0.913s] -- Symlinking: /home/nextup/Downloads/colcon_ws/install/eyantra_warehouse/share/eyantra_warehouse//models/boxes/box_13/meshes/aruco_tag.jpg
[0.920s] -- Symlinking: /home/nextup/Downloads/colcon_ws/install/eyantra_warehouse/share/eyantra_warehouse//models/boxes/box_13/meshes/box.dae
[0.926s] -- Symlinking: /home/nextup/Downloads/colcon_ws/install/eyantra_warehouse/share/eyantra_warehouse//models/boxes/box_13/meshes/box__bg.png
[0.933s] -- Symlinking: /home/nextup/Downloads/colcon_ws/install/eyantra_warehouse/share/eyantra_warehouse//models/boxes/box_13/meshes/cardboard_bg.png
[0.939s] -- Symlinking: /home/nextup/Downloads/colcon_ws/install/eyantra_warehouse/share/eyantra_warehouse//models/boxes/box_13/model.config
[0.946s] -- Symlinking: /home/nextup/Downloads/colcon_ws/install/eyantra_warehouse/share/eyantra_warehouse//models/boxes/box_13/model.sdf
[0.954s] -- Symlinking: /home/nextup/Downloads/colcon_ws/install/eyantra_warehouse/share/eyantra_warehouse//models/boxes/box_14/meshes/aruco_tag.jpg
[0.961s] -- Symlinking: /home/nextup/Downloads/colcon_ws/install/eyantra_warehouse/share/eyantra_warehouse//models/boxes/box_14/meshes/box.dae
[0.968s] -- Symlinking: /home/nextup/Downloads/colcon_ws/install/eyantra_warehouse/share/eyantra_warehouse//models/boxes/box_14/meshes/box__bg.png
[0.974s] -- Symlinking: /home/nextup/Downloads/colcon_ws/install/eyantra_warehouse/share/eyantra_warehouse//models/boxes/box_14/meshes/cardboard_bg.png
[0.981s] -- Symlinking: /home/nextup/Downloads/colcon_ws/install/eyantra_warehouse/share/eyantra_warehouse//models/boxes/box_14/model.config
[0.987s] -- Symlinking: /home/nextup/Downloads/colcon_ws/install/eyantra_warehouse/share/eyantra_warehouse//models/boxes/box_14/model.sdf
[0.994s] -- Symlinking: /home/nextup/Downloads/colcon_ws/install/eyantra_warehouse/share/eyantra_warehouse//models/boxes/box_15/meshes/aruco_tag.jpg
[1.001s] -- Symlinking: /home/nextup/Downloads/colcon_ws/install/eyantra_warehouse/share/eyantra_warehouse//models/boxes/box_15/meshes/box.dae
[1.008s] -- Symlinking: /home/nextup/Downloads/colcon_ws/install/eyantra_warehouse/share/eyantra_warehouse//models/boxes/box_15/meshes/box__bg.png
[1.014s] -- Symlinking: /home/nextup/Downloads/colcon_ws/install/eyantra_warehouse/share/eyantra_warehouse//models/boxes/box_15/meshes/cardboard_bg.png
[1.023s] -- Symlinking: /home/nextup/Downloads/colcon_ws/install/eyantra_warehouse/share/eyantra_warehouse//models/boxes/box_15/model.config
[1.030s] -- Symlinking: /home/nextup/Downloads/colcon_ws/install/eyantra_warehouse/share/eyantra_warehouse//models/boxes/box_15/model.sdf
[1.037s] -- Symlinking: /home/nextup/Downloads/colcon_ws/install/eyantra_warehouse/share/eyantra_warehouse//models/boxes/box_16/meshes/aruco_tag.jpg
[1.043s] -- Symlinking: /home/nextup/Downloads/colcon_ws/install/eyantra_warehouse/share/eyantra_warehouse//models/boxes/box_16/meshes/box.dae
[1.050s] -- Symlinking: /home/nextup/Downloads/colcon_ws/install/eyantra_warehouse/share/eyantra_warehouse//models/boxes/box_16/meshes/box__bg.png
[1.057s] -- Symlinking: /home/nextup/Downloads/colcon_ws/install/eyantra_warehouse/share/eyantra_warehouse//models/boxes/box_16/meshes/cardboard_bg.png
[1.064s] -- Symlinking: /home/nextup/Downloads/colcon_ws/install/eyantra_warehouse/share/eyantra_warehouse//models/boxes/box_16/model.config
[1.070s] -- Symlinking: /home/nextup/Downloads/colcon_ws/install/eyantra_warehouse/share/eyantra_warehouse//models/boxes/box_16/model.sdf
[1.077s] -- Symlinking: /home/nextup/Downloads/colcon_ws/install/eyantra_warehouse/share/eyantra_warehouse//models/boxes/box_17/meshes/aruco_tag.jpg
[1.084s] -- Symlinking: /home/nextup/Downloads/colcon_ws/install/eyantra_warehouse/share/eyantra_warehouse//models/boxes/box_17/meshes/box.dae
[1.090s] -- Symlinking: /home/nextup/Downloads/colcon_ws/install/eyantra_warehouse/share/eyantra_warehouse//models/boxes/box_17/meshes/box__bg.png
[1.097s] -- Symlinking: /home/nextup/Downloads/colcon_ws/install/eyantra_warehouse/share/eyantra_warehouse//models/boxes/box_17/meshes/cardboard_bg.png
[1.104s] -- Symlinking: /home/nextup/Downloads/colcon_ws/install/eyantra_warehouse/share/eyantra_warehouse//models/boxes/box_17/model.config
[1.110s] -- Symlinking: /home/nextup/Downloads/colcon_ws/install/eyantra_warehouse/share/eyantra_warehouse//models/boxes/box_17/model.sdf
[1.117s] -- Symlinking: /home/nextup/Downloads/colcon_ws/install/eyantra_warehouse/share/eyantra_warehouse//models/boxes/box_18/meshes/aruco_tag.jpg
[1.124s] -- Symlinking: /home/nextup/Downloads/colcon_ws/install/eyantra_warehouse/share/eyantra_warehouse//models/boxes/box_18/meshes/box.dae
[1.130s] -- Symlinking: /home/nextup/Downloads/colcon_ws/install/eyantra_warehouse/share/eyantra_warehouse//models/boxes/box_18/meshes/box__bg.png
[1.137s] -- Symlinking: /home/nextup/Downloads/colcon_ws/install/eyantra_warehouse/share/eyantra_warehouse//models/boxes/box_18/meshes/cardboard_bg.png
[1.143s] -- Symlinking: /home/nextup/Downloads/colcon_ws/install/eyantra_warehouse/share/eyantra_warehouse//models/boxes/box_18/model.config
[1.150s] -- Symlinking: /home/nextup/Downloads/colcon_ws/install/eyantra_warehouse/share/eyantra_warehouse//models/boxes/box_18/model.sdf
[1.156s] -- Symlinking: /home/nextup/Downloads/colcon_ws/install/eyantra_warehouse/share/eyantra_warehouse//models/boxes/box_19/meshes/aruco_tag.jpg
[1.163s] -- Symlinking: /home/nextup/Downloads/colcon_ws/install/eyantra_warehouse/share/eyantra_warehouse//models/boxes/box_19/meshes/box.dae
[1.169s] -- Symlinking: /home/nextup/Downloads/colcon_ws/install/eyantra_warehouse/share/eyantra_warehouse//models/boxes/box_19/meshes/box__bg.png
[1.176s] -- Symlinking: /home/nextup/Downloads/colcon_ws/install/eyantra_warehouse/share/eyantra_warehouse//models/boxes/box_19/meshes/cardboard_bg.png
[1.183s] -- Symlinking: /home/nextup/Downloads/colcon_ws/install/eyantra_warehouse/share/eyantra_warehouse//models/boxes/box_19/model.config
[1.189s] -- Symlinking: /home/nextup/Downloads/colcon_ws/install/eyantra_warehouse/share/eyantra_warehouse//models/boxes/box_19/model.sdf
[1.195s] -- Symlinking: /home/nextup/Downloads/colcon_ws/install/eyantra_warehouse/share/eyantra_warehouse//models/boxes/box_2/meshes/aruco_tag.jpg
[1.202s] -- Symlinking: /home/nextup/Downloads/colcon_ws/install/eyantra_warehouse/share/eyantra_warehouse//models/boxes/box_2/meshes/box.dae
[1.209s] -- Symlinking: /home/nextup/Downloads/colcon_ws/install/eyantra_warehouse/share/eyantra_warehouse//models/boxes/box_2/meshes/box__bg.png
[1.216s] -- Symlinking: /home/nextup/Downloads/colcon_ws/install/eyantra_warehouse/share/eyantra_warehouse//models/boxes/box_2/meshes/cardboard_bg.png
[1.222s] -- Symlinking: /home/nextup/Downloads/colcon_ws/install/eyantra_warehouse/share/eyantra_warehouse//models/boxes/box_2/model.config
[1.229s] -- Symlinking: /home/nextup/Downloads/colcon_ws/install/eyantra_warehouse/share/eyantra_warehouse//models/boxes/box_2/model.sdf
[1.235s] -- Symlinking: /home/nextup/Downloads/colcon_ws/install/eyantra_warehouse/share/eyantra_warehouse//models/boxes/box_20/meshes/aruco_tag.jpg
[1.241s] -- Symlinking: /home/nextup/Downloads/colcon_ws/install/eyantra_warehouse/share/eyantra_warehouse//models/boxes/box_20/meshes/box.dae
[1.248s] -- Symlinking: /home/nextup/Downloads/colcon_ws/install/eyantra_warehouse/share/eyantra_warehouse//models/boxes/box_20/meshes/box__bg.png
[1.254s] -- Symlinking: /home/nextup/Downloads/colcon_ws/install/eyantra_warehouse/share/eyantra_warehouse//models/boxes/box_20/meshes/cardboard_bg.png
[1.261s] -- Symlinking: /home/nextup/Downloads/colcon_ws/install/eyantra_warehouse/share/eyantra_warehouse//models/boxes/box_20/model.config
[1.267s] -- Symlinking: /home/nextup/Downloads/colcon_ws/install/eyantra_warehouse/share/eyantra_warehouse//models/boxes/box_20/model.sdf
[1.274s] -- Symlinking: /home/nextup/Downloads/colcon_ws/install/eyantra_warehouse/share/eyantra_warehouse//models/boxes/box_21/meshes/aruco_tag.jpg
[1.280s] -- Symlinking: /home/nextup/Downloads/colcon_ws/install/eyantra_warehouse/share/eyantra_warehouse//models/boxes/box_21/meshes/box.dae
[1.286s] -- Symlinking: /home/nextup/Downloads/colcon_ws/install/eyantra_warehouse/share/eyantra_warehouse//models/boxes/box_21/meshes/box__bg.png
[1.292s] -- Symlinking: /home/nextup/Downloads/colcon_ws/install/eyantra_warehouse/share/eyantra_warehouse//models/boxes/box_21/meshes/cardboard_bg.png
[1.299s] -- Symlinking: /home/nextup/Downloads/colcon_ws/install/eyantra_warehouse/share/eyantra_warehouse//models/boxes/box_21/model.config
[1.305s] -- Symlinking: /home/nextup/Downloads/colcon_ws/install/eyantra_warehouse/share/eyantra_warehouse//models/boxes/box_21/model.sdf
[1.312s] -- Symlinking: /home/nextup/Downloads/colcon_ws/install/eyantra_warehouse/share/eyantra_warehouse//models/boxes/box_22/meshes/aruco_tag.jpg
[1.318s] -- Symlinking: /home/nextup/Downloads/colcon_ws/install/eyantra_warehouse/share/eyantra_warehouse//models/boxes/box_22/meshes/box.dae
[1.324s] -- Symlinking: /home/nextup/Downloads/colcon_ws/install/eyantra_warehouse/share/eyantra_warehouse//models/boxes/box_22/meshes/box__bg.png
[1.331s] -- Symlinking: /home/nextup/Downloads/colcon_ws/install/eyantra_warehouse/share/eyantra_warehouse//models/boxes/box_22/meshes/cardboard_bg.png
[1.338s] -- Symlinking: /home/nextup/Downloads/colcon_ws/install/eyantra_warehouse/share/eyantra_warehouse//models/boxes/box_22/model.config
[1.345s] -- Symlinking: /home/nextup/Downloads/colcon_ws/install/eyantra_warehouse/share/eyantra_warehouse//models/boxes/box_22/model.sdf
[1.352s] -- Symlinking: /home/nextup/Downloads/colcon_ws/install/eyantra_warehouse/share/eyantra_warehouse//models/boxes/box_23/meshes/aruco_tag.jpg
[1.358s] -- Symlinking: /home/nextup/Downloads/colcon_ws/install/eyantra_warehouse/share/eyantra_warehouse//models/boxes/box_23/meshes/box.dae
[1.365s] -- Symlinking: /home/nextup/Downloads/colcon_ws/install/eyantra_warehouse/share/eyantra_warehouse//models/boxes/box_23/meshes/box__bg.png
[1.371s] -- Symlinking: /home/nextup/Downloads/colcon_ws/install/eyantra_warehouse/share/eyantra_warehouse//models/boxes/box_23/meshes/cardboard_bg.png
[1.377s] -- Symlinking: /home/nextup/Downloads/colcon_ws/install/eyantra_warehouse/share/eyantra_warehouse//models/boxes/box_23/model.config
[1.384s] -- Symlinking: /home/nextup/Downloads/colcon_ws/install/eyantra_warehouse/share/eyantra_warehouse//models/boxes/box_23/model.sdf
[1.390s] -- Symlinking: /home/nextup/Downloads/colcon_ws/install/eyantra_warehouse/share/eyantra_warehouse//models/boxes/box_24/meshes/aruco_tag.jpg
[1.397s] -- Symlinking: /home/nextup/Downloads/colcon_ws/install/eyantra_warehouse/share/eyantra_warehouse//models/boxes/box_24/meshes/box.dae
[1.404s] -- Symlinking: /home/nextup/Downloads/colcon_ws/install/eyantra_warehouse/share/eyantra_warehouse//models/boxes/box_24/meshes/box__bg.png
[1.410s] -- Symlinking: /home/nextup/Downloads/colcon_ws/install/eyantra_warehouse/share/eyantra_warehouse//models/boxes/box_24/meshes/cardboard_bg.png
[1.416s] -- Symlinking: /home/nextup/Downloads/colcon_ws/install/eyantra_warehouse/share/eyantra_warehouse//models/boxes/box_24/model.config
[1.423s] -- Symlinking: /home/nextup/Downloads/colcon_ws/install/eyantra_warehouse/share/eyantra_warehouse//models/boxes/box_24/model.sdf
[1.429s] -- Symlinking: /home/nextup/Downloads/colcon_ws/install/eyantra_warehouse/share/eyantra_warehouse//models/boxes/box_25/meshes/aruco_tag.jpg
[1.436s] -- Symlinking: /home/nextup/Downloads/colcon_ws/install/eyantra_warehouse/share/eyantra_warehouse//models/boxes/box_25/meshes/box.dae
[1.442s] -- Symlinking: /home/nextup/Downloads/colcon_ws/install/eyantra_warehouse/share/eyantra_warehouse//models/boxes/box_25/meshes/box__bg.png
[1.448s] -- Symlinking: /home/nextup/Downloads/colcon_ws/install/eyantra_warehouse/share/eyantra_warehouse//models/boxes/box_25/meshes/cardboard_bg.png
[1.455s] -- Symlinking: /home/nextup/Downloads/colcon_ws/install/eyantra_warehouse/share/eyantra_warehouse//models/boxes/box_25/model.config
[1.462s] -- Symlinking: /home/nextup/Downloads/colcon_ws/install/eyantra_warehouse/share/eyantra_warehouse//models/boxes/box_25/model.sdf
[1.468s] -- Symlinking: /home/nextup/Downloads/colcon_ws/install/eyantra_warehouse/share/eyantra_warehouse//models/boxes/box_26/meshes/aruco_tag.jpg
[1.474s] -- Symlinking: /home/nextup/Downloads/colcon_ws/install/eyantra_warehouse/share/eyantra_warehouse//models/boxes/box_26/meshes/box.dae
[1.480s] -- Symlinking: /home/nextup/Downloads/colcon_ws/install/eyantra_warehouse/share/eyantra_warehouse//models/boxes/box_26/meshes/box__bg.png
[1.486s] -- Symlinking: /home/nextup/Downloads/colcon_ws/install/eyantra_warehouse/share/eyantra_warehouse//models/boxes/box_26/meshes/cardboard_bg.png
[1.491s] -- Symlinking: /home/nextup/Downloads/colcon_ws/install/eyantra_warehouse/share/eyantra_warehouse//models/boxes/box_26/model.config
[1.497s] -- Symlinking: /home/nextup/Downloads/colcon_ws/install/eyantra_warehouse/share/eyantra_warehouse//models/boxes/box_26/model.sdf
[1.503s] -- Symlinking: /home/nextup/Downloads/colcon_ws/install/eyantra_warehouse/share/eyantra_warehouse//models/boxes/box_27/meshes/aruco_tag.jpg
[1.509s] -- Symlinking: /home/nextup/Downloads/colcon_ws/install/eyantra_warehouse/share/eyantra_warehouse//models/boxes/box_27/meshes/box.dae
[1.515s] -- Symlinking: /home/nextup/Downloads/colcon_ws/install/eyantra_warehouse/share/eyantra_warehouse//models/boxes/box_27/meshes/box__bg.png
[1.520s] -- Symlinking: /home/nextup/Downloads/colcon_ws/install/eyantra_warehouse/share/eyantra_warehouse//models/boxes/box_27/meshes/cardboard_bg.png
[1.526s] -- Symlinking: /home/nextup/Downloads/colcon_ws/install/eyantra_warehouse/share/eyantra_warehouse//models/boxes/box_27/model.config
[1.532s] -- Symlinking: /home/nextup/Downloads/colcon_ws/install/eyantra_warehouse/share/eyantra_warehouse//models/boxes/box_27/model.sdf
[1.538s] -- Symlinking: /home/nextup/Downloads/colcon_ws/install/eyantra_warehouse/share/eyantra_warehouse//models/boxes/box_28/meshes/aruco_tag.jpg
[1.544s] -- Symlinking: /home/nextup/Downloads/colcon_ws/install/eyantra_warehouse/share/eyantra_warehouse//models/boxes/box_28/meshes/box.dae
[1.550s] -- Symlinking: /home/nextup/Downloads/colcon_ws/install/eyantra_warehouse/share/eyantra_warehouse//models/boxes/box_28/meshes/box__bg.png
[1.555s] -- Symlinking: /home/nextup/Downloads/colcon_ws/install/eyantra_warehouse/share/eyantra_warehouse//models/boxes/box_28/meshes/cardboard_bg.png
[1.561s] -- Symlinking: /home/nextup/Downloads/colcon_ws/install/eyantra_warehouse/share/eyantra_warehouse//models/boxes/box_28/model.config
[1.567s] -- Symlinking: /home/nextup/Downloads/colcon_ws/install/eyantra_warehouse/share/eyantra_warehouse//models/boxes/box_28/model.sdf
[1.572s] -- Symlinking: /home/nextup/Downloads/colcon_ws/install/eyantra_warehouse/share/eyantra_warehouse//models/boxes/box_29/meshes/aruco_tag.jpg
[1.578s] -- Symlinking: /home/nextup/Downloads/colcon_ws/install/eyantra_warehouse/share/eyantra_warehouse//models/boxes/box_29/meshes/box.dae
[1.584s] -- Symlinking: /home/nextup/Downloads/colcon_ws/install/eyantra_warehouse/share/eyantra_warehouse//models/boxes/box_29/meshes/box__bg.png
[1.589s] -- Symlinking: /home/nextup/Downloads/colcon_ws/install/eyantra_warehouse/share/eyantra_warehouse//models/boxes/box_29/meshes/cardboard_bg.png
[1.595s] -- Symlinking: /home/nextup/Downloads/colcon_ws/install/eyantra_warehouse/share/eyantra_warehouse//models/boxes/box_29/model.config
[1.600s] -- Symlinking: /home/nextup/Downloads/colcon_ws/install/eyantra_warehouse/share/eyantra_warehouse//models/boxes/box_29/model.sdf
[1.606s] -- Symlinking: /home/nextup/Downloads/colcon_ws/install/eyantra_warehouse/share/eyantra_warehouse//models/boxes/box_3/meshes/aruco_tag.jpg
[1.612s] -- Symlinking: /home/nextup/Downloads/colcon_ws/install/eyantra_warehouse/share/eyantra_warehouse//models/boxes/box_3/meshes/box.dae
[1.617s] -- Symlinking: /home/nextup/Downloads/colcon_ws/install/eyantra_warehouse/share/eyantra_warehouse//models/boxes/box_3/meshes/box__bg.png
[1.623s] -- Symlinking: /home/nextup/Downloads/colcon_ws/install/eyantra_warehouse/share/eyantra_warehouse//models/boxes/box_3/meshes/cardboard_bg.png
[1.629s] -- Symlinking: /home/nextup/Downloads/colcon_ws/install/eyantra_warehouse/share/eyantra_warehouse//models/boxes/box_3/model.config
[1.634s] -- Symlinking: /home/nextup/Downloads/colcon_ws/install/eyantra_warehouse/share/eyantra_warehouse//models/boxes/box_3/model.sdf
[1.640s] -- Symlinking: /home/nextup/Downloads/colcon_ws/install/eyantra_warehouse/share/eyantra_warehouse//models/boxes/box_30/meshes/aruco_tag.jpg
[1.645s] -- Symlinking: /home/nextup/Downloads/colcon_ws/install/eyantra_warehouse/share/eyantra_warehouse//models/boxes/box_30/meshes/box.dae
[1.651s] -- Symlinking: /home/nextup/Downloads/colcon_ws/install/eyantra_warehouse/share/eyantra_warehouse//models/boxes/box_30/meshes/box__bg.png
[1.657s] -- Symlinking: /home/nextup/Downloads/colcon_ws/install/eyantra_warehouse/share/eyantra_warehouse//models/boxes/box_30/meshes/cardboard_bg.png
[1.662s] -- Symlinking: /home/nextup/Downloads/colcon_ws/install/eyantra_warehouse/share/eyantra_warehouse//models/boxes/box_30/model.config
[1.668s] -- Symlinking: /home/nextup/Downloads/colcon_ws/install/eyantra_warehouse/share/eyantra_warehouse//models/boxes/box_30/model.sdf
[1.674s] -- Symlinking: /home/nextup/Downloads/colcon_ws/install/eyantra_warehouse/share/eyantra_warehouse//models/boxes/box_31/meshes/aruco_tag.jpg
[1.679s] -- Symlinking: /home/nextup/Downloads/colcon_ws/install/eyantra_warehouse/share/eyantra_warehouse//models/boxes/box_31/meshes/box.dae
[1.685s] -- Symlinking: /home/nextup/Downloads/colcon_ws/install/eyantra_warehouse/share/eyantra_warehouse//models/boxes/box_31/meshes/box__bg.png
[1.690s] -- Symlinking: /home/nextup/Downloads/colcon_ws/install/eyantra_warehouse/share/eyantra_warehouse//models/boxes/box_31/meshes/cardboard_bg.png
[1.696s] -- Symlinking: /home/nextup/Downloads/colcon_ws/install/eyantra_warehouse/share/eyantra_warehouse//models/boxes/box_31/model.config
[1.701s] -- Symlinking: /home/nextup/Downloads/colcon_ws/install/eyantra_warehouse/share/eyantra_warehouse//models/boxes/box_31/model.sdf
[1.707s] -- Symlinking: /home/nextup/Downloads/colcon_ws/install/eyantra_warehouse/share/eyantra_warehouse//models/boxes/box_32/meshes/aruco_tag.jpg
[1.713s] -- Symlinking: /home/nextup/Downloads/colcon_ws/install/eyantra_warehouse/share/eyantra_warehouse//models/boxes/box_32/meshes/box.dae
[1.719s] -- Symlinking: /home/nextup/Downloads/colcon_ws/install/eyantra_warehouse/share/eyantra_warehouse//models/boxes/box_32/meshes/box__bg.png
[1.725s] -- Symlinking: /home/nextup/Downloads/colcon_ws/install/eyantra_warehouse/share/eyantra_warehouse//models/boxes/box_32/meshes/cardboard_bg.png
[1.731s] -- Symlinking: /home/nextup/Downloads/colcon_ws/install/eyantra_warehouse/share/eyantra_warehouse//models/boxes/box_32/model.config
[1.737s] -- Symlinking: /home/nextup/Downloads/colcon_ws/install/eyantra_warehouse/share/eyantra_warehouse//models/boxes/box_32/model.sdf
[1.743s] -- Symlinking: /home/nextup/Downloads/colcon_ws/install/eyantra_warehouse/share/eyantra_warehouse//models/boxes/box_33/meshes/aruco_tag.jpg
[1.750s] -- Symlinking: /home/nextup/Downloads/colcon_ws/install/eyantra_warehouse/share/eyantra_warehouse//models/boxes/box_33/meshes/box.dae
[1.756s] -- Symlinking: /home/nextup/Downloads/colcon_ws/install/eyantra_warehouse/share/eyantra_warehouse//models/boxes/box_33/meshes/box__bg.png
[1.762s] -- Symlinking: /home/nextup/Downloads/colcon_ws/install/eyantra_warehouse/share/eyantra_warehouse//models/boxes/box_33/meshes/cardboard_bg.png
[1.768s] -- Symlinking: /home/nextup/Downloads/colcon_ws/install/eyantra_warehouse/share/eyantra_warehouse//models/boxes/box_33/model.config
[1.774s] -- Symlinking: /home/nextup/Downloads/colcon_ws/install/eyantra_warehouse/share/eyantra_warehouse//models/boxes/box_33/model.sdf
[1.779s] -- Symlinking: /home/nextup/Downloads/colcon_ws/install/eyantra_warehouse/share/eyantra_warehouse//models/boxes/box_34/meshes/aruco_tag.jpg
[1.785s] -- Symlinking: /home/nextup/Downloads/colcon_ws/install/eyantra_warehouse/share/eyantra_warehouse//models/boxes/box_34/meshes/box.dae
[1.791s] -- Symlinking: /home/nextup/Downloads/colcon_ws/install/eyantra_warehouse/share/eyantra_warehouse//models/boxes/box_34/meshes/box__bg.png
[1.797s] -- Symlinking: /home/nextup/Downloads/colcon_ws/install/eyantra_warehouse/share/eyantra_warehouse//models/boxes/box_34/meshes/cardboard_bg.png
[1.802s] -- Symlinking: /home/nextup/Downloads/colcon_ws/install/eyantra_warehouse/share/eyantra_warehouse//models/boxes/box_34/model.config
[1.808s] -- Symlinking: /home/nextup/Downloads/colcon_ws/install/eyantra_warehouse/share/eyantra_warehouse//models/boxes/box_34/model.sdf
[1.813s] -- Symlinking: /home/nextup/Downloads/colcon_ws/install/eyantra_warehouse/share/eyantra_warehouse//models/boxes/box_35/meshes/aruco_tag.jpg
[1.819s] -- Symlinking: /home/nextup/Downloads/colcon_ws/install/eyantra_warehouse/share/eyantra_warehouse//models/boxes/box_35/meshes/box.dae
[1.825s] -- Symlinking: /home/nextup/Downloads/colcon_ws/install/eyantra_warehouse/share/eyantra_warehouse//models/boxes/box_35/meshes/box__bg.png
[1.831s] -- Symlinking: /home/nextup/Downloads/colcon_ws/install/eyantra_warehouse/share/eyantra_warehouse//models/boxes/box_35/meshes/cardboard_bg.png
[1.836s] -- Symlinking: /home/nextup/Downloads/colcon_ws/install/eyantra_warehouse/share/eyantra_warehouse//models/boxes/box_35/model.config
[1.842s] -- Symlinking: /home/nextup/Downloads/colcon_ws/install/eyantra_warehouse/share/eyantra_warehouse//models/boxes/box_35/model.sdf
[1.848s] -- Symlinking: /home/nextup/Downloads/colcon_ws/install/eyantra_warehouse/share/eyantra_warehouse//models/boxes/box_36/meshes/aruco_tag.jpg
[1.854s] -- Symlinking: /home/nextup/Downloads/colcon_ws/install/eyantra_warehouse/share/eyantra_warehouse//models/boxes/box_36/meshes/box.dae
[1.859s] -- Symlinking: /home/nextup/Downloads/colcon_ws/install/eyantra_warehouse/share/eyantra_warehouse//models/boxes/box_36/meshes/box__bg.png
[1.865s] -- Symlinking: /home/nextup/Downloads/colcon_ws/install/eyantra_warehouse/share/eyantra_warehouse//models/boxes/box_36/meshes/cardboard_bg.png
[1.871s] -- Symlinking: /home/nextup/Downloads/colcon_ws/install/eyantra_warehouse/share/eyantra_warehouse//models/boxes/box_36/model.config
[1.876s] -- Symlinking: /home/nextup/Downloads/colcon_ws/install/eyantra_warehouse/share/eyantra_warehouse//models/boxes/box_36/model.sdf
[1.882s] -- Symlinking: /home/nextup/Downloads/colcon_ws/install/eyantra_warehouse/share/eyantra_warehouse//models/boxes/box_37/meshes/aruco_tag.jpg
[1.888s] -- Symlinking: /home/nextup/Downloads/colcon_ws/install/eyantra_warehouse/share/eyantra_warehouse//models/boxes/box_37/meshes/box.dae
[1.893s] -- Symlinking: /home/nextup/Downloads/colcon_ws/install/eyantra_warehouse/share/eyantra_warehouse//models/boxes/box_37/meshes/box__bg.png
[1.899s] -- Symlinking: /home/nextup/Downloads/colcon_ws/install/eyantra_warehouse/share/eyantra_warehouse//models/boxes/box_37/meshes/cardboard_bg.png
[1.905s] -- Symlinking: /home/nextup/Downloads/colcon_ws/install/eyantra_warehouse/share/eyantra_warehouse//models/boxes/box_37/model.config
[1.910s] -- Symlinking: /home/nextup/Downloads/colcon_ws/install/eyantra_warehouse/share/eyantra_warehouse//models/boxes/box_37/model.sdf
[1.916s] -- Symlinking: /home/nextup/Downloads/colcon_ws/install/eyantra_warehouse/share/eyantra_warehouse//models/boxes/box_38/meshes/aruco_tag.jpg
[1.922s] -- Symlinking: /home/nextup/Downloads/colcon_ws/install/eyantra_warehouse/share/eyantra_warehouse//models/boxes/box_38/meshes/box.dae
[1.928s] -- Symlinking: /home/nextup/Downloads/colcon_ws/install/eyantra_warehouse/share/eyantra_warehouse//models/boxes/box_38/meshes/box__bg.png
[1.933s] -- Symlinking: /home/nextup/Downloads/colcon_ws/install/eyantra_warehouse/share/eyantra_warehouse//models/boxes/box_38/meshes/cardboard_bg.png
[1.939s] -- Symlinking: /home/nextup/Downloads/colcon_ws/install/eyantra_warehouse/share/eyantra_warehouse//models/boxes/box_38/model.config
[1.945s] -- Symlinking: /home/nextup/Downloads/colcon_ws/install/eyantra_warehouse/share/eyantra_warehouse//models/boxes/box_38/model.sdf
[1.951s] -- Symlinking: /home/nextup/Downloads/colcon_ws/install/eyantra_warehouse/share/eyantra_warehouse//models/boxes/box_39/meshes/aruco_tag.jpg
[1.957s] -- Symlinking: /home/nextup/Downloads/colcon_ws/install/eyantra_warehouse/share/eyantra_warehouse//models/boxes/box_39/meshes/box.dae
[1.963s] -- Symlinking: /home/nextup/Downloads/colcon_ws/install/eyantra_warehouse/share/eyantra_warehouse//models/boxes/box_39/meshes/box__bg.png
[1.969s] -- Symlinking: /home/nextup/Downloads/colcon_ws/install/eyantra_warehouse/share/eyantra_warehouse//models/boxes/box_39/meshes/cardboard_bg.png
[1.974s] -- Symlinking: /home/nextup/Downloads/colcon_ws/install/eyantra_warehouse/share/eyantra_warehouse//models/boxes/box_39/model.config
[1.980s] -- Symlinking: /home/nextup/Downloads/colcon_ws/install/eyantra_warehouse/share/eyantra_warehouse//models/boxes/box_39/model.sdf
[1.986s] -- Symlinking: /home/nextup/Downloads/colcon_ws/install/eyantra_warehouse/share/eyantra_warehouse//models/boxes/box_4/meshes/aruco_tag.jpg
[1.992s] -- Symlinking: /home/nextup/Downloads/colcon_ws/install/eyantra_warehouse/share/eyantra_warehouse//models/boxes/box_4/meshes/box.dae
[1.997s] -- Symlinking: /home/nextup/Downloads/colcon_ws/install/eyantra_warehouse/share/eyantra_warehouse//models/boxes/box_4/meshes/box__bg.png
[2.003s] -- Symlinking: /home/nextup/Downloads/colcon_ws/install/eyantra_warehouse/share/eyantra_warehouse//models/boxes/box_4/meshes/cardboard_bg.png
[2.009s] -- Symlinking: /home/nextup/Downloads/colcon_ws/install/eyantra_warehouse/share/eyantra_warehouse//models/boxes/box_4/model.config
[2.014s] -- Symlinking: /home/nextup/Downloads/colcon_ws/install/eyantra_warehouse/share/eyantra_warehouse//models/boxes/box_4/model.sdf
[2.020s] -- Symlinking: /home/nextup/Downloads/colcon_ws/install/eyantra_warehouse/share/eyantra_warehouse//models/boxes/box_40/meshes/aruco_tag.jpg
[2.026s] -- Symlinking: /home/nextup/Downloads/colcon_ws/install/eyantra_warehouse/share/eyantra_warehouse//models/boxes/box_40/meshes/box.dae
[2.031s] -- Symlinking: /home/nextup/Downloads/colcon_ws/install/eyantra_warehouse/share/eyantra_warehouse//models/boxes/box_40/meshes/box__bg.png
[2.037s] -- Symlinking: /home/nextup/Downloads/colcon_ws/install/eyantra_warehouse/share/eyantra_warehouse//models/boxes/box_40/meshes/cardboard_bg.png
[2.043s] -- Symlinking: /home/nextup/Downloads/colcon_ws/install/eyantra_warehouse/share/eyantra_warehouse//models/boxes/box_40/model.config
[2.048s] -- Symlinking: /home/nextup/Downloads/colcon_ws/install/eyantra_warehouse/share/eyantra_warehouse//models/boxes/box_40/model.sdf
[2.055s] -- Symlinking: /home/nextup/Downloads/colcon_ws/install/eyantra_warehouse/share/eyantra_warehouse//models/boxes/box_41/meshes/aruco_tag.jpg
[2.060s] -- Symlinking: /home/nextup/Downloads/colcon_ws/install/eyantra_warehouse/share/eyantra_warehouse//models/boxes/box_41/meshes/box.dae
[2.066s] -- Symlinking: /home/nextup/Downloads/colcon_ws/install/eyantra_warehouse/share/eyantra_warehouse//models/boxes/box_41/meshes/box__bg.png
[2.072s] -- Symlinking: /home/nextup/Downloads/colcon_ws/install/eyantra_warehouse/share/eyantra_warehouse//models/boxes/box_41/meshes/cardboard_bg.png
[2.078s] -- Symlinking: /home/nextup/Downloads/colcon_ws/install/eyantra_warehouse/share/eyantra_warehouse//models/boxes/box_41/model.config
[2.084s] -- Symlinking: /home/nextup/Downloads/colcon_ws/install/eyantra_warehouse/share/eyantra_warehouse//models/boxes/box_41/model.sdf
[2.089s] -- Symlinking: /home/nextup/Downloads/colcon_ws/install/eyantra_warehouse/share/eyantra_warehouse//models/boxes/box_42/meshes/aruco_tag.jpg
[2.095s] -- Symlinking: /home/nextup/Downloads/colcon_ws/install/eyantra_warehouse/share/eyantra_warehouse//models/boxes/box_42/meshes/box.dae
[2.101s] -- Symlinking: /home/nextup/Downloads/colcon_ws/install/eyantra_warehouse/share/eyantra_warehouse//models/boxes/box_42/meshes/box__bg.png
[2.107s] -- Symlinking: /home/nextup/Downloads/colcon_ws/install/eyantra_warehouse/share/eyantra_warehouse//models/boxes/box_42/meshes/cardboard_bg.png
[2.112s] -- Symlinking: /home/nextup/Downloads/colcon_ws/install/eyantra_warehouse/share/eyantra_warehouse//models/boxes/box_42/model.config
[2.118s] -- Symlinking: /home/nextup/Downloads/colcon_ws/install/eyantra_warehouse/share/eyantra_warehouse//models/boxes/box_42/model.sdf
[2.124s] -- Symlinking: /home/nextup/Downloads/colcon_ws/install/eyantra_warehouse/share/eyantra_warehouse//models/boxes/box_43/meshes/aruco_tag.jpg
[2.130s] -- Symlinking: /home/nextup/Downloads/colcon_ws/install/eyantra_warehouse/share/eyantra_warehouse//models/boxes/box_43/meshes/box.dae
[2.135s] -- Symlinking: /home/nextup/Downloads/colcon_ws/install/eyantra_warehouse/share/eyantra_warehouse//models/boxes/box_43/meshes/box__bg.png
[2.141s] -- Symlinking: /home/nextup/Downloads/colcon_ws/install/eyantra_warehouse/share/eyantra_warehouse//models/boxes/box_43/meshes/cardboard_bg.png
[2.147s] -- Symlinking: /home/nextup/Downloads/colcon_ws/install/eyantra_warehouse/share/eyantra_warehouse//models/boxes/box_43/model.config
[2.153s] -- Symlinking: /home/nextup/Downloads/colcon_ws/install/eyantra_warehouse/share/eyantra_warehouse//models/boxes/box_43/model.sdf
[2.159s] -- Symlinking: /home/nextup/Downloads/colcon_ws/install/eyantra_warehouse/share/eyantra_warehouse//models/boxes/box_44/meshes/aruco_tag.jpg
[2.164s] -- Symlinking: /home/nextup/Downloads/colcon_ws/install/eyantra_warehouse/share/eyantra_warehouse//models/boxes/box_44/meshes/box.dae
[2.170s] -- Symlinking: /home/nextup/Downloads/colcon_ws/install/eyantra_warehouse/share/eyantra_warehouse//models/boxes/box_44/meshes/box__bg.png
[2.176s] -- Symlinking: /home/nextup/Downloads/colcon_ws/install/eyantra_warehouse/share/eyantra_warehouse//models/boxes/box_44/meshes/cardboard_bg.png
[2.182s] -- Symlinking: /home/nextup/Downloads/colcon_ws/install/eyantra_warehouse/share/eyantra_warehouse//models/boxes/box_44/model.config
[2.188s] -- Symlinking: /home/nextup/Downloads/colcon_ws/install/eyantra_warehouse/share/eyantra_warehouse//models/boxes/box_44/model.sdf
[2.193s] -- Symlinking: /home/nextup/Downloads/colcon_ws/install/eyantra_warehouse/share/eyantra_warehouse//models/boxes/box_45/meshes/aruco_tag.jpg
[2.199s] -- Symlinking: /home/nextup/Downloads/colcon_ws/install/eyantra_warehouse/share/eyantra_warehouse//models/boxes/box_45/meshes/box.dae
[2.205s] -- Symlinking: /home/nextup/Downloads/colcon_ws/install/eyantra_warehouse/share/eyantra_warehouse//models/boxes/box_45/meshes/box__bg.png
[2.211s] -- Symlinking: /home/nextup/Downloads/colcon_ws/install/eyantra_warehouse/share/eyantra_warehouse//models/boxes/box_45/meshes/cardboard_bg.png
[2.217s] -- Symlinking: /home/nextup/Downloads/colcon_ws/install/eyantra_warehouse/share/eyantra_warehouse//models/boxes/box_45/model.config
[2.223s] -- Symlinking: /home/nextup/Downloads/colcon_ws/install/eyantra_warehouse/share/eyantra_warehouse//models/boxes/box_45/model.sdf
[2.228s] -- Symlinking: /home/nextup/Downloads/colcon_ws/install/eyantra_warehouse/share/eyantra_warehouse//models/boxes/box_46/meshes/aruco_tag.jpg
[2.234s] -- Symlinking: /home/nextup/Downloads/colcon_ws/install/eyantra_warehouse/share/eyantra_warehouse//models/boxes/box_46/meshes/box.dae
[2.240s] -- Symlinking: /home/nextup/Downloads/colcon_ws/install/eyantra_warehouse/share/eyantra_warehouse//models/boxes/box_46/meshes/box__bg.png
[2.246s] -- Symlinking: /home/nextup/Downloads/colcon_ws/install/eyantra_warehouse/share/eyantra_warehouse//models/boxes/box_46/meshes/cardboard_bg.png
[2.252s] -- Symlinking: /home/nextup/Downloads/colcon_ws/install/eyantra_warehouse/share/eyantra_warehouse//models/boxes/box_46/model.config
[2.258s] -- Symlinking: /home/nextup/Downloads/colcon_ws/install/eyantra_warehouse/share/eyantra_warehouse//models/boxes/box_46/model.sdf
[2.263s] -- Symlinking: /home/nextup/Downloads/colcon_ws/install/eyantra_warehouse/share/eyantra_warehouse//models/boxes/box_47/meshes/aruco_tag.jpg
[2.269s] -- Symlinking: /home/nextup/Downloads/colcon_ws/install/eyantra_warehouse/share/eyantra_warehouse//models/boxes/box_47/meshes/box.dae
[2.274s] -- Symlinking: /home/nextup/Downloads/colcon_ws/install/eyantra_warehouse/share/eyantra_warehouse//models/boxes/box_47/meshes/box__bg.png
[2.280s] -- Symlinking: /home/nextup/Downloads/colcon_ws/install/eyantra_warehouse/share/eyantra_warehouse//models/boxes/box_47/meshes/cardboard_bg.png
[2.285s] -- Symlinking: /home/nextup/Downloads/colcon_ws/install/eyantra_warehouse/share/eyantra_warehouse//models/boxes/box_47/model.config
[2.291s] -- Symlinking: /home/nextup/Downloads/colcon_ws/install/eyantra_warehouse/share/eyantra_warehouse//models/boxes/box_47/model.sdf
[2.297s] -- Symlinking: /home/nextup/Downloads/colcon_ws/install/eyantra_warehouse/share/eyantra_warehouse//models/boxes/box_48/meshes/aruco_tag.jpg
[2.302s] -- Symlinking: /home/nextup/Downloads/colcon_ws/install/eyantra_warehouse/share/eyantra_warehouse//models/boxes/box_48/meshes/box.dae
[2.308s] -- Symlinking: /home/nextup/Downloads/colcon_ws/install/eyantra_warehouse/share/eyantra_warehouse//models/boxes/box_48/meshes/box__bg.png
[2.313s] -- Symlinking: /home/nextup/Downloads/colcon_ws/install/eyantra_warehouse/share/eyantra_warehouse//models/boxes/box_48/meshes/cardboard_bg.png
[2.319s] -- Symlinking: /home/nextup/Downloads/colcon_ws/install/eyantra_warehouse/share/eyantra_warehouse//models/boxes/box_48/model.config
[2.324s] -- Symlinking: /home/nextup/Downloads/colcon_ws/install/eyantra_warehouse/share/eyantra_warehouse//models/boxes/box_48/model.sdf
[2.330s] -- Symlinking: /home/nextup/Downloads/colcon_ws/install/eyantra_warehouse/share/eyantra_warehouse//models/boxes/box_49/meshes/aruco_tag.jpg
[2.335s] -- Symlinking: /home/nextup/Downloads/colcon_ws/install/eyantra_warehouse/share/eyantra_warehouse//models/boxes/box_49/meshes/box.dae
[2.341s] -- Symlinking: /home/nextup/Downloads/colcon_ws/install/eyantra_warehouse/share/eyantra_warehouse//models/boxes/box_49/meshes/box__bg.png
[2.346s] -- Symlinking: /home/nextup/Downloads/colcon_ws/install/eyantra_warehouse/share/eyantra_warehouse//models/boxes/box_49/meshes/cardboard_bg.png
[2.352s] -- Symlinking: /home/nextup/Downloads/colcon_ws/install/eyantra_warehouse/share/eyantra_warehouse//models/boxes/box_49/model.config
[2.358s] -- Symlinking: /home/nextup/Downloads/colcon_ws/install/eyantra_warehouse/share/eyantra_warehouse//models/boxes/box_49/model.sdf
[2.363s] -- Symlinking: /home/nextup/Downloads/colcon_ws/install/eyantra_warehouse/share/eyantra_warehouse//models/boxes/box_5/meshes/aruco_tag.jpg
[2.369s] -- Symlinking: /home/nextup/Downloads/colcon_ws/install/eyantra_warehouse/share/eyantra_warehouse//models/boxes/box_5/meshes/box.dae
[2.374s] -- Symlinking: /home/nextup/Downloads/colcon_ws/install/eyantra_warehouse/share/eyantra_warehouse//models/boxes/box_5/meshes/box__bg.png
[2.380s] -- Symlinking: /home/nextup/Downloads/colcon_ws/install/eyantra_warehouse/share/eyantra_warehouse//models/boxes/box_5/meshes/cardboard_bg.png
[2.386s] -- Symlinking: /home/nextup/Downloads/colcon_ws/install/eyantra_warehouse/share/eyantra_warehouse//models/boxes/box_5/model.config
[2.391s] -- Symlinking: /home/nextup/Downloads/colcon_ws/install/eyantra_warehouse/share/eyantra_warehouse//models/boxes/box_5/model.sdf
[2.397s] -- Symlinking: /home/nextup/Downloads/colcon_ws/install/eyantra_warehouse/share/eyantra_warehouse//models/boxes/box_50/meshes/aruco_tag.jpg
[2.402s] -- Symlinking: /home/nextup/Downloads/colcon_ws/install/eyantra_warehouse/share/eyantra_warehouse//models/boxes/box_50/meshes/box.dae
[2.408s] -- Symlinking: /home/nextup/Downloads/colcon_ws/install/eyantra_warehouse/share/eyantra_warehouse//models/boxes/box_50/meshes/box__bg.png
[2.413s] -- Symlinking: /home/nextup/Downloads/colcon_ws/install/eyantra_warehouse/share/eyantra_warehouse//models/boxes/box_50/meshes/cardboard_bg.png
[2.419s] -- Symlinking: /home/nextup/Downloads/colcon_ws/install/eyantra_warehouse/share/eyantra_warehouse//models/boxes/box_50/model.config
[2.425s] -- Symlinking: /home/nextup/Downloads/colcon_ws/install/eyantra_warehouse/share/eyantra_warehouse//models/boxes/box_50/model.sdf
[2.430s] -- Symlinking: /home/nextup/Downloads/colcon_ws/install/eyantra_warehouse/share/eyantra_warehouse//models/boxes/box_6/meshes/aruco_tag.jpg
[2.436s] -- Symlinking: /home/nextup/Downloads/colcon_ws/install/eyantra_warehouse/share/eyantra_warehouse//models/boxes/box_6/meshes/box.dae
[2.441s] -- Symlinking: /home/nextup/Downloads/colcon_ws/install/eyantra_warehouse/share/eyantra_warehouse//models/boxes/box_6/meshes/box__bg.png
[2.447s] -- Symlinking: /home/nextup/Downloads/colcon_ws/install/eyantra_warehouse/share/eyantra_warehouse//models/boxes/box_6/meshes/cardboard_bg.png
[2.452s] -- Symlinking: /home/nextup/Downloads/colcon_ws/install/eyantra_warehouse/share/eyantra_warehouse//models/boxes/box_6/model.config
[2.458s] -- Symlinking: /home/nextup/Downloads/colcon_ws/install/eyantra_warehouse/share/eyantra_warehouse//models/boxes/box_6/model.sdf
[2.463s] -- Symlinking: /home/nextup/Downloads/colcon_ws/install/eyantra_warehouse/share/eyantra_warehouse//models/boxes/box_7/meshes/aruco_tag.jpg
[2.469s] -- Symlinking: /home/nextup/Downloads/colcon_ws/install/eyantra_warehouse/share/eyantra_warehouse//models/boxes/box_7/meshes/box.dae
[2.474s] -- Symlinking: /home/nextup/Downloads/colcon_ws/install/eyantra_warehouse/share/eyantra_warehouse//models/boxes/box_7/meshes/box__bg.png
[2.480s] -- Symlinking: /home/nextup/Downloads/colcon_ws/install/eyantra_warehouse/share/eyantra_warehouse//models/boxes/box_7/meshes/cardboard_bg.png
[2.486s] -- Symlinking: /home/nextup/Downloads/colcon_ws/install/eyantra_warehouse/share/eyantra_warehouse//models/boxes/box_7/model.config
[2.491s] -- Symlinking: /home/nextup/Downloads/colcon_ws/install/eyantra_warehouse/share/eyantra_warehouse//models/boxes/box_7/model.sdf
[2.497s] -- Symlinking: /home/nextup/Downloads/colcon_ws/install/eyantra_warehouse/share/eyantra_warehouse//models/boxes/box_8/meshes/aruco_tag.jpg
[2.502s] -- Symlinking: /home/nextup/Downloads/colcon_ws/install/eyantra_warehouse/share/eyantra_warehouse//models/boxes/box_8/meshes/box.dae
[2.508s] -- Symlinking: /home/nextup/Downloads/colcon_ws/install/eyantra_warehouse/share/eyantra_warehouse//models/boxes/box_8/meshes/box__bg.png
[2.514s] -- Symlinking: /home/nextup/Downloads/colcon_ws/install/eyantra_warehouse/share/eyantra_warehouse//models/boxes/box_8/meshes/cardboard_bg.png
[2.519s] -- Symlinking: /home/nextup/Downloads/colcon_ws/install/eyantra_warehouse/share/eyantra_warehouse//models/boxes/box_8/model.config
[2.525s] -- Symlinking: /home/nextup/Downloads/colcon_ws/install/eyantra_warehouse/share/eyantra_warehouse//models/boxes/box_8/model.sdf
[2.530s] -- Symlinking: /home/nextup/Downloads/colcon_ws/install/eyantra_warehouse/share/eyantra_warehouse//models/boxes/box_9/meshes/aruco_tag.jpg
[2.536s] -- Symlinking: /home/nextup/Downloads/colcon_ws/install/eyantra_warehouse/share/eyantra_warehouse//models/boxes/box_9/meshes/box.dae
[2.542s] -- Symlinking: /home/nextup/Downloads/colcon_ws/install/eyantra_warehouse/share/eyantra_warehouse//models/boxes/box_9/meshes/box__bg.png
[2.547s] -- Symlinking: /home/nextup/Downloads/colcon_ws/install/eyantra_warehouse/share/eyantra_warehouse//models/boxes/box_9/meshes/cardboard_bg.png
[2.553s] -- Symlinking: /home/nextup/Downloads/colcon_ws/install/eyantra_warehouse/share/eyantra_warehouse//models/boxes/box_9/model.config
[2.558s] -- Symlinking: /home/nextup/Downloads/colcon_ws/install/eyantra_warehouse/share/eyantra_warehouse//models/boxes/box_9/model.sdf
[2.564s] -- Symlinking: /home/nextup/Downloads/colcon_ws/install/eyantra_warehouse/share/eyantra_warehouse//models/lab/meshes/WoodFlooring044_COL_3K.jpg.001.jpg
[2.570s] -- Symlinking: /home/nextup/Downloads/colcon_ws/install/eyantra_warehouse/share/eyantra_warehouse//models/lab/meshes/WoodPlanksWorn33_COL_VAR1_3K.jpg.002.jpg
[2.576s] -- Symlinking: /home/nextup/Downloads/colcon_ws/install/eyantra_warehouse/share/eyantra_warehouse//models/lab/meshes/lab.dae
[2.589s] -- Symlinking: /home/nextup/Downloads/colcon_ws/install/eyantra_warehouse/share/eyantra_warehouse//models/lab/meshes/lab.stl
[2.601s] -- Symlinking: /home/nextup/Downloads/colcon_ws/install/eyantra_warehouse/share/eyantra_warehouse//models/lab/model.config
[2.607s] -- Symlinking: /home/nextup/Downloads/colcon_ws/install/eyantra_warehouse/share/eyantra_warehouse//models/lab/model.sdf
[2.613s] -- Symlinking: /home/nextup/Downloads/colcon_ws/install/eyantra_warehouse/share/eyantra_warehouse//models/moon_surface/meshes/moon_surface.dae
[2.618s] -- Symlinking: /home/nextup/Downloads/colcon_ws/install/eyantra_warehouse/share/eyantra_warehouse//models/moon_surface/meshes/moon_texture.jpg
[2.625s] -- Symlinking: /home/nextup/Downloads/colcon_ws/install/eyantra_warehouse/share/eyantra_warehouse//models/moon_surface/model.config
[2.631s] -- Symlinking: /home/nextup/Downloads/colcon_ws/install/eyantra_warehouse/share/eyantra_warehouse//models/moon_surface/model.sdf
[2.636s] -- Symlinking: /home/nextup/Downloads/colcon_ws/install/eyantra_warehouse/share/eyantra_warehouse//models/office/meshes/Bricks01_COL_VAR1_3K.jpg.002.jpg
[2.642s] -- Symlinking: /home/nextup/Downloads/colcon_ws/install/eyantra_warehouse/share/eyantra_warehouse//models/office/meshes/ConcreteWall001_COL_VAR1_3K.jpg.002.jpg
[2.648s] -- Symlinking: /home/nextup/Downloads/colcon_ws/install/eyantra_warehouse/share/eyantra_warehouse//models/office/meshes/GroundClay002_COL_VAR1_3K.jpg.001.jpg
[2.654s] -- Symlinking: /home/nextup/Downloads/colcon_ws/install/eyantra_warehouse/share/eyantra_warehouse//models/office/meshes/MetalCorrodedHeavy001_COL_3K_METALNESS.jpg.002.jpg
[2.660s] -- Symlinking: /home/nextup/Downloads/colcon_ws/install/eyantra_warehouse/share/eyantra_warehouse//models/office/meshes/MetalCorrugatedIronSheet002_METALNESS_3K_METALNESS.jpg.002.jpg
[2.666s] -- Symlinking: /home/nextup/Downloads/colcon_ws/install/eyantra_warehouse/share/eyantra_warehouse//models/office/meshes/MetalSpottyDiscoloration001_COL_3K_METALNESS.jpg.002.jpg
[2.672s] -- Symlinking: /home/nextup/Downloads/colcon_ws/install/eyantra_warehouse/share/eyantra_warehouse//models/office/meshes/SB.mtl
[2.677s] -- Symlinking: /home/nextup/Downloads/colcon_ws/install/eyantra_warehouse/share/eyantra_warehouse//models/office/meshes/SB.obj
[2.683s] -- Symlinking: /home/nextup/Downloads/colcon_ws/install/eyantra_warehouse/share/eyantra_warehouse//models/office/meshes/SB_fixed.mtl
[2.689s] -- Symlinking: /home/nextup/Downloads/colcon_ws/install/eyantra_warehouse/share/eyantra_warehouse//models/office/meshes/SB_fixed.obj
[2.694s] -- Symlinking: /home/nextup/Downloads/colcon_ws/install/eyantra_warehouse/share/eyantra_warehouse//models/office/meshes/Tiles05_COL_VAR1_3K.jpg.001.jpg
[2.700s] -- Symlinking: /home/nextup/Downloads/colcon_ws/install/eyantra_warehouse/share/eyantra_warehouse//models/office/meshes/TilesRectangularMirrorGray001_COL_3K.jpg.001.jpg
[2.706s] -- Symlinking: /home/nextup/Downloads/colcon_ws/install/eyantra_warehouse/share/eyantra_warehouse//models/office/meshes/WoodFlooring061_COL_3K.jpg.001.jpg
[2.712s] -- Symlinking: /home/nextup/Downloads/colcon_ws/install/eyantra_warehouse/share/eyantra_warehouse//models/office/meshes/WoodFlooringMahoganyAfricanSanded001_COL_3K.jpg.001.jpg
[2.718s] -- Symlinking: /home/nextup/Downloads/colcon_ws/install/eyantra_warehouse/share/eyantra_warehouse//models/office/meshes/WoodPlanksWorn33_COL_VAR1_3K.jpg.002.jpg
[2.724s] -- Symlinking: /home/nextup/Downloads/colcon_ws/install/eyantra_warehouse/share/eyantra_warehouse//models/office/meshes/cardboard.jpg
[2.729s] -- Symlinking: /home/nextup/Downloads/colcon_ws/install/eyantra_warehouse/share/eyantra_warehouse//models/office/meshes/concrete_bag.jpg
[2.735s] -- Symlinking: /home/nextup/Downloads/colcon_ws/install/eyantra_warehouse/share/eyantra_warehouse//models/office/meshes/cp_walls.jpg
[2.740s] -- Symlinking: /home/nextup/Downloads/colcon_ws/install/eyantra_warehouse/share/eyantra_warehouse//models/office/meshes/fixed_sb_bake_2k.png
[2.746s] -- Symlinking: /home/nextup/Downloads/colcon_ws/install/eyantra_warehouse/share/eyantra_warehouse//models/office/meshes/office.dae
[2.752s] -- Symlinking: /home/nextup/Downloads/colcon_ws/install/eyantra_warehouse/share/eyantra_warehouse//models/office/meshes/office_construction.dae
[2.757s] -- Symlinking: /home/nextup/Downloads/colcon_ws/install/eyantra_warehouse/share/eyantra_warehouse//models/office/meshes/sb_bake_2k.png
[2.763s] -- Symlinking: /home/nextup/Downloads/colcon_ws/install/eyantra_warehouse/share/eyantra_warehouse//models/office/meshes/whiteboard.jpg
[2.769s] -- Symlinking: /home/nextup/Downloads/colcon_ws/install/eyantra_warehouse/share/eyantra_warehouse//models/office/model.config
[2.774s] -- Symlinking: /home/nextup/Downloads/colcon_ws/install/eyantra_warehouse/share/eyantra_warehouse//models/office/model.sdf
[2.780s] -- Symlinking: /home/nextup/Downloads/colcon_ws/install/eyantra_warehouse/share/eyantra_warehouse//models/package_box/meshes/4x4_1000-0.png
[2.785s] -- Symlinking: /home/nextup/Downloads/colcon_ws/install/eyantra_warehouse/share/eyantra_warehouse//models/package_box/meshes/aws_robomaker_warehouse_ClutteringC_02.png
[2.791s] -- Symlinking: /home/nextup/Downloads/colcon_ws/install/eyantra_warehouse/share/eyantra_warehouse//models/package_box/meshes/package_box.dae
[2.796s] -- Symlinking: /home/nextup/Downloads/colcon_ws/install/eyantra_warehouse/share/eyantra_warehouse//models/package_box/model.config
[2.802s] -- Symlinking: /home/nextup/Downloads/colcon_ws/install/eyantra_warehouse/share/eyantra_warehouse//models/package_box/model.sdf
[2.807s] -- Symlinking: /home/nextup/Downloads/colcon_ws/install/eyantra_warehouse/share/eyantra_warehouse//models/rack/meshes/brushedsteel4.jpg
[2.813s] -- Symlinking: /home/nextup/Downloads/colcon_ws/install/eyantra_warehouse/share/eyantra_warehouse//models/rack/meshes/brushedsteel_bg.jpg
[2.819s] -- Symlinking: /home/nextup/Downloads/colcon_ws/install/eyantra_warehouse/share/eyantra_warehouse//models/rack/meshes/rack.dae
[2.824s] -- Symlinking: /home/nextup/Downloads/colcon_ws/install/eyantra_warehouse/share/eyantra_warehouse//models/rack/meshes/rack.stl
[2.830s] -- Symlinking: /home/nextup/Downloads/colcon_ws/install/eyantra_warehouse/share/eyantra_warehouse//models/rack/model.config
[2.836s] -- Symlinking: /home/nextup/Downloads/colcon_ws/install/eyantra_warehouse/share/eyantra_warehouse//models/rack/model.sdf
[2.841s] -- Symlinking: /home/nextup/Downloads/colcon_ws/install/eyantra_warehouse/share/eyantra_warehouse//models/rack_base/model.config
[2.847s] -- Symlinking: /home/nextup/Downloads/colcon_ws/install/eyantra_warehouse/share/eyantra_warehouse//models/rack_base/model.sdf
[2.853s] -- Symlinking: /home/nextup/Downloads/colcon_ws/install/eyantra_warehouse/share/eyantra_warehouse//models/rack_with_box/meshes/brushedsteel_bg.jpg
[2.859s] -- Symlinking: /home/nextup/Downloads/colcon_ws/install/eyantra_warehouse/share/eyantra_warehouse//models/rack_with_box/meshes/rack.dae
[2.865s] -- Symlinking: /home/nextup/Downloads/colcon_ws/install/eyantra_warehouse/share/eyantra_warehouse//models/rack_with_box/model.config
[2.871s] -- Symlinking: /home/nextup/Downloads/colcon_ws/install/eyantra_warehouse/share/eyantra_warehouse//models/rack_with_box/model.sdf
[2.877s] -- Symlinking: /home/nextup/Downloads/colcon_ws/install/eyantra_warehouse/share/eyantra_warehouse//models/table/meshes/eyantra_logo~red_280x55.png
[2.883s] -- Symlinking: /home/nextup/Downloads/colcon_ws/install/eyantra_warehouse/share/eyantra_warehouse//models/table/meshes/eyantra_logo~red_280x55.png.001.png
[2.889s] -- Symlinking: /home/nextup/Downloads/colcon_ws/install/eyantra_warehouse/share/eyantra_warehouse//models/table/meshes/table.dae
[2.895s] -- Symlinking: /home/nextup/Downloads/colcon_ws/install/eyantra_warehouse/share/eyantra_warehouse//models/table/model.config
[2.900s] -- Symlinking: /home/nextup/Downloads/colcon_ws/install/eyantra_warehouse/share/eyantra_warehouse//models/table/model.sdf
[2.906s] -- Symlinking: /home/nextup/Downloads/colcon_ws/install/eyantra_warehouse/share/eyantra_warehouse//models/table_box/model.config
[2.912s] -- Symlinking: /home/nextup/Downloads/colcon_ws/install/eyantra_warehouse/share/eyantra_warehouse//models/table_box/model.sdf
[2.917s] -- Symlinking: /home/nextup/Downloads/colcon_ws/install/eyantra_warehouse/share/eyantra_warehouse//models/warehouse_boundary/meshes/warehouse_boundary.dae
[2.924s] -- Symlinking: /home/nextup/Downloads/colcon_ws/install/eyantra_warehouse/share/eyantra_warehouse//models/warehouse_boundary/meshes/warehouse_boundary_glass_cover.dae
[2.930s] -- Symlinking: /home/nextup/Downloads/colcon_ws/install/eyantra_warehouse/share/eyantra_warehouse//models/warehouse_boundary/meshes/warehouse_floor.jpg
[2.936s] -- Symlinking: /home/nextup/Downloads/colcon_ws/install/eyantra_warehouse/share/eyantra_warehouse//models/warehouse_boundary/model.config
[2.942s] -- Symlinking: /home/nextup/Downloads/colcon_ws/install/eyantra_warehouse/share/eyantra_warehouse//models/warehouse_boundary/model.sdf
[2.948s] -- Symlinking: /home/nextup/Downloads/colcon_ws/install/eyantra_warehouse/share/eyantra_warehouse//config/SkyX_Moon.fragment
[2.953s] -- Symlinking: /home/nextup/Downloads/colcon_ws/install/eyantra_warehouse/share/eyantra_warehouse//config/SkyX_Moon.png
[2.959s] -- Symlinking: /home/nextup/Downloads/colcon_ws/install/eyantra_warehouse/share/eyantra_warehouse//config/package_link.json
[2.965s] -- Symlinking: /home/nextup/Downloads/colcon_ws/install/eyantra_warehouse/share/ament_index/resource_index/package_run_dependencies/eyantra_warehouse
[2.970s] -- Symlinking: /home/nextup/Downloads/colcon_ws/install/eyantra_warehouse/share/ament_index/resource_index/parent_prefix_path/eyantra_warehouse
[2.976s] -- Symlinking: /home/nextup/Downloads/colcon_ws/install/eyantra_warehouse/share/eyantra_warehouse/environment/ament_prefix_path.sh
[2.982s] -- Symlinking: /home/nextup/Downloads/colcon_ws/install/eyantra_warehouse/share/eyantra_warehouse/environment/ament_prefix_path.dsv
[2.988s] -- Symlinking: /home/nextup/Downloads/colcon_ws/install/eyantra_warehouse/share/eyantra_warehouse/environment/path.sh
[2.993s] -- Symlinking: /home/nextup/Downloads/colcon_ws/install/eyantra_warehouse/share/eyantra_warehouse/environment/path.dsv
[2.999s] -- Symlinking: /home/nextup/Downloads/colcon_ws/install/eyantra_warehouse/share/eyantra_warehouse/local_setup.bash
[3.004s] -- Symlinking: /home/nextup/Downloads/colcon_ws/install/eyantra_warehouse/share/eyantra_warehouse/local_setup.sh
[3.010s] -- Symlinking: /home/nextup/Downloads/colcon_ws/install/eyantra_warehouse/share/eyantra_warehouse/local_setup.zsh
[3.016s] -- Symlinking: /home/nextup/Downloads/colcon_ws/install/eyantra_warehouse/share/eyantra_warehouse/local_setup.dsv
[3.021s] -- Symlinking: /home/nextup/Downloads/colcon_ws/install/eyantra_warehouse/share/eyantra_warehouse/package.dsv
[3.027s] -- Symlinking: /home/nextup/Downloads/colcon_ws/install/eyantra_warehouse/share/ament_index/resource_index/packages/eyantra_warehouse
[3.032s] -- Symlinking: /home/nextup/Downloads/colcon_ws/install/eyantra_warehouse/share/eyantra_warehouse/cmake/eyantra_warehouseConfig.cmake
[3.038s] -- Symlinking: /home/nextup/Downloads/colcon_ws/install/eyantra_warehouse/share/eyantra_warehouse/cmake/eyantra_warehouseConfig-version.cmake
[3.044s] -- Symlinking: /home/nextup/Downloads/colcon_ws/install/eyantra_warehouse/share/eyantra_warehouse/package.xml
