[0.850s] DEBUG:colcon:Command line arguments: ['/usr/bin/colcon', 'build', '--symlink-install']
[0.850s] DEBUG:colcon:Parsed command line arguments: Namespace(log_base=None, log_level=None, verb_name='build', build_base='build', install_base='install', merge_install=False, symlink_install=True, test_result_base=None, continue_on_error=False, executor='parallel', parallel_workers=16, event_handlers=None, ignore_user_meta=False, metas=['./colcon.meta'], base_paths=['.'], packages_ignore=None, packages_ignore_regex=None, paths=None, packages_up_to=None, packages_up_to_regex=None, packages_above=None, packages_above_and_dependencies=None, packages_above_depth=None, packages_select_by_dep=None, packages_skip_by_dep=None, packages_skip_up_to=None, packages_select_build_failed=False, packages_skip_build_finished=False, packages_select_test_failures=False, packages_skip_test_passed=False, packages_select=None, packages_skip=None, packages_select_regex=None, packages_skip_regex=None, packages_start=None, packages_end=None, allow_overriding=[], cmake_args=None, cmake_target=None, cmake_target_skip_unavailable=False, cmake_clean_cache=False, cmake_clean_first=False, cmake_force_configure=False, ament_cmake_args=None, catkin_cmake_args=None, catkin_skip_building_tests=False, verb_parser=<colcon_defaults.argument_parser.defaults.DefaultArgumentsDecorator object at 0x7f9a5dc83400>, verb_extension=<colcon_core.verb.build.BuildVerb object at 0x7f9a5dc83be0>, main=<bound method BuildVerb.main of <colcon_core.verb.build.BuildVerb object at 0x7f9a5dc83be0>>)
[0.886s] Level 1:colcon.colcon_core.package_discovery:discover_packages(colcon_meta) check parameters
[0.886s] Level 1:colcon.colcon_core.package_discovery:discover_packages(recursive) check parameters
[0.886s] Level 1:colcon.colcon_core.package_discovery:discover_packages(ignore) check parameters
[0.886s] Level 1:colcon.colcon_core.package_discovery:discover_packages(path) check parameters
[0.886s] Level 1:colcon.colcon_core.package_discovery:discover_packages(colcon_meta) discover
[0.886s] Level 1:colcon.colcon_core.package_discovery:discover_packages(recursive) discover
[0.886s] INFO:colcon.colcon_core.package_discovery:Crawling recursively for packages in '/home/nextup/Downloads/colcon_ws'
[0.886s] Level 1:colcon.colcon_core.package_identification:_identify(.) by extensions ['ignore', 'ignore_ament_install']
[0.886s] Level 1:colcon.colcon_core.package_identification:_identify(.) by extension 'ignore'
[0.887s] Level 1:colcon.colcon_core.package_identification:_identify(.) by extension 'ignore_ament_install'
[0.887s] Level 1:colcon.colcon_core.package_identification:_identify(.) by extensions ['colcon_pkg']
[0.887s] Level 1:colcon.colcon_core.package_identification:_identify(.) by extension 'colcon_pkg'
[0.887s] Level 1:colcon.colcon_core.package_identification:_identify(.) by extensions ['colcon_meta']
[0.887s] Level 1:colcon.colcon_core.package_identification:_identify(.) by extension 'colcon_meta'
[0.887s] Level 1:colcon.colcon_core.package_identification:_identify(.) by extensions ['ros']
[0.887s] Level 1:colcon.colcon_core.package_identification:_identify(.) by extension 'ros'
[0.894s] Level 1:colcon.colcon_core.package_identification:_identify(.) by extensions ['cmake', 'python']
[0.894s] Level 1:colcon.colcon_core.package_identification:_identify(.) by extension 'cmake'
[0.894s] Level 1:colcon.colcon_core.package_identification:_identify(.) by extension 'python'
[0.894s] Level 1:colcon.colcon_core.package_identification:_identify(.) by extensions ['python_setup_py']
[0.894s] Level 1:colcon.colcon_core.package_identification:_identify(.) by extension 'python_setup_py'
[0.895s] Level 1:colcon.colcon_core.package_identification:_identify(build) by extensions ['ignore', 'ignore_ament_install']
[0.895s] Level 1:colcon.colcon_core.package_identification:_identify(build) by extension 'ignore'
[0.895s] Level 1:colcon.colcon_core.package_identification:_identify(build) ignored
[0.895s] Level 1:colcon.colcon_core.package_identification:_identify(install) by extensions ['ignore', 'ignore_ament_install']
[0.895s] Level 1:colcon.colcon_core.package_identification:_identify(install) by extension 'ignore'
[0.895s] Level 1:colcon.colcon_core.package_identification:_identify(install) ignored
[0.895s] Level 1:colcon.colcon_core.package_identification:_identify(log) by extensions ['ignore', 'ignore_ament_install']
[0.895s] Level 1:colcon.colcon_core.package_identification:_identify(log) by extension 'ignore'
[0.895s] Level 1:colcon.colcon_core.package_identification:_identify(log) ignored
[0.895s] Level 1:colcon.colcon_core.package_identification:_identify(src) by extensions ['ignore', 'ignore_ament_install']
[0.895s] Level 1:colcon.colcon_core.package_identification:_identify(src) by extension 'ignore'
[0.895s] Level 1:colcon.colcon_core.package_identification:_identify(src) by extension 'ignore_ament_install'
[0.895s] Level 1:colcon.colcon_core.package_identification:_identify(src) by extensions ['colcon_pkg']
[0.895s] Level 1:colcon.colcon_core.package_identification:_identify(src) by extension 'colcon_pkg'
[0.895s] Level 1:colcon.colcon_core.package_identification:_identify(src) by extensions ['colcon_meta']
[0.895s] Level 1:colcon.colcon_core.package_identification:_identify(src) by extension 'colcon_meta'
[0.895s] Level 1:colcon.colcon_core.package_identification:_identify(src) by extensions ['ros']
[0.895s] Level 1:colcon.colcon_core.package_identification:_identify(src) by extension 'ros'
[0.895s] Level 1:colcon.colcon_core.package_identification:_identify(src) by extensions ['cmake', 'python']
[0.895s] Level 1:colcon.colcon_core.package_identification:_identify(src) by extension 'cmake'
[0.895s] Level 1:colcon.colcon_core.package_identification:_identify(src) by extension 'python'
[0.895s] Level 1:colcon.colcon_core.package_identification:_identify(src) by extensions ['python_setup_py']
[0.896s] Level 1:colcon.colcon_core.package_identification:_identify(src) by extension 'python_setup_py'
[0.896s] Level 1:colcon.colcon_core.package_identification:_identify(src/ebot_description) by extensions ['ignore', 'ignore_ament_install']
[0.896s] Level 1:colcon.colcon_core.package_identification:_identify(src/ebot_description) by extension 'ignore'
[0.896s] Level 1:colcon.colcon_core.package_identification:_identify(src/ebot_description) by extension 'ignore_ament_install'
[0.896s] Level 1:colcon.colcon_core.package_identification:_identify(src/ebot_description) by extensions ['colcon_pkg']
[0.896s] Level 1:colcon.colcon_core.package_identification:_identify(src/ebot_description) by extension 'colcon_pkg'
[0.896s] Level 1:colcon.colcon_core.package_identification:_identify(src/ebot_description) by extensions ['colcon_meta']
[0.896s] Level 1:colcon.colcon_core.package_identification:_identify(src/ebot_description) by extension 'colcon_meta'
[0.896s] Level 1:colcon.colcon_core.package_identification:_identify(src/ebot_description) by extensions ['ros']
[0.896s] Level 1:colcon.colcon_core.package_identification:_identify(src/ebot_description) by extension 'ros'
[0.898s] DEBUG:colcon.colcon_core.package_identification:Package 'src/ebot_description' with type 'ros.ament_cmake' and name 'ebot_description'
[0.898s] Level 1:colcon.colcon_core.package_identification:_identify(src/ebot_nav2) by extensions ['ignore', 'ignore_ament_install']
[0.898s] Level 1:colcon.colcon_core.package_identification:_identify(src/ebot_nav2) by extension 'ignore'
[0.898s] Level 1:colcon.colcon_core.package_identification:_identify(src/ebot_nav2) by extension 'ignore_ament_install'
[0.898s] Level 1:colcon.colcon_core.package_identification:_identify(src/ebot_nav2) by extensions ['colcon_pkg']
[0.898s] Level 1:colcon.colcon_core.package_identification:_identify(src/ebot_nav2) by extension 'colcon_pkg'
[0.898s] Level 1:colcon.colcon_core.package_identification:_identify(src/ebot_nav2) by extensions ['colcon_meta']
[0.898s] Level 1:colcon.colcon_core.package_identification:_identify(src/ebot_nav2) by extension 'colcon_meta'
[0.898s] Level 1:colcon.colcon_core.package_identification:_identify(src/ebot_nav2) by extensions ['ros']
[0.898s] Level 1:colcon.colcon_core.package_identification:_identify(src/ebot_nav2) by extension 'ros'
[0.898s] DEBUG:colcon.colcon_core.package_identification:Package 'src/ebot_nav2' with type 'ros.ament_cmake' and name 'ebot_nav2'
[0.898s] Level 1:colcon.colcon_core.package_identification:_identify(src/gazebo_ros2_control) by extensions ['ignore', 'ignore_ament_install']
[0.899s] Level 1:colcon.colcon_core.package_identification:_identify(src/gazebo_ros2_control) by extension 'ignore'
[0.899s] Level 1:colcon.colcon_core.package_identification:_identify(src/gazebo_ros2_control) by extension 'ignore_ament_install'
[0.899s] Level 1:colcon.colcon_core.package_identification:_identify(src/gazebo_ros2_control) by extensions ['colcon_pkg']
[0.899s] Level 1:colcon.colcon_core.package_identification:_identify(src/gazebo_ros2_control) by extension 'colcon_pkg'
[0.899s] Level 1:colcon.colcon_core.package_identification:_identify(src/gazebo_ros2_control) by extensions ['colcon_meta']
[0.899s] Level 1:colcon.colcon_core.package_identification:_identify(src/gazebo_ros2_control) by extension 'colcon_meta'
[0.899s] Level 1:colcon.colcon_core.package_identification:_identify(src/gazebo_ros2_control) by extensions ['ros']
[0.899s] Level 1:colcon.colcon_core.package_identification:_identify(src/gazebo_ros2_control) by extension 'ros'
[0.900s] DEBUG:colcon.colcon_core.package_identification:Package 'src/gazebo_ros2_control' with type 'ros.ament_cmake' and name 'gazebo_ros2_control'
[0.900s] Level 1:colcon.colcon_core.package_identification:_identify(src/realsense_gazebo_plugin) by extensions ['ignore', 'ignore_ament_install']
[0.900s] Level 1:colcon.colcon_core.package_identification:_identify(src/realsense_gazebo_plugin) by extension 'ignore'
[0.900s] Level 1:colcon.colcon_core.package_identification:_identify(src/realsense_gazebo_plugin) by extension 'ignore_ament_install'
[0.900s] Level 1:colcon.colcon_core.package_identification:_identify(src/realsense_gazebo_plugin) by extensions ['colcon_pkg']
[0.900s] Level 1:colcon.colcon_core.package_identification:_identify(src/realsense_gazebo_plugin) by extension 'colcon_pkg'
[0.900s] Level 1:colcon.colcon_core.package_identification:_identify(src/realsense_gazebo_plugin) by extensions ['colcon_meta']
[0.900s] Level 1:colcon.colcon_core.package_identification:_identify(src/realsense_gazebo_plugin) by extension 'colcon_meta'
[0.900s] Level 1:colcon.colcon_core.package_identification:_identify(src/realsense_gazebo_plugin) by extensions ['ros']
[0.900s] Level 1:colcon.colcon_core.package_identification:_identify(src/realsense_gazebo_plugin) by extension 'ros'
[0.901s] DEBUG:colcon.colcon_core.package_identification:Package 'src/realsense_gazebo_plugin' with type 'ros.ament_cmake' and name 'realsense_gazebo_plugin'
[0.901s] Level 1:colcon.colcon_core.package_discovery:discover_packages(recursive) using defaults
[0.901s] Level 1:colcon.colcon_core.package_discovery:discover_packages(ignore) discover
[0.901s] Level 1:colcon.colcon_core.package_discovery:discover_packages(ignore) using defaults
[0.901s] Level 1:colcon.colcon_core.package_discovery:discover_packages(path) discover
[0.901s] Level 1:colcon.colcon_core.package_discovery:discover_packages(path) using defaults
[0.978s] Level 1:colcon.colcon_core.package_discovery:discover_packages(prefix_path) check parameters
[0.978s] Level 1:colcon.colcon_core.package_discovery:discover_packages(prefix_path) discover
[1.005s] DEBUG:colcon.colcon_installed_package_information.package_discovery:Found 423 installed packages in /opt/ros/humble
[1.011s] Level 1:colcon.colcon_core.package_discovery:discover_packages(prefix_path) using defaults
[1.098s] Level 5:colcon.colcon_core.verb:set package 'ebot_description' build argument 'cmake_args' from command line to 'None'
[1.098s] Level 5:colcon.colcon_core.verb:set package 'ebot_description' build argument 'cmake_target' from command line to 'None'
[1.098s] Level 5:colcon.colcon_core.verb:set package 'ebot_description' build argument 'cmake_target_skip_unavailable' from command line to 'False'
[1.098s] Level 5:colcon.colcon_core.verb:set package 'ebot_description' build argument 'cmake_clean_cache' from command line to 'False'
[1.098s] Level 5:colcon.colcon_core.verb:set package 'ebot_description' build argument 'cmake_clean_first' from command line to 'False'
[1.098s] Level 5:colcon.colcon_core.verb:set package 'ebot_description' build argument 'cmake_force_configure' from command line to 'False'
[1.098s] Level 5:colcon.colcon_core.verb:set package 'ebot_description' build argument 'ament_cmake_args' from command line to 'None'
[1.098s] Level 5:colcon.colcon_core.verb:set package 'ebot_description' build argument 'catkin_cmake_args' from command line to 'None'
[1.098s] Level 5:colcon.colcon_core.verb:set package 'ebot_description' build argument 'catkin_skip_building_tests' from command line to 'False'
[1.098s] DEBUG:colcon.colcon_core.verb:Building package 'ebot_description' with the following arguments: {'ament_cmake_args': None, 'build_base': '/home/nextup/Downloads/colcon_ws/build/ebot_description', 'catkin_cmake_args': None, 'catkin_skip_building_tests': False, 'cmake_args': None, 'cmake_clean_cache': False, 'cmake_clean_first': False, 'cmake_force_configure': False, 'cmake_target': None, 'cmake_target_skip_unavailable': False, 'install_base': '/home/nextup/Downloads/colcon_ws/install/ebot_description', 'merge_install': False, 'path': '/home/nextup/Downloads/colcon_ws/src/ebot_description', 'symlink_install': True, 'test_result_base': None}
[1.111s] Level 5:colcon.colcon_core.verb:set package 'ebot_nav2' build argument 'cmake_args' from command line to 'None'
[1.111s] Level 5:colcon.colcon_core.verb:set package 'ebot_nav2' build argument 'cmake_target' from command line to 'None'
[1.111s] Level 5:colcon.colcon_core.verb:set package 'ebot_nav2' build argument 'cmake_target_skip_unavailable' from command line to 'False'
[1.111s] Level 5:colcon.colcon_core.verb:set package 'ebot_nav2' build argument 'cmake_clean_cache' from command line to 'False'
[1.111s] Level 5:colcon.colcon_core.verb:set package 'ebot_nav2' build argument 'cmake_clean_first' from command line to 'False'
[1.111s] Level 5:colcon.colcon_core.verb:set package 'ebot_nav2' build argument 'cmake_force_configure' from command line to 'False'
[1.111s] Level 5:colcon.colcon_core.verb:set package 'ebot_nav2' build argument 'ament_cmake_args' from command line to 'None'
[1.111s] Level 5:colcon.colcon_core.verb:set package 'ebot_nav2' build argument 'catkin_cmake_args' from command line to 'None'
[1.111s] Level 5:colcon.colcon_core.verb:set package 'ebot_nav2' build argument 'catkin_skip_building_tests' from command line to 'False'
[1.111s] DEBUG:colcon.colcon_core.verb:Building package 'ebot_nav2' with the following arguments: {'ament_cmake_args': None, 'build_base': '/home/nextup/Downloads/colcon_ws/build/ebot_nav2', 'catkin_cmake_args': None, 'catkin_skip_building_tests': False, 'cmake_args': None, 'cmake_clean_cache': False, 'cmake_clean_first': False, 'cmake_force_configure': False, 'cmake_target': None, 'cmake_target_skip_unavailable': False, 'install_base': '/home/nextup/Downloads/colcon_ws/install/ebot_nav2', 'merge_install': False, 'path': '/home/nextup/Downloads/colcon_ws/src/ebot_nav2', 'symlink_install': True, 'test_result_base': None}
[1.124s] Level 5:colcon.colcon_core.verb:set package 'gazebo_ros2_control' build argument 'cmake_args' from command line to 'None'
[1.124s] Level 5:colcon.colcon_core.verb:set package 'gazebo_ros2_control' build argument 'cmake_target' from command line to 'None'
[1.124s] Level 5:colcon.colcon_core.verb:set package 'gazebo_ros2_control' build argument 'cmake_target_skip_unavailable' from command line to 'False'
[1.124s] Level 5:colcon.colcon_core.verb:set package 'gazebo_ros2_control' build argument 'cmake_clean_cache' from command line to 'False'
[1.124s] Level 5:colcon.colcon_core.verb:set package 'gazebo_ros2_control' build argument 'cmake_clean_first' from command line to 'False'
[1.124s] Level 5:colcon.colcon_core.verb:set package 'gazebo_ros2_control' build argument 'cmake_force_configure' from command line to 'False'
[1.124s] Level 5:colcon.colcon_core.verb:set package 'gazebo_ros2_control' build argument 'ament_cmake_args' from command line to 'None'
[1.124s] Level 5:colcon.colcon_core.verb:set package 'gazebo_ros2_control' build argument 'catkin_cmake_args' from command line to 'None'
[1.124s] Level 5:colcon.colcon_core.verb:set package 'gazebo_ros2_control' build argument 'catkin_skip_building_tests' from command line to 'False'
[1.124s] DEBUG:colcon.colcon_core.verb:Building package 'gazebo_ros2_control' with the following arguments: {'ament_cmake_args': None, 'build_base': '/home/nextup/Downloads/colcon_ws/build/gazebo_ros2_control', 'catkin_cmake_args': None, 'catkin_skip_building_tests': False, 'cmake_args': None, 'cmake_clean_cache': False, 'cmake_clean_first': False, 'cmake_force_configure': False, 'cmake_target': None, 'cmake_target_skip_unavailable': False, 'install_base': '/home/nextup/Downloads/colcon_ws/install/gazebo_ros2_control', 'merge_install': False, 'path': '/home/nextup/Downloads/colcon_ws/src/gazebo_ros2_control', 'symlink_install': True, 'test_result_base': None}
[1.137s] Level 5:colcon.colcon_core.verb:set package 'realsense_gazebo_plugin' build argument 'cmake_args' from command line to 'None'
[1.138s] Level 5:colcon.colcon_core.verb:set package 'realsense_gazebo_plugin' build argument 'cmake_target' from command line to 'None'
[1.138s] Level 5:colcon.colcon_core.verb:set package 'realsense_gazebo_plugin' build argument 'cmake_target_skip_unavailable' from command line to 'False'
[1.138s] Level 5:colcon.colcon_core.verb:set package 'realsense_gazebo_plugin' build argument 'cmake_clean_cache' from command line to 'False'
[1.138s] Level 5:colcon.colcon_core.verb:set package 'realsense_gazebo_plugin' build argument 'cmake_clean_first' from command line to 'False'
[1.138s] Level 5:colcon.colcon_core.verb:set package 'realsense_gazebo_plugin' build argument 'cmake_force_configure' from command line to 'False'
[1.138s] Level 5:colcon.colcon_core.verb:set package 'realsense_gazebo_plugin' build argument 'ament_cmake_args' from command line to 'None'
[1.138s] Level 5:colcon.colcon_core.verb:set package 'realsense_gazebo_plugin' build argument 'catkin_cmake_args' from command line to 'None'
[1.138s] Level 5:colcon.colcon_core.verb:set package 'realsense_gazebo_plugin' build argument 'catkin_skip_building_tests' from command line to 'False'
[1.138s] DEBUG:colcon.colcon_core.verb:Building package 'realsense_gazebo_plugin' with the following arguments: {'ament_cmake_args': None, 'build_base': '/home/nextup/Downloads/colcon_ws/build/realsense_gazebo_plugin', 'catkin_cmake_args': None, 'catkin_skip_building_tests': False, 'cmake_args': None, 'cmake_clean_cache': False, 'cmake_clean_first': False, 'cmake_force_configure': False, 'cmake_target': None, 'cmake_target_skip_unavailable': False, 'install_base': '/home/nextup/Downloads/colcon_ws/install/realsense_gazebo_plugin', 'merge_install': False, 'path': '/home/nextup/Downloads/colcon_ws/src/realsense_gazebo_plugin', 'symlink_install': True, 'test_result_base': None}
[1.151s] INFO:colcon.colcon_core.executor:Executing jobs using 'parallel' executor
[1.164s] DEBUG:colcon.colcon_parallel_executor.executor.parallel:run_until_complete
[1.164s] INFO:colcon.colcon_ros.task.ament_cmake.build:Building ROS package in '/home/nextup/Downloads/colcon_ws/src/ebot_description' with build type 'ament_cmake'
[1.164s] INFO:colcon.colcon_cmake.task.cmake.build:Building CMake package in '/home/nextup/Downloads/colcon_ws/src/ebot_description'
[1.178s] INFO:colcon.colcon_core.plugin_system:Skipping extension 'colcon_core.shell.bat': Not used on non-Windows systems
[1.178s] INFO:colcon.colcon_core.shell:Skip shell extension 'powershell' for command environment: Not usable outside of PowerShell
[1.178s] DEBUG:colcon.colcon_core.shell:Skip shell extension 'dsv' for command environment
[1.206s] INFO:colcon.colcon_ros.task.ament_cmake.build:Building ROS package in '/home/nextup/Downloads/colcon_ws/src/ebot_nav2' with build type 'ament_cmake'
[1.206s] INFO:colcon.colcon_cmake.task.cmake.build:Building CMake package in '/home/nextup/Downloads/colcon_ws/src/ebot_nav2'
[1.219s] INFO:colcon.colcon_core.shell:Skip shell extension 'powershell' for command environment: Not usable outside of PowerShell
[1.220s] DEBUG:colcon.colcon_core.shell:Skip shell extension 'dsv' for command environment
[1.247s] INFO:colcon.colcon_ros.task.ament_cmake.build:Building ROS package in '/home/nextup/Downloads/colcon_ws/src/gazebo_ros2_control' with build type 'ament_cmake'
[1.247s] INFO:colcon.colcon_cmake.task.cmake.build:Building CMake package in '/home/nextup/Downloads/colcon_ws/src/gazebo_ros2_control'
[1.260s] INFO:colcon.colcon_core.shell:Skip shell extension 'powershell' for command environment: Not usable outside of PowerShell
[1.260s] DEBUG:colcon.colcon_core.shell:Skip shell extension 'dsv' for command environment
[1.287s] INFO:colcon.colcon_ros.task.ament_cmake.build:Building ROS package in '/home/nextup/Downloads/colcon_ws/src/realsense_gazebo_plugin' with build type 'ament_cmake'
[1.287s] INFO:colcon.colcon_cmake.task.cmake.build:Building CMake package in '/home/nextup/Downloads/colcon_ws/src/realsense_gazebo_plugin'
[1.300s] INFO:colcon.colcon_core.shell:Skip shell extension 'powershell' for command environment: Not usable outside of PowerShell
[1.300s] DEBUG:colcon.colcon_core.shell:Skip shell extension 'dsv' for command environment
[1.330s] DEBUG:colcon.colcon_core.event_handler.log_command:Invoking command in '/home/nextup/Downloads/colcon_ws/build/ebot_description': CMAKE_PREFIX_PATH=/opt/ros/humble /usr/bin/cmake /home/nextup/Downloads/colcon_ws/src/ebot_description -DAMENT_CMAKE_SYMLINK_INSTALL=1 -DCMAKE_INSTALL_PREFIX=/home/nextup/Downloads/colcon_ws/install/ebot_description
[1.332s] DEBUG:colcon.colcon_core.event_handler.log_command:Invoking command in '/home/nextup/Downloads/colcon_ws/build/ebot_nav2': CMAKE_PREFIX_PATH=/opt/ros/humble /usr/bin/cmake /home/nextup/Downloads/colcon_ws/src/ebot_nav2 -DAMENT_CMAKE_SYMLINK_INSTALL=1 -DCMAKE_INSTALL_PREFIX=/home/nextup/Downloads/colcon_ws/install/ebot_nav2
[1.333s] DEBUG:colcon.colcon_core.event_handler.log_command:Invoking command in '/home/nextup/Downloads/colcon_ws/build/gazebo_ros2_control': CMAKE_PREFIX_PATH=/opt/ros/humble /usr/bin/cmake /home/nextup/Downloads/colcon_ws/src/gazebo_ros2_control -DAMENT_CMAKE_SYMLINK_INSTALL=1 -DCMAKE_INSTALL_PREFIX=/home/nextup/Downloads/colcon_ws/install/gazebo_ros2_control
[1.336s] DEBUG:colcon.colcon_core.event_handler.log_command:Invoking command in '/home/nextup/Downloads/colcon_ws/build/realsense_gazebo_plugin': CMAKE_PREFIX_PATH=/opt/ros/humble /usr/bin/cmake /home/nextup/Downloads/colcon_ws/src/realsense_gazebo_plugin -DAMENT_CMAKE_SYMLINK_INSTALL=1 -DCMAKE_INSTALL_PREFIX=/home/nextup/Downloads/colcon_ws/install/realsense_gazebo_plugin
[1.816s] DEBUG:colcon.colcon_core.event_handler.log_command:Invoked command in '/home/nextup/Downloads/colcon_ws/build/ebot_nav2' returned '0': CMAKE_PREFIX_PATH=/opt/ros/humble /usr/bin/cmake /home/nextup/Downloads/colcon_ws/src/ebot_nav2 -DAMENT_CMAKE_SYMLINK_INSTALL=1 -DCMAKE_INSTALL_PREFIX=/home/nextup/Downloads/colcon_ws/install/ebot_nav2
[1.817s] DEBUG:colcon.colcon_core.event_handler.log_command:Invoking command in '/home/nextup/Downloads/colcon_ws/build/ebot_nav2': CMAKE_PREFIX_PATH=/opt/ros/humble /usr/bin/cmake --build /home/nextup/Downloads/colcon_ws/build/ebot_nav2 -- -j16 -l16
[1.830s] DEBUG:colcon.colcon_core.event_handler.log_command:Invoked command in '/home/nextup/Downloads/colcon_ws/build/ebot_description' returned '0': CMAKE_PREFIX_PATH=/opt/ros/humble /usr/bin/cmake /home/nextup/Downloads/colcon_ws/src/ebot_description -DAMENT_CMAKE_SYMLINK_INSTALL=1 -DCMAKE_INSTALL_PREFIX=/home/nextup/Downloads/colcon_ws/install/ebot_description
[1.831s] DEBUG:colcon.colcon_core.event_handler.log_command:Invoking command in '/home/nextup/Downloads/colcon_ws/build/ebot_description': CMAKE_PREFIX_PATH=/opt/ros/humble /usr/bin/cmake --build /home/nextup/Downloads/colcon_ws/build/ebot_description -- -j16 -l16
[1.842s] DEBUG:colcon.colcon_core.event_handler.log_command:Invoked command in '/home/nextup/Downloads/colcon_ws/build/ebot_nav2' returned '0': CMAKE_PREFIX_PATH=/opt/ros/humble /usr/bin/cmake --build /home/nextup/Downloads/colcon_ws/build/ebot_nav2 -- -j16 -l16
[1.855s] DEBUG:colcon.colcon_core.event_handler.log_command:Invoked command in '/home/nextup/Downloads/colcon_ws/build/ebot_description' returned '0': CMAKE_PREFIX_PATH=/opt/ros/humble /usr/bin/cmake --build /home/nextup/Downloads/colcon_ws/build/ebot_description -- -j16 -l16
[1.861s] DEBUG:colcon.colcon_core.event_handler.log_command:Invoking command in '/home/nextup/Downloads/colcon_ws/build/ebot_nav2': CMAKE_PREFIX_PATH=/opt/ros/humble /usr/bin/cmake --install /home/nextup/Downloads/colcon_ws/build/ebot_nav2
[1.867s] DEBUG:colcon.colcon_core.event_handler.log_command:Invoking command in '/home/nextup/Downloads/colcon_ws/build/ebot_description': CMAKE_PREFIX_PATH=/opt/ros/humble /usr/bin/cmake --install /home/nextup/Downloads/colcon_ws/build/ebot_description
[1.875s] Level 1:colcon.colcon_core.environment:create_environment_scripts_only(ebot_nav2)
[1.875s] DEBUG:colcon.colcon_core.event_handler.log_command:Invoked command in '/home/nextup/Downloads/colcon_ws/build/ebot_nav2' returned '0': CMAKE_PREFIX_PATH=/opt/ros/humble /usr/bin/cmake --install /home/nextup/Downloads/colcon_ws/build/ebot_nav2
[1.891s] Level 1:colcon.colcon_core.environment:checking '/home/nextup/Downloads/colcon_ws/install/ebot_nav2' for CMake module files
[1.892s] Level 1:colcon.colcon_core.environment:checking '/home/nextup/Downloads/colcon_ws/install/ebot_nav2' for CMake config files
[1.892s] Level 1:colcon.colcon_core.shell:create_environment_hook('ebot_nav2', 'cmake_prefix_path')
[1.905s] INFO:colcon.colcon_core.shell:Creating environment hook '/home/nextup/Downloads/colcon_ws/install/ebot_nav2/share/ebot_nav2/hook/cmake_prefix_path.ps1'
[1.906s] INFO:colcon.colcon_core.shell:Creating environment descriptor '/home/nextup/Downloads/colcon_ws/install/ebot_nav2/share/ebot_nav2/hook/cmake_prefix_path.dsv'
[1.906s] INFO:colcon.colcon_core.shell:Creating environment hook '/home/nextup/Downloads/colcon_ws/install/ebot_nav2/share/ebot_nav2/hook/cmake_prefix_path.sh'
[1.907s] Level 1:colcon.colcon_core.environment:checking '/home/nextup/Downloads/colcon_ws/install/ebot_nav2/lib'
[1.907s] Level 1:colcon.colcon_core.environment:checking '/home/nextup/Downloads/colcon_ws/install/ebot_nav2/bin'
[1.907s] Level 1:colcon.colcon_core.environment:checking '/home/nextup/Downloads/colcon_ws/install/ebot_nav2/lib/pkgconfig/ebot_nav2.pc'
[1.907s] Level 1:colcon.colcon_core.environment:checking '/home/nextup/Downloads/colcon_ws/install/ebot_nav2/lib/python3.10/site-packages'
[1.907s] Level 1:colcon.colcon_core.environment:checking '/home/nextup/Downloads/colcon_ws/install/ebot_nav2/bin'
[1.920s] INFO:colcon.colcon_core.shell:Creating package script '/home/nextup/Downloads/colcon_ws/install/ebot_nav2/share/ebot_nav2/package.ps1'
[1.921s] INFO:colcon.colcon_core.shell:Creating package descriptor '/home/nextup/Downloads/colcon_ws/install/ebot_nav2/share/ebot_nav2/package.dsv'
[1.921s] INFO:colcon.colcon_core.shell:Creating package script '/home/nextup/Downloads/colcon_ws/install/ebot_nav2/share/ebot_nav2/package.sh'
[1.922s] INFO:colcon.colcon_core.shell:Creating package script '/home/nextup/Downloads/colcon_ws/install/ebot_nav2/share/ebot_nav2/package.bash'
[1.922s] INFO:colcon.colcon_core.shell:Creating package script '/home/nextup/Downloads/colcon_ws/install/ebot_nav2/share/ebot_nav2/package.zsh'
[1.923s] Level 1:colcon.colcon_core.environment:create_file_with_runtime_dependencies(/home/nextup/Downloads/colcon_ws/install/ebot_nav2/share/colcon-core/packages/ebot_nav2)
[1.924s] Level 1:colcon.colcon_core.environment:create_environment_scripts_only(ebot_description)
[1.924s] DEBUG:colcon.colcon_core.event_handler.log_command:Invoked command in '/home/nextup/Downloads/colcon_ws/build/ebot_description' returned '0': CMAKE_PREFIX_PATH=/opt/ros/humble /usr/bin/cmake --install /home/nextup/Downloads/colcon_ws/build/ebot_description
[1.937s] Level 1:colcon.colcon_core.environment:checking '/home/nextup/Downloads/colcon_ws/install/ebot_description' for CMake module files
[1.938s] Level 1:colcon.colcon_core.environment:checking '/home/nextup/Downloads/colcon_ws/install/ebot_description' for CMake config files
[1.938s] Level 1:colcon.colcon_core.shell:create_environment_hook('ebot_description', 'cmake_prefix_path')
[1.951s] INFO:colcon.colcon_core.shell:Creating environment hook '/home/nextup/Downloads/colcon_ws/install/ebot_description/share/ebot_description/hook/cmake_prefix_path.ps1'
[1.952s] INFO:colcon.colcon_core.shell:Creating environment descriptor '/home/nextup/Downloads/colcon_ws/install/ebot_description/share/ebot_description/hook/cmake_prefix_path.dsv'
[1.952s] INFO:colcon.colcon_core.shell:Creating environment hook '/home/nextup/Downloads/colcon_ws/install/ebot_description/share/ebot_description/hook/cmake_prefix_path.sh'
[1.952s] Level 1:colcon.colcon_core.environment:checking '/home/nextup/Downloads/colcon_ws/install/ebot_description/lib'
[1.952s] Level 1:colcon.colcon_core.environment:checking '/home/nextup/Downloads/colcon_ws/install/ebot_description/bin'
[1.952s] Level 1:colcon.colcon_core.environment:checking '/home/nextup/Downloads/colcon_ws/install/ebot_description/lib/pkgconfig/ebot_description.pc'
[1.953s] Level 1:colcon.colcon_core.environment:checking '/home/nextup/Downloads/colcon_ws/install/ebot_description/lib/python3.10/site-packages'
[1.953s] Level 1:colcon.colcon_core.environment:checking '/home/nextup/Downloads/colcon_ws/install/ebot_description/bin'
[1.967s] INFO:colcon.colcon_core.shell:Creating package script '/home/nextup/Downloads/colcon_ws/install/ebot_description/share/ebot_description/package.ps1'
[1.967s] INFO:colcon.colcon_core.shell:Creating package descriptor '/home/nextup/Downloads/colcon_ws/install/ebot_description/share/ebot_description/package.dsv'
[1.967s] INFO:colcon.colcon_core.shell:Creating package script '/home/nextup/Downloads/colcon_ws/install/ebot_description/share/ebot_description/package.sh'
[1.968s] INFO:colcon.colcon_core.shell:Creating package script '/home/nextup/Downloads/colcon_ws/install/ebot_description/share/ebot_description/package.bash'
[1.968s] INFO:colcon.colcon_core.shell:Creating package script '/home/nextup/Downloads/colcon_ws/install/ebot_description/share/ebot_description/package.zsh'
[1.968s] Level 1:colcon.colcon_core.environment:create_file_with_runtime_dependencies(/home/nextup/Downloads/colcon_ws/install/ebot_description/share/colcon-core/packages/ebot_description)
[1.983s] Level 1:colcon.colcon_core.environment:create_environment_scripts_only(ebot_nav2)
[1.996s] Level 1:colcon.colcon_core.environment:checking '/home/nextup/Downloads/colcon_ws/install/ebot_nav2' for CMake module files
[1.997s] Level 1:colcon.colcon_core.environment:checking '/home/nextup/Downloads/colcon_ws/install/ebot_nav2' for CMake config files
[1.998s] Level 1:colcon.colcon_core.shell:create_environment_hook('ebot_nav2', 'cmake_prefix_path')
[2.011s] INFO:colcon.colcon_core.shell:Creating environment hook '/home/nextup/Downloads/colcon_ws/install/ebot_nav2/share/ebot_nav2/hook/cmake_prefix_path.ps1'
[2.012s] INFO:colcon.colcon_core.shell:Creating environment descriptor '/home/nextup/Downloads/colcon_ws/install/ebot_nav2/share/ebot_nav2/hook/cmake_prefix_path.dsv'
[2.012s] INFO:colcon.colcon_core.shell:Creating environment hook '/home/nextup/Downloads/colcon_ws/install/ebot_nav2/share/ebot_nav2/hook/cmake_prefix_path.sh'
[2.012s] Level 1:colcon.colcon_core.environment:checking '/home/nextup/Downloads/colcon_ws/install/ebot_nav2/lib'
[2.012s] Level 1:colcon.colcon_core.environment:checking '/home/nextup/Downloads/colcon_ws/install/ebot_nav2/bin'
[2.012s] Level 1:colcon.colcon_core.environment:checking '/home/nextup/Downloads/colcon_ws/install/ebot_nav2/lib/pkgconfig/ebot_nav2.pc'
[2.012s] Level 1:colcon.colcon_core.environment:checking '/home/nextup/Downloads/colcon_ws/install/ebot_nav2/lib/python3.10/site-packages'
[2.012s] Level 1:colcon.colcon_core.environment:checking '/home/nextup/Downloads/colcon_ws/install/ebot_nav2/bin'
[2.026s] INFO:colcon.colcon_core.shell:Creating package script '/home/nextup/Downloads/colcon_ws/install/ebot_nav2/share/ebot_nav2/package.ps1'
[2.026s] INFO:colcon.colcon_core.shell:Creating package descriptor '/home/nextup/Downloads/colcon_ws/install/ebot_nav2/share/ebot_nav2/package.dsv'
[2.026s] INFO:colcon.colcon_core.shell:Creating package script '/home/nextup/Downloads/colcon_ws/install/ebot_nav2/share/ebot_nav2/package.sh'
[2.027s] INFO:colcon.colcon_core.shell:Creating package script '/home/nextup/Downloads/colcon_ws/install/ebot_nav2/share/ebot_nav2/package.bash'
[2.027s] INFO:colcon.colcon_core.shell:Creating package script '/home/nextup/Downloads/colcon_ws/install/ebot_nav2/share/ebot_nav2/package.zsh'
[2.027s] Level 1:colcon.colcon_core.environment:create_file_with_runtime_dependencies(/home/nextup/Downloads/colcon_ws/install/ebot_nav2/share/colcon-core/packages/ebot_nav2)
[2.041s] Level 1:colcon.colcon_core.environment:create_environment_scripts_only(ebot_description)
[2.055s] Level 1:colcon.colcon_core.environment:checking '/home/nextup/Downloads/colcon_ws/install/ebot_description' for CMake module files
[2.055s] Level 1:colcon.colcon_core.environment:checking '/home/nextup/Downloads/colcon_ws/install/ebot_description' for CMake config files
[2.055s] Level 1:colcon.colcon_core.shell:create_environment_hook('ebot_description', 'cmake_prefix_path')
[2.069s] INFO:colcon.colcon_core.shell:Creating environment hook '/home/nextup/Downloads/colcon_ws/install/ebot_description/share/ebot_description/hook/cmake_prefix_path.ps1'
[2.069s] INFO:colcon.colcon_core.shell:Creating environment descriptor '/home/nextup/Downloads/colcon_ws/install/ebot_description/share/ebot_description/hook/cmake_prefix_path.dsv'
[2.069s] INFO:colcon.colcon_core.shell:Creating environment hook '/home/nextup/Downloads/colcon_ws/install/ebot_description/share/ebot_description/hook/cmake_prefix_path.sh'
[2.070s] Level 1:colcon.colcon_core.environment:checking '/home/nextup/Downloads/colcon_ws/install/ebot_description/lib'
[2.070s] Level 1:colcon.colcon_core.environment:checking '/home/nextup/Downloads/colcon_ws/install/ebot_description/bin'
[2.070s] Level 1:colcon.colcon_core.environment:checking '/home/nextup/Downloads/colcon_ws/install/ebot_description/lib/pkgconfig/ebot_description.pc'
[2.070s] Level 1:colcon.colcon_core.environment:checking '/home/nextup/Downloads/colcon_ws/install/ebot_description/lib/python3.10/site-packages'
[2.070s] Level 1:colcon.colcon_core.environment:checking '/home/nextup/Downloads/colcon_ws/install/ebot_description/bin'
[2.085s] INFO:colcon.colcon_core.shell:Creating package script '/home/nextup/Downloads/colcon_ws/install/ebot_description/share/ebot_description/package.ps1'
[2.085s] INFO:colcon.colcon_core.shell:Creating package descriptor '/home/nextup/Downloads/colcon_ws/install/ebot_description/share/ebot_description/package.dsv'
[2.086s] INFO:colcon.colcon_core.shell:Creating package script '/home/nextup/Downloads/colcon_ws/install/ebot_description/share/ebot_description/package.sh'
[2.086s] INFO:colcon.colcon_core.shell:Creating package script '/home/nextup/Downloads/colcon_ws/install/ebot_description/share/ebot_description/package.bash'
[2.086s] INFO:colcon.colcon_core.shell:Creating package script '/home/nextup/Downloads/colcon_ws/install/ebot_description/share/ebot_description/package.zsh'
[2.086s] Level 1:colcon.colcon_core.environment:create_file_with_runtime_dependencies(/home/nextup/Downloads/colcon_ws/install/ebot_description/share/colcon-core/packages/ebot_description)
[2.329s] DEBUG:colcon.colcon_core.event_handler.log_command:Invoked command in '/home/nextup/Downloads/colcon_ws/build/realsense_gazebo_plugin' returned '0': CMAKE_PREFIX_PATH=/opt/ros/humble /usr/bin/cmake /home/nextup/Downloads/colcon_ws/src/realsense_gazebo_plugin -DAMENT_CMAKE_SYMLINK_INSTALL=1 -DCMAKE_INSTALL_PREFIX=/home/nextup/Downloads/colcon_ws/install/realsense_gazebo_plugin
[2.330s] DEBUG:colcon.colcon_core.event_handler.log_command:Invoking command in '/home/nextup/Downloads/colcon_ws/build/realsense_gazebo_plugin': CMAKE_PREFIX_PATH=/opt/ros/humble /usr/bin/cmake --build /home/nextup/Downloads/colcon_ws/build/realsense_gazebo_plugin -- -j16 -l16
[2.401s] DEBUG:colcon.colcon_core.event_handler.log_command:Invoked command in '/home/nextup/Downloads/colcon_ws/build/realsense_gazebo_plugin' returned '0': CMAKE_PREFIX_PATH=/opt/ros/humble /usr/bin/cmake --build /home/nextup/Downloads/colcon_ws/build/realsense_gazebo_plugin -- -j16 -l16
[2.416s] DEBUG:colcon.colcon_core.event_handler.log_command:Invoking command in '/home/nextup/Downloads/colcon_ws/build/realsense_gazebo_plugin': CMAKE_PREFIX_PATH=/opt/ros/humble /usr/bin/cmake --install /home/nextup/Downloads/colcon_ws/build/realsense_gazebo_plugin
[2.429s] Level 1:colcon.colcon_core.environment:create_environment_scripts_only(realsense_gazebo_plugin)
[2.430s] DEBUG:colcon.colcon_core.event_handler.log_command:Invoked command in '/home/nextup/Downloads/colcon_ws/build/realsense_gazebo_plugin' returned '0': CMAKE_PREFIX_PATH=/opt/ros/humble /usr/bin/cmake --install /home/nextup/Downloads/colcon_ws/build/realsense_gazebo_plugin
[2.443s] Level 1:colcon.colcon_core.environment:checking '/home/nextup/Downloads/colcon_ws/install/realsense_gazebo_plugin' for CMake module files
[2.444s] Level 1:colcon.colcon_core.environment:checking '/home/nextup/Downloads/colcon_ws/install/realsense_gazebo_plugin' for CMake config files
[2.444s] Level 1:colcon.colcon_core.shell:create_environment_hook('realsense_gazebo_plugin', 'cmake_prefix_path')
[2.457s] INFO:colcon.colcon_core.shell:Creating environment hook '/home/nextup/Downloads/colcon_ws/install/realsense_gazebo_plugin/share/realsense_gazebo_plugin/hook/cmake_prefix_path.ps1'
[2.457s] INFO:colcon.colcon_core.shell:Creating environment descriptor '/home/nextup/Downloads/colcon_ws/install/realsense_gazebo_plugin/share/realsense_gazebo_plugin/hook/cmake_prefix_path.dsv'
[2.457s] INFO:colcon.colcon_core.shell:Creating environment hook '/home/nextup/Downloads/colcon_ws/install/realsense_gazebo_plugin/share/realsense_gazebo_plugin/hook/cmake_prefix_path.sh'
[2.458s] Level 1:colcon.colcon_core.environment:checking '/home/nextup/Downloads/colcon_ws/install/realsense_gazebo_plugin/lib'
[2.458s] Level 1:colcon.colcon_core.shell:create_environment_hook('realsense_gazebo_plugin', 'ld_library_path_lib')
[2.471s] INFO:colcon.colcon_core.shell:Creating environment hook '/home/nextup/Downloads/colcon_ws/install/realsense_gazebo_plugin/share/realsense_gazebo_plugin/hook/ld_library_path_lib.ps1'
[2.471s] INFO:colcon.colcon_core.shell:Creating environment descriptor '/home/nextup/Downloads/colcon_ws/install/realsense_gazebo_plugin/share/realsense_gazebo_plugin/hook/ld_library_path_lib.dsv'
[2.471s] INFO:colcon.colcon_core.shell:Creating environment hook '/home/nextup/Downloads/colcon_ws/install/realsense_gazebo_plugin/share/realsense_gazebo_plugin/hook/ld_library_path_lib.sh'
[2.471s] Level 1:colcon.colcon_core.environment:checking '/home/nextup/Downloads/colcon_ws/install/realsense_gazebo_plugin/bin'
[2.472s] Level 1:colcon.colcon_core.environment:checking '/home/nextup/Downloads/colcon_ws/install/realsense_gazebo_plugin/lib/pkgconfig/realsense_gazebo_plugin.pc'
[2.472s] Level 1:colcon.colcon_core.environment:checking '/home/nextup/Downloads/colcon_ws/install/realsense_gazebo_plugin/lib/python3.10/site-packages'
[2.472s] Level 1:colcon.colcon_core.environment:checking '/home/nextup/Downloads/colcon_ws/install/realsense_gazebo_plugin/bin'
[2.485s] INFO:colcon.colcon_core.shell:Creating package script '/home/nextup/Downloads/colcon_ws/install/realsense_gazebo_plugin/share/realsense_gazebo_plugin/package.ps1'
[2.485s] INFO:colcon.colcon_core.shell:Creating package descriptor '/home/nextup/Downloads/colcon_ws/install/realsense_gazebo_plugin/share/realsense_gazebo_plugin/package.dsv'
[2.486s] INFO:colcon.colcon_core.shell:Creating package script '/home/nextup/Downloads/colcon_ws/install/realsense_gazebo_plugin/share/realsense_gazebo_plugin/package.sh'
[2.486s] INFO:colcon.colcon_core.shell:Creating package script '/home/nextup/Downloads/colcon_ws/install/realsense_gazebo_plugin/share/realsense_gazebo_plugin/package.bash'
[2.486s] INFO:colcon.colcon_core.shell:Creating package script '/home/nextup/Downloads/colcon_ws/install/realsense_gazebo_plugin/share/realsense_gazebo_plugin/package.zsh'
[2.486s] Level 1:colcon.colcon_core.environment:create_file_with_runtime_dependencies(/home/nextup/Downloads/colcon_ws/install/realsense_gazebo_plugin/share/colcon-core/packages/realsense_gazebo_plugin)
[2.515s] Level 1:colcon.colcon_core.environment:create_environment_scripts_only(realsense_gazebo_plugin)
[2.528s] Level 1:colcon.colcon_core.environment:checking '/home/nextup/Downloads/colcon_ws/install/realsense_gazebo_plugin' for CMake module files
[2.528s] Level 1:colcon.colcon_core.environment:checking '/home/nextup/Downloads/colcon_ws/install/realsense_gazebo_plugin' for CMake config files
[2.528s] Level 1:colcon.colcon_core.shell:create_environment_hook('realsense_gazebo_plugin', 'cmake_prefix_path')
[2.541s] INFO:colcon.colcon_core.shell:Creating environment hook '/home/nextup/Downloads/colcon_ws/install/realsense_gazebo_plugin/share/realsense_gazebo_plugin/hook/cmake_prefix_path.ps1'
[2.542s] INFO:colcon.colcon_core.shell:Creating environment descriptor '/home/nextup/Downloads/colcon_ws/install/realsense_gazebo_plugin/share/realsense_gazebo_plugin/hook/cmake_prefix_path.dsv'
[2.542s] INFO:colcon.colcon_core.shell:Creating environment hook '/home/nextup/Downloads/colcon_ws/install/realsense_gazebo_plugin/share/realsense_gazebo_plugin/hook/cmake_prefix_path.sh'
[2.542s] Level 1:colcon.colcon_core.environment:checking '/home/nextup/Downloads/colcon_ws/install/realsense_gazebo_plugin/lib'
[2.542s] Level 1:colcon.colcon_core.shell:create_environment_hook('realsense_gazebo_plugin', 'ld_library_path_lib')
[2.555s] INFO:colcon.colcon_core.shell:Creating environment hook '/home/nextup/Downloads/colcon_ws/install/realsense_gazebo_plugin/share/realsense_gazebo_plugin/hook/ld_library_path_lib.ps1'
[2.555s] INFO:colcon.colcon_core.shell:Creating environment descriptor '/home/nextup/Downloads/colcon_ws/install/realsense_gazebo_plugin/share/realsense_gazebo_plugin/hook/ld_library_path_lib.dsv'
[2.556s] INFO:colcon.colcon_core.shell:Creating environment hook '/home/nextup/Downloads/colcon_ws/install/realsense_gazebo_plugin/share/realsense_gazebo_plugin/hook/ld_library_path_lib.sh'
[2.556s] Level 1:colcon.colcon_core.environment:checking '/home/nextup/Downloads/colcon_ws/install/realsense_gazebo_plugin/bin'
[2.556s] Level 1:colcon.colcon_core.environment:checking '/home/nextup/Downloads/colcon_ws/install/realsense_gazebo_plugin/lib/pkgconfig/realsense_gazebo_plugin.pc'
[2.556s] Level 1:colcon.colcon_core.environment:checking '/home/nextup/Downloads/colcon_ws/install/realsense_gazebo_plugin/lib/python3.10/site-packages'
[2.556s] Level 1:colcon.colcon_core.environment:checking '/home/nextup/Downloads/colcon_ws/install/realsense_gazebo_plugin/bin'
[2.570s] INFO:colcon.colcon_core.shell:Creating package script '/home/nextup/Downloads/colcon_ws/install/realsense_gazebo_plugin/share/realsense_gazebo_plugin/package.ps1'
[2.570s] INFO:colcon.colcon_core.shell:Creating package descriptor '/home/nextup/Downloads/colcon_ws/install/realsense_gazebo_plugin/share/realsense_gazebo_plugin/package.dsv'
[2.570s] INFO:colcon.colcon_core.shell:Creating package script '/home/nextup/Downloads/colcon_ws/install/realsense_gazebo_plugin/share/realsense_gazebo_plugin/package.sh'
[2.571s] INFO:colcon.colcon_core.shell:Creating package script '/home/nextup/Downloads/colcon_ws/install/realsense_gazebo_plugin/share/realsense_gazebo_plugin/package.bash'
[2.571s] INFO:colcon.colcon_core.shell:Creating package script '/home/nextup/Downloads/colcon_ws/install/realsense_gazebo_plugin/share/realsense_gazebo_plugin/package.zsh'
[2.571s] Level 1:colcon.colcon_core.environment:create_file_with_runtime_dependencies(/home/nextup/Downloads/colcon_ws/install/realsense_gazebo_plugin/share/colcon-core/packages/realsense_gazebo_plugin)
[3.539s] DEBUG:colcon.colcon_core.event_handler.log_command:Invoked command in '/home/nextup/Downloads/colcon_ws/build/gazebo_ros2_control' returned '0': CMAKE_PREFIX_PATH=/opt/ros/humble /usr/bin/cmake /home/nextup/Downloads/colcon_ws/src/gazebo_ros2_control -DAMENT_CMAKE_SYMLINK_INSTALL=1 -DCMAKE_INSTALL_PREFIX=/home/nextup/Downloads/colcon_ws/install/gazebo_ros2_control
[3.540s] DEBUG:colcon.colcon_core.event_handler.log_command:Invoking command in '/home/nextup/Downloads/colcon_ws/build/gazebo_ros2_control': CMAKE_PREFIX_PATH=/opt/ros/humble /usr/bin/cmake --build /home/nextup/Downloads/colcon_ws/build/gazebo_ros2_control -- -j16 -l16
[3.595s] DEBUG:colcon.colcon_core.event_handler.log_command:Invoked command in '/home/nextup/Downloads/colcon_ws/build/gazebo_ros2_control' returned '0': CMAKE_PREFIX_PATH=/opt/ros/humble /usr/bin/cmake --build /home/nextup/Downloads/colcon_ws/build/gazebo_ros2_control -- -j16 -l16
[3.611s] DEBUG:colcon.colcon_core.event_handler.log_command:Invoking command in '/home/nextup/Downloads/colcon_ws/build/gazebo_ros2_control': CMAKE_PREFIX_PATH=/opt/ros/humble /usr/bin/cmake --install /home/nextup/Downloads/colcon_ws/build/gazebo_ros2_control
[3.625s] Level 1:colcon.colcon_core.environment:create_environment_scripts_only(gazebo_ros2_control)
[3.626s] DEBUG:colcon.colcon_core.event_handler.log_command:Invoked command in '/home/nextup/Downloads/colcon_ws/build/gazebo_ros2_control' returned '0': CMAKE_PREFIX_PATH=/opt/ros/humble /usr/bin/cmake --install /home/nextup/Downloads/colcon_ws/build/gazebo_ros2_control
[3.639s] Level 1:colcon.colcon_core.environment:checking '/home/nextup/Downloads/colcon_ws/install/gazebo_ros2_control' for CMake module files
[3.639s] Level 1:colcon.colcon_core.environment:checking '/home/nextup/Downloads/colcon_ws/install/gazebo_ros2_control' for CMake config files
[3.639s] Level 1:colcon.colcon_core.shell:create_environment_hook('gazebo_ros2_control', 'cmake_prefix_path')
[3.652s] INFO:colcon.colcon_core.shell:Creating environment hook '/home/nextup/Downloads/colcon_ws/install/gazebo_ros2_control/share/gazebo_ros2_control/hook/cmake_prefix_path.ps1'
[3.652s] INFO:colcon.colcon_core.shell:Creating environment descriptor '/home/nextup/Downloads/colcon_ws/install/gazebo_ros2_control/share/gazebo_ros2_control/hook/cmake_prefix_path.dsv'
[3.653s] INFO:colcon.colcon_core.shell:Creating environment hook '/home/nextup/Downloads/colcon_ws/install/gazebo_ros2_control/share/gazebo_ros2_control/hook/cmake_prefix_path.sh'
[3.653s] Level 1:colcon.colcon_core.environment:checking '/home/nextup/Downloads/colcon_ws/install/gazebo_ros2_control/lib'
[3.653s] Level 1:colcon.colcon_core.shell:create_environment_hook('gazebo_ros2_control', 'ld_library_path_lib')
[3.666s] INFO:colcon.colcon_core.shell:Creating environment hook '/home/nextup/Downloads/colcon_ws/install/gazebo_ros2_control/share/gazebo_ros2_control/hook/ld_library_path_lib.ps1'
[3.666s] INFO:colcon.colcon_core.shell:Creating environment descriptor '/home/nextup/Downloads/colcon_ws/install/gazebo_ros2_control/share/gazebo_ros2_control/hook/ld_library_path_lib.dsv'
[3.666s] INFO:colcon.colcon_core.shell:Creating environment hook '/home/nextup/Downloads/colcon_ws/install/gazebo_ros2_control/share/gazebo_ros2_control/hook/ld_library_path_lib.sh'
[3.666s] Level 1:colcon.colcon_core.environment:checking '/home/nextup/Downloads/colcon_ws/install/gazebo_ros2_control/bin'
[3.667s] Level 1:colcon.colcon_core.environment:checking '/home/nextup/Downloads/colcon_ws/install/gazebo_ros2_control/lib/pkgconfig/gazebo_ros2_control.pc'
[3.667s] Level 1:colcon.colcon_core.environment:checking '/home/nextup/Downloads/colcon_ws/install/gazebo_ros2_control/lib/python3.10/site-packages'
[3.667s] Level 1:colcon.colcon_core.environment:checking '/home/nextup/Downloads/colcon_ws/install/gazebo_ros2_control/bin'
[3.680s] INFO:colcon.colcon_core.shell:Creating package script '/home/nextup/Downloads/colcon_ws/install/gazebo_ros2_control/share/gazebo_ros2_control/package.ps1'
[3.680s] INFO:colcon.colcon_core.shell:Creating package descriptor '/home/nextup/Downloads/colcon_ws/install/gazebo_ros2_control/share/gazebo_ros2_control/package.dsv'
[3.680s] INFO:colcon.colcon_core.shell:Creating package script '/home/nextup/Downloads/colcon_ws/install/gazebo_ros2_control/share/gazebo_ros2_control/package.sh'
[3.681s] INFO:colcon.colcon_core.shell:Creating package script '/home/nextup/Downloads/colcon_ws/install/gazebo_ros2_control/share/gazebo_ros2_control/package.bash'
[3.681s] INFO:colcon.colcon_core.shell:Creating package script '/home/nextup/Downloads/colcon_ws/install/gazebo_ros2_control/share/gazebo_ros2_control/package.zsh'
[3.681s] Level 1:colcon.colcon_core.environment:create_file_with_runtime_dependencies(/home/nextup/Downloads/colcon_ws/install/gazebo_ros2_control/share/colcon-core/packages/gazebo_ros2_control)
[3.710s] Level 1:colcon.colcon_core.environment:create_environment_scripts_only(gazebo_ros2_control)
[3.730s] Level 1:colcon.colcon_core.environment:checking '/home/nextup/Downloads/colcon_ws/install/gazebo_ros2_control' for CMake module files
[3.730s] Level 1:colcon.colcon_core.environment:checking '/home/nextup/Downloads/colcon_ws/install/gazebo_ros2_control' for CMake config files
[3.730s] Level 1:colcon.colcon_core.shell:create_environment_hook('gazebo_ros2_control', 'cmake_prefix_path')
[3.743s] INFO:colcon.colcon_core.shell:Creating environment hook '/home/nextup/Downloads/colcon_ws/install/gazebo_ros2_control/share/gazebo_ros2_control/hook/cmake_prefix_path.ps1'
[3.744s] INFO:colcon.colcon_core.shell:Creating environment descriptor '/home/nextup/Downloads/colcon_ws/install/gazebo_ros2_control/share/gazebo_ros2_control/hook/cmake_prefix_path.dsv'
[3.744s] INFO:colcon.colcon_core.shell:Creating environment hook '/home/nextup/Downloads/colcon_ws/install/gazebo_ros2_control/share/gazebo_ros2_control/hook/cmake_prefix_path.sh'
[3.744s] Level 1:colcon.colcon_core.environment:checking '/home/nextup/Downloads/colcon_ws/install/gazebo_ros2_control/lib'
[3.744s] Level 1:colcon.colcon_core.shell:create_environment_hook('gazebo_ros2_control', 'ld_library_path_lib')
[3.757s] INFO:colcon.colcon_core.shell:Creating environment hook '/home/nextup/Downloads/colcon_ws/install/gazebo_ros2_control/share/gazebo_ros2_control/hook/ld_library_path_lib.ps1'
[3.757s] INFO:colcon.colcon_core.shell:Creating environment descriptor '/home/nextup/Downloads/colcon_ws/install/gazebo_ros2_control/share/gazebo_ros2_control/hook/ld_library_path_lib.dsv'
[3.758s] INFO:colcon.colcon_core.shell:Creating environment hook '/home/nextup/Downloads/colcon_ws/install/gazebo_ros2_control/share/gazebo_ros2_control/hook/ld_library_path_lib.sh'
[3.758s] Level 1:colcon.colcon_core.environment:checking '/home/nextup/Downloads/colcon_ws/install/gazebo_ros2_control/bin'
[3.758s] Level 1:colcon.colcon_core.environment:checking '/home/nextup/Downloads/colcon_ws/install/gazebo_ros2_control/lib/pkgconfig/gazebo_ros2_control.pc'
[3.758s] Level 1:colcon.colcon_core.environment:checking '/home/nextup/Downloads/colcon_ws/install/gazebo_ros2_control/lib/python3.10/site-packages'
[3.758s] Level 1:colcon.colcon_core.environment:checking '/home/nextup/Downloads/colcon_ws/install/gazebo_ros2_control/bin'
[3.771s] INFO:colcon.colcon_core.shell:Creating package script '/home/nextup/Downloads/colcon_ws/install/gazebo_ros2_control/share/gazebo_ros2_control/package.ps1'
[3.772s] INFO:colcon.colcon_core.shell:Creating package descriptor '/home/nextup/Downloads/colcon_ws/install/gazebo_ros2_control/share/gazebo_ros2_control/package.dsv'
[3.772s] INFO:colcon.colcon_core.shell:Creating package script '/home/nextup/Downloads/colcon_ws/install/gazebo_ros2_control/share/gazebo_ros2_control/package.sh'
[3.772s] INFO:colcon.colcon_core.shell:Creating package script '/home/nextup/Downloads/colcon_ws/install/gazebo_ros2_control/share/gazebo_ros2_control/package.bash'
[3.773s] INFO:colcon.colcon_core.shell:Creating package script '/home/nextup/Downloads/colcon_ws/install/gazebo_ros2_control/share/gazebo_ros2_control/package.zsh'
[3.773s] Level 1:colcon.colcon_core.environment:create_file_with_runtime_dependencies(/home/nextup/Downloads/colcon_ws/install/gazebo_ros2_control/share/colcon-core/packages/gazebo_ros2_control)
[3.773s] DEBUG:colcon.colcon_parallel_executor.executor.parallel:closing loop
[3.773s] DEBUG:colcon.colcon_parallel_executor.executor.parallel:loop closed
[3.773s] DEBUG:colcon.colcon_parallel_executor.executor.parallel:run_until_complete finished with '0'
[3.773s] DEBUG:colcon.colcon_core.event_reactor:joining thread
[3.790s] INFO:colcon.colcon_core.plugin_system:Skipping extension 'colcon_notification.desktop_notification.terminal_notifier': Not used on non-Darwin systems
[3.791s] INFO:colcon.colcon_core.plugin_system:Skipping extension 'colcon_notification.desktop_notification.win32': Not used on non-Windows systems
[3.791s] INFO:colcon.colcon_notification.desktop_notification:Sending desktop notification using 'notify2'
[3.799s] DEBUG:colcon.colcon_core.event_reactor:joined thread
[3.812s] INFO:colcon.colcon_core.shell:Creating prefix script '/home/nextup/Downloads/colcon_ws/install/local_setup.ps1'
[3.813s] INFO:colcon.colcon_core.shell:Creating prefix util module '/home/nextup/Downloads/colcon_ws/install/_local_setup_util_ps1.py'
[3.814s] INFO:colcon.colcon_core.shell:Creating prefix chain script '/home/nextup/Downloads/colcon_ws/install/setup.ps1'
[3.828s] INFO:colcon.colcon_core.shell:Creating prefix script '/home/nextup/Downloads/colcon_ws/install/local_setup.sh'
[3.828s] INFO:colcon.colcon_core.shell:Creating prefix util module '/home/nextup/Downloads/colcon_ws/install/_local_setup_util_sh.py'
[3.828s] INFO:colcon.colcon_core.shell:Creating prefix chain script '/home/nextup/Downloads/colcon_ws/install/setup.sh'
[3.842s] INFO:colcon.colcon_core.shell:Creating prefix script '/home/nextup/Downloads/colcon_ws/install/local_setup.bash'
[3.842s] INFO:colcon.colcon_core.shell:Creating prefix chain script '/home/nextup/Downloads/colcon_ws/install/setup.bash'
[3.856s] INFO:colcon.colcon_core.shell:Creating prefix script '/home/nextup/Downloads/colcon_ws/install/local_setup.zsh'
[3.856s] INFO:colcon.colcon_core.shell:Creating prefix chain script '/home/nextup/Downloads/colcon_ws/install/setup.zsh'
