[0.049s] Invoking command in '/home/nextup/Downloads/colcon_ws/build/realsense_gazebo_plugin': CMAKE_PREFIX_PATH=/opt/ros/humble /usr/bin/cmake /home/nextup/Downloads/colcon_ws/src/realsense_gazebo_plugin -DAMENT_CMAKE_SYMLINK_INSTALL=1 -DCMAKE_INSTALL_PREFIX=/home/nextup/Downloads/colcon_ws/install/realsense_gazebo_plugin
[0.057s] -- Found ament_cmake: 1.3.6 (/opt/ros/humble/share/ament_cmake/cmake)
[0.151s] -- Override CMake install command with custom implementation using symlinks instead of copying resources
[0.156s] -- Found rclcpp: 16.0.7 (/opt/ros/humble/share/rclcpp/cmake)
[0.177s] -- Found rosidl_generator_c: 3.1.5 (/opt/ros/humble/share/rosidl_generator_c/cmake)
[0.179s] -- Found rosidl_adapter: 3.1.5 (/opt/ros/humble/share/rosidl_adapter/cmake)
[0.183s] -- Found rosidl_generator_cpp: 3.1.5 (/opt/ros/humble/share/rosidl_generator_cpp/cmake)
[0.191s] -- Using all available rosidl_typesupport_c: rosidl_typesupport_fastrtps_c;rosidl_typesupport_introspection_c
[0.203s] -- Using all available rosidl_typesupport_cpp: rosidl_typesupport_fastrtps_cpp;rosidl_typesupport_introspection_cpp
[0.248s] -- Found rmw_implementation_cmake: 6.1.1 (/opt/ros/humble/share/rmw_implementation_cmake/cmake)
[0.249s] -- Found rmw_fastrtps_cpp: 6.2.5 (/opt/ros/humble/share/rmw_fastrtps_cpp/cmake)
[0.335s] -- Using RMW implementation 'rmw_fastrtps_cpp' as default
[0.460s] -- Found gazebo_ros: 3.7.0 (/opt/ros/humble/share/gazebo_ros/cmake)
[0.482s] -- Found DART: /usr/include (Required is at least version "6.6") found components: dart 
[0.501s] -- Found Protobuf: /usr/lib/x86_64-linux-gnu/libprotobuf.so (found version "3.12.4") 
[0.502s] -- Looking for ignition-math6 -- found version 6.15.0
[0.505s] -- Searching for dependencies of ignition-math6
[0.506s] -- Looking for OGRE...
[0.510s] -- Found Ogre Ghadamon (1.9.0)
[0.510s] -- Found OGRE: optimized;/usr/lib/x86_64-linux-gnu/libOgreMain.so;debug;/usr/lib/x86_64-linux-gnu/libOgreMain.so
[0.517s] -- Looking for OGRE_Paging...
[0.517s] -- Found OGRE_Paging: optimized;/usr/lib/x86_64-linux-gnu/libOgrePaging.so;debug;/usr/lib/x86_64-linux-gnu/libOgrePaging.so
[0.518s] -- Looking for OGRE_Terrain...
[0.518s] -- Found OGRE_Terrain: optimized;/usr/lib/x86_64-linux-gnu/libOgreTerrain.so;debug;/usr/lib/x86_64-linux-gnu/libOgreTerrain.so
[0.518s] -- Looking for OGRE_Property...
[0.518s] -- Found OGRE_Property: optimized;/usr/lib/x86_64-linux-gnu/libOgreProperty.so;debug;/usr/lib/x86_64-linux-gnu/libOgreProperty.so
[0.518s] -- Looking for OGRE_RTShaderSystem...
[0.518s] -- Found OGRE_RTShaderSystem: optimized;/usr/lib/x86_64-linux-gnu/libOgreRTShaderSystem.so;debug;/usr/lib/x86_64-linux-gnu/libOgreRTShaderSystem.so
[0.518s] -- Looking for OGRE_Volume...
[0.518s] -- Found OGRE_Volume: optimized;/usr/lib/x86_64-linux-gnu/libOgreVolume.so;debug;/usr/lib/x86_64-linux-gnu/libOgreVolume.so
[0.518s] -- Looking for OGRE_Overlay...
[0.518s] -- Found OGRE_Overlay: optimized;/usr/lib/x86_64-linux-gnu/libOgreOverlay.so;debug;/usr/lib/x86_64-linux-gnu/libOgreOverlay.so
[0.593s] -- Looking for ignition-math6 -- found version 6.15.0
[0.593s] -- Looking for ignition-transport8 -- found version 8.2.1
[0.594s] -- Searching for dependencies of ignition-transport8
[0.606s] -- Found Protobuf: /usr/lib/x86_64-linux-gnu/libprotobuf.so (found suitable version "3.12.4", minimum required is "3") 
[0.613s] -- Config-file not installed for ZeroMQ -- checking for pkg-config
[0.616s] -- Checking for module 'libzmq >= 4'
[0.623s] --   Found libzmq , version 4.3.4
[0.645s] -- Checking for module 'uuid'
[0.652s] --   Found uuid, version 2.37.2
[0.669s] -- Looking for ignition-msgs5 -- found version 5.8.1
[0.669s] -- Searching for dependencies of ignition-msgs5
[0.682s] -- Looking for ignition-math6 -- found version 6.15.0
[0.685s] -- Checking for module 'tinyxml2'
[0.691s] --   Found tinyxml2, version 9.0.0
[0.710s] -- Looking for ignition-msgs5 -- found version 5.8.1
[0.710s] -- Looking for ignition-common3 -- found version 3.14.0
[0.710s] -- Searching for dependencies of ignition-common3
[0.710s] -- Looking for dlfcn.h - found
[0.710s] -- Looking for libdl - found
[0.717s] -- Searching for <ignition-common3> component [graphics]
[0.717s] -- Looking for ignition-common3-graphics -- found version 3.14.0
[0.717s] -- Searching for dependencies of ignition-common3-graphics
[0.718s] -- Looking for ignition-math6 -- found version 6.15.0
[0.718s] -- Looking for ignition-fuel_tools4 -- found version 4.4.0
[0.719s] -- Searching for dependencies of ignition-fuel_tools4
[0.742s] -- Checking for module 'jsoncpp'
[0.749s] --   Found jsoncpp, version 1.9.5
[0.769s] -- Checking for module 'libzip'
[0.776s] --   Found libzip, version 1.7.3
[0.793s] -- Looking for ignition-common3 -- found version 3.14.0
[0.793s] -- Looking for ignition-math6 -- found version 6.15.0
[0.794s] -- Looking for ignition-msgs5 -- found version 5.8.1
[0.794s] -- Gazebo version: 11.10
[0.798s] -- Found image_transport: 3.1.7 (/opt/ros/humble/share/image_transport/cmake)
[0.929s] -- Found camera_info_manager: 3.1.7 (/opt/ros/humble/share/camera_info_manager/cmake)
[0.973s] -- Found ament_lint_auto: 0.12.9 (/opt/ros/humble/share/ament_lint_auto/cmake)
[1.020s] -- Configuring done
[1.034s] -- Generating done
[1.035s] -- Build files have been written to: /home/nextup/Downloads/colcon_ws/build/realsense_gazebo_plugin
[1.042s] Invoked command in '/home/nextup/Downloads/colcon_ws/build/realsense_gazebo_plugin' returned '0': CMAKE_PREFIX_PATH=/opt/ros/humble /usr/bin/cmake /home/nextup/Downloads/colcon_ws/src/realsense_gazebo_plugin -DAMENT_CMAKE_SYMLINK_INSTALL=1 -DCMAKE_INSTALL_PREFIX=/home/nextup/Downloads/colcon_ws/install/realsense_gazebo_plugin
[1.043s] Invoking command in '/home/nextup/Downloads/colcon_ws/build/realsense_gazebo_plugin': CMAKE_PREFIX_PATH=/opt/ros/humble /usr/bin/cmake --build /home/nextup/Downloads/colcon_ws/build/realsense_gazebo_plugin -- -j16 -l16
[1.073s] [35m[1mConsolidate compiler generated dependencies of target realsense_gazebo_plugin[0m
[1.106s] [100%] Built target realsense_gazebo_plugin
[1.114s] Invoked command in '/home/nextup/Downloads/colcon_ws/build/realsense_gazebo_plugin' returned '0': CMAKE_PREFIX_PATH=/opt/ros/humble /usr/bin/cmake --build /home/nextup/Downloads/colcon_ws/build/realsense_gazebo_plugin -- -j16 -l16
[1.129s] Invoking command in '/home/nextup/Downloads/colcon_ws/build/realsense_gazebo_plugin': CMAKE_PREFIX_PATH=/opt/ros/humble /usr/bin/cmake --install /home/nextup/Downloads/colcon_ws/build/realsense_gazebo_plugin
[1.133s] -- Install configuration: ""
[1.134s] -- Execute custom install script
[1.134s] -- Up-to-date symlink: /home/nextup/Downloads/colcon_ws/install/realsense_gazebo_plugin/lib/librealsense_gazebo_plugin.so
[1.134s] -- Up-to-date symlink: /home/nextup/Downloads/colcon_ws/install/realsense_gazebo_plugin/include//realsense_gazebo_plugin/RealSensePlugin.h
[1.134s] -- Up-to-date symlink: /home/nextup/Downloads/colcon_ws/install/realsense_gazebo_plugin/include//realsense_gazebo_plugin/gazebo_ros_realsense.h
[1.134s] -- Up-to-date symlink: /home/nextup/Downloads/colcon_ws/install/realsense_gazebo_plugin/share/realsense_gazebo_plugin/environment/library_path.sh
[1.134s] -- Up-to-date symlink: /home/nextup/Downloads/colcon_ws/install/realsense_gazebo_plugin/share/realsense_gazebo_plugin/environment/library_path.dsv
[1.134s] -- Up-to-date symlink: /home/nextup/Downloads/colcon_ws/install/realsense_gazebo_plugin/share/ament_index/resource_index/package_run_dependencies/realsense_gazebo_plugin
[1.135s] -- Up-to-date symlink: /home/nextup/Downloads/colcon_ws/install/realsense_gazebo_plugin/share/ament_index/resource_index/parent_prefix_path/realsense_gazebo_plugin
[1.135s] -- Up-to-date symlink: /home/nextup/Downloads/colcon_ws/install/realsense_gazebo_plugin/share/realsense_gazebo_plugin/environment/ament_prefix_path.sh
[1.135s] -- Up-to-date symlink: /home/nextup/Downloads/colcon_ws/install/realsense_gazebo_plugin/share/realsense_gazebo_plugin/environment/ament_prefix_path.dsv
[1.135s] -- Up-to-date symlink: /home/nextup/Downloads/colcon_ws/install/realsense_gazebo_plugin/share/realsense_gazebo_plugin/environment/path.sh
[1.135s] -- Up-to-date symlink: /home/nextup/Downloads/colcon_ws/install/realsense_gazebo_plugin/share/realsense_gazebo_plugin/environment/path.dsv
[1.135s] -- Up-to-date symlink: /home/nextup/Downloads/colcon_ws/install/realsense_gazebo_plugin/share/realsense_gazebo_plugin/local_setup.bash
[1.135s] -- Up-to-date symlink: /home/nextup/Downloads/colcon_ws/install/realsense_gazebo_plugin/share/realsense_gazebo_plugin/local_setup.sh
[1.135s] -- Up-to-date symlink: /home/nextup/Downloads/colcon_ws/install/realsense_gazebo_plugin/share/realsense_gazebo_plugin/local_setup.zsh
[1.135s] -- Up-to-date symlink: /home/nextup/Downloads/colcon_ws/install/realsense_gazebo_plugin/share/realsense_gazebo_plugin/local_setup.dsv
[1.135s] -- Symlinking: /home/nextup/Downloads/colcon_ws/install/realsense_gazebo_plugin/share/realsense_gazebo_plugin/package.dsv
[1.141s] -- Up-to-date symlink: /home/nextup/Downloads/colcon_ws/install/realsense_gazebo_plugin/share/ament_index/resource_index/packages/realsense_gazebo_plugin
[1.141s] -- Up-to-date symlink: /home/nextup/Downloads/colcon_ws/install/realsense_gazebo_plugin/share/realsense_gazebo_plugin/cmake/ament_cmake_export_include_directories-extras.cmake
[1.141s] -- Up-to-date symlink: /home/nextup/Downloads/colcon_ws/install/realsense_gazebo_plugin/share/realsense_gazebo_plugin/cmake/ament_cmake_export_libraries-extras.cmake
[1.141s] -- Up-to-date symlink: /home/nextup/Downloads/colcon_ws/install/realsense_gazebo_plugin/share/realsense_gazebo_plugin/cmake/realsense_gazebo_pluginConfig.cmake
[1.141s] -- Up-to-date symlink: /home/nextup/Downloads/colcon_ws/install/realsense_gazebo_plugin/share/realsense_gazebo_plugin/cmake/realsense_gazebo_pluginConfig-version.cmake
[1.141s] -- Up-to-date symlink: /home/nextup/Downloads/colcon_ws/install/realsense_gazebo_plugin/share/realsense_gazebo_plugin/package.xml
[1.143s] Invoked command in '/home/nextup/Downloads/colcon_ws/build/realsense_gazebo_plugin' returned '0': CMAKE_PREFIX_PATH=/opt/ros/humble /usr/bin/cmake --install /home/nextup/Downloads/colcon_ws/build/realsense_gazebo_plugin
