[0.501s] Invoking command in '/home/nextup/Downloads/colcon_ws/build/aws_robomaker_small_warehouse_world': CMAKE_PREFIX_PATH=${CMAKE_PREFIX_PATH}:/opt/ros/humble /usr/bin/cmake /home/nextup/Downloads/colcon_ws/src/aws-robomaker-small-warehouse-world -DAMENT_CMAKE_SYMLINK_INSTALL=1 -DCMAKE_INSTALL_PREFIX=/home/nextup/Downloads/colcon_ws/install/aws_robomaker_small_warehouse_world
[0.513s] -- Found ament_cmake: 1.3.6 (/opt/ros/humble/share/ament_cmake/cmake)
[0.631s] -- Override CMake install command with custom implementation using symlinks instead of copying resources
[0.639s] -- Found gazebo_ros: 3.7.0 (/opt/ros/humble/share/gazebo_ros/cmake)
[0.679s] -- Found rosidl_generator_c: 3.1.5 (/opt/ros/humble/share/rosidl_generator_c/cmake)
[0.683s] -- Found rosidl_adapter: 3.1.5 (/opt/ros/humble/share/rosidl_adapter/cmake)
[0.691s] -- Found rosidl_generator_cpp: 3.1.5 (/opt/ros/humble/share/rosidl_generator_cpp/cmake)
[0.707s] -- Using all available rosidl_typesupport_c: rosidl_typesupport_fastrtps_c;rosidl_typesupport_introspection_c
[0.730s] -- Using all available rosidl_typesupport_cpp: rosidl_typesupport_fastrtps_cpp;rosidl_typesupport_introspection_cpp
[0.812s] -- Found rmw_implementation_cmake: 6.1.1 (/opt/ros/humble/share/rmw_implementation_cmake/cmake)
[0.816s] -- Found rmw_fastrtps_cpp: 6.2.5 (/opt/ros/humble/share/rmw_fastrtps_cpp/cmake)
[0.928s] -- Using RMW implementation 'rmw_fastrtps_cpp' as default
[1.090s] -- Found DART: /usr/include (Required is at least version "6.6") found components: dart 
[1.111s] -- Found Protobuf: /usr/lib/x86_64-linux-gnu/libprotobuf.so (found version "3.12.4") 
[1.112s] -- Looking for ignition-math6 -- found version 6.15.0
[1.115s] -- Searching for dependencies of ignition-math6
[1.116s] -- Looking for OGRE...
[1.120s] -- Found Ogre Ghadamon (1.9.0)
[1.120s] -- Found OGRE: optimized;/usr/lib/x86_64-linux-gnu/libOgreMain.so;debug;/usr/lib/x86_64-linux-gnu/libOgreMain.so
[1.128s] -- Looking for OGRE_Paging...
[1.128s] -- Found OGRE_Paging: optimized;/usr/lib/x86_64-linux-gnu/libOgrePaging.so;debug;/usr/lib/x86_64-linux-gnu/libOgrePaging.so
[1.128s] -- Looking for OGRE_Terrain...
[1.128s] -- Found OGRE_Terrain: optimized;/usr/lib/x86_64-linux-gnu/libOgreTerrain.so;debug;/usr/lib/x86_64-linux-gnu/libOgreTerrain.so
[1.128s] -- Looking for OGRE_Property...
[1.128s] -- Found OGRE_Property: optimized;/usr/lib/x86_64-linux-gnu/libOgreProperty.so;debug;/usr/lib/x86_64-linux-gnu/libOgreProperty.so
[1.128s] -- Looking for OGRE_RTShaderSystem...
[1.128s] -- Found OGRE_RTShaderSystem: optimized;/usr/lib/x86_64-linux-gnu/libOgreRTShaderSystem.so;debug;/usr/lib/x86_64-linux-gnu/libOgreRTShaderSystem.so
[1.128s] -- Looking for OGRE_Volume...
[1.129s] -- Found OGRE_Volume: optimized;/usr/lib/x86_64-linux-gnu/libOgreVolume.so;debug;/usr/lib/x86_64-linux-gnu/libOgreVolume.so
[1.129s] -- Looking for OGRE_Overlay...
[1.129s] -- Found OGRE_Overlay: optimized;/usr/lib/x86_64-linux-gnu/libOgreOverlay.so;debug;/usr/lib/x86_64-linux-gnu/libOgreOverlay.so
[1.270s] -- Looking for ignition-math6 -- found version 6.15.0
[1.270s] -- Looking for ignition-transport8 -- found version 8.2.1
[1.271s] -- Searching for dependencies of ignition-transport8
[1.291s] -- Found Protobuf: /usr/lib/x86_64-linux-gnu/libprotobuf.so (found suitable version "3.12.4", minimum required is "3") 
[1.306s] -- Config-file not installed for ZeroMQ -- checking for pkg-config
[1.310s] -- Checking for module 'libzmq >= 4'
[1.324s] --   Found libzmq , version 4.3.4
[1.353s] -- Checking for module 'uuid'
[1.362s] --   Found uuid, version 2.37.2
[1.383s] -- Looking for ignition-msgs5 -- found version 5.8.1
[1.383s] -- Searching for dependencies of ignition-msgs5
[1.397s] -- Looking for ignition-math6 -- found version 6.15.0
[1.401s] -- Checking for module 'tinyxml2'
[1.410s] --   Found tinyxml2, version 9.0.0
[1.431s] -- Looking for ignition-msgs5 -- found version 5.8.1
[1.431s] -- Looking for ignition-common3 -- found version 3.14.0
[1.432s] -- Searching for dependencies of ignition-common3
[1.432s] -- Looking for dlfcn.h - found
[1.432s] -- Looking for libdl - found
[1.440s] -- Searching for <ignition-common3> component [graphics]
[1.440s] -- Looking for ignition-common3-graphics -- found version 3.14.0
[1.441s] -- Searching for dependencies of ignition-common3-graphics
[1.441s] -- Looking for ignition-math6 -- found version 6.15.0
[1.442s] -- Looking for ignition-fuel_tools4 -- found version 4.4.0
[1.442s] -- Searching for dependencies of ignition-fuel_tools4
[1.472s] -- Checking for module 'jsoncpp'
[1.482s] --   Found jsoncpp, version 1.9.5
[1.508s] -- Checking for module 'libzip'
[1.518s] --   Found libzip, version 1.7.3
[1.539s] -- Looking for ignition-common3 -- found version 3.14.0
[1.539s] -- Looking for ignition-math6 -- found version 6.15.0
[1.540s] -- Looking for ignition-msgs5 -- found version 5.8.1
[1.541s] -- Gazebo version: 11.10
[1.602s] -- Configuring done
[1.606s] -- Generating done
[1.607s] -- Build files have been written to: /home/nextup/Downloads/colcon_ws/build/aws_robomaker_small_warehouse_world
