[0.864s] DEBUG:colcon:Command line arguments: ['/usr/bin/colcon', 'build', '--symlink-install']
[0.864s] DEBUG:colcon:Parsed command line arguments: Namespace(log_base=None, log_level=None, verb_name='build', build_base='build', install_base='install', merge_install=False, symlink_install=True, test_result_base=None, continue_on_error=False, executor='parallel', parallel_workers=16, event_handlers=None, ignore_user_meta=False, metas=['./colcon.meta'], base_paths=['.'], packages_ignore=None, packages_ignore_regex=None, paths=None, packages_up_to=None, packages_up_to_regex=None, packages_above=None, packages_above_and_dependencies=None, packages_above_depth=None, packages_select_by_dep=None, packages_skip_by_dep=None, packages_skip_up_to=None, packages_select_build_failed=False, packages_skip_build_finished=False, packages_select_test_failures=False, packages_skip_test_passed=False, packages_select=None, packages_skip=None, packages_select_regex=None, packages_skip_regex=None, packages_start=None, packages_end=None, allow_overriding=[], cmake_args=None, cmake_target=None, cmake_target_skip_unavailable=False, cmake_clean_cache=False, cmake_clean_first=False, cmake_force_configure=False, ament_cmake_args=None, catkin_cmake_args=None, catkin_skip_building_tests=False, verb_parser=<colcon_defaults.argument_parser.defaults.DefaultArgumentsDecorator object at 0x7f0c03786770>, verb_extension=<colcon_core.verb.build.BuildVerb object at 0x7f0c03784940>, main=<bound method BuildVerb.main of <colcon_core.verb.build.BuildVerb object at 0x7f0c03784940>>)
[0.901s] Level 1:colcon.colcon_core.package_discovery:discover_packages(colcon_meta) check parameters
[0.901s] Level 1:colcon.colcon_core.package_discovery:discover_packages(recursive) check parameters
[0.901s] Level 1:colcon.colcon_core.package_discovery:discover_packages(ignore) check parameters
[0.901s] Level 1:colcon.colcon_core.package_discovery:discover_packages(path) check parameters
[0.902s] Level 1:colcon.colcon_core.package_discovery:discover_packages(colcon_meta) discover
[0.902s] Level 1:colcon.colcon_core.package_discovery:discover_packages(recursive) discover
[0.902s] INFO:colcon.colcon_core.package_discovery:Crawling recursively for packages in '/home/nextup/Downloads/colcon_ws'
[0.902s] Level 1:colcon.colcon_core.package_identification:_identify(.) by extensions ['ignore', 'ignore_ament_install']
[0.902s] Level 1:colcon.colcon_core.package_identification:_identify(.) by extension 'ignore'
[0.902s] Level 1:colcon.colcon_core.package_identification:_identify(.) by extension 'ignore_ament_install'
[0.902s] Level 1:colcon.colcon_core.package_identification:_identify(.) by extensions ['colcon_pkg']
[0.902s] Level 1:colcon.colcon_core.package_identification:_identify(.) by extension 'colcon_pkg'
[0.902s] Level 1:colcon.colcon_core.package_identification:_identify(.) by extensions ['colcon_meta']
[0.902s] Level 1:colcon.colcon_core.package_identification:_identify(.) by extension 'colcon_meta'
[0.902s] Level 1:colcon.colcon_core.package_identification:_identify(.) by extensions ['ros']
[0.902s] Level 1:colcon.colcon_core.package_identification:_identify(.) by extension 'ros'
[0.910s] Level 1:colcon.colcon_core.package_identification:_identify(.) by extensions ['cmake', 'python']
[0.910s] Level 1:colcon.colcon_core.package_identification:_identify(.) by extension 'cmake'
[0.910s] Level 1:colcon.colcon_core.package_identification:_identify(.) by extension 'python'
[0.910s] Level 1:colcon.colcon_core.package_identification:_identify(.) by extensions ['python_setup_py']
[0.910s] Level 1:colcon.colcon_core.package_identification:_identify(.) by extension 'python_setup_py'
[0.910s] Level 1:colcon.colcon_core.package_identification:_identify(build) by extensions ['ignore', 'ignore_ament_install']
[0.910s] Level 1:colcon.colcon_core.package_identification:_identify(build) by extension 'ignore'
[0.910s] Level 1:colcon.colcon_core.package_identification:_identify(build) ignored
[0.910s] Level 1:colcon.colcon_core.package_identification:_identify(install) by extensions ['ignore', 'ignore_ament_install']
[0.910s] Level 1:colcon.colcon_core.package_identification:_identify(install) by extension 'ignore'
[0.910s] Level 1:colcon.colcon_core.package_identification:_identify(install) ignored
[0.911s] Level 1:colcon.colcon_core.package_identification:_identify(log) by extensions ['ignore', 'ignore_ament_install']
[0.911s] Level 1:colcon.colcon_core.package_identification:_identify(log) by extension 'ignore'
[0.911s] Level 1:colcon.colcon_core.package_identification:_identify(log) ignored
[0.911s] Level 1:colcon.colcon_core.package_identification:_identify(src) by extensions ['ignore', 'ignore_ament_install']
[0.911s] Level 1:colcon.colcon_core.package_identification:_identify(src) by extension 'ignore'
[0.911s] Level 1:colcon.colcon_core.package_identification:_identify(src) by extension 'ignore_ament_install'
[0.911s] Level 1:colcon.colcon_core.package_identification:_identify(src) by extensions ['colcon_pkg']
[0.911s] Level 1:colcon.colcon_core.package_identification:_identify(src) by extension 'colcon_pkg'
[0.911s] Level 1:colcon.colcon_core.package_identification:_identify(src) by extensions ['colcon_meta']
[0.911s] Level 1:colcon.colcon_core.package_identification:_identify(src) by extension 'colcon_meta'
[0.911s] Level 1:colcon.colcon_core.package_identification:_identify(src) by extensions ['ros']
[0.911s] Level 1:colcon.colcon_core.package_identification:_identify(src) by extension 'ros'
[0.911s] Level 1:colcon.colcon_core.package_identification:_identify(src) by extensions ['cmake', 'python']
[0.911s] Level 1:colcon.colcon_core.package_identification:_identify(src) by extension 'cmake'
[0.911s] Level 1:colcon.colcon_core.package_identification:_identify(src) by extension 'python'
[0.911s] Level 1:colcon.colcon_core.package_identification:_identify(src) by extensions ['python_setup_py']
[0.911s] Level 1:colcon.colcon_core.package_identification:_identify(src) by extension 'python_setup_py'
[0.911s] Level 1:colcon.colcon_core.package_identification:_identify(src/ebot_description) by extensions ['ignore', 'ignore_ament_install']
[0.911s] Level 1:colcon.colcon_core.package_identification:_identify(src/ebot_description) by extension 'ignore'
[0.911s] Level 1:colcon.colcon_core.package_identification:_identify(src/ebot_description) by extension 'ignore_ament_install'
[0.911s] Level 1:colcon.colcon_core.package_identification:_identify(src/ebot_description) by extensions ['colcon_pkg']
[0.911s] Level 1:colcon.colcon_core.package_identification:_identify(src/ebot_description) by extension 'colcon_pkg'
[0.911s] Level 1:colcon.colcon_core.package_identification:_identify(src/ebot_description) by extensions ['colcon_meta']
[0.912s] Level 1:colcon.colcon_core.package_identification:_identify(src/ebot_description) by extension 'colcon_meta'
[0.912s] Level 1:colcon.colcon_core.package_identification:_identify(src/ebot_description) by extensions ['ros']
[0.912s] Level 1:colcon.colcon_core.package_identification:_identify(src/ebot_description) by extension 'ros'
[0.913s] DEBUG:colcon.colcon_core.package_identification:Package 'src/ebot_description' with type 'ros.ament_cmake' and name 'ebot_description'
[0.914s] Level 1:colcon.colcon_core.package_identification:_identify(src/ebot_nav2) by extensions ['ignore', 'ignore_ament_install']
[0.914s] Level 1:colcon.colcon_core.package_identification:_identify(src/ebot_nav2) by extension 'ignore'
[0.914s] Level 1:colcon.colcon_core.package_identification:_identify(src/ebot_nav2) by extension 'ignore_ament_install'
[0.914s] Level 1:colcon.colcon_core.package_identification:_identify(src/ebot_nav2) by extensions ['colcon_pkg']
[0.914s] Level 1:colcon.colcon_core.package_identification:_identify(src/ebot_nav2) by extension 'colcon_pkg'
[0.914s] Level 1:colcon.colcon_core.package_identification:_identify(src/ebot_nav2) by extensions ['colcon_meta']
[0.914s] Level 1:colcon.colcon_core.package_identification:_identify(src/ebot_nav2) by extension 'colcon_meta'
[0.914s] Level 1:colcon.colcon_core.package_identification:_identify(src/ebot_nav2) by extensions ['ros']
[0.914s] Level 1:colcon.colcon_core.package_identification:_identify(src/ebot_nav2) by extension 'ros'
[0.914s] DEBUG:colcon.colcon_core.package_identification:Package 'src/ebot_nav2' with type 'ros.ament_cmake' and name 'ebot_nav2'
[0.914s] Level 1:colcon.colcon_core.package_identification:_identify(src/gazebo_ros2_control) by extensions ['ignore', 'ignore_ament_install']
[0.915s] Level 1:colcon.colcon_core.package_identification:_identify(src/gazebo_ros2_control) by extension 'ignore'
[0.915s] Level 1:colcon.colcon_core.package_identification:_identify(src/gazebo_ros2_control) by extension 'ignore_ament_install'
[0.915s] Level 1:colcon.colcon_core.package_identification:_identify(src/gazebo_ros2_control) by extensions ['colcon_pkg']
[0.915s] Level 1:colcon.colcon_core.package_identification:_identify(src/gazebo_ros2_control) by extension 'colcon_pkg'
[0.915s] Level 1:colcon.colcon_core.package_identification:_identify(src/gazebo_ros2_control) by extensions ['colcon_meta']
[0.915s] Level 1:colcon.colcon_core.package_identification:_identify(src/gazebo_ros2_control) by extension 'colcon_meta'
[0.915s] Level 1:colcon.colcon_core.package_identification:_identify(src/gazebo_ros2_control) by extensions ['ros']
[0.915s] Level 1:colcon.colcon_core.package_identification:_identify(src/gazebo_ros2_control) by extension 'ros'
[0.916s] DEBUG:colcon.colcon_core.package_identification:Package 'src/gazebo_ros2_control' with type 'ros.ament_cmake' and name 'gazebo_ros2_control'
[0.916s] Level 1:colcon.colcon_core.package_discovery:discover_packages(recursive) using defaults
[0.916s] Level 1:colcon.colcon_core.package_discovery:discover_packages(ignore) discover
[0.916s] Level 1:colcon.colcon_core.package_discovery:discover_packages(ignore) using defaults
[0.916s] Level 1:colcon.colcon_core.package_discovery:discover_packages(path) discover
[0.916s] Level 1:colcon.colcon_core.package_discovery:discover_packages(path) using defaults
[0.993s] Level 1:colcon.colcon_core.package_discovery:discover_packages(prefix_path) check parameters
[0.993s] Level 1:colcon.colcon_core.package_discovery:discover_packages(prefix_path) discover
[1.018s] DEBUG:colcon.colcon_installed_package_information.package_discovery:Found 3 installed packages in /home/nextup/Downloads/colcon_ws/install
[1.037s] DEBUG:colcon.colcon_installed_package_information.package_discovery:Found 1 installed packages in /home/nextup/airavat_ws/install
[1.051s] DEBUG:colcon.colcon_installed_package_information.package_discovery:Found 423 installed packages in /opt/ros/humble
[1.052s] Level 1:colcon.colcon_core.package_discovery:discover_packages(prefix_path) using defaults
[1.140s] Level 5:colcon.colcon_core.verb:set package 'ebot_description' build argument 'cmake_args' from command line to 'None'
[1.140s] Level 5:colcon.colcon_core.verb:set package 'ebot_description' build argument 'cmake_target' from command line to 'None'
[1.140s] Level 5:colcon.colcon_core.verb:set package 'ebot_description' build argument 'cmake_target_skip_unavailable' from command line to 'False'
[1.140s] Level 5:colcon.colcon_core.verb:set package 'ebot_description' build argument 'cmake_clean_cache' from command line to 'False'
[1.140s] Level 5:colcon.colcon_core.verb:set package 'ebot_description' build argument 'cmake_clean_first' from command line to 'False'
[1.140s] Level 5:colcon.colcon_core.verb:set package 'ebot_description' build argument 'cmake_force_configure' from command line to 'False'
[1.140s] Level 5:colcon.colcon_core.verb:set package 'ebot_description' build argument 'ament_cmake_args' from command line to 'None'
[1.140s] Level 5:colcon.colcon_core.verb:set package 'ebot_description' build argument 'catkin_cmake_args' from command line to 'None'
[1.140s] Level 5:colcon.colcon_core.verb:set package 'ebot_description' build argument 'catkin_skip_building_tests' from command line to 'False'
[1.140s] DEBUG:colcon.colcon_core.verb:Building package 'ebot_description' with the following arguments: {'ament_cmake_args': None, 'build_base': '/home/nextup/Downloads/colcon_ws/build/ebot_description', 'catkin_cmake_args': None, 'catkin_skip_building_tests': False, 'cmake_args': None, 'cmake_clean_cache': False, 'cmake_clean_first': False, 'cmake_force_configure': False, 'cmake_target': None, 'cmake_target_skip_unavailable': False, 'install_base': '/home/nextup/Downloads/colcon_ws/install/ebot_description', 'merge_install': False, 'path': '/home/nextup/Downloads/colcon_ws/src/ebot_description', 'symlink_install': True, 'test_result_base': None}
[1.152s] Level 5:colcon.colcon_core.verb:set package 'ebot_nav2' build argument 'cmake_args' from command line to 'None'
[1.152s] Level 5:colcon.colcon_core.verb:set package 'ebot_nav2' build argument 'cmake_target' from command line to 'None'
[1.153s] Level 5:colcon.colcon_core.verb:set package 'ebot_nav2' build argument 'cmake_target_skip_unavailable' from command line to 'False'
[1.153s] Level 5:colcon.colcon_core.verb:set package 'ebot_nav2' build argument 'cmake_clean_cache' from command line to 'False'
[1.153s] Level 5:colcon.colcon_core.verb:set package 'ebot_nav2' build argument 'cmake_clean_first' from command line to 'False'
[1.153s] Level 5:colcon.colcon_core.verb:set package 'ebot_nav2' build argument 'cmake_force_configure' from command line to 'False'
[1.153s] Level 5:colcon.colcon_core.verb:set package 'ebot_nav2' build argument 'ament_cmake_args' from command line to 'None'
[1.153s] Level 5:colcon.colcon_core.verb:set package 'ebot_nav2' build argument 'catkin_cmake_args' from command line to 'None'
[1.153s] Level 5:colcon.colcon_core.verb:set package 'ebot_nav2' build argument 'catkin_skip_building_tests' from command line to 'False'
[1.153s] DEBUG:colcon.colcon_core.verb:Building package 'ebot_nav2' with the following arguments: {'ament_cmake_args': None, 'build_base': '/home/nextup/Downloads/colcon_ws/build/ebot_nav2', 'catkin_cmake_args': None, 'catkin_skip_building_tests': False, 'cmake_args': None, 'cmake_clean_cache': False, 'cmake_clean_first': False, 'cmake_force_configure': False, 'cmake_target': None, 'cmake_target_skip_unavailable': False, 'install_base': '/home/nextup/Downloads/colcon_ws/install/ebot_nav2', 'merge_install': False, 'path': '/home/nextup/Downloads/colcon_ws/src/ebot_nav2', 'symlink_install': True, 'test_result_base': None}
[1.165s] Level 5:colcon.colcon_core.verb:set package 'gazebo_ros2_control' build argument 'cmake_args' from command line to 'None'
[1.165s] Level 5:colcon.colcon_core.verb:set package 'gazebo_ros2_control' build argument 'cmake_target' from command line to 'None'
[1.165s] Level 5:colcon.colcon_core.verb:set package 'gazebo_ros2_control' build argument 'cmake_target_skip_unavailable' from command line to 'False'
[1.165s] Level 5:colcon.colcon_core.verb:set package 'gazebo_ros2_control' build argument 'cmake_clean_cache' from command line to 'False'
[1.165s] Level 5:colcon.colcon_core.verb:set package 'gazebo_ros2_control' build argument 'cmake_clean_first' from command line to 'False'
[1.165s] Level 5:colcon.colcon_core.verb:set package 'gazebo_ros2_control' build argument 'cmake_force_configure' from command line to 'False'
[1.165s] Level 5:colcon.colcon_core.verb:set package 'gazebo_ros2_control' build argument 'ament_cmake_args' from command line to 'None'
[1.165s] Level 5:colcon.colcon_core.verb:set package 'gazebo_ros2_control' build argument 'catkin_cmake_args' from command line to 'None'
[1.165s] Level 5:colcon.colcon_core.verb:set package 'gazebo_ros2_control' build argument 'catkin_skip_building_tests' from command line to 'False'
[1.166s] DEBUG:colcon.colcon_core.verb:Building package 'gazebo_ros2_control' with the following arguments: {'ament_cmake_args': None, 'build_base': '/home/nextup/Downloads/colcon_ws/build/gazebo_ros2_control', 'catkin_cmake_args': None, 'catkin_skip_building_tests': False, 'cmake_args': None, 'cmake_clean_cache': False, 'cmake_clean_first': False, 'cmake_force_configure': False, 'cmake_target': None, 'cmake_target_skip_unavailable': False, 'install_base': '/home/nextup/Downloads/colcon_ws/install/gazebo_ros2_control', 'merge_install': False, 'path': '/home/nextup/Downloads/colcon_ws/src/gazebo_ros2_control', 'symlink_install': True, 'test_result_base': None}
[1.178s] INFO:colcon.colcon_core.executor:Executing jobs using 'parallel' executor
[1.192s] DEBUG:colcon.colcon_parallel_executor.executor.parallel:run_until_complete
[1.192s] INFO:colcon.colcon_ros.task.ament_cmake.build:Building ROS package in '/home/nextup/Downloads/colcon_ws/src/ebot_description' with build type 'ament_cmake'
[1.192s] INFO:colcon.colcon_cmake.task.cmake.build:Building CMake package in '/home/nextup/Downloads/colcon_ws/src/ebot_description'
[1.206s] INFO:colcon.colcon_core.plugin_system:Skipping extension 'colcon_core.shell.bat': Not used on non-Windows systems
[1.206s] INFO:colcon.colcon_core.shell:Skip shell extension 'powershell' for command environment: Not usable outside of PowerShell
[1.206s] DEBUG:colcon.colcon_core.shell:Skip shell extension 'dsv' for command environment
[1.259s] INFO:colcon.colcon_ros.task.ament_cmake.build:Building ROS package in '/home/nextup/Downloads/colcon_ws/src/ebot_nav2' with build type 'ament_cmake'
[1.259s] INFO:colcon.colcon_cmake.task.cmake.build:Building CMake package in '/home/nextup/Downloads/colcon_ws/src/ebot_nav2'
[1.271s] INFO:colcon.colcon_core.shell:Skip shell extension 'powershell' for command environment: Not usable outside of PowerShell
[1.271s] DEBUG:colcon.colcon_core.shell:Skip shell extension 'dsv' for command environment
[1.324s] INFO:colcon.colcon_ros.task.ament_cmake.build:Building ROS package in '/home/nextup/Downloads/colcon_ws/src/gazebo_ros2_control' with build type 'ament_cmake'
[1.324s] INFO:colcon.colcon_cmake.task.cmake.build:Building CMake package in '/home/nextup/Downloads/colcon_ws/src/gazebo_ros2_control'
[1.337s] INFO:colcon.colcon_core.shell:Skip shell extension 'powershell' for command environment: Not usable outside of PowerShell
[1.337s] DEBUG:colcon.colcon_core.shell:Skip shell extension 'dsv' for command environment
[1.393s] DEBUG:colcon.colcon_core.event_handler.log_command:Invoking command in '/home/nextup/Downloads/colcon_ws/build/ebot_description': CMAKE_PREFIX_PATH=${CMAKE_PREFIX_PATH}:/opt/ros/humble /usr/bin/cmake /home/nextup/Downloads/colcon_ws/src/ebot_description -DAMENT_CMAKE_SYMLINK_INSTALL=1 -DCMAKE_INSTALL_PREFIX=/home/nextup/Downloads/colcon_ws/install/ebot_description
[1.395s] DEBUG:colcon.colcon_core.event_handler.log_command:Invoking command in '/home/nextup/Downloads/colcon_ws/build/ebot_nav2': CMAKE_PREFIX_PATH=${CMAKE_PREFIX_PATH}:/opt/ros/humble /usr/bin/cmake /home/nextup/Downloads/colcon_ws/src/ebot_nav2 -DAMENT_CMAKE_SYMLINK_INSTALL=1 -DCMAKE_INSTALL_PREFIX=/home/nextup/Downloads/colcon_ws/install/ebot_nav2
[1.398s] DEBUG:colcon.colcon_core.event_handler.log_command:Invoking command in '/home/nextup/Downloads/colcon_ws/build/gazebo_ros2_control': CMAKE_PREFIX_PATH=${CMAKE_PREFIX_PATH}:/opt/ros/humble /usr/bin/cmake /home/nextup/Downloads/colcon_ws/src/gazebo_ros2_control -DAMENT_CMAKE_SYMLINK_INSTALL=1 -DCMAKE_INSTALL_PREFIX=/home/nextup/Downloads/colcon_ws/install/gazebo_ros2_control
[1.881s] DEBUG:colcon.colcon_core.event_handler.log_command:Invoked command in '/home/nextup/Downloads/colcon_ws/build/ebot_nav2' returned '0': CMAKE_PREFIX_PATH=${CMAKE_PREFIX_PATH}:/opt/ros/humble /usr/bin/cmake /home/nextup/Downloads/colcon_ws/src/ebot_nav2 -DAMENT_CMAKE_SYMLINK_INSTALL=1 -DCMAKE_INSTALL_PREFIX=/home/nextup/Downloads/colcon_ws/install/ebot_nav2
[1.883s] DEBUG:colcon.colcon_core.event_handler.log_command:Invoking command in '/home/nextup/Downloads/colcon_ws/build/ebot_nav2': CMAKE_PREFIX_PATH=${CMAKE_PREFIX_PATH}:/opt/ros/humble /usr/bin/cmake --build /home/nextup/Downloads/colcon_ws/build/ebot_nav2 -- -j16 -l16
[1.908s] DEBUG:colcon.colcon_core.event_handler.log_command:Invoked command in '/home/nextup/Downloads/colcon_ws/build/ebot_nav2' returned '0': CMAKE_PREFIX_PATH=${CMAKE_PREFIX_PATH}:/opt/ros/humble /usr/bin/cmake --build /home/nextup/Downloads/colcon_ws/build/ebot_nav2 -- -j16 -l16
[1.928s] DEBUG:colcon.colcon_core.event_handler.log_command:Invoking command in '/home/nextup/Downloads/colcon_ws/build/ebot_nav2': CMAKE_PREFIX_PATH=${CMAKE_PREFIX_PATH}:/opt/ros/humble /usr/bin/cmake --install /home/nextup/Downloads/colcon_ws/build/ebot_nav2
[1.942s] Level 1:colcon.colcon_core.environment:create_environment_scripts_only(ebot_nav2)
[1.942s] DEBUG:colcon.colcon_core.event_handler.log_command:Invoked command in '/home/nextup/Downloads/colcon_ws/build/ebot_nav2' returned '0': CMAKE_PREFIX_PATH=${CMAKE_PREFIX_PATH}:/opt/ros/humble /usr/bin/cmake --install /home/nextup/Downloads/colcon_ws/build/ebot_nav2
[1.957s] Level 1:colcon.colcon_core.environment:checking '/home/nextup/Downloads/colcon_ws/install/ebot_nav2' for CMake module files
[1.957s] Level 1:colcon.colcon_core.environment:checking '/home/nextup/Downloads/colcon_ws/install/ebot_nav2' for CMake config files
[1.957s] Level 1:colcon.colcon_core.shell:create_environment_hook('ebot_nav2', 'cmake_prefix_path')
[1.970s] INFO:colcon.colcon_core.shell:Creating environment hook '/home/nextup/Downloads/colcon_ws/install/ebot_nav2/share/ebot_nav2/hook/cmake_prefix_path.ps1'
[1.971s] INFO:colcon.colcon_core.shell:Creating environment descriptor '/home/nextup/Downloads/colcon_ws/install/ebot_nav2/share/ebot_nav2/hook/cmake_prefix_path.dsv'
[1.971s] INFO:colcon.colcon_core.shell:Creating environment hook '/home/nextup/Downloads/colcon_ws/install/ebot_nav2/share/ebot_nav2/hook/cmake_prefix_path.sh'
[1.971s] Level 1:colcon.colcon_core.environment:checking '/home/nextup/Downloads/colcon_ws/install/ebot_nav2/lib'
[1.972s] Level 1:colcon.colcon_core.environment:checking '/home/nextup/Downloads/colcon_ws/install/ebot_nav2/bin'
[1.972s] Level 1:colcon.colcon_core.environment:checking '/home/nextup/Downloads/colcon_ws/install/ebot_nav2/lib/pkgconfig/ebot_nav2.pc'
[1.972s] Level 1:colcon.colcon_core.environment:checking '/home/nextup/Downloads/colcon_ws/install/ebot_nav2/lib/python3.10/site-packages'
[1.972s] Level 1:colcon.colcon_core.environment:checking '/home/nextup/Downloads/colcon_ws/install/ebot_nav2/bin'
[1.985s] INFO:colcon.colcon_core.shell:Creating package script '/home/nextup/Downloads/colcon_ws/install/ebot_nav2/share/ebot_nav2/package.ps1'
[1.985s] INFO:colcon.colcon_core.shell:Creating package descriptor '/home/nextup/Downloads/colcon_ws/install/ebot_nav2/share/ebot_nav2/package.dsv'
[1.986s] INFO:colcon.colcon_core.shell:Creating package script '/home/nextup/Downloads/colcon_ws/install/ebot_nav2/share/ebot_nav2/package.sh'
[1.986s] INFO:colcon.colcon_core.shell:Creating package script '/home/nextup/Downloads/colcon_ws/install/ebot_nav2/share/ebot_nav2/package.bash'
[1.987s] INFO:colcon.colcon_core.shell:Creating package script '/home/nextup/Downloads/colcon_ws/install/ebot_nav2/share/ebot_nav2/package.zsh'
[1.987s] Level 1:colcon.colcon_core.environment:create_file_with_runtime_dependencies(/home/nextup/Downloads/colcon_ws/install/ebot_nav2/share/colcon-core/packages/ebot_nav2)
[2.014s] Level 1:colcon.colcon_core.environment:create_environment_scripts_only(ebot_nav2)
[2.027s] Level 1:colcon.colcon_core.environment:checking '/home/nextup/Downloads/colcon_ws/install/ebot_nav2' for CMake module files
[2.027s] Level 1:colcon.colcon_core.environment:checking '/home/nextup/Downloads/colcon_ws/install/ebot_nav2' for CMake config files
[2.028s] Level 1:colcon.colcon_core.shell:create_environment_hook('ebot_nav2', 'cmake_prefix_path')
[2.041s] INFO:colcon.colcon_core.shell:Creating environment hook '/home/nextup/Downloads/colcon_ws/install/ebot_nav2/share/ebot_nav2/hook/cmake_prefix_path.ps1'
[2.041s] INFO:colcon.colcon_core.shell:Creating environment descriptor '/home/nextup/Downloads/colcon_ws/install/ebot_nav2/share/ebot_nav2/hook/cmake_prefix_path.dsv'
[2.041s] INFO:colcon.colcon_core.shell:Creating environment hook '/home/nextup/Downloads/colcon_ws/install/ebot_nav2/share/ebot_nav2/hook/cmake_prefix_path.sh'
[2.041s] Level 1:colcon.colcon_core.environment:checking '/home/nextup/Downloads/colcon_ws/install/ebot_nav2/lib'
[2.042s] Level 1:colcon.colcon_core.environment:checking '/home/nextup/Downloads/colcon_ws/install/ebot_nav2/bin'
[2.042s] Level 1:colcon.colcon_core.environment:checking '/home/nextup/Downloads/colcon_ws/install/ebot_nav2/lib/pkgconfig/ebot_nav2.pc'
[2.042s] Level 1:colcon.colcon_core.environment:checking '/home/nextup/Downloads/colcon_ws/install/ebot_nav2/lib/python3.10/site-packages'
[2.042s] Level 1:colcon.colcon_core.environment:checking '/home/nextup/Downloads/colcon_ws/install/ebot_nav2/bin'
[2.055s] INFO:colcon.colcon_core.shell:Creating package script '/home/nextup/Downloads/colcon_ws/install/ebot_nav2/share/ebot_nav2/package.ps1'
[2.056s] INFO:colcon.colcon_core.shell:Creating package descriptor '/home/nextup/Downloads/colcon_ws/install/ebot_nav2/share/ebot_nav2/package.dsv'
[2.056s] INFO:colcon.colcon_core.shell:Creating package script '/home/nextup/Downloads/colcon_ws/install/ebot_nav2/share/ebot_nav2/package.sh'
[2.056s] INFO:colcon.colcon_core.shell:Creating package script '/home/nextup/Downloads/colcon_ws/install/ebot_nav2/share/ebot_nav2/package.bash'
[2.056s] INFO:colcon.colcon_core.shell:Creating package script '/home/nextup/Downloads/colcon_ws/install/ebot_nav2/share/ebot_nav2/package.zsh'
[2.057s] Level 1:colcon.colcon_core.environment:create_file_with_runtime_dependencies(/home/nextup/Downloads/colcon_ws/install/ebot_nav2/share/colcon-core/packages/ebot_nav2)
[2.188s] DEBUG:colcon.colcon_core.event_handler.log_command:Invoked command in '/home/nextup/Downloads/colcon_ws/build/ebot_description' returned '0': CMAKE_PREFIX_PATH=${CMAKE_PREFIX_PATH}:/opt/ros/humble /usr/bin/cmake /home/nextup/Downloads/colcon_ws/src/ebot_description -DAMENT_CMAKE_SYMLINK_INSTALL=1 -DCMAKE_INSTALL_PREFIX=/home/nextup/Downloads/colcon_ws/install/ebot_description
[2.189s] DEBUG:colcon.colcon_core.event_handler.log_command:Invoking command in '/home/nextup/Downloads/colcon_ws/build/ebot_description': CMAKE_PREFIX_PATH=${CMAKE_PREFIX_PATH}:/opt/ros/humble /usr/bin/cmake --build /home/nextup/Downloads/colcon_ws/build/ebot_description -- -j16 -l16
[2.214s] DEBUG:colcon.colcon_core.event_handler.log_command:Invoked command in '/home/nextup/Downloads/colcon_ws/build/ebot_description' returned '0': CMAKE_PREFIX_PATH=${CMAKE_PREFIX_PATH}:/opt/ros/humble /usr/bin/cmake --build /home/nextup/Downloads/colcon_ws/build/ebot_description -- -j16 -l16
[2.227s] DEBUG:colcon.colcon_core.event_handler.log_command:Invoking command in '/home/nextup/Downloads/colcon_ws/build/ebot_description': CMAKE_PREFIX_PATH=${CMAKE_PREFIX_PATH}:/opt/ros/humble /usr/bin/cmake --install /home/nextup/Downloads/colcon_ws/build/ebot_description
[2.433s] Level 1:colcon.colcon_core.environment:create_environment_scripts_only(ebot_description)
[2.434s] DEBUG:colcon.colcon_core.event_handler.log_command:Invoked command in '/home/nextup/Downloads/colcon_ws/build/ebot_description' returned '0': CMAKE_PREFIX_PATH=${CMAKE_PREFIX_PATH}:/opt/ros/humble /usr/bin/cmake --install /home/nextup/Downloads/colcon_ws/build/ebot_description
[2.447s] Level 1:colcon.colcon_core.environment:checking '/home/nextup/Downloads/colcon_ws/install/ebot_description' for CMake module files
[2.447s] Level 1:colcon.colcon_core.environment:checking '/home/nextup/Downloads/colcon_ws/install/ebot_description' for CMake config files
[2.465s] Level 1:colcon.colcon_core.shell:create_environment_hook('ebot_description', 'cmake_prefix_path')
[2.479s] INFO:colcon.colcon_core.shell:Creating environment hook '/home/nextup/Downloads/colcon_ws/install/ebot_description/share/ebot_description/hook/cmake_prefix_path.ps1'
[2.479s] INFO:colcon.colcon_core.shell:Creating environment descriptor '/home/nextup/Downloads/colcon_ws/install/ebot_description/share/ebot_description/hook/cmake_prefix_path.dsv'
[2.479s] INFO:colcon.colcon_core.shell:Creating environment hook '/home/nextup/Downloads/colcon_ws/install/ebot_description/share/ebot_description/hook/cmake_prefix_path.sh'
[2.479s] Level 1:colcon.colcon_core.environment:checking '/home/nextup/Downloads/colcon_ws/install/ebot_description/lib'
[2.479s] Level 1:colcon.colcon_core.environment:checking '/home/nextup/Downloads/colcon_ws/install/ebot_description/bin'
[2.480s] Level 1:colcon.colcon_core.environment:checking '/home/nextup/Downloads/colcon_ws/install/ebot_description/lib/pkgconfig/ebot_description.pc'
[2.480s] Level 1:colcon.colcon_core.environment:checking '/home/nextup/Downloads/colcon_ws/install/ebot_description/lib/python3.10/site-packages'
[2.480s] Level 1:colcon.colcon_core.environment:checking '/home/nextup/Downloads/colcon_ws/install/ebot_description/bin'
[2.493s] INFO:colcon.colcon_core.shell:Creating package script '/home/nextup/Downloads/colcon_ws/install/ebot_description/share/ebot_description/package.ps1'
[2.493s] INFO:colcon.colcon_core.shell:Creating package descriptor '/home/nextup/Downloads/colcon_ws/install/ebot_description/share/ebot_description/package.dsv'
[2.494s] INFO:colcon.colcon_core.shell:Creating package script '/home/nextup/Downloads/colcon_ws/install/ebot_description/share/ebot_description/package.sh'
[2.494s] INFO:colcon.colcon_core.shell:Creating package script '/home/nextup/Downloads/colcon_ws/install/ebot_description/share/ebot_description/package.bash'
[2.494s] INFO:colcon.colcon_core.shell:Creating package script '/home/nextup/Downloads/colcon_ws/install/ebot_description/share/ebot_description/package.zsh'
[2.495s] Level 1:colcon.colcon_core.environment:create_file_with_runtime_dependencies(/home/nextup/Downloads/colcon_ws/install/ebot_description/share/colcon-core/packages/ebot_description)
[2.521s] Level 1:colcon.colcon_core.environment:create_environment_scripts_only(ebot_description)
[2.534s] Level 1:colcon.colcon_core.environment:checking '/home/nextup/Downloads/colcon_ws/install/ebot_description' for CMake module files
[2.534s] Level 1:colcon.colcon_core.environment:checking '/home/nextup/Downloads/colcon_ws/install/ebot_description' for CMake config files
[2.552s] Level 1:colcon.colcon_core.shell:create_environment_hook('ebot_description', 'cmake_prefix_path')
[2.565s] INFO:colcon.colcon_core.shell:Creating environment hook '/home/nextup/Downloads/colcon_ws/install/ebot_description/share/ebot_description/hook/cmake_prefix_path.ps1'
[2.565s] INFO:colcon.colcon_core.shell:Creating environment descriptor '/home/nextup/Downloads/colcon_ws/install/ebot_description/share/ebot_description/hook/cmake_prefix_path.dsv'
[2.565s] INFO:colcon.colcon_core.shell:Creating environment hook '/home/nextup/Downloads/colcon_ws/install/ebot_description/share/ebot_description/hook/cmake_prefix_path.sh'
[2.565s] Level 1:colcon.colcon_core.environment:checking '/home/nextup/Downloads/colcon_ws/install/ebot_description/lib'
[2.566s] Level 1:colcon.colcon_core.environment:checking '/home/nextup/Downloads/colcon_ws/install/ebot_description/bin'
[2.566s] Level 1:colcon.colcon_core.environment:checking '/home/nextup/Downloads/colcon_ws/install/ebot_description/lib/pkgconfig/ebot_description.pc'
[2.566s] Level 1:colcon.colcon_core.environment:checking '/home/nextup/Downloads/colcon_ws/install/ebot_description/lib/python3.10/site-packages'
[2.566s] Level 1:colcon.colcon_core.environment:checking '/home/nextup/Downloads/colcon_ws/install/ebot_description/bin'
[2.579s] INFO:colcon.colcon_core.shell:Creating package script '/home/nextup/Downloads/colcon_ws/install/ebot_description/share/ebot_description/package.ps1'
[2.579s] INFO:colcon.colcon_core.shell:Creating package descriptor '/home/nextup/Downloads/colcon_ws/install/ebot_description/share/ebot_description/package.dsv'
[2.580s] INFO:colcon.colcon_core.shell:Creating package script '/home/nextup/Downloads/colcon_ws/install/ebot_description/share/ebot_description/package.sh'
[2.580s] INFO:colcon.colcon_core.shell:Creating package script '/home/nextup/Downloads/colcon_ws/install/ebot_description/share/ebot_description/package.bash'
[2.580s] INFO:colcon.colcon_core.shell:Creating package script '/home/nextup/Downloads/colcon_ws/install/ebot_description/share/ebot_description/package.zsh'
[2.580s] Level 1:colcon.colcon_core.environment:create_file_with_runtime_dependencies(/home/nextup/Downloads/colcon_ws/install/ebot_description/share/colcon-core/packages/ebot_description)
[3.608s] DEBUG:colcon.colcon_core.event_handler.log_command:Invoked command in '/home/nextup/Downloads/colcon_ws/build/gazebo_ros2_control' returned '0': CMAKE_PREFIX_PATH=${CMAKE_PREFIX_PATH}:/opt/ros/humble /usr/bin/cmake /home/nextup/Downloads/colcon_ws/src/gazebo_ros2_control -DAMENT_CMAKE_SYMLINK_INSTALL=1 -DCMAKE_INSTALL_PREFIX=/home/nextup/Downloads/colcon_ws/install/gazebo_ros2_control
[3.608s] DEBUG:colcon.colcon_core.event_handler.log_command:Invoking command in '/home/nextup/Downloads/colcon_ws/build/gazebo_ros2_control': CMAKE_PREFIX_PATH=${CMAKE_PREFIX_PATH}:/opt/ros/humble /usr/bin/cmake --build /home/nextup/Downloads/colcon_ws/build/gazebo_ros2_control -- -j16 -l16
[3.668s] DEBUG:colcon.colcon_core.event_handler.log_command:Invoked command in '/home/nextup/Downloads/colcon_ws/build/gazebo_ros2_control' returned '0': CMAKE_PREFIX_PATH=${CMAKE_PREFIX_PATH}:/opt/ros/humble /usr/bin/cmake --build /home/nextup/Downloads/colcon_ws/build/gazebo_ros2_control -- -j16 -l16
[3.685s] DEBUG:colcon.colcon_core.event_handler.log_command:Invoking command in '/home/nextup/Downloads/colcon_ws/build/gazebo_ros2_control': CMAKE_PREFIX_PATH=${CMAKE_PREFIX_PATH}:/opt/ros/humble /usr/bin/cmake --install /home/nextup/Downloads/colcon_ws/build/gazebo_ros2_control
[3.700s] Level 1:colcon.colcon_core.environment:create_environment_scripts_only(gazebo_ros2_control)
[3.700s] DEBUG:colcon.colcon_core.event_handler.log_command:Invoked command in '/home/nextup/Downloads/colcon_ws/build/gazebo_ros2_control' returned '0': CMAKE_PREFIX_PATH=${CMAKE_PREFIX_PATH}:/opt/ros/humble /usr/bin/cmake --install /home/nextup/Downloads/colcon_ws/build/gazebo_ros2_control
[3.713s] Level 1:colcon.colcon_core.environment:checking '/home/nextup/Downloads/colcon_ws/install/gazebo_ros2_control' for CMake module files
[3.713s] Level 1:colcon.colcon_core.environment:checking '/home/nextup/Downloads/colcon_ws/install/gazebo_ros2_control' for CMake config files
[3.714s] Level 1:colcon.colcon_core.shell:create_environment_hook('gazebo_ros2_control', 'cmake_prefix_path')
[3.727s] INFO:colcon.colcon_core.shell:Creating environment hook '/home/nextup/Downloads/colcon_ws/install/gazebo_ros2_control/share/gazebo_ros2_control/hook/cmake_prefix_path.ps1'
[3.727s] INFO:colcon.colcon_core.shell:Creating environment descriptor '/home/nextup/Downloads/colcon_ws/install/gazebo_ros2_control/share/gazebo_ros2_control/hook/cmake_prefix_path.dsv'
[3.727s] INFO:colcon.colcon_core.shell:Creating environment hook '/home/nextup/Downloads/colcon_ws/install/gazebo_ros2_control/share/gazebo_ros2_control/hook/cmake_prefix_path.sh'
[3.727s] Level 1:colcon.colcon_core.environment:checking '/home/nextup/Downloads/colcon_ws/install/gazebo_ros2_control/lib'
[3.728s] Level 1:colcon.colcon_core.shell:create_environment_hook('gazebo_ros2_control', 'ld_library_path_lib')
[3.740s] INFO:colcon.colcon_core.shell:Creating environment hook '/home/nextup/Downloads/colcon_ws/install/gazebo_ros2_control/share/gazebo_ros2_control/hook/ld_library_path_lib.ps1'
[3.740s] INFO:colcon.colcon_core.shell:Creating environment descriptor '/home/nextup/Downloads/colcon_ws/install/gazebo_ros2_control/share/gazebo_ros2_control/hook/ld_library_path_lib.dsv'
[3.741s] INFO:colcon.colcon_core.shell:Creating environment hook '/home/nextup/Downloads/colcon_ws/install/gazebo_ros2_control/share/gazebo_ros2_control/hook/ld_library_path_lib.sh'
[3.741s] Level 1:colcon.colcon_core.environment:checking '/home/nextup/Downloads/colcon_ws/install/gazebo_ros2_control/bin'
[3.741s] Level 1:colcon.colcon_core.environment:checking '/home/nextup/Downloads/colcon_ws/install/gazebo_ros2_control/lib/pkgconfig/gazebo_ros2_control.pc'
[3.741s] Level 1:colcon.colcon_core.environment:checking '/home/nextup/Downloads/colcon_ws/install/gazebo_ros2_control/lib/python3.10/site-packages'
[3.741s] Level 1:colcon.colcon_core.environment:checking '/home/nextup/Downloads/colcon_ws/install/gazebo_ros2_control/bin'
[3.754s] INFO:colcon.colcon_core.shell:Creating package script '/home/nextup/Downloads/colcon_ws/install/gazebo_ros2_control/share/gazebo_ros2_control/package.ps1'
[3.754s] INFO:colcon.colcon_core.shell:Creating package descriptor '/home/nextup/Downloads/colcon_ws/install/gazebo_ros2_control/share/gazebo_ros2_control/package.dsv'
[3.755s] INFO:colcon.colcon_core.shell:Creating package script '/home/nextup/Downloads/colcon_ws/install/gazebo_ros2_control/share/gazebo_ros2_control/package.sh'
[3.755s] INFO:colcon.colcon_core.shell:Creating package script '/home/nextup/Downloads/colcon_ws/install/gazebo_ros2_control/share/gazebo_ros2_control/package.bash'
[3.755s] INFO:colcon.colcon_core.shell:Creating package script '/home/nextup/Downloads/colcon_ws/install/gazebo_ros2_control/share/gazebo_ros2_control/package.zsh'
[3.755s] Level 1:colcon.colcon_core.environment:create_file_with_runtime_dependencies(/home/nextup/Downloads/colcon_ws/install/gazebo_ros2_control/share/colcon-core/packages/gazebo_ros2_control)
[3.786s] Level 1:colcon.colcon_core.environment:create_environment_scripts_only(gazebo_ros2_control)
[3.799s] Level 1:colcon.colcon_core.environment:checking '/home/nextup/Downloads/colcon_ws/install/gazebo_ros2_control' for CMake module files
[3.799s] Level 1:colcon.colcon_core.environment:checking '/home/nextup/Downloads/colcon_ws/install/gazebo_ros2_control' for CMake config files
[3.800s] Level 1:colcon.colcon_core.shell:create_environment_hook('gazebo_ros2_control', 'cmake_prefix_path')
[3.812s] INFO:colcon.colcon_core.shell:Creating environment hook '/home/nextup/Downloads/colcon_ws/install/gazebo_ros2_control/share/gazebo_ros2_control/hook/cmake_prefix_path.ps1'
[3.813s] INFO:colcon.colcon_core.shell:Creating environment descriptor '/home/nextup/Downloads/colcon_ws/install/gazebo_ros2_control/share/gazebo_ros2_control/hook/cmake_prefix_path.dsv'
[3.813s] INFO:colcon.colcon_core.shell:Creating environment hook '/home/nextup/Downloads/colcon_ws/install/gazebo_ros2_control/share/gazebo_ros2_control/hook/cmake_prefix_path.sh'
[3.813s] Level 1:colcon.colcon_core.environment:checking '/home/nextup/Downloads/colcon_ws/install/gazebo_ros2_control/lib'
[3.813s] Level 1:colcon.colcon_core.shell:create_environment_hook('gazebo_ros2_control', 'ld_library_path_lib')
[3.826s] INFO:colcon.colcon_core.shell:Creating environment hook '/home/nextup/Downloads/colcon_ws/install/gazebo_ros2_control/share/gazebo_ros2_control/hook/ld_library_path_lib.ps1'
[3.826s] INFO:colcon.colcon_core.shell:Creating environment descriptor '/home/nextup/Downloads/colcon_ws/install/gazebo_ros2_control/share/gazebo_ros2_control/hook/ld_library_path_lib.dsv'
[3.827s] INFO:colcon.colcon_core.shell:Creating environment hook '/home/nextup/Downloads/colcon_ws/install/gazebo_ros2_control/share/gazebo_ros2_control/hook/ld_library_path_lib.sh'
[3.827s] Level 1:colcon.colcon_core.environment:checking '/home/nextup/Downloads/colcon_ws/install/gazebo_ros2_control/bin'
[3.827s] Level 1:colcon.colcon_core.environment:checking '/home/nextup/Downloads/colcon_ws/install/gazebo_ros2_control/lib/pkgconfig/gazebo_ros2_control.pc'
[3.827s] Level 1:colcon.colcon_core.environment:checking '/home/nextup/Downloads/colcon_ws/install/gazebo_ros2_control/lib/python3.10/site-packages'
[3.827s] Level 1:colcon.colcon_core.environment:checking '/home/nextup/Downloads/colcon_ws/install/gazebo_ros2_control/bin'
[3.840s] INFO:colcon.colcon_core.shell:Creating package script '/home/nextup/Downloads/colcon_ws/install/gazebo_ros2_control/share/gazebo_ros2_control/package.ps1'
[3.840s] INFO:colcon.colcon_core.shell:Creating package descriptor '/home/nextup/Downloads/colcon_ws/install/gazebo_ros2_control/share/gazebo_ros2_control/package.dsv'
[3.841s] INFO:colcon.colcon_core.shell:Creating package script '/home/nextup/Downloads/colcon_ws/install/gazebo_ros2_control/share/gazebo_ros2_control/package.sh'
[3.841s] INFO:colcon.colcon_core.shell:Creating package script '/home/nextup/Downloads/colcon_ws/install/gazebo_ros2_control/share/gazebo_ros2_control/package.bash'
[3.841s] INFO:colcon.colcon_core.shell:Creating package script '/home/nextup/Downloads/colcon_ws/install/gazebo_ros2_control/share/gazebo_ros2_control/package.zsh'
[3.842s] Level 1:colcon.colcon_core.environment:create_file_with_runtime_dependencies(/home/nextup/Downloads/colcon_ws/install/gazebo_ros2_control/share/colcon-core/packages/gazebo_ros2_control)
[3.842s] DEBUG:colcon.colcon_parallel_executor.executor.parallel:closing loop
[3.842s] DEBUG:colcon.colcon_parallel_executor.executor.parallel:loop closed
[3.842s] DEBUG:colcon.colcon_parallel_executor.executor.parallel:run_until_complete finished with '0'
[3.842s] DEBUG:colcon.colcon_core.event_reactor:joining thread
[3.858s] INFO:colcon.colcon_core.plugin_system:Skipping extension 'colcon_notification.desktop_notification.terminal_notifier': Not used on non-Darwin systems
[3.858s] INFO:colcon.colcon_core.plugin_system:Skipping extension 'colcon_notification.desktop_notification.win32': Not used on non-Windows systems
[3.858s] INFO:colcon.colcon_notification.desktop_notification:Sending desktop notification using 'notify2'
[3.865s] DEBUG:colcon.colcon_core.event_reactor:joined thread
[3.879s] INFO:colcon.colcon_core.shell:Creating prefix script '/home/nextup/Downloads/colcon_ws/install/local_setup.ps1'
[3.879s] INFO:colcon.colcon_core.shell:Creating prefix util module '/home/nextup/Downloads/colcon_ws/install/_local_setup_util_ps1.py'
[3.880s] INFO:colcon.colcon_core.shell:Creating prefix chain script '/home/nextup/Downloads/colcon_ws/install/setup.ps1'
[3.901s] INFO:colcon.colcon_core.shell:Creating prefix script '/home/nextup/Downloads/colcon_ws/install/local_setup.sh'
[3.901s] INFO:colcon.colcon_core.shell:Creating prefix util module '/home/nextup/Downloads/colcon_ws/install/_local_setup_util_sh.py'
[3.901s] INFO:colcon.colcon_core.shell:Creating prefix chain script '/home/nextup/Downloads/colcon_ws/install/setup.sh'
[3.915s] INFO:colcon.colcon_core.shell:Creating prefix script '/home/nextup/Downloads/colcon_ws/install/local_setup.bash'
[3.915s] INFO:colcon.colcon_core.shell:Creating prefix chain script '/home/nextup/Downloads/colcon_ws/install/setup.bash'
[3.928s] INFO:colcon.colcon_core.shell:Creating prefix script '/home/nextup/Downloads/colcon_ws/install/local_setup.zsh'
[3.929s] INFO:colcon.colcon_core.shell:Creating prefix chain script '/home/nextup/Downloads/colcon_ws/install/setup.zsh'
