[0.839s] Invoking command in '/home/nextup/Downloads/colcon_ws/build/ebot_docking': CMAKE_PREFIX_PATH=${CMAKE_PREFIX_PATH}:/opt/ros/humble /usr/bin/cmake /home/nextup/Downloads/colcon_ws/src/ebot_docking -DCMAKE_INSTALL_PREFIX=/home/nextup/Downloads/colcon_ws/install/ebot_docking
[0.884s] -- The C compiler identification is GNU 11.4.0
[0.924s] -- The CXX compiler identification is GNU 11.4.0
[0.930s] -- Detecting C compiler ABI info
[0.979s] -- Detecting C compiler ABI info - done
[0.988s] -- Check for working C compiler: /usr/bin/cc - skipped
[0.988s] -- Detecting C compile features
[0.988s] -- Detecting C compile features - done
[0.991s] -- Detecting CXX compiler ABI info
[1.061s] -- Detecting CXX compiler ABI info - done
[1.069s] -- Check for working CXX compiler: /usr/bin/c++ - skipped
[1.070s] -- Detecting CXX compile features
[1.070s] -- Detecting CXX compile features - done
[1.072s] -- Found ament_cmake: 1.3.6 (/opt/ros/humble/share/ament_cmake/cmake)
[1.212s] -- Found Python3: /usr/bin/python3.10 (found version "3.10.12") found components: Interpreter 
[1.293s] -- Found rosidl_default_generators: 1.2.0 (/opt/ros/humble/share/rosidl_default_generators/cmake)
[1.298s] -- Using all available rosidl_typesupport_c: rosidl_typesupport_fastrtps_c;rosidl_typesupport_introspection_c
[1.305s] -- Found rosidl_adapter: 3.1.5 (/opt/ros/humble/share/rosidl_adapter/cmake)
[1.345s] -- Using all available rosidl_typesupport_cpp: rosidl_typesupport_fastrtps_cpp;rosidl_typesupport_introspection_cpp
[1.379s] -- Found rclpy: 3.3.11 (/opt/ros/humble/share/rclpy/cmake)
[1.574s] -- Found ament_cmake_ros: 0.10.0 (/opt/ros/humble/share/ament_cmake_ros/cmake)
[1.741s] -- Using all available rosidl_typesupport_c: rosidl_typesupport_fastrtps_c;rosidl_typesupport_introspection_c
[1.937s] -- Using all available rosidl_typesupport_cpp: rosidl_typesupport_fastrtps_cpp;rosidl_typesupport_introspection_cpp
[1.956s] -- Found PythonInterp: /usr/bin/python3 (found suitable version "3.10.12", minimum required is "3.6") 
[1.960s] -- Found python_cmake_module: 0.10.0 (/opt/ros/humble/share/python_cmake_module/cmake)
[1.984s] -- Found PythonLibs: /usr/lib/x86_64-linux-gnu/libpython3.10.so (found suitable version "3.10.12", minimum required is "3.5") 
[1.984s] -- Using PYTHON_EXECUTABLE: /usr/bin/python3
[1.984s] -- Using PYTHON_INCLUDE_DIRS: /usr/include/python3.10
[1.984s] -- Using PYTHON_LIBRARIES: /usr/lib/x86_64-linux-gnu/libpython3.10.so
[2.000s] -- Found PythonExtra: .so  
[2.030s] -- Found ament_lint_auto: 0.12.9 (/opt/ros/humble/share/ament_lint_auto/cmake)
[2.049s] -- Added test 'flake8' to check Python code syntax and style conventions
[2.049s] -- Added test 'lint_cmake' to check CMake code style
[2.050s] -- Added test 'pep257' to check Python code against some of the docstring style conventions in PEP 257
[2.051s] -- Added test 'xmllint' to check XML markup files
[2.053s] -- Configuring done
[2.071s] -- Generating done
[2.072s] -- Build files have been written to: /home/nextup/Downloads/colcon_ws/build/ebot_docking
[2.140s] Invoked command in '/home/nextup/Downloads/colcon_ws/build/ebot_docking' returned '0': CMAKE_PREFIX_PATH=${CMAKE_PREFIX_PATH}:/opt/ros/humble /usr/bin/cmake /home/nextup/Downloads/colcon_ws/src/ebot_docking -DCMAKE_INSTALL_PREFIX=/home/nextup/Downloads/colcon_ws/install/ebot_docking
[2.141s] Invoking command in '/home/nextup/Downloads/colcon_ws/build/ebot_docking': CMAKE_PREFIX_PATH=${CMAKE_PREFIX_PATH}:/opt/ros/humble /usr/bin/cmake --build /home/nextup/Downloads/colcon_ws/build/ebot_docking -- -j16 -l16
[2.170s] [  3%] [34m[1mGenerating C code for ROS interfaces[0m
[2.176s] [  6%] [34m[1mGenerating C++ code for ROS interfaces[0m
[2.183s] [  6%] Built target ament_cmake_python_copy_ebot_docking
[2.409s] running egg_info
[2.410s] creating ebot_docking.egg-info
[2.410s] writing ebot_docking.egg-info/PKG-INFO
[2.410s] writing dependency_links to ebot_docking.egg-info/dependency_links.txt
[2.410s] writing top-level names to ebot_docking.egg-info/top_level.txt
[2.411s] writing manifest file 'ebot_docking.egg-info/SOURCES.txt'
[2.412s] reading manifest file 'ebot_docking.egg-info/SOURCES.txt'
[2.413s] writing manifest file 'ebot_docking.egg-info/SOURCES.txt'
[2.429s] [  9%] [32mBuilding C object CMakeFiles/ebot_docking__rosidl_generator_c.dir/rosidl_generator_c/ebot_docking/srv/detail/dock_sw__functions.c.o[0m
[2.435s] [  9%] Built target ament_cmake_python_build_ebot_docking_egg
[2.471s] [ 12%] [32m[1mLinking C shared library libebot_docking__rosidl_generator_c.so[0m
[2.496s] [ 12%] Built target ebot_docking__rosidl_generator_c
[2.504s] [ 19%] [34m[1mGenerating C type support dispatch for ROS interfaces[0m
[2.504s] [ 19%] [34m[1mGenerating C introspection for ROS interfaces[0m
[2.504s] [ 22%] [34m[1mGenerating C type support for eProsima Fast-RTPS[0m
[2.517s] [ 22%] Built target ebot_docking__cpp
[2.525s] [ 25%] [34m[1mGenerating C++ type support dispatch for ROS interfaces[0m
[2.528s] [ 32%] [34m[1mGenerating C++ type support for eProsima Fast-RTPS[0m
[2.528s] [ 32%] [34m[1mGenerating C++ introspection for ROS interfaces[0m
[2.790s] [ 35%] [32mBuilding CXX object CMakeFiles/ebot_docking__rosidl_typesupport_cpp.dir/rosidl_typesupport_cpp/ebot_docking/srv/dock_sw__type_support.cpp.o[0m
[2.801s] [ 38%] [32mBuilding C object CMakeFiles/ebot_docking__rosidl_typesupport_introspection_c.dir/rosidl_typesupport_introspection_c/ebot_docking/srv/detail/dock_sw__type_support.c.o[0m
[2.834s] [ 41%] [32mBuilding CXX object CMakeFiles/ebot_docking__rosidl_typesupport_c.dir/rosidl_typesupport_c/ebot_docking/srv/dock_sw__type_support.cpp.o[0m
[2.840s] [ 45%] [32m[1mLinking C shared library libebot_docking__rosidl_typesupport_introspection_c.so[0m
[2.851s] [ 48%] [32mBuilding CXX object CMakeFiles/ebot_docking__rosidl_typesupport_fastrtps_c.dir/rosidl_typesupport_fastrtps_c/ebot_docking/srv/detail/dock_sw__type_support_c.cpp.o[0m
[2.869s] [ 51%] [32m[1mLinking CXX shared library libebot_docking__rosidl_typesupport_c.so[0m
[2.874s] [ 51%] Built target ebot_docking__rosidl_typesupport_introspection_c
[2.884s] [ 54%] [32mBuilding CXX object CMakeFiles/ebot_docking__rosidl_typesupport_introspection_cpp.dir/rosidl_typesupport_introspection_cpp/ebot_docking/srv/detail/dock_sw__type_support.cpp.o[0m
[2.909s] [ 58%] [32mBuilding CXX object CMakeFiles/ebot_docking__rosidl_typesupport_fastrtps_cpp.dir/rosidl_typesupport_fastrtps_cpp/ebot_docking/srv/detail/dds_fastrtps/dock_sw__type_support.cpp.o[0m
[2.914s] [ 58%] Built target ebot_docking__rosidl_typesupport_c
[3.085s] [ 61%] [32m[1mLinking CXX shared library libebot_docking__rosidl_typesupport_cpp.so[0m
[3.132s] [ 61%] Built target ebot_docking__rosidl_typesupport_cpp
[3.229s] [ 64%] [32m[1mLinking CXX shared library libebot_docking__rosidl_typesupport_fastrtps_c.so[0m
[3.331s] [ 64%] Built target ebot_docking__rosidl_typesupport_fastrtps_c
[3.331s] [ 67%] [32m[1mLinking CXX shared library libebot_docking__rosidl_typesupport_introspection_cpp.so[0m
[3.390s] [ 70%] [32m[1mLinking CXX shared library libebot_docking__rosidl_typesupport_fastrtps_cpp.so[0m
[3.415s] [ 70%] Built target ebot_docking__rosidl_typesupport_introspection_cpp
[3.473s] [ 70%] Built target ebot_docking__rosidl_typesupport_fastrtps_cpp
[3.493s] [ 70%] Built target ebot_docking
[3.508s] [ 74%] [34m[1mGenerating Python code for ROS interfaces[0m
[3.823s] [ 74%] Built target ebot_docking__py
[3.837s] [ 77%] [32mBuilding C object CMakeFiles/ebot_docking__rosidl_generator_py.dir/rosidl_generator_py/ebot_docking/srv/_dock_sw_s.c.o[0m
[3.922s] [ 80%] [32m[1mLinking C shared library rosidl_generator_py/ebot_docking/libebot_docking__rosidl_generator_py.so[0m
[3.948s] [ 80%] Built target ebot_docking__rosidl_generator_py
[3.962s] [ 87%] [32mBuilding C object CMakeFiles/ebot_docking__rosidl_typesupport_c__pyext.dir/rosidl_generator_py/ebot_docking/_ebot_docking_s.ep.rosidl_typesupport_c.c.o[0m
[3.962s] [ 87%] [32mBuilding C object CMakeFiles/ebot_docking__rosidl_typesupport_introspection_c__pyext.dir/rosidl_generator_py/ebot_docking/_ebot_docking_s.ep.rosidl_typesupport_introspection_c.c.o[0m
[3.963s] [ 90%] [32mBuilding C object CMakeFiles/ebot_docking__rosidl_typesupport_fastrtps_c__pyext.dir/rosidl_generator_py/ebot_docking/_ebot_docking_s.ep.rosidl_typesupport_fastrtps_c.c.o[0m
[4.027s] [100%] [32m[1mLinking C shared library rosidl_generator_py/ebot_docking/ebot_docking_s__rosidl_typesupport_introspection_c.cpython-310-x86_64-linux-gnu.so[0m
[4.027s] [100%] [32m[1mLinking C shared library rosidl_generator_py/ebot_docking/ebot_docking_s__rosidl_typesupport_c.cpython-310-x86_64-linux-gnu.so[0m
[4.027s] [100%] [32m[1mLinking C shared library rosidl_generator_py/ebot_docking/ebot_docking_s__rosidl_typesupport_fastrtps_c.cpython-310-x86_64-linux-gnu.so[0m
[4.050s] [100%] Built target ebot_docking__rosidl_typesupport_c__pyext
[4.050s] [100%] Built target ebot_docking__rosidl_typesupport_introspection_c__pyext
[4.050s] [100%] Built target ebot_docking__rosidl_typesupport_fastrtps_c__pyext
[4.059s] Invoked command in '/home/nextup/Downloads/colcon_ws/build/ebot_docking' returned '0': CMAKE_PREFIX_PATH=${CMAKE_PREFIX_PATH}:/opt/ros/humble /usr/bin/cmake --build /home/nextup/Downloads/colcon_ws/build/ebot_docking -- -j16 -l16
[4.098s] Invoking command in '/home/nextup/Downloads/colcon_ws/build/ebot_docking': CMAKE_PREFIX_PATH=${CMAKE_PREFIX_PATH}:/opt/ros/humble /usr/bin/cmake --install /home/nextup/Downloads/colcon_ws/build/ebot_docking
[4.104s] -- Install configuration: ""
[4.104s] -- Installing: /home/nextup/Downloads/colcon_ws/install/ebot_docking/share/ament_index/resource_index/rosidl_interfaces/ebot_docking
[4.104s] -- Installing: /home/nextup/Downloads/colcon_ws/install/ebot_docking/include/ebot_docking/ebot_docking
[4.104s] -- Installing: /home/nextup/Downloads/colcon_ws/install/ebot_docking/include/ebot_docking/ebot_docking/msg
[4.104s] -- Installing: /home/nextup/Downloads/colcon_ws/install/ebot_docking/include/ebot_docking/ebot_docking/msg/rosidl_generator_c__visibility_control.h
[4.104s] -- Installing: /home/nextup/Downloads/colcon_ws/install/ebot_docking/include/ebot_docking/ebot_docking/srv
[4.104s] -- Installing: /home/nextup/Downloads/colcon_ws/install/ebot_docking/include/ebot_docking/ebot_docking/srv/dock_sw.h
[4.104s] -- Installing: /home/nextup/Downloads/colcon_ws/install/ebot_docking/include/ebot_docking/ebot_docking/srv/detail
[4.104s] -- Installing: /home/nextup/Downloads/colcon_ws/install/ebot_docking/include/ebot_docking/ebot_docking/srv/detail/dock_sw__type_support.h
[4.104s] -- Installing: /home/nextup/Downloads/colcon_ws/install/ebot_docking/include/ebot_docking/ebot_docking/srv/detail/dock_sw__functions.h
[4.104s] -- Installing: /home/nextup/Downloads/colcon_ws/install/ebot_docking/include/ebot_docking/ebot_docking/srv/detail/dock_sw__functions.c
[4.105s] -- Installing: /home/nextup/Downloads/colcon_ws/install/ebot_docking/include/ebot_docking/ebot_docking/srv/detail/dock_sw__struct.h
[4.105s] -- Installing: /home/nextup/Downloads/colcon_ws/install/ebot_docking/share/ebot_docking/environment/library_path.sh
[4.105s] -- Installing: /home/nextup/Downloads/colcon_ws/install/ebot_docking/share/ebot_docking/environment/library_path.dsv
[4.105s] -- Installing: /home/nextup/Downloads/colcon_ws/install/ebot_docking/lib/libebot_docking__rosidl_generator_c.so
[4.105s] -- Set runtime path of "/home/nextup/Downloads/colcon_ws/install/ebot_docking/lib/libebot_docking__rosidl_generator_c.so" to ""
[4.105s] -- Up-to-date: /home/nextup/Downloads/colcon_ws/install/ebot_docking/include/ebot_docking/ebot_docking
[4.105s] -- Up-to-date: /home/nextup/Downloads/colcon_ws/install/ebot_docking/include/ebot_docking/ebot_docking/msg
[4.105s] -- Installing: /home/nextup/Downloads/colcon_ws/install/ebot_docking/include/ebot_docking/ebot_docking/msg/rosidl_typesupport_fastrtps_c__visibility_control.h
[4.105s] -- Up-to-date: /home/nextup/Downloads/colcon_ws/install/ebot_docking/include/ebot_docking/ebot_docking/srv
[4.105s] -- Up-to-date: /home/nextup/Downloads/colcon_ws/install/ebot_docking/include/ebot_docking/ebot_docking/srv/detail
[4.106s] -- Installing: /home/nextup/Downloads/colcon_ws/install/ebot_docking/include/ebot_docking/ebot_docking/srv/detail/dock_sw__rosidl_typesupport_fastrtps_c.h
[4.106s] -- Installing: /home/nextup/Downloads/colcon_ws/install/ebot_docking/lib/libebot_docking__rosidl_typesupport_fastrtps_c.so
[4.106s] -- Set runtime path of "/home/nextup/Downloads/colcon_ws/install/ebot_docking/lib/libebot_docking__rosidl_typesupport_fastrtps_c.so" to ""
[4.106s] -- Up-to-date: /home/nextup/Downloads/colcon_ws/install/ebot_docking/include/ebot_docking/ebot_docking
[4.106s] -- Up-to-date: /home/nextup/Downloads/colcon_ws/install/ebot_docking/include/ebot_docking/ebot_docking/msg
[4.106s] -- Installing: /home/nextup/Downloads/colcon_ws/install/ebot_docking/include/ebot_docking/ebot_docking/msg/rosidl_typesupport_introspection_c__visibility_control.h
[4.106s] -- Up-to-date: /home/nextup/Downloads/colcon_ws/install/ebot_docking/include/ebot_docking/ebot_docking/srv
[4.106s] -- Up-to-date: /home/nextup/Downloads/colcon_ws/install/ebot_docking/include/ebot_docking/ebot_docking/srv/detail
[4.106s] -- Installing: /home/nextup/Downloads/colcon_ws/install/ebot_docking/include/ebot_docking/ebot_docking/srv/detail/dock_sw__type_support.c
[4.106s] -- Installing: /home/nextup/Downloads/colcon_ws/install/ebot_docking/include/ebot_docking/ebot_docking/srv/detail/dock_sw__rosidl_typesupport_introspection_c.h
[4.107s] -- Installing: /home/nextup/Downloads/colcon_ws/install/ebot_docking/lib/libebot_docking__rosidl_typesupport_introspection_c.so
[4.107s] -- Set runtime path of "/home/nextup/Downloads/colcon_ws/install/ebot_docking/lib/libebot_docking__rosidl_typesupport_introspection_c.so" to ""
[4.107s] -- Installing: /home/nextup/Downloads/colcon_ws/install/ebot_docking/lib/libebot_docking__rosidl_typesupport_c.so
[4.107s] -- Set runtime path of "/home/nextup/Downloads/colcon_ws/install/ebot_docking/lib/libebot_docking__rosidl_typesupport_c.so" to ""
[4.107s] -- Up-to-date: /home/nextup/Downloads/colcon_ws/install/ebot_docking/include/ebot_docking/ebot_docking
[4.107s] -- Up-to-date: /home/nextup/Downloads/colcon_ws/install/ebot_docking/include/ebot_docking/ebot_docking/srv
[4.107s] -- Installing: /home/nextup/Downloads/colcon_ws/install/ebot_docking/include/ebot_docking/ebot_docking/srv/dock_sw.hpp
[4.107s] -- Up-to-date: /home/nextup/Downloads/colcon_ws/install/ebot_docking/include/ebot_docking/ebot_docking/srv/detail
[4.107s] -- Installing: /home/nextup/Downloads/colcon_ws/install/ebot_docking/include/ebot_docking/ebot_docking/srv/detail/dock_sw__builder.hpp
[4.107s] -- Installing: /home/nextup/Downloads/colcon_ws/install/ebot_docking/include/ebot_docking/ebot_docking/srv/detail/dock_sw__traits.hpp
[4.107s] -- Installing: /home/nextup/Downloads/colcon_ws/install/ebot_docking/include/ebot_docking/ebot_docking/srv/detail/dock_sw__struct.hpp
[4.107s] -- Up-to-date: /home/nextup/Downloads/colcon_ws/install/ebot_docking/include/ebot_docking/ebot_docking
[4.108s] -- Up-to-date: /home/nextup/Downloads/colcon_ws/install/ebot_docking/include/ebot_docking/ebot_docking/msg
[4.108s] -- Installing: /home/nextup/Downloads/colcon_ws/install/ebot_docking/include/ebot_docking/ebot_docking/msg/rosidl_typesupport_fastrtps_cpp__visibility_control.h
[4.108s] -- Up-to-date: /home/nextup/Downloads/colcon_ws/install/ebot_docking/include/ebot_docking/ebot_docking/srv
[4.108s] -- Up-to-date: /home/nextup/Downloads/colcon_ws/install/ebot_docking/include/ebot_docking/ebot_docking/srv/detail
[4.108s] -- Installing: /home/nextup/Downloads/colcon_ws/install/ebot_docking/include/ebot_docking/ebot_docking/srv/detail/dock_sw__rosidl_typesupport_fastrtps_cpp.hpp
[4.108s] -- Installing: /home/nextup/Downloads/colcon_ws/install/ebot_docking/include/ebot_docking/ebot_docking/srv/detail/dds_fastrtps
[4.108s] -- Installing: /home/nextup/Downloads/colcon_ws/install/ebot_docking/lib/libebot_docking__rosidl_typesupport_fastrtps_cpp.so
[4.108s] -- Set runtime path of "/home/nextup/Downloads/colcon_ws/install/ebot_docking/lib/libebot_docking__rosidl_typesupport_fastrtps_cpp.so" to ""
[4.108s] -- Up-to-date: /home/nextup/Downloads/colcon_ws/install/ebot_docking/include/ebot_docking/ebot_docking
[4.108s] -- Up-to-date: /home/nextup/Downloads/colcon_ws/install/ebot_docking/include/ebot_docking/ebot_docking/srv
[4.108s] -- Up-to-date: /home/nextup/Downloads/colcon_ws/install/ebot_docking/include/ebot_docking/ebot_docking/srv/detail
[4.108s] -- Installing: /home/nextup/Downloads/colcon_ws/install/ebot_docking/include/ebot_docking/ebot_docking/srv/detail/dock_sw__type_support.cpp
[4.109s] -- Installing: /home/nextup/Downloads/colcon_ws/install/ebot_docking/include/ebot_docking/ebot_docking/srv/detail/dock_sw__rosidl_typesupport_introspection_cpp.hpp
[4.109s] -- Installing: /home/nextup/Downloads/colcon_ws/install/ebot_docking/lib/libebot_docking__rosidl_typesupport_introspection_cpp.so
[4.109s] -- Set runtime path of "/home/nextup/Downloads/colcon_ws/install/ebot_docking/lib/libebot_docking__rosidl_typesupport_introspection_cpp.so" to ""
[4.109s] -- Installing: /home/nextup/Downloads/colcon_ws/install/ebot_docking/lib/libebot_docking__rosidl_typesupport_cpp.so
[4.109s] -- Set runtime path of "/home/nextup/Downloads/colcon_ws/install/ebot_docking/lib/libebot_docking__rosidl_typesupport_cpp.so" to ""
[4.109s] -- Installing: /home/nextup/Downloads/colcon_ws/install/ebot_docking/share/ebot_docking/environment/pythonpath.sh
[4.109s] -- Installing: /home/nextup/Downloads/colcon_ws/install/ebot_docking/share/ebot_docking/environment/pythonpath.dsv
[4.109s] -- Installing: /home/nextup/Downloads/colcon_ws/install/ebot_docking/local/lib/python3.10/dist-packages/ebot_docking-0.0.0-py3.10.egg-info
[4.109s] -- Installing: /home/nextup/Downloads/colcon_ws/install/ebot_docking/local/lib/python3.10/dist-packages/ebot_docking-0.0.0-py3.10.egg-info/top_level.txt
[4.109s] -- Installing: /home/nextup/Downloads/colcon_ws/install/ebot_docking/local/lib/python3.10/dist-packages/ebot_docking-0.0.0-py3.10.egg-info/dependency_links.txt
[4.109s] -- Installing: /home/nextup/Downloads/colcon_ws/install/ebot_docking/local/lib/python3.10/dist-packages/ebot_docking-0.0.0-py3.10.egg-info/PKG-INFO
[4.109s] -- Installing: /home/nextup/Downloads/colcon_ws/install/ebot_docking/local/lib/python3.10/dist-packages/ebot_docking-0.0.0-py3.10.egg-info/SOURCES.txt
[4.109s] -- Installing: /home/nextup/Downloads/colcon_ws/install/ebot_docking/local/lib/python3.10/dist-packages/ebot_docking
[4.109s] -- Installing: /home/nextup/Downloads/colcon_ws/install/ebot_docking/local/lib/python3.10/dist-packages/ebot_docking/_ebot_docking_s.ep.rosidl_typesupport_c.c
[4.109s] -- Installing: /home/nextup/Downloads/colcon_ws/install/ebot_docking/local/lib/python3.10/dist-packages/ebot_docking/_ebot_docking_s.ep.rosidl_typesupport_fastrtps_c.c
[4.110s] -- Installing: /home/nextup/Downloads/colcon_ws/install/ebot_docking/local/lib/python3.10/dist-packages/ebot_docking/__init__.py
[4.110s] -- Installing: /home/nextup/Downloads/colcon_ws/install/ebot_docking/local/lib/python3.10/dist-packages/ebot_docking/ebot_docking_s__rosidl_typesupport_introspection_c.cpython-310-x86_64-linux-gnu.so
[4.110s] -- Installing: /home/nextup/Downloads/colcon_ws/install/ebot_docking/local/lib/python3.10/dist-packages/ebot_docking/ebot_docking_s__rosidl_typesupport_c.cpython-310-x86_64-linux-gnu.so
[4.110s] -- Installing: /home/nextup/Downloads/colcon_ws/install/ebot_docking/local/lib/python3.10/dist-packages/ebot_docking/_ebot_docking_s.ep.rosidl_typesupport_introspection_c.c
[4.110s] -- Installing: /home/nextup/Downloads/colcon_ws/install/ebot_docking/local/lib/python3.10/dist-packages/ebot_docking/srv
[4.110s] -- Installing: /home/nextup/Downloads/colcon_ws/install/ebot_docking/local/lib/python3.10/dist-packages/ebot_docking/srv/__init__.py
[4.110s] -- Installing: /home/nextup/Downloads/colcon_ws/install/ebot_docking/local/lib/python3.10/dist-packages/ebot_docking/srv/_dock_sw_s.c
[4.110s] -- Installing: /home/nextup/Downloads/colcon_ws/install/ebot_docking/local/lib/python3.10/dist-packages/ebot_docking/srv/_dock_sw.py
[4.110s] -- Installing: /home/nextup/Downloads/colcon_ws/install/ebot_docking/local/lib/python3.10/dist-packages/ebot_docking/libebot_docking__rosidl_generator_py.so
[4.110s] -- Installing: /home/nextup/Downloads/colcon_ws/install/ebot_docking/local/lib/python3.10/dist-packages/ebot_docking/ebot_docking_s__rosidl_typesupport_fastrtps_c.cpython-310-x86_64-linux-gnu.so
[4.133s] Listing '/home/nextup/Downloads/colcon_ws/install/ebot_docking/local/lib/python3.10/dist-packages/ebot_docking'...
[4.133s] Compiling '/home/nextup/Downloads/colcon_ws/install/ebot_docking/local/lib/python3.10/dist-packages/ebot_docking/__init__.py'...
[4.133s] Listing '/home/nextup/Downloads/colcon_ws/install/ebot_docking/local/lib/python3.10/dist-packages/ebot_docking/srv'...
[4.133s] Compiling '/home/nextup/Downloads/colcon_ws/install/ebot_docking/local/lib/python3.10/dist-packages/ebot_docking/srv/__init__.py'...
[4.133s] Compiling '/home/nextup/Downloads/colcon_ws/install/ebot_docking/local/lib/python3.10/dist-packages/ebot_docking/srv/_dock_sw.py'...
[4.136s] -- Installing: /home/nextup/Downloads/colcon_ws/install/ebot_docking/local/lib/python3.10/dist-packages/ebot_docking/ebot_docking_s__rosidl_typesupport_fastrtps_c.cpython-310-x86_64-linux-gnu.so
[4.136s] -- Set runtime path of "/home/nextup/Downloads/colcon_ws/install/ebot_docking/local/lib/python3.10/dist-packages/ebot_docking/ebot_docking_s__rosidl_typesupport_fastrtps_c.cpython-310-x86_64-linux-gnu.so" to ""
[4.136s] -- Installing: /home/nextup/Downloads/colcon_ws/install/ebot_docking/local/lib/python3.10/dist-packages/ebot_docking/ebot_docking_s__rosidl_typesupport_introspection_c.cpython-310-x86_64-linux-gnu.so
[4.136s] -- Set runtime path of "/home/nextup/Downloads/colcon_ws/install/ebot_docking/local/lib/python3.10/dist-packages/ebot_docking/ebot_docking_s__rosidl_typesupport_introspection_c.cpython-310-x86_64-linux-gnu.so" to ""
[4.136s] -- Installing: /home/nextup/Downloads/colcon_ws/install/ebot_docking/local/lib/python3.10/dist-packages/ebot_docking/ebot_docking_s__rosidl_typesupport_c.cpython-310-x86_64-linux-gnu.so
[4.136s] -- Set runtime path of "/home/nextup/Downloads/colcon_ws/install/ebot_docking/local/lib/python3.10/dist-packages/ebot_docking/ebot_docking_s__rosidl_typesupport_c.cpython-310-x86_64-linux-gnu.so" to ""
[4.136s] -- Installing: /home/nextup/Downloads/colcon_ws/install/ebot_docking/lib/libebot_docking__rosidl_generator_py.so
[4.137s] -- Set runtime path of "/home/nextup/Downloads/colcon_ws/install/ebot_docking/lib/libebot_docking__rosidl_generator_py.so" to ""
[4.137s] -- Installing: /home/nextup/Downloads/colcon_ws/install/ebot_docking/share/ebot_docking/srv/DockSw.idl
[4.137s] -- Installing: /home/nextup/Downloads/colcon_ws/install/ebot_docking/share/ebot_docking/srv/DockSw.srv
[4.137s] -- Installing: /home/nextup/Downloads/colcon_ws/install/ebot_docking/share/ebot_docking/srv/DockSw_Request.msg
[4.137s] -- Installing: /home/nextup/Downloads/colcon_ws/install/ebot_docking/share/ebot_docking/srv/DockSw_Response.msg
[4.137s] -- Up-to-date: /home/nextup/Downloads/colcon_ws/install/ebot_docking/share/ebot_docking//srv
[4.137s] -- Up-to-date: /home/nextup/Downloads/colcon_ws/install/ebot_docking/share/ebot_docking//srv/DockSw.srv
[4.137s] -- Installing: /home/nextup/Downloads/colcon_ws/install/ebot_docking/share/ebot_docking//scripts
[4.137s] -- Installing: /home/nextup/Downloads/colcon_ws/install/ebot_docking/share/ebot_docking//scripts/ebot_docking_boilerplate.py
[4.137s] -- Installing: /home/nextup/Downloads/colcon_ws/install/ebot_docking/lib/ebot_docking/ebot_docking_boilerplate.py
[4.137s] -- Installing: /home/nextup/Downloads/colcon_ws/install/ebot_docking/share/ament_index/resource_index/package_run_dependencies/ebot_docking
[4.138s] -- Installing: /home/nextup/Downloads/colcon_ws/install/ebot_docking/share/ament_index/resource_index/parent_prefix_path/ebot_docking
[4.138s] -- Installing: /home/nextup/Downloads/colcon_ws/install/ebot_docking/share/ebot_docking/environment/ament_prefix_path.sh
[4.138s] -- Installing: /home/nextup/Downloads/colcon_ws/install/ebot_docking/share/ebot_docking/environment/ament_prefix_path.dsv
[4.138s] -- Installing: /home/nextup/Downloads/colcon_ws/install/ebot_docking/share/ebot_docking/environment/path.sh
[4.138s] -- Installing: /home/nextup/Downloads/colcon_ws/install/ebot_docking/share/ebot_docking/environment/path.dsv
[4.138s] -- Installing: /home/nextup/Downloads/colcon_ws/install/ebot_docking/share/ebot_docking/local_setup.bash
[4.138s] -- Installing: /home/nextup/Downloads/colcon_ws/install/ebot_docking/share/ebot_docking/local_setup.sh
[4.138s] -- Installing: /home/nextup/Downloads/colcon_ws/install/ebot_docking/share/ebot_docking/local_setup.zsh
[4.138s] -- Installing: /home/nextup/Downloads/colcon_ws/install/ebot_docking/share/ebot_docking/local_setup.dsv
[4.138s] -- Installing: /home/nextup/Downloads/colcon_ws/install/ebot_docking/share/ebot_docking/package.dsv
[4.138s] -- Installing: /home/nextup/Downloads/colcon_ws/install/ebot_docking/share/ament_index/resource_index/packages/ebot_docking
[4.138s] -- Installing: /home/nextup/Downloads/colcon_ws/install/ebot_docking/share/ebot_docking/cmake/export_ebot_docking__rosidl_generator_cExport.cmake
[4.138s] -- Installing: /home/nextup/Downloads/colcon_ws/install/ebot_docking/share/ebot_docking/cmake/export_ebot_docking__rosidl_generator_cExport-noconfig.cmake
[4.139s] -- Installing: /home/nextup/Downloads/colcon_ws/install/ebot_docking/share/ebot_docking/cmake/export_ebot_docking__rosidl_typesupport_fastrtps_cExport.cmake
[4.139s] -- Installing: /home/nextup/Downloads/colcon_ws/install/ebot_docking/share/ebot_docking/cmake/export_ebot_docking__rosidl_typesupport_fastrtps_cExport-noconfig.cmake
[4.139s] -- Installing: /home/nextup/Downloads/colcon_ws/install/ebot_docking/share/ebot_docking/cmake/ebot_docking__rosidl_typesupport_introspection_cExport.cmake
[4.139s] -- Installing: /home/nextup/Downloads/colcon_ws/install/ebot_docking/share/ebot_docking/cmake/ebot_docking__rosidl_typesupport_introspection_cExport-noconfig.cmake
[4.139s] -- Installing: /home/nextup/Downloads/colcon_ws/install/ebot_docking/share/ebot_docking/cmake/ebot_docking__rosidl_typesupport_cExport.cmake
[4.139s] -- Installing: /home/nextup/Downloads/colcon_ws/install/ebot_docking/share/ebot_docking/cmake/ebot_docking__rosidl_typesupport_cExport-noconfig.cmake
[4.139s] -- Installing: /home/nextup/Downloads/colcon_ws/install/ebot_docking/share/ebot_docking/cmake/export_ebot_docking__rosidl_generator_cppExport.cmake
[4.139s] -- Installing: /home/nextup/Downloads/colcon_ws/install/ebot_docking/share/ebot_docking/cmake/export_ebot_docking__rosidl_typesupport_fastrtps_cppExport.cmake
[4.139s] -- Installing: /home/nextup/Downloads/colcon_ws/install/ebot_docking/share/ebot_docking/cmake/export_ebot_docking__rosidl_typesupport_fastrtps_cppExport-noconfig.cmake
[4.139s] -- Installing: /home/nextup/Downloads/colcon_ws/install/ebot_docking/share/ebot_docking/cmake/ebot_docking__rosidl_typesupport_introspection_cppExport.cmake
[4.139s] -- Installing: /home/nextup/Downloads/colcon_ws/install/ebot_docking/share/ebot_docking/cmake/ebot_docking__rosidl_typesupport_introspection_cppExport-noconfig.cmake
[4.139s] -- Installing: /home/nextup/Downloads/colcon_ws/install/ebot_docking/share/ebot_docking/cmake/ebot_docking__rosidl_typesupport_cppExport.cmake
[4.139s] -- Installing: /home/nextup/Downloads/colcon_ws/install/ebot_docking/share/ebot_docking/cmake/ebot_docking__rosidl_typesupport_cppExport-noconfig.cmake
[4.140s] -- Installing: /home/nextup/Downloads/colcon_ws/install/ebot_docking/share/ebot_docking/cmake/export_ebot_docking__rosidl_generator_pyExport.cmake
[4.140s] -- Installing: /home/nextup/Downloads/colcon_ws/install/ebot_docking/share/ebot_docking/cmake/export_ebot_docking__rosidl_generator_pyExport-noconfig.cmake
[4.140s] -- Installing: /home/nextup/Downloads/colcon_ws/install/ebot_docking/share/ebot_docking/cmake/rosidl_cmake-extras.cmake
[4.140s] -- Installing: /home/nextup/Downloads/colcon_ws/install/ebot_docking/share/ebot_docking/cmake/ament_cmake_export_include_directories-extras.cmake
[4.140s] -- Installing: /home/nextup/Downloads/colcon_ws/install/ebot_docking/share/ebot_docking/cmake/ament_cmake_export_libraries-extras.cmake
[4.140s] -- Installing: /home/nextup/Downloads/colcon_ws/install/ebot_docking/share/ebot_docking/cmake/ament_cmake_export_targets-extras.cmake
[4.140s] -- Installing: /home/nextup/Downloads/colcon_ws/install/ebot_docking/share/ebot_docking/cmake/rosidl_cmake_export_typesupport_targets-extras.cmake
[4.140s] -- Installing: /home/nextup/Downloads/colcon_ws/install/ebot_docking/share/ebot_docking/cmake/ament_cmake_export_dependencies-extras.cmake
[4.140s] -- Installing: /home/nextup/Downloads/colcon_ws/install/ebot_docking/share/ebot_docking/cmake/rosidl_cmake_export_typesupport_libraries-extras.cmake
[4.140s] -- Installing: /home/nextup/Downloads/colcon_ws/install/ebot_docking/share/ebot_docking/cmake/ebot_dockingConfig.cmake
[4.140s] -- Installing: /home/nextup/Downloads/colcon_ws/install/ebot_docking/share/ebot_docking/cmake/ebot_dockingConfig-version.cmake
[4.140s] -- Installing: /home/nextup/Downloads/colcon_ws/install/ebot_docking/share/ebot_docking/package.xml
[4.142s] Invoked command in '/home/nextup/Downloads/colcon_ws/build/ebot_docking' returned '0': CMAKE_PREFIX_PATH=${CMAKE_PREFIX_PATH}:/opt/ros/humble /usr/bin/cmake --install /home/nextup/Downloads/colcon_ws/build/ebot_docking
