[0.216s] Invoking command in '/home/nextup/Downloads/colcon_ws/build/ebot_nav2': CMAKE_PREFIX_PATH=${CMAKE_PREFIX_PATH}:/home/nextup/Downloads/colcon_ws/install/ur_description:/opt/ros/humble /usr/bin/cmake --build /home/nextup/Downloads/colcon_ws/build/ebot_nav2 -- -j16 -l16
[0.243s] Invoked command in '/home/nextup/Downloads/colcon_ws/build/ebot_nav2' returned '0': CMAKE_PREFIX_PATH=${CMAKE_PREFIX_PATH}:/home/nextup/Downloads/colcon_ws/install/ur_description:/opt/ros/humble /usr/bin/cmake --build /home/nextup/Downloads/colcon_ws/build/ebot_nav2 -- -j16 -l16
[0.266s] Invoking command in '/home/nextup/Downloads/colcon_ws/build/ebot_nav2': CMAKE_PREFIX_PATH=${CMAKE_PREFIX_PATH}:/home/nextup/Downloads/colcon_ws/install/ur_description:/opt/ros/humble /usr/bin/cmake --install /home/nextup/Downloads/colcon_ws/build/ebot_nav2
[0.270s] -- Install configuration: ""
[0.271s] -- Execute custom install script
[0.271s] -- Up-to-date symlink: /home/nextup/Downloads/colcon_ws/install/ebot_nav2/share/ebot_nav2//launch/ebot_bringup_launch.py
[0.271s] -- Up-to-date symlink: /home/nextup/Downloads/colcon_ws/install/ebot_nav2/share/ebot_nav2//config/ekf.yaml
[0.272s] -- Up-to-date symlink: /home/nextup/Downloads/colcon_ws/install/ebot_nav2/share/ebot_nav2//config/mapper_params_online_async.yaml
[0.272s] -- Up-to-date symlink: /home/nextup/Downloads/colcon_ws/install/ebot_nav2/share/ebot_nav2//maps/map.data
[0.272s] -- Up-to-date symlink: /home/nextup/Downloads/colcon_ws/install/ebot_nav2/share/ebot_nav2//maps/map.pgm
[0.272s] -- Up-to-date symlink: /home/nextup/Downloads/colcon_ws/install/ebot_nav2/share/ebot_nav2//maps/map.posegraph
[0.272s] -- Up-to-date symlink: /home/nextup/Downloads/colcon_ws/install/ebot_nav2/share/ebot_nav2//maps/map.yaml
[0.273s] -- Up-to-date symlink: /home/nextup/Downloads/colcon_ws/install/ebot_nav2/share/ebot_nav2//maps/map_file_here.text
[0.273s] -- Up-to-date symlink: /home/nextup/Downloads/colcon_ws/install/ebot_nav2/share/ebot_nav2//params/nav2_params.yaml
[0.273s] -- Up-to-date symlink: /home/nextup/Downloads/colcon_ws/install/ebot_nav2/share/ebot_nav2//rviz/nav2_default_view.rviz
[0.273s] -- Up-to-date symlink: /home/nextup/Downloads/colcon_ws/install/ebot_nav2/share/ament_index/resource_index/package_run_dependencies/ebot_nav2
[0.274s] -- Up-to-date symlink: /home/nextup/Downloads/colcon_ws/install/ebot_nav2/share/ament_index/resource_index/parent_prefix_path/ebot_nav2
[0.274s] -- Up-to-date symlink: /home/nextup/Downloads/colcon_ws/install/ebot_nav2/share/ebot_nav2/environment/ament_prefix_path.sh
[0.275s] -- Up-to-date symlink: /home/nextup/Downloads/colcon_ws/install/ebot_nav2/share/ebot_nav2/environment/ament_prefix_path.dsv
[0.275s] -- Up-to-date symlink: /home/nextup/Downloads/colcon_ws/install/ebot_nav2/share/ebot_nav2/environment/path.sh
[0.275s] -- Up-to-date symlink: /home/nextup/Downloads/colcon_ws/install/ebot_nav2/share/ebot_nav2/environment/path.dsv
[0.275s] -- Up-to-date symlink: /home/nextup/Downloads/colcon_ws/install/ebot_nav2/share/ebot_nav2/local_setup.bash
[0.276s] -- Up-to-date symlink: /home/nextup/Downloads/colcon_ws/install/ebot_nav2/share/ebot_nav2/local_setup.sh
[0.276s] -- Up-to-date symlink: /home/nextup/Downloads/colcon_ws/install/ebot_nav2/share/ebot_nav2/local_setup.zsh
[0.276s] -- Up-to-date symlink: /home/nextup/Downloads/colcon_ws/install/ebot_nav2/share/ebot_nav2/local_setup.dsv
[0.276s] -- Symlinking: /home/nextup/Downloads/colcon_ws/install/ebot_nav2/share/ebot_nav2/package.dsv
[0.283s] -- Up-to-date symlink: /home/nextup/Downloads/colcon_ws/install/ebot_nav2/share/ament_index/resource_index/packages/ebot_nav2
[0.283s] -- Up-to-date symlink: /home/nextup/Downloads/colcon_ws/install/ebot_nav2/share/ebot_nav2/cmake/ebot_nav2Config.cmake
[0.284s] -- Up-to-date symlink: /home/nextup/Downloads/colcon_ws/install/ebot_nav2/share/ebot_nav2/cmake/ebot_nav2Config-version.cmake
[0.284s] -- Up-to-date symlink: /home/nextup/Downloads/colcon_ws/install/ebot_nav2/share/ebot_nav2/package.xml
[0.286s] Invoked command in '/home/nextup/Downloads/colcon_ws/build/ebot_nav2' returned '0': CMAKE_PREFIX_PATH=${CMAKE_PREFIX_PATH}:/home/nextup/Downloads/colcon_ws/install/ur_description:/opt/ros/humble /usr/bin/cmake --install /home/nextup/Downloads/colcon_ws/build/ebot_nav2
