[0.141s] Invoking command in '/home/nextup/Downloads/colcon_ws/build/ebot_description': AMENT_PREFIX_PATH=/home/nextup/Downloads/colcon_ws/install/ebot_docking:${AMENT_PREFIX_PATH} CMAKE_PREFIX_PATH=/home/nextup/Downloads/colcon_ws/install/ebot_docking:/home/nextup/Desktop/visionexplorers/install/ebot_nav2:/home/nextup/Desktop/visionexplorers/install/auto_car:/home/nextup/explorers_ws/install/auto_car:/home/nextup/vision_ws/install/ur5_moveit:/home/nextup/vision_ws/install/ur_description:/home/nextup/vision_ws/install/realsense_gazebo_plugin:/home/nextup/vision_ws/install/pymoveit2:/home/nextup/vision_ws/install/linkattacher_msgs:/home/nextup/vision_ws/install/gazebo_ros2_control:/home/nextup/vision_ws/install/eyantra_warehouse:/home/nextup/vision_ws/install/ebot_nav2:/home/nextup/vision_ws/install/ebot_description:/home/nextup/vision_ws/install/ebot_docking:/home/nextup/vision_ws/install/aws_robomaker_small_warehouse_world:/home/nextup/colcon_ws/install/ur5_moveit:/home/nextup/colcon_ws/install/ur_description:/home/nextup/colcon_ws/install/realsense_gazebo_plugin:/home/nextup/colcon_ws/install/pymoveit2:/home/nextup/colcon_ws/install/linkattacher_msgs:/home/nextup/colcon_ws/install/gazebo_ros2_control:/home/nextup/colcon_ws/install/eyantra_warehouse:/home/nextup/colcon_ws/install/ebot_nav2:/home/nextup/colcon_ws/install/ebot_docking:/home/nextup/colcon_ws/install/ebot_description:/home/nextup/colcon_ws/install/aws_robomaker_small_warehouse_world:/opt/ros/humble LD_LIBRARY_PATH=/home/nextup/Downloads/colcon_ws/install/ebot_docking/lib:/home/nextup/vision_ws/install/realsense_gazebo_plugin/lib:/home/nextup/vision_ws/install/linkattacher_msgs/lib:/home/nextup/vision_ws/install/gazebo_ros2_control/lib:/home/nextup/vision_ws/install/ebot_docking/lib:/home/nextup/colcon_ws/install/realsense_gazebo_plugin/lib:/home/nextup/colcon_ws/install/linkattacher_msgs/lib:/home/nextup/colcon_ws/install/gazebo_ros2_control/lib:/home/nextup/colcon_ws/install/ebot_docking/lib:/usr/lib/x86_64-linux-gnu/gazebo-11/plugins:/opt/ros/humble/opt/rviz_ogre_vendor/lib:/opt/ros/humble/lib/x86_64-linux-gnu:/opt/ros/humble/lib:/usr/share/gazebo-11/../../lib/x86_64-linux-gnu/gazebo-11/plugins PYTHONPATH=/home/nextup/Downloads/colcon_ws/install/ebot_docking/local/lib/python3.10/dist-packages:${PYTHONPATH} /usr/bin/cmake --build /home/nextup/Downloads/colcon_ws/build/ebot_description -- -j16 -l16
[0.208s] Invoked command in '/home/nextup/Downloads/colcon_ws/build/ebot_description' returned '0': AMENT_PREFIX_PATH=/home/nextup/Downloads/colcon_ws/install/ebot_docking:${AMENT_PREFIX_PATH} CMAKE_PREFIX_PATH=/home/nextup/Downloads/colcon_ws/install/ebot_docking:/home/nextup/Desktop/visionexplorers/install/ebot_nav2:/home/nextup/Desktop/visionexplorers/install/auto_car:/home/nextup/explorers_ws/install/auto_car:/home/nextup/vision_ws/install/ur5_moveit:/home/nextup/vision_ws/install/ur_description:/home/nextup/vision_ws/install/realsense_gazebo_plugin:/home/nextup/vision_ws/install/pymoveit2:/home/nextup/vision_ws/install/linkattacher_msgs:/home/nextup/vision_ws/install/gazebo_ros2_control:/home/nextup/vision_ws/install/eyantra_warehouse:/home/nextup/vision_ws/install/ebot_nav2:/home/nextup/vision_ws/install/ebot_description:/home/nextup/vision_ws/install/ebot_docking:/home/nextup/vision_ws/install/aws_robomaker_small_warehouse_world:/home/nextup/colcon_ws/install/ur5_moveit:/home/nextup/colcon_ws/install/ur_description:/home/nextup/colcon_ws/install/realsense_gazebo_plugin:/home/nextup/colcon_ws/install/pymoveit2:/home/nextup/colcon_ws/install/linkattacher_msgs:/home/nextup/colcon_ws/install/gazebo_ros2_control:/home/nextup/colcon_ws/install/eyantra_warehouse:/home/nextup/colcon_ws/install/ebot_nav2:/home/nextup/colcon_ws/install/ebot_docking:/home/nextup/colcon_ws/install/ebot_description:/home/nextup/colcon_ws/install/aws_robomaker_small_warehouse_world:/opt/ros/humble LD_LIBRARY_PATH=/home/nextup/Downloads/colcon_ws/install/ebot_docking/lib:/home/nextup/vision_ws/install/realsense_gazebo_plugin/lib:/home/nextup/vision_ws/install/linkattacher_msgs/lib:/home/nextup/vision_ws/install/gazebo_ros2_control/lib:/home/nextup/vision_ws/install/ebot_docking/lib:/home/nextup/colcon_ws/install/realsense_gazebo_plugin/lib:/home/nextup/colcon_ws/install/linkattacher_msgs/lib:/home/nextup/colcon_ws/install/gazebo_ros2_control/lib:/home/nextup/colcon_ws/install/ebot_docking/lib:/usr/lib/x86_64-linux-gnu/gazebo-11/plugins:/opt/ros/humble/opt/rviz_ogre_vendor/lib:/opt/ros/humble/lib/x86_64-linux-gnu:/opt/ros/humble/lib:/usr/share/gazebo-11/../../lib/x86_64-linux-gnu/gazebo-11/plugins PYTHONPATH=/home/nextup/Downloads/colcon_ws/install/ebot_docking/local/lib/python3.10/dist-packages:${PYTHONPATH} /usr/bin/cmake --build /home/nextup/Downloads/colcon_ws/build/ebot_description -- -j16 -l16
[0.223s] Invoking command in '/home/nextup/Downloads/colcon_ws/build/ebot_description': AMENT_PREFIX_PATH=/home/nextup/Downloads/colcon_ws/install/ebot_docking:${AMENT_PREFIX_PATH} CMAKE_PREFIX_PATH=/home/nextup/Downloads/colcon_ws/install/ebot_docking:/home/nextup/Desktop/visionexplorers/install/ebot_nav2:/home/nextup/Desktop/visionexplorers/install/auto_car:/home/nextup/explorers_ws/install/auto_car:/home/nextup/vision_ws/install/ur5_moveit:/home/nextup/vision_ws/install/ur_description:/home/nextup/vision_ws/install/realsense_gazebo_plugin:/home/nextup/vision_ws/install/pymoveit2:/home/nextup/vision_ws/install/linkattacher_msgs:/home/nextup/vision_ws/install/gazebo_ros2_control:/home/nextup/vision_ws/install/eyantra_warehouse:/home/nextup/vision_ws/install/ebot_nav2:/home/nextup/vision_ws/install/ebot_description:/home/nextup/vision_ws/install/ebot_docking:/home/nextup/vision_ws/install/aws_robomaker_small_warehouse_world:/home/nextup/colcon_ws/install/ur5_moveit:/home/nextup/colcon_ws/install/ur_description:/home/nextup/colcon_ws/install/realsense_gazebo_plugin:/home/nextup/colcon_ws/install/pymoveit2:/home/nextup/colcon_ws/install/linkattacher_msgs:/home/nextup/colcon_ws/install/gazebo_ros2_control:/home/nextup/colcon_ws/install/eyantra_warehouse:/home/nextup/colcon_ws/install/ebot_nav2:/home/nextup/colcon_ws/install/ebot_docking:/home/nextup/colcon_ws/install/ebot_description:/home/nextup/colcon_ws/install/aws_robomaker_small_warehouse_world:/opt/ros/humble LD_LIBRARY_PATH=/home/nextup/Downloads/colcon_ws/install/ebot_docking/lib:/home/nextup/vision_ws/install/realsense_gazebo_plugin/lib:/home/nextup/vision_ws/install/linkattacher_msgs/lib:/home/nextup/vision_ws/install/gazebo_ros2_control/lib:/home/nextup/vision_ws/install/ebot_docking/lib:/home/nextup/colcon_ws/install/realsense_gazebo_plugin/lib:/home/nextup/colcon_ws/install/linkattacher_msgs/lib:/home/nextup/colcon_ws/install/gazebo_ros2_control/lib:/home/nextup/colcon_ws/install/ebot_docking/lib:/usr/lib/x86_64-linux-gnu/gazebo-11/plugins:/opt/ros/humble/opt/rviz_ogre_vendor/lib:/opt/ros/humble/lib/x86_64-linux-gnu:/opt/ros/humble/lib:/usr/share/gazebo-11/../../lib/x86_64-linux-gnu/gazebo-11/plugins PYTHONPATH=/home/nextup/Downloads/colcon_ws/install/ebot_docking/local/lib/python3.10/dist-packages:${PYTHONPATH} /usr/bin/cmake --install /home/nextup/Downloads/colcon_ws/build/ebot_description
[0.228s] -- Install configuration: ""
[0.228s] -- Up-to-date: /home/nextup/Downloads/colcon_ws/install/ebot_description/share/ebot_description//launch
[0.228s] -- Up-to-date: /home/nextup/Downloads/colcon_ws/install/ebot_description/share/ebot_description//launch/ebot_gazebo_launch.py
[0.228s] -- Up-to-date: /home/nextup/Downloads/colcon_ws/install/ebot_description/share/ebot_description//launch/start_world_launch.py
[0.228s] -- Up-to-date: /home/nextup/Downloads/colcon_ws/install/ebot_description/share/ebot_description//launch/spawn_robot.py
[0.228s] -- Up-to-date: /home/nextup/Downloads/colcon_ws/install/ebot_description/share/ebot_description//worlds
[0.228s] -- Up-to-date: /home/nextup/Downloads/colcon_ws/install/ebot_description/share/ebot_description//worlds/empty.world
[0.228s] -- Up-to-date: /home/nextup/Downloads/colcon_ws/install/ebot_description/share/ebot_description//worlds/border_road.world
[0.229s] -- Up-to-date: /home/nextup/Downloads/colcon_ws/install/ebot_description/share/ebot_description//models
[0.229s] -- Up-to-date: /home/nextup/Downloads/colcon_ws/install/ebot_description/share/ebot_description//models/ebot
[0.229s] -- Up-to-date: /home/nextup/Downloads/colcon_ws/install/ebot_description/share/ebot_description//models/ebot/car.urdf.xacro
[0.229s] -- Up-to-date: /home/nextup/Downloads/colcon_ws/install/ebot_description/share/ebot_description//models/ebot/ebot_description copy.xacro
[0.229s] -- Up-to-date: /home/nextup/Downloads/colcon_ws/install/ebot_description/share/ebot_description//models/ebot/ebot.gazebo
[0.229s] -- Up-to-date: /home/nextup/Downloads/colcon_ws/install/ebot_description/share/ebot_description//models/ebot/ebot_description.xacro
[0.229s] -- Up-to-date: /home/nextup/Downloads/colcon_ws/install/ebot_description/share/ebot_description//meshes
[0.229s] -- Up-to-date: /home/nextup/Downloads/colcon_ws/install/ebot_description/share/ebot_description//meshes/FUS1.STL
[0.229s] -- Up-to-date: /home/nextup/Downloads/colcon_ws/install/ebot_description/share/ebot_description//meshes/RUS5.STL
[0.229s] -- Up-to-date: /home/nextup/Downloads/colcon_ws/install/ebot_description/share/ebot_description//meshes/FWL.STL
[0.229s] -- Up-to-date: /home/nextup/Downloads/colcon_ws/install/ebot_description/share/ebot_description//meshes/FUS4.STL
[0.229s] -- Up-to-date: /home/nextup/Downloads/colcon_ws/install/ebot_description/share/ebot_description//meshes/RUS6.STL
[0.229s] -- Up-to-date: /home/nextup/Downloads/colcon_ws/install/ebot_description/share/ebot_description//meshes/FUS3.STL
[0.229s] -- Up-to-date: /home/nextup/Downloads/colcon_ws/install/ebot_description/share/ebot_description//meshes/RHUS7.STL
[0.229s] -- Up-to-date: /home/nextup/Downloads/colcon_ws/install/ebot_description/share/ebot_description//meshes/LHUS9.STL
[0.229s] -- Up-to-date: /home/nextup/Downloads/colcon_ws/install/ebot_description/share/ebot_description//meshes/chassis.dae
[0.229s] -- Up-to-date: /home/nextup/Downloads/colcon_ws/install/ebot_description/share/ebot_description//meshes/RWR.STL
[0.229s] -- Up-to-date: /home/nextup/Downloads/colcon_ws/install/ebot_description/share/ebot_description//meshes/robot_base.stl
[0.229s] -- Up-to-date: /home/nextup/Downloads/colcon_ws/install/ebot_description/share/ebot_description//meshes/RWL.STL
[0.229s] -- Up-to-date: /home/nextup/Downloads/colcon_ws/install/ebot_description/share/ebot_description//meshes/FWR.STL
[0.230s] -- Up-to-date: /home/nextup/Downloads/colcon_ws/install/ebot_description/share/ebot_description//meshes/RHUS9.STL
[0.230s] -- Up-to-date: /home/nextup/Downloads/colcon_ws/install/ebot_description/share/ebot_description//meshes/FUS2.STL
[0.230s] -- Up-to-date: /home/nextup/Downloads/colcon_ws/install/ebot_description/share/ebot_description//meshes/LHUS10.STL
[0.230s] -- Up-to-date: /home/nextup/Downloads/colcon_ws/install/ebot_description/share/ebot_description//plugins
[0.230s] -- Up-to-date: /home/nextup/Downloads/colcon_ws/install/ebot_description/share/ebot_description//plugins/libgazebo_collision_sensor.so
[0.230s] -- Up-to-date: /home/nextup/Downloads/colcon_ws/install/ebot_description/share/ebot_description//plugins/libgazebo_ros_vacuum_gripper.so
[0.230s] -- Up-to-date: /home/nextup/Downloads/colcon_ws/install/ebot_description/share/ament_index/resource_index/package_run_dependencies/ebot_description
[0.231s] -- Up-to-date: /home/nextup/Downloads/colcon_ws/install/ebot_description/share/ament_index/resource_index/parent_prefix_path/ebot_description
[0.231s] -- Up-to-date: /home/nextup/Downloads/colcon_ws/install/ebot_description/share/ebot_description/environment/ament_prefix_path.sh
[0.231s] -- Up-to-date: /home/nextup/Downloads/colcon_ws/install/ebot_description/share/ebot_description/environment/ament_prefix_path.dsv
[0.231s] -- Up-to-date: /home/nextup/Downloads/colcon_ws/install/ebot_description/share/ebot_description/environment/path.sh
[0.231s] -- Up-to-date: /home/nextup/Downloads/colcon_ws/install/ebot_description/share/ebot_description/environment/path.dsv
[0.231s] -- Up-to-date: /home/nextup/Downloads/colcon_ws/install/ebot_description/share/ebot_description/local_setup.bash
[0.231s] -- Up-to-date: /home/nextup/Downloads/colcon_ws/install/ebot_description/share/ebot_description/local_setup.sh
[0.231s] -- Up-to-date: /home/nextup/Downloads/colcon_ws/install/ebot_description/share/ebot_description/local_setup.zsh
[0.231s] -- Up-to-date: /home/nextup/Downloads/colcon_ws/install/ebot_description/share/ebot_description/local_setup.dsv
[0.231s] -- Up-to-date: /home/nextup/Downloads/colcon_ws/install/ebot_description/share/ebot_description/package.dsv
[0.231s] -- Up-to-date: /home/nextup/Downloads/colcon_ws/install/ebot_description/share/ament_index/resource_index/packages/ebot_description
[0.231s] -- Up-to-date: /home/nextup/Downloads/colcon_ws/install/ebot_description/share/ebot_description/cmake/ebot_descriptionConfig.cmake
[0.231s] -- Up-to-date: /home/nextup/Downloads/colcon_ws/install/ebot_description/share/ebot_description/cmake/ebot_descriptionConfig-version.cmake
[0.231s] -- Up-to-date: /home/nextup/Downloads/colcon_ws/install/ebot_description/share/ebot_description/package.xml
[0.231s] Invoked command in '/home/nextup/Downloads/colcon_ws/build/ebot_description' returned '0': AMENT_PREFIX_PATH=/home/nextup/Downloads/colcon_ws/install/ebot_docking:${AMENT_PREFIX_PATH} CMAKE_PREFIX_PATH=/home/nextup/Downloads/colcon_ws/install/ebot_docking:/home/nextup/Desktop/visionexplorers/install/ebot_nav2:/home/nextup/Desktop/visionexplorers/install/auto_car:/home/nextup/explorers_ws/install/auto_car:/home/nextup/vision_ws/install/ur5_moveit:/home/nextup/vision_ws/install/ur_description:/home/nextup/vision_ws/install/realsense_gazebo_plugin:/home/nextup/vision_ws/install/pymoveit2:/home/nextup/vision_ws/install/linkattacher_msgs:/home/nextup/vision_ws/install/gazebo_ros2_control:/home/nextup/vision_ws/install/eyantra_warehouse:/home/nextup/vision_ws/install/ebot_nav2:/home/nextup/vision_ws/install/ebot_description:/home/nextup/vision_ws/install/ebot_docking:/home/nextup/vision_ws/install/aws_robomaker_small_warehouse_world:/home/nextup/colcon_ws/install/ur5_moveit:/home/nextup/colcon_ws/install/ur_description:/home/nextup/colcon_ws/install/realsense_gazebo_plugin:/home/nextup/colcon_ws/install/pymoveit2:/home/nextup/colcon_ws/install/linkattacher_msgs:/home/nextup/colcon_ws/install/gazebo_ros2_control:/home/nextup/colcon_ws/install/eyantra_warehouse:/home/nextup/colcon_ws/install/ebot_nav2:/home/nextup/colcon_ws/install/ebot_docking:/home/nextup/colcon_ws/install/ebot_description:/home/nextup/colcon_ws/install/aws_robomaker_small_warehouse_world:/opt/ros/humble LD_LIBRARY_PATH=/home/nextup/Downloads/colcon_ws/install/ebot_docking/lib:/home/nextup/vision_ws/install/realsense_gazebo_plugin/lib:/home/nextup/vision_ws/install/linkattacher_msgs/lib:/home/nextup/vision_ws/install/gazebo_ros2_control/lib:/home/nextup/vision_ws/install/ebot_docking/lib:/home/nextup/colcon_ws/install/realsense_gazebo_plugin/lib:/home/nextup/colcon_ws/install/linkattacher_msgs/lib:/home/nextup/colcon_ws/install/gazebo_ros2_control/lib:/home/nextup/colcon_ws/install/ebot_docking/lib:/usr/lib/x86_64-linux-gnu/gazebo-11/plugins:/opt/ros/humble/opt/rviz_ogre_vendor/lib:/opt/ros/humble/lib/x86_64-linux-gnu:/opt/ros/humble/lib:/usr/share/gazebo-11/../../lib/x86_64-linux-gnu/gazebo-11/plugins PYTHONPATH=/home/nextup/Downloads/colcon_ws/install/ebot_docking/local/lib/python3.10/dist-packages:${PYTHONPATH} /usr/bin/cmake --install /home/nextup/Downloads/colcon_ws/build/ebot_description
