[0.904s] DEBUG:colcon:Command line arguments: ['/usr/bin/colcon', 'build', '--symlink-install']
[0.904s] DEBUG:colcon:Parsed command line arguments: Namespace(log_base=None, log_level=None, verb_name='build', build_base='build', install_base='install', merge_install=False, symlink_install=True, test_result_base=None, continue_on_error=False, executor='parallel', parallel_workers=16, event_handlers=None, ignore_user_meta=False, metas=['./colcon.meta'], base_paths=['.'], packages_ignore=None, packages_ignore_regex=None, paths=None, packages_up_to=None, packages_up_to_regex=None, packages_above=None, packages_above_and_dependencies=None, packages_above_depth=None, packages_select_by_dep=None, packages_skip_by_dep=None, packages_skip_up_to=None, packages_select_build_failed=False, packages_skip_build_finished=False, packages_select_test_failures=False, packages_skip_test_passed=False, packages_select=None, packages_skip=None, packages_select_regex=None, packages_skip_regex=None, packages_start=None, packages_end=None, allow_overriding=[], cmake_args=None, cmake_target=None, cmake_target_skip_unavailable=False, cmake_clean_cache=False, cmake_clean_first=False, cmake_force_configure=False, ament_cmake_args=None, catkin_cmake_args=None, catkin_skip_building_tests=False, verb_parser=<colcon_defaults.argument_parser.defaults.DefaultArgumentsDecorator object at 0x7f1ce1bdc400>, verb_extension=<colcon_core.verb.build.BuildVerb object at 0x7f1ce1b15210>, main=<bound method BuildVerb.main of <colcon_core.verb.build.BuildVerb object at 0x7f1ce1b15210>>)
[0.943s] Level 1:colcon.colcon_core.package_discovery:discover_packages(colcon_meta) check parameters
[0.943s] Level 1:colcon.colcon_core.package_discovery:discover_packages(recursive) check parameters
[0.943s] Level 1:colcon.colcon_core.package_discovery:discover_packages(ignore) check parameters
[0.943s] Level 1:colcon.colcon_core.package_discovery:discover_packages(path) check parameters
[0.943s] Level 1:colcon.colcon_core.package_discovery:discover_packages(colcon_meta) discover
[0.943s] Level 1:colcon.colcon_core.package_discovery:discover_packages(recursive) discover
[0.943s] INFO:colcon.colcon_core.package_discovery:Crawling recursively for packages in '/home/nextup/Downloads/colcon_ws'
[0.943s] Level 1:colcon.colcon_core.package_identification:_identify(.) by extensions ['ignore', 'ignore_ament_install']
[0.944s] Level 1:colcon.colcon_core.package_identification:_identify(.) by extension 'ignore'
[0.944s] Level 1:colcon.colcon_core.package_identification:_identify(.) by extension 'ignore_ament_install'
[0.944s] Level 1:colcon.colcon_core.package_identification:_identify(.) by extensions ['colcon_pkg']
[0.944s] Level 1:colcon.colcon_core.package_identification:_identify(.) by extension 'colcon_pkg'
[0.944s] Level 1:colcon.colcon_core.package_identification:_identify(.) by extensions ['colcon_meta']
[0.944s] Level 1:colcon.colcon_core.package_identification:_identify(.) by extension 'colcon_meta'
[0.944s] Level 1:colcon.colcon_core.package_identification:_identify(.) by extensions ['ros']
[0.944s] Level 1:colcon.colcon_core.package_identification:_identify(.) by extension 'ros'
[0.952s] Level 1:colcon.colcon_core.package_identification:_identify(.) by extensions ['cmake', 'python']
[0.952s] Level 1:colcon.colcon_core.package_identification:_identify(.) by extension 'cmake'
[0.952s] Level 1:colcon.colcon_core.package_identification:_identify(.) by extension 'python'
[0.952s] Level 1:colcon.colcon_core.package_identification:_identify(.) by extensions ['python_setup_py']
[0.952s] Level 1:colcon.colcon_core.package_identification:_identify(.) by extension 'python_setup_py'
[0.952s] Level 1:colcon.colcon_core.package_identification:_identify(build) by extensions ['ignore', 'ignore_ament_install']
[0.952s] Level 1:colcon.colcon_core.package_identification:_identify(build) by extension 'ignore'
[0.952s] Level 1:colcon.colcon_core.package_identification:_identify(build) ignored
[0.952s] Level 1:colcon.colcon_core.package_identification:_identify(install) by extensions ['ignore', 'ignore_ament_install']
[0.952s] Level 1:colcon.colcon_core.package_identification:_identify(install) by extension 'ignore'
[0.952s] Level 1:colcon.colcon_core.package_identification:_identify(install) ignored
[0.952s] Level 1:colcon.colcon_core.package_identification:_identify(log) by extensions ['ignore', 'ignore_ament_install']
[0.952s] Level 1:colcon.colcon_core.package_identification:_identify(log) by extension 'ignore'
[0.952s] Level 1:colcon.colcon_core.package_identification:_identify(log) ignored
[0.952s] Level 1:colcon.colcon_core.package_identification:_identify(src) by extensions ['ignore', 'ignore_ament_install']
[0.952s] Level 1:colcon.colcon_core.package_identification:_identify(src) by extension 'ignore'
[0.952s] Level 1:colcon.colcon_core.package_identification:_identify(src) by extension 'ignore_ament_install'
[0.953s] Level 1:colcon.colcon_core.package_identification:_identify(src) by extensions ['colcon_pkg']
[0.953s] Level 1:colcon.colcon_core.package_identification:_identify(src) by extension 'colcon_pkg'
[0.953s] Level 1:colcon.colcon_core.package_identification:_identify(src) by extensions ['colcon_meta']
[0.953s] Level 1:colcon.colcon_core.package_identification:_identify(src) by extension 'colcon_meta'
[0.953s] Level 1:colcon.colcon_core.package_identification:_identify(src) by extensions ['ros']
[0.953s] Level 1:colcon.colcon_core.package_identification:_identify(src) by extension 'ros'
[0.953s] Level 1:colcon.colcon_core.package_identification:_identify(src) by extensions ['cmake', 'python']
[0.953s] Level 1:colcon.colcon_core.package_identification:_identify(src) by extension 'cmake'
[0.953s] Level 1:colcon.colcon_core.package_identification:_identify(src) by extension 'python'
[0.953s] Level 1:colcon.colcon_core.package_identification:_identify(src) by extensions ['python_setup_py']
[0.953s] Level 1:colcon.colcon_core.package_identification:_identify(src) by extension 'python_setup_py'
[0.953s] Level 1:colcon.colcon_core.package_identification:_identify(src/aws-robomaker-small-warehouse-world) by extensions ['ignore', 'ignore_ament_install']
[0.953s] Level 1:colcon.colcon_core.package_identification:_identify(src/aws-robomaker-small-warehouse-world) by extension 'ignore'
[0.953s] Level 1:colcon.colcon_core.package_identification:_identify(src/aws-robomaker-small-warehouse-world) by extension 'ignore_ament_install'
[0.953s] Level 1:colcon.colcon_core.package_identification:_identify(src/aws-robomaker-small-warehouse-world) by extensions ['colcon_pkg']
[0.953s] Level 1:colcon.colcon_core.package_identification:_identify(src/aws-robomaker-small-warehouse-world) by extension 'colcon_pkg'
[0.953s] Level 1:colcon.colcon_core.package_identification:_identify(src/aws-robomaker-small-warehouse-world) by extensions ['colcon_meta']
[0.953s] Level 1:colcon.colcon_core.package_identification:_identify(src/aws-robomaker-small-warehouse-world) by extension 'colcon_meta'
[0.953s] Level 1:colcon.colcon_core.package_identification:_identify(src/aws-robomaker-small-warehouse-world) by extensions ['ros']
[0.953s] Level 1:colcon.colcon_core.package_identification:_identify(src/aws-robomaker-small-warehouse-world) by extension 'ros'
[0.955s] DEBUG:colcon.colcon_core.package_identification:Package 'src/aws-robomaker-small-warehouse-world' with type 'ros.ament_cmake' and name 'aws_robomaker_small_warehouse_world'
[0.955s] Level 1:colcon.colcon_core.package_identification:_identify(src/ebot_description) by extensions ['ignore', 'ignore_ament_install']
[0.955s] Level 1:colcon.colcon_core.package_identification:_identify(src/ebot_description) by extension 'ignore'
[0.955s] Level 1:colcon.colcon_core.package_identification:_identify(src/ebot_description) by extension 'ignore_ament_install'
[0.955s] Level 1:colcon.colcon_core.package_identification:_identify(src/ebot_description) by extensions ['colcon_pkg']
[0.955s] Level 1:colcon.colcon_core.package_identification:_identify(src/ebot_description) by extension 'colcon_pkg'
[0.955s] Level 1:colcon.colcon_core.package_identification:_identify(src/ebot_description) by extensions ['colcon_meta']
[0.955s] Level 1:colcon.colcon_core.package_identification:_identify(src/ebot_description) by extension 'colcon_meta'
[0.955s] Level 1:colcon.colcon_core.package_identification:_identify(src/ebot_description) by extensions ['ros']
[0.955s] Level 1:colcon.colcon_core.package_identification:_identify(src/ebot_description) by extension 'ros'
[0.956s] DEBUG:colcon.colcon_core.package_identification:Package 'src/ebot_description' with type 'ros.ament_cmake' and name 'ebot_description'
[0.956s] Level 1:colcon.colcon_core.package_identification:_identify(src/ebot_docking) by extensions ['ignore', 'ignore_ament_install']
[0.956s] Level 1:colcon.colcon_core.package_identification:_identify(src/ebot_docking) by extension 'ignore'
[0.956s] Level 1:colcon.colcon_core.package_identification:_identify(src/ebot_docking) by extension 'ignore_ament_install'
[0.956s] Level 1:colcon.colcon_core.package_identification:_identify(src/ebot_docking) by extensions ['colcon_pkg']
[0.956s] Level 1:colcon.colcon_core.package_identification:_identify(src/ebot_docking) by extension 'colcon_pkg'
[0.956s] Level 1:colcon.colcon_core.package_identification:_identify(src/ebot_docking) by extensions ['colcon_meta']
[0.956s] Level 1:colcon.colcon_core.package_identification:_identify(src/ebot_docking) by extension 'colcon_meta'
[0.956s] Level 1:colcon.colcon_core.package_identification:_identify(src/ebot_docking) by extensions ['ros']
[0.956s] Level 1:colcon.colcon_core.package_identification:_identify(src/ebot_docking) by extension 'ros'
[0.957s] DEBUG:colcon.colcon_core.package_identification:Package 'src/ebot_docking' with type 'ros.ament_cmake' and name 'ebot_docking'
[0.957s] Level 1:colcon.colcon_core.package_identification:_identify(src/ebot_nav2) by extensions ['ignore', 'ignore_ament_install']
[0.957s] Level 1:colcon.colcon_core.package_identification:_identify(src/ebot_nav2) by extension 'ignore'
[0.957s] Level 1:colcon.colcon_core.package_identification:_identify(src/ebot_nav2) by extension 'ignore_ament_install'
[0.957s] Level 1:colcon.colcon_core.package_identification:_identify(src/ebot_nav2) by extensions ['colcon_pkg']
[0.957s] Level 1:colcon.colcon_core.package_identification:_identify(src/ebot_nav2) by extension 'colcon_pkg'
[0.957s] Level 1:colcon.colcon_core.package_identification:_identify(src/ebot_nav2) by extensions ['colcon_meta']
[0.957s] Level 1:colcon.colcon_core.package_identification:_identify(src/ebot_nav2) by extension 'colcon_meta'
[0.957s] Level 1:colcon.colcon_core.package_identification:_identify(src/ebot_nav2) by extensions ['ros']
[0.957s] Level 1:colcon.colcon_core.package_identification:_identify(src/ebot_nav2) by extension 'ros'
[0.957s] DEBUG:colcon.colcon_core.package_identification:Package 'src/ebot_nav2' with type 'ros.ament_cmake' and name 'ebot_nav2'
[0.957s] Level 1:colcon.colcon_core.package_identification:_identify(src/eyantra_warehouse) by extensions ['ignore', 'ignore_ament_install']
[0.957s] Level 1:colcon.colcon_core.package_identification:_identify(src/eyantra_warehouse) by extension 'ignore'
[0.958s] Level 1:colcon.colcon_core.package_identification:_identify(src/eyantra_warehouse) by extension 'ignore_ament_install'
[0.958s] Level 1:colcon.colcon_core.package_identification:_identify(src/eyantra_warehouse) by extensions ['colcon_pkg']
[0.958s] Level 1:colcon.colcon_core.package_identification:_identify(src/eyantra_warehouse) by extension 'colcon_pkg'
[0.958s] Level 1:colcon.colcon_core.package_identification:_identify(src/eyantra_warehouse) by extensions ['colcon_meta']
[0.958s] Level 1:colcon.colcon_core.package_identification:_identify(src/eyantra_warehouse) by extension 'colcon_meta'
[0.958s] Level 1:colcon.colcon_core.package_identification:_identify(src/eyantra_warehouse) by extensions ['ros']
[0.958s] Level 1:colcon.colcon_core.package_identification:_identify(src/eyantra_warehouse) by extension 'ros'
[0.958s] DEBUG:colcon.colcon_core.package_identification:Package 'src/eyantra_warehouse' with type 'ros.ament_cmake' and name 'eyantra_warehouse'
[0.958s] Level 1:colcon.colcon_core.package_identification:_identify(src/gazebo_ros2_control) by extensions ['ignore', 'ignore_ament_install']
[0.958s] Level 1:colcon.colcon_core.package_identification:_identify(src/gazebo_ros2_control) by extension 'ignore'
[0.958s] Level 1:colcon.colcon_core.package_identification:_identify(src/gazebo_ros2_control) by extension 'ignore_ament_install'
[0.958s] Level 1:colcon.colcon_core.package_identification:_identify(src/gazebo_ros2_control) by extensions ['colcon_pkg']
[0.958s] Level 1:colcon.colcon_core.package_identification:_identify(src/gazebo_ros2_control) by extension 'colcon_pkg'
[0.958s] Level 1:colcon.colcon_core.package_identification:_identify(src/gazebo_ros2_control) by extensions ['colcon_meta']
[0.958s] Level 1:colcon.colcon_core.package_identification:_identify(src/gazebo_ros2_control) by extension 'colcon_meta'
[0.958s] Level 1:colcon.colcon_core.package_identification:_identify(src/gazebo_ros2_control) by extensions ['ros']
[0.958s] Level 1:colcon.colcon_core.package_identification:_identify(src/gazebo_ros2_control) by extension 'ros'
[0.959s] DEBUG:colcon.colcon_core.package_identification:Package 'src/gazebo_ros2_control' with type 'ros.ament_cmake' and name 'gazebo_ros2_control'
[0.959s] Level 1:colcon.colcon_core.package_identification:_identify(src/linkattacher_msgs) by extensions ['ignore', 'ignore_ament_install']
[0.959s] Level 1:colcon.colcon_core.package_identification:_identify(src/linkattacher_msgs) by extension 'ignore'
[0.959s] Level 1:colcon.colcon_core.package_identification:_identify(src/linkattacher_msgs) by extension 'ignore_ament_install'
[0.959s] Level 1:colcon.colcon_core.package_identification:_identify(src/linkattacher_msgs) by extensions ['colcon_pkg']
[0.960s] Level 1:colcon.colcon_core.package_identification:_identify(src/linkattacher_msgs) by extension 'colcon_pkg'
[0.960s] Level 1:colcon.colcon_core.package_identification:_identify(src/linkattacher_msgs) by extensions ['colcon_meta']
[0.960s] Level 1:colcon.colcon_core.package_identification:_identify(src/linkattacher_msgs) by extension 'colcon_meta'
[0.960s] Level 1:colcon.colcon_core.package_identification:_identify(src/linkattacher_msgs) by extensions ['ros']
[0.960s] Level 1:colcon.colcon_core.package_identification:_identify(src/linkattacher_msgs) by extension 'ros'
[0.960s] DEBUG:colcon.colcon_core.package_identification:Package 'src/linkattacher_msgs' with type 'ros.ament_cmake' and name 'linkattacher_msgs'
[0.960s] Level 1:colcon.colcon_core.package_identification:_identify(src/pymoveit2) by extensions ['ignore', 'ignore_ament_install']
[0.960s] Level 1:colcon.colcon_core.package_identification:_identify(src/pymoveit2) by extension 'ignore'
[0.960s] Level 1:colcon.colcon_core.package_identification:_identify(src/pymoveit2) by extension 'ignore_ament_install'
[0.960s] Level 1:colcon.colcon_core.package_identification:_identify(src/pymoveit2) by extensions ['colcon_pkg']
[0.960s] Level 1:colcon.colcon_core.package_identification:_identify(src/pymoveit2) by extension 'colcon_pkg'
[0.960s] Level 1:colcon.colcon_core.package_identification:_identify(src/pymoveit2) by extensions ['colcon_meta']
[0.960s] Level 1:colcon.colcon_core.package_identification:_identify(src/pymoveit2) by extension 'colcon_meta'
[0.960s] Level 1:colcon.colcon_core.package_identification:_identify(src/pymoveit2) by extensions ['ros']
[0.960s] Level 1:colcon.colcon_core.package_identification:_identify(src/pymoveit2) by extension 'ros'
[0.961s] DEBUG:colcon.colcon_core.package_identification:Package 'src/pymoveit2' with type 'ros.ament_cmake' and name 'pymoveit2'
[0.961s] Level 1:colcon.colcon_core.package_identification:_identify(src/realsense_gazebo_plugin) by extensions ['ignore', 'ignore_ament_install']
[0.961s] Level 1:colcon.colcon_core.package_identification:_identify(src/realsense_gazebo_plugin) by extension 'ignore'
[0.961s] Level 1:colcon.colcon_core.package_identification:_identify(src/realsense_gazebo_plugin) by extension 'ignore_ament_install'
[0.961s] Level 1:colcon.colcon_core.package_identification:_identify(src/realsense_gazebo_plugin) by extensions ['colcon_pkg']
[0.961s] Level 1:colcon.colcon_core.package_identification:_identify(src/realsense_gazebo_plugin) by extension 'colcon_pkg'
[0.961s] Level 1:colcon.colcon_core.package_identification:_identify(src/realsense_gazebo_plugin) by extensions ['colcon_meta']
[0.961s] Level 1:colcon.colcon_core.package_identification:_identify(src/realsense_gazebo_plugin) by extension 'colcon_meta'
[0.961s] Level 1:colcon.colcon_core.package_identification:_identify(src/realsense_gazebo_plugin) by extensions ['ros']
[0.961s] Level 1:colcon.colcon_core.package_identification:_identify(src/realsense_gazebo_plugin) by extension 'ros'
[0.962s] DEBUG:colcon.colcon_core.package_identification:Package 'src/realsense_gazebo_plugin' with type 'ros.ament_cmake' and name 'realsense_gazebo_plugin'
[0.962s] Level 1:colcon.colcon_core.package_identification:_identify(src/ur5_moveit) by extensions ['ignore', 'ignore_ament_install']
[0.962s] Level 1:colcon.colcon_core.package_identification:_identify(src/ur5_moveit) by extension 'ignore'
[0.962s] Level 1:colcon.colcon_core.package_identification:_identify(src/ur5_moveit) by extension 'ignore_ament_install'
[0.962s] Level 1:colcon.colcon_core.package_identification:_identify(src/ur5_moveit) by extensions ['colcon_pkg']
[0.962s] Level 1:colcon.colcon_core.package_identification:_identify(src/ur5_moveit) by extension 'colcon_pkg'
[0.962s] Level 1:colcon.colcon_core.package_identification:_identify(src/ur5_moveit) by extensions ['colcon_meta']
[0.962s] Level 1:colcon.colcon_core.package_identification:_identify(src/ur5_moveit) by extension 'colcon_meta'
[0.962s] Level 1:colcon.colcon_core.package_identification:_identify(src/ur5_moveit) by extensions ['ros']
[0.962s] Level 1:colcon.colcon_core.package_identification:_identify(src/ur5_moveit) by extension 'ros'
[0.963s] DEBUG:colcon.colcon_core.package_identification:Package 'src/ur5_moveit' with type 'ros.ament_cmake' and name 'ur5_moveit'
[0.963s] Level 1:colcon.colcon_core.package_identification:_identify(src/ur_description) by extensions ['ignore', 'ignore_ament_install']
[0.963s] Level 1:colcon.colcon_core.package_identification:_identify(src/ur_description) by extension 'ignore'
[0.963s] Level 1:colcon.colcon_core.package_identification:_identify(src/ur_description) by extension 'ignore_ament_install'
[0.963s] Level 1:colcon.colcon_core.package_identification:_identify(src/ur_description) by extensions ['colcon_pkg']
[0.963s] Level 1:colcon.colcon_core.package_identification:_identify(src/ur_description) by extension 'colcon_pkg'
[0.963s] Level 1:colcon.colcon_core.package_identification:_identify(src/ur_description) by extensions ['colcon_meta']
[0.963s] Level 1:colcon.colcon_core.package_identification:_identify(src/ur_description) by extension 'colcon_meta'
[0.963s] Level 1:colcon.colcon_core.package_identification:_identify(src/ur_description) by extensions ['ros']
[0.963s] Level 1:colcon.colcon_core.package_identification:_identify(src/ur_description) by extension 'ros'
[0.964s] DEBUG:colcon.colcon_core.package_identification:Package 'src/ur_description' with type 'ros.ament_cmake' and name 'ur_description'
[0.964s] Level 1:colcon.colcon_core.package_discovery:discover_packages(recursive) using defaults
[0.964s] Level 1:colcon.colcon_core.package_discovery:discover_packages(ignore) discover
[0.964s] Level 1:colcon.colcon_core.package_discovery:discover_packages(ignore) using defaults
[0.964s] Level 1:colcon.colcon_core.package_discovery:discover_packages(path) discover
[0.964s] Level 1:colcon.colcon_core.package_discovery:discover_packages(path) using defaults
[1.044s] Level 1:colcon.colcon_core.package_discovery:discover_packages(prefix_path) check parameters
[1.045s] Level 1:colcon.colcon_core.package_discovery:discover_packages(prefix_path) discover
[1.058s] WARNING:colcon.colcon_core.prefix_path.colcon:The path '/home/nextup/vision_ws/install' in the environment variable COLCON_PREFIX_PATH doesn't exist
[1.058s] WARNING:colcon.colcon_core.prefix_path.colcon:The path '/home/nextup/explorers_ws/install' in the environment variable COLCON_PREFIX_PATH doesn't exist
[1.058s] WARNING:colcon.colcon_core.prefix_path.colcon:The path '/home/nextup/Desktop/visionexplorers/install' in the environment variable COLCON_PREFIX_PATH doesn't exist
[1.059s] WARNING:colcon.colcon_ros.prefix_path.ament:The path '/home/nextup/vision_ws/install/ebot_nav2' in the environment variable AMENT_PREFIX_PATH doesn't exist
[1.059s] WARNING:colcon.colcon_ros.prefix_path.ament:The path '/home/nextup/vision_ws/install/ebot_description' in the environment variable AMENT_PREFIX_PATH doesn't exist
[1.059s] WARNING:colcon.colcon_ros.prefix_path.ament:The path '/home/nextup/Desktop/visionexplorers/install/ebot_nav2' in the environment variable AMENT_PREFIX_PATH doesn't exist
[1.059s] WARNING:colcon.colcon_ros.prefix_path.ament:The path '/home/nextup/Desktop/visionexplorers/install/auto_car' in the environment variable AMENT_PREFIX_PATH doesn't exist
[1.059s] WARNING:colcon.colcon_ros.prefix_path.ament:The path '/home/nextup/explorers_ws/install/auto_car' in the environment variable AMENT_PREFIX_PATH doesn't exist
[1.059s] WARNING:colcon.colcon_ros.prefix_path.ament:The path '/home/nextup/vision_ws/install/ur5_moveit' in the environment variable AMENT_PREFIX_PATH doesn't exist
[1.059s] WARNING:colcon.colcon_ros.prefix_path.ament:The path '/home/nextup/vision_ws/install/realsense_gazebo_plugin' in the environment variable AMENT_PREFIX_PATH doesn't exist
[1.059s] WARNING:colcon.colcon_ros.prefix_path.ament:The path '/home/nextup/vision_ws/install/pymoveit2' in the environment variable AMENT_PREFIX_PATH doesn't exist
[1.059s] WARNING:colcon.colcon_ros.prefix_path.ament:The path '/home/nextup/vision_ws/install/linkattacher_msgs' in the environment variable AMENT_PREFIX_PATH doesn't exist
[1.059s] WARNING:colcon.colcon_ros.prefix_path.ament:The path '/home/nextup/vision_ws/install/gazebo_ros2_control' in the environment variable AMENT_PREFIX_PATH doesn't exist
[1.059s] WARNING:colcon.colcon_ros.prefix_path.ament:The path '/home/nextup/vision_ws/install/eyantra_warehouse' in the environment variable AMENT_PREFIX_PATH doesn't exist
[1.059s] WARNING:colcon.colcon_ros.prefix_path.ament:The path '/home/nextup/vision_ws/install/aws_robomaker_small_warehouse_world' in the environment variable AMENT_PREFIX_PATH doesn't exist
[1.059s] WARNING:colcon.colcon_ros.prefix_path.catkin:The path '/home/nextup/Desktop/visionexplorers/install/ebot_nav2' in the environment variable CMAKE_PREFIX_PATH doesn't exist
[1.059s] WARNING:colcon.colcon_ros.prefix_path.catkin:The path '/home/nextup/Desktop/visionexplorers/install/auto_car' in the environment variable CMAKE_PREFIX_PATH doesn't exist
[1.059s] WARNING:colcon.colcon_ros.prefix_path.catkin:The path '/home/nextup/explorers_ws/install/auto_car' in the environment variable CMAKE_PREFIX_PATH doesn't exist
[1.059s] WARNING:colcon.colcon_ros.prefix_path.catkin:The path '/home/nextup/vision_ws/install/ur5_moveit' in the environment variable CMAKE_PREFIX_PATH doesn't exist
[1.059s] WARNING:colcon.colcon_ros.prefix_path.catkin:The path '/home/nextup/vision_ws/install/ur_description' in the environment variable CMAKE_PREFIX_PATH doesn't exist
[1.059s] WARNING:colcon.colcon_ros.prefix_path.catkin:The path '/home/nextup/vision_ws/install/realsense_gazebo_plugin' in the environment variable CMAKE_PREFIX_PATH doesn't exist
[1.060s] WARNING:colcon.colcon_ros.prefix_path.catkin:The path '/home/nextup/vision_ws/install/pymoveit2' in the environment variable CMAKE_PREFIX_PATH doesn't exist
[1.060s] WARNING:colcon.colcon_ros.prefix_path.catkin:The path '/home/nextup/vision_ws/install/linkattacher_msgs' in the environment variable CMAKE_PREFIX_PATH doesn't exist
[1.060s] WARNING:colcon.colcon_ros.prefix_path.catkin:The path '/home/nextup/vision_ws/install/gazebo_ros2_control' in the environment variable CMAKE_PREFIX_PATH doesn't exist
[1.060s] WARNING:colcon.colcon_ros.prefix_path.catkin:The path '/home/nextup/vision_ws/install/eyantra_warehouse' in the environment variable CMAKE_PREFIX_PATH doesn't exist
[1.060s] WARNING:colcon.colcon_ros.prefix_path.catkin:The path '/home/nextup/vision_ws/install/ebot_nav2' in the environment variable CMAKE_PREFIX_PATH doesn't exist
[1.060s] WARNING:colcon.colcon_ros.prefix_path.catkin:The path '/home/nextup/vision_ws/install/ebot_description' in the environment variable CMAKE_PREFIX_PATH doesn't exist
[1.060s] WARNING:colcon.colcon_ros.prefix_path.catkin:The path '/home/nextup/vision_ws/install/ebot_docking' in the environment variable CMAKE_PREFIX_PATH doesn't exist
[1.060s] WARNING:colcon.colcon_ros.prefix_path.catkin:The path '/home/nextup/vision_ws/install/aws_robomaker_small_warehouse_world' in the environment variable CMAKE_PREFIX_PATH doesn't exist
[1.079s] DEBUG:colcon.colcon_installed_package_information.package_discovery:Found 11 installed packages in /home/nextup/Downloads/colcon_ws/install
[1.093s] DEBUG:colcon.colcon_installed_package_information.package_discovery:Found 11 installed packages in /home/nextup/colcon_ws/install
[1.108s] DEBUG:colcon.colcon_installed_package_information.package_discovery:Found 423 installed packages in /opt/ros/humble
[1.109s] Level 1:colcon.colcon_core.package_discovery:discover_packages(prefix_path) using defaults
[1.198s] Level 5:colcon.colcon_core.verb:set package 'aws_robomaker_small_warehouse_world' build argument 'cmake_args' from command line to 'None'
[1.198s] Level 5:colcon.colcon_core.verb:set package 'aws_robomaker_small_warehouse_world' build argument 'cmake_target' from command line to 'None'
[1.198s] Level 5:colcon.colcon_core.verb:set package 'aws_robomaker_small_warehouse_world' build argument 'cmake_target_skip_unavailable' from command line to 'False'
[1.198s] Level 5:colcon.colcon_core.verb:set package 'aws_robomaker_small_warehouse_world' build argument 'cmake_clean_cache' from command line to 'False'
[1.198s] Level 5:colcon.colcon_core.verb:set package 'aws_robomaker_small_warehouse_world' build argument 'cmake_clean_first' from command line to 'False'
[1.198s] Level 5:colcon.colcon_core.verb:set package 'aws_robomaker_small_warehouse_world' build argument 'cmake_force_configure' from command line to 'False'
[1.198s] Level 5:colcon.colcon_core.verb:set package 'aws_robomaker_small_warehouse_world' build argument 'ament_cmake_args' from command line to 'None'
[1.198s] Level 5:colcon.colcon_core.verb:set package 'aws_robomaker_small_warehouse_world' build argument 'catkin_cmake_args' from command line to 'None'
[1.198s] Level 5:colcon.colcon_core.verb:set package 'aws_robomaker_small_warehouse_world' build argument 'catkin_skip_building_tests' from command line to 'False'
[1.198s] DEBUG:colcon.colcon_core.verb:Building package 'aws_robomaker_small_warehouse_world' with the following arguments: {'ament_cmake_args': None, 'build_base': '/home/nextup/Downloads/colcon_ws/build/aws_robomaker_small_warehouse_world', 'catkin_cmake_args': None, 'catkin_skip_building_tests': False, 'cmake_args': None, 'cmake_clean_cache': False, 'cmake_clean_first': False, 'cmake_force_configure': False, 'cmake_target': None, 'cmake_target_skip_unavailable': False, 'install_base': '/home/nextup/Downloads/colcon_ws/install/aws_robomaker_small_warehouse_world', 'merge_install': False, 'path': '/home/nextup/Downloads/colcon_ws/src/aws-robomaker-small-warehouse-world', 'symlink_install': True, 'test_result_base': None}
[1.212s] Level 5:colcon.colcon_core.verb:set package 'ebot_docking' build argument 'cmake_args' from command line to 'None'
[1.212s] Level 5:colcon.colcon_core.verb:set package 'ebot_docking' build argument 'cmake_target' from command line to 'None'
[1.212s] Level 5:colcon.colcon_core.verb:set package 'ebot_docking' build argument 'cmake_target_skip_unavailable' from command line to 'False'
[1.212s] Level 5:colcon.colcon_core.verb:set package 'ebot_docking' build argument 'cmake_clean_cache' from command line to 'False'
[1.212s] Level 5:colcon.colcon_core.verb:set package 'ebot_docking' build argument 'cmake_clean_first' from command line to 'False'
[1.212s] Level 5:colcon.colcon_core.verb:set package 'ebot_docking' build argument 'cmake_force_configure' from command line to 'False'
[1.212s] Level 5:colcon.colcon_core.verb:set package 'ebot_docking' build argument 'ament_cmake_args' from command line to 'None'
[1.212s] Level 5:colcon.colcon_core.verb:set package 'ebot_docking' build argument 'catkin_cmake_args' from command line to 'None'
[1.212s] Level 5:colcon.colcon_core.verb:set package 'ebot_docking' build argument 'catkin_skip_building_tests' from command line to 'False'
[1.212s] DEBUG:colcon.colcon_core.verb:Building package 'ebot_docking' with the following arguments: {'ament_cmake_args': None, 'build_base': '/home/nextup/Downloads/colcon_ws/build/ebot_docking', 'catkin_cmake_args': None, 'catkin_skip_building_tests': False, 'cmake_args': None, 'cmake_clean_cache': False, 'cmake_clean_first': False, 'cmake_force_configure': False, 'cmake_target': None, 'cmake_target_skip_unavailable': False, 'install_base': '/home/nextup/Downloads/colcon_ws/install/ebot_docking', 'merge_install': False, 'path': '/home/nextup/Downloads/colcon_ws/src/ebot_docking', 'symlink_install': True, 'test_result_base': None}
[1.225s] Level 5:colcon.colcon_core.verb:set package 'ebot_nav2' build argument 'cmake_args' from command line to 'None'
[1.225s] Level 5:colcon.colcon_core.verb:set package 'ebot_nav2' build argument 'cmake_target' from command line to 'None'
[1.225s] Level 5:colcon.colcon_core.verb:set package 'ebot_nav2' build argument 'cmake_target_skip_unavailable' from command line to 'False'
[1.225s] Level 5:colcon.colcon_core.verb:set package 'ebot_nav2' build argument 'cmake_clean_cache' from command line to 'False'
[1.225s] Level 5:colcon.colcon_core.verb:set package 'ebot_nav2' build argument 'cmake_clean_first' from command line to 'False'
[1.226s] Level 5:colcon.colcon_core.verb:set package 'ebot_nav2' build argument 'cmake_force_configure' from command line to 'False'
[1.226s] Level 5:colcon.colcon_core.verb:set package 'ebot_nav2' build argument 'ament_cmake_args' from command line to 'None'
[1.226s] Level 5:colcon.colcon_core.verb:set package 'ebot_nav2' build argument 'catkin_cmake_args' from command line to 'None'
[1.226s] Level 5:colcon.colcon_core.verb:set package 'ebot_nav2' build argument 'catkin_skip_building_tests' from command line to 'False'
[1.226s] DEBUG:colcon.colcon_core.verb:Building package 'ebot_nav2' with the following arguments: {'ament_cmake_args': None, 'build_base': '/home/nextup/Downloads/colcon_ws/build/ebot_nav2', 'catkin_cmake_args': None, 'catkin_skip_building_tests': False, 'cmake_args': None, 'cmake_clean_cache': False, 'cmake_clean_first': False, 'cmake_force_configure': False, 'cmake_target': None, 'cmake_target_skip_unavailable': False, 'install_base': '/home/nextup/Downloads/colcon_ws/install/ebot_nav2', 'merge_install': False, 'path': '/home/nextup/Downloads/colcon_ws/src/ebot_nav2', 'symlink_install': True, 'test_result_base': None}
[1.239s] Level 5:colcon.colcon_core.verb:set package 'eyantra_warehouse' build argument 'cmake_args' from command line to 'None'
[1.239s] Level 5:colcon.colcon_core.verb:set package 'eyantra_warehouse' build argument 'cmake_target' from command line to 'None'
[1.239s] Level 5:colcon.colcon_core.verb:set package 'eyantra_warehouse' build argument 'cmake_target_skip_unavailable' from command line to 'False'
[1.239s] Level 5:colcon.colcon_core.verb:set package 'eyantra_warehouse' build argument 'cmake_clean_cache' from command line to 'False'
[1.239s] Level 5:colcon.colcon_core.verb:set package 'eyantra_warehouse' build argument 'cmake_clean_first' from command line to 'False'
[1.239s] Level 5:colcon.colcon_core.verb:set package 'eyantra_warehouse' build argument 'cmake_force_configure' from command line to 'False'
[1.239s] Level 5:colcon.colcon_core.verb:set package 'eyantra_warehouse' build argument 'ament_cmake_args' from command line to 'None'
[1.239s] Level 5:colcon.colcon_core.verb:set package 'eyantra_warehouse' build argument 'catkin_cmake_args' from command line to 'None'
[1.239s] Level 5:colcon.colcon_core.verb:set package 'eyantra_warehouse' build argument 'catkin_skip_building_tests' from command line to 'False'
[1.239s] DEBUG:colcon.colcon_core.verb:Building package 'eyantra_warehouse' with the following arguments: {'ament_cmake_args': None, 'build_base': '/home/nextup/Downloads/colcon_ws/build/eyantra_warehouse', 'catkin_cmake_args': None, 'catkin_skip_building_tests': False, 'cmake_args': None, 'cmake_clean_cache': False, 'cmake_clean_first': False, 'cmake_force_configure': False, 'cmake_target': None, 'cmake_target_skip_unavailable': False, 'install_base': '/home/nextup/Downloads/colcon_ws/install/eyantra_warehouse', 'merge_install': False, 'path': '/home/nextup/Downloads/colcon_ws/src/eyantra_warehouse', 'symlink_install': True, 'test_result_base': None}
[1.252s] Level 5:colcon.colcon_core.verb:set package 'gazebo_ros2_control' build argument 'cmake_args' from command line to 'None'
[1.252s] Level 5:colcon.colcon_core.verb:set package 'gazebo_ros2_control' build argument 'cmake_target' from command line to 'None'
[1.252s] Level 5:colcon.colcon_core.verb:set package 'gazebo_ros2_control' build argument 'cmake_target_skip_unavailable' from command line to 'False'
[1.252s] Level 5:colcon.colcon_core.verb:set package 'gazebo_ros2_control' build argument 'cmake_clean_cache' from command line to 'False'
[1.252s] Level 5:colcon.colcon_core.verb:set package 'gazebo_ros2_control' build argument 'cmake_clean_first' from command line to 'False'
[1.252s] Level 5:colcon.colcon_core.verb:set package 'gazebo_ros2_control' build argument 'cmake_force_configure' from command line to 'False'
[1.252s] Level 5:colcon.colcon_core.verb:set package 'gazebo_ros2_control' build argument 'ament_cmake_args' from command line to 'None'
[1.252s] Level 5:colcon.colcon_core.verb:set package 'gazebo_ros2_control' build argument 'catkin_cmake_args' from command line to 'None'
[1.252s] Level 5:colcon.colcon_core.verb:set package 'gazebo_ros2_control' build argument 'catkin_skip_building_tests' from command line to 'False'
[1.252s] DEBUG:colcon.colcon_core.verb:Building package 'gazebo_ros2_control' with the following arguments: {'ament_cmake_args': None, 'build_base': '/home/nextup/Downloads/colcon_ws/build/gazebo_ros2_control', 'catkin_cmake_args': None, 'catkin_skip_building_tests': False, 'cmake_args': None, 'cmake_clean_cache': False, 'cmake_clean_first': False, 'cmake_force_configure': False, 'cmake_target': None, 'cmake_target_skip_unavailable': False, 'install_base': '/home/nextup/Downloads/colcon_ws/install/gazebo_ros2_control', 'merge_install': False, 'path': '/home/nextup/Downloads/colcon_ws/src/gazebo_ros2_control', 'symlink_install': True, 'test_result_base': None}
[1.266s] Level 5:colcon.colcon_core.verb:set package 'linkattacher_msgs' build argument 'cmake_args' from command line to 'None'
[1.266s] Level 5:colcon.colcon_core.verb:set package 'linkattacher_msgs' build argument 'cmake_target' from command line to 'None'
[1.266s] Level 5:colcon.colcon_core.verb:set package 'linkattacher_msgs' build argument 'cmake_target_skip_unavailable' from command line to 'False'
[1.266s] Level 5:colcon.colcon_core.verb:set package 'linkattacher_msgs' build argument 'cmake_clean_cache' from command line to 'False'
[1.266s] Level 5:colcon.colcon_core.verb:set package 'linkattacher_msgs' build argument 'cmake_clean_first' from command line to 'False'
[1.266s] Level 5:colcon.colcon_core.verb:set package 'linkattacher_msgs' build argument 'cmake_force_configure' from command line to 'False'
[1.266s] Level 5:colcon.colcon_core.verb:set package 'linkattacher_msgs' build argument 'ament_cmake_args' from command line to 'None'
[1.266s] Level 5:colcon.colcon_core.verb:set package 'linkattacher_msgs' build argument 'catkin_cmake_args' from command line to 'None'
[1.266s] Level 5:colcon.colcon_core.verb:set package 'linkattacher_msgs' build argument 'catkin_skip_building_tests' from command line to 'False'
[1.266s] DEBUG:colcon.colcon_core.verb:Building package 'linkattacher_msgs' with the following arguments: {'ament_cmake_args': None, 'build_base': '/home/nextup/Downloads/colcon_ws/build/linkattacher_msgs', 'catkin_cmake_args': None, 'catkin_skip_building_tests': False, 'cmake_args': None, 'cmake_clean_cache': False, 'cmake_clean_first': False, 'cmake_force_configure': False, 'cmake_target': None, 'cmake_target_skip_unavailable': False, 'install_base': '/home/nextup/Downloads/colcon_ws/install/linkattacher_msgs', 'merge_install': False, 'path': '/home/nextup/Downloads/colcon_ws/src/linkattacher_msgs', 'symlink_install': True, 'test_result_base': None}
[1.279s] Level 5:colcon.colcon_core.verb:set package 'pymoveit2' build argument 'cmake_args' from command line to 'None'
[1.279s] Level 5:colcon.colcon_core.verb:set package 'pymoveit2' build argument 'cmake_target' from command line to 'None'
[1.279s] Level 5:colcon.colcon_core.verb:set package 'pymoveit2' build argument 'cmake_target_skip_unavailable' from command line to 'False'
[1.279s] Level 5:colcon.colcon_core.verb:set package 'pymoveit2' build argument 'cmake_clean_cache' from command line to 'False'
[1.279s] Level 5:colcon.colcon_core.verb:set package 'pymoveit2' build argument 'cmake_clean_first' from command line to 'False'
[1.279s] Level 5:colcon.colcon_core.verb:set package 'pymoveit2' build argument 'cmake_force_configure' from command line to 'False'
[1.279s] Level 5:colcon.colcon_core.verb:set package 'pymoveit2' build argument 'ament_cmake_args' from command line to 'None'
[1.279s] Level 5:colcon.colcon_core.verb:set package 'pymoveit2' build argument 'catkin_cmake_args' from command line to 'None'
[1.279s] Level 5:colcon.colcon_core.verb:set package 'pymoveit2' build argument 'catkin_skip_building_tests' from command line to 'False'
[1.279s] DEBUG:colcon.colcon_core.verb:Building package 'pymoveit2' with the following arguments: {'ament_cmake_args': None, 'build_base': '/home/nextup/Downloads/colcon_ws/build/pymoveit2', 'catkin_cmake_args': None, 'catkin_skip_building_tests': False, 'cmake_args': None, 'cmake_clean_cache': False, 'cmake_clean_first': False, 'cmake_force_configure': False, 'cmake_target': None, 'cmake_target_skip_unavailable': False, 'install_base': '/home/nextup/Downloads/colcon_ws/install/pymoveit2', 'merge_install': False, 'path': '/home/nextup/Downloads/colcon_ws/src/pymoveit2', 'symlink_install': True, 'test_result_base': None}
[1.293s] Level 5:colcon.colcon_core.verb:set package 'realsense_gazebo_plugin' build argument 'cmake_args' from command line to 'None'
[1.293s] Level 5:colcon.colcon_core.verb:set package 'realsense_gazebo_plugin' build argument 'cmake_target' from command line to 'None'
[1.293s] Level 5:colcon.colcon_core.verb:set package 'realsense_gazebo_plugin' build argument 'cmake_target_skip_unavailable' from command line to 'False'
[1.293s] Level 5:colcon.colcon_core.verb:set package 'realsense_gazebo_plugin' build argument 'cmake_clean_cache' from command line to 'False'
[1.293s] Level 5:colcon.colcon_core.verb:set package 'realsense_gazebo_plugin' build argument 'cmake_clean_first' from command line to 'False'
[1.293s] Level 5:colcon.colcon_core.verb:set package 'realsense_gazebo_plugin' build argument 'cmake_force_configure' from command line to 'False'
[1.293s] Level 5:colcon.colcon_core.verb:set package 'realsense_gazebo_plugin' build argument 'ament_cmake_args' from command line to 'None'
[1.293s] Level 5:colcon.colcon_core.verb:set package 'realsense_gazebo_plugin' build argument 'catkin_cmake_args' from command line to 'None'
[1.293s] Level 5:colcon.colcon_core.verb:set package 'realsense_gazebo_plugin' build argument 'catkin_skip_building_tests' from command line to 'False'
[1.293s] DEBUG:colcon.colcon_core.verb:Building package 'realsense_gazebo_plugin' with the following arguments: {'ament_cmake_args': None, 'build_base': '/home/nextup/Downloads/colcon_ws/build/realsense_gazebo_plugin', 'catkin_cmake_args': None, 'catkin_skip_building_tests': False, 'cmake_args': None, 'cmake_clean_cache': False, 'cmake_clean_first': False, 'cmake_force_configure': False, 'cmake_target': None, 'cmake_target_skip_unavailable': False, 'install_base': '/home/nextup/Downloads/colcon_ws/install/realsense_gazebo_plugin', 'merge_install': False, 'path': '/home/nextup/Downloads/colcon_ws/src/realsense_gazebo_plugin', 'symlink_install': True, 'test_result_base': None}
[1.306s] Level 5:colcon.colcon_core.verb:set package 'ur_description' build argument 'cmake_args' from command line to 'None'
[1.306s] Level 5:colcon.colcon_core.verb:set package 'ur_description' build argument 'cmake_target' from command line to 'None'
[1.306s] Level 5:colcon.colcon_core.verb:set package 'ur_description' build argument 'cmake_target_skip_unavailable' from command line to 'False'
[1.306s] Level 5:colcon.colcon_core.verb:set package 'ur_description' build argument 'cmake_clean_cache' from command line to 'False'
[1.306s] Level 5:colcon.colcon_core.verb:set package 'ur_description' build argument 'cmake_clean_first' from command line to 'False'
[1.306s] Level 5:colcon.colcon_core.verb:set package 'ur_description' build argument 'cmake_force_configure' from command line to 'False'
[1.306s] Level 5:colcon.colcon_core.verb:set package 'ur_description' build argument 'ament_cmake_args' from command line to 'None'
[1.306s] Level 5:colcon.colcon_core.verb:set package 'ur_description' build argument 'catkin_cmake_args' from command line to 'None'
[1.306s] Level 5:colcon.colcon_core.verb:set package 'ur_description' build argument 'catkin_skip_building_tests' from command line to 'False'
[1.306s] DEBUG:colcon.colcon_core.verb:Building package 'ur_description' with the following arguments: {'ament_cmake_args': None, 'build_base': '/home/nextup/Downloads/colcon_ws/build/ur_description', 'catkin_cmake_args': None, 'catkin_skip_building_tests': False, 'cmake_args': None, 'cmake_clean_cache': False, 'cmake_clean_first': False, 'cmake_force_configure': False, 'cmake_target': None, 'cmake_target_skip_unavailable': False, 'install_base': '/home/nextup/Downloads/colcon_ws/install/ur_description', 'merge_install': False, 'path': '/home/nextup/Downloads/colcon_ws/src/ur_description', 'symlink_install': True, 'test_result_base': None}
[1.319s] Level 5:colcon.colcon_core.verb:set package 'ebot_description' build argument 'cmake_args' from command line to 'None'
[1.319s] Level 5:colcon.colcon_core.verb:set package 'ebot_description' build argument 'cmake_target' from command line to 'None'
[1.319s] Level 5:colcon.colcon_core.verb:set package 'ebot_description' build argument 'cmake_target_skip_unavailable' from command line to 'False'
[1.319s] Level 5:colcon.colcon_core.verb:set package 'ebot_description' build argument 'cmake_clean_cache' from command line to 'False'
[1.319s] Level 5:colcon.colcon_core.verb:set package 'ebot_description' build argument 'cmake_clean_first' from command line to 'False'
[1.319s] Level 5:colcon.colcon_core.verb:set package 'ebot_description' build argument 'cmake_force_configure' from command line to 'False'
[1.319s] Level 5:colcon.colcon_core.verb:set package 'ebot_description' build argument 'ament_cmake_args' from command line to 'None'
[1.320s] Level 5:colcon.colcon_core.verb:set package 'ebot_description' build argument 'catkin_cmake_args' from command line to 'None'
[1.320s] Level 5:colcon.colcon_core.verb:set package 'ebot_description' build argument 'catkin_skip_building_tests' from command line to 'False'
[1.320s] DEBUG:colcon.colcon_core.verb:Building package 'ebot_description' with the following arguments: {'ament_cmake_args': None, 'build_base': '/home/nextup/Downloads/colcon_ws/build/ebot_description', 'catkin_cmake_args': None, 'catkin_skip_building_tests': False, 'cmake_args': None, 'cmake_clean_cache': False, 'cmake_clean_first': False, 'cmake_force_configure': False, 'cmake_target': None, 'cmake_target_skip_unavailable': False, 'install_base': '/home/nextup/Downloads/colcon_ws/install/ebot_description', 'merge_install': False, 'path': '/home/nextup/Downloads/colcon_ws/src/ebot_description', 'symlink_install': True, 'test_result_base': None}
[1.333s] Level 5:colcon.colcon_core.verb:set package 'ur5_moveit' build argument 'cmake_args' from command line to 'None'
[1.333s] Level 5:colcon.colcon_core.verb:set package 'ur5_moveit' build argument 'cmake_target' from command line to 'None'
[1.333s] Level 5:colcon.colcon_core.verb:set package 'ur5_moveit' build argument 'cmake_target_skip_unavailable' from command line to 'False'
[1.333s] Level 5:colcon.colcon_core.verb:set package 'ur5_moveit' build argument 'cmake_clean_cache' from command line to 'False'
[1.333s] Level 5:colcon.colcon_core.verb:set package 'ur5_moveit' build argument 'cmake_clean_first' from command line to 'False'
[1.333s] Level 5:colcon.colcon_core.verb:set package 'ur5_moveit' build argument 'cmake_force_configure' from command line to 'False'
[1.333s] Level 5:colcon.colcon_core.verb:set package 'ur5_moveit' build argument 'ament_cmake_args' from command line to 'None'
[1.333s] Level 5:colcon.colcon_core.verb:set package 'ur5_moveit' build argument 'catkin_cmake_args' from command line to 'None'
[1.333s] Level 5:colcon.colcon_core.verb:set package 'ur5_moveit' build argument 'catkin_skip_building_tests' from command line to 'False'
[1.333s] DEBUG:colcon.colcon_core.verb:Building package 'ur5_moveit' with the following arguments: {'ament_cmake_args': None, 'build_base': '/home/nextup/Downloads/colcon_ws/build/ur5_moveit', 'catkin_cmake_args': None, 'catkin_skip_building_tests': False, 'cmake_args': None, 'cmake_clean_cache': False, 'cmake_clean_first': False, 'cmake_force_configure': False, 'cmake_target': None, 'cmake_target_skip_unavailable': False, 'install_base': '/home/nextup/Downloads/colcon_ws/install/ur5_moveit', 'merge_install': False, 'path': '/home/nextup/Downloads/colcon_ws/src/ur5_moveit', 'symlink_install': True, 'test_result_base': None}
[1.347s] INFO:colcon.colcon_core.executor:Executing jobs using 'parallel' executor
[1.360s] DEBUG:colcon.colcon_parallel_executor.executor.parallel:run_until_complete
[1.360s] INFO:colcon.colcon_ros.task.ament_cmake.build:Building ROS package in '/home/nextup/Downloads/colcon_ws/src/ebot_docking' with build type 'ament_cmake'
[1.360s] INFO:colcon.colcon_cmake.task.cmake.build:Building CMake package in '/home/nextup/Downloads/colcon_ws/src/ebot_docking'
[1.375s] INFO:colcon.colcon_core.plugin_system:Skipping extension 'colcon_core.shell.bat': Not used on non-Windows systems
[1.375s] INFO:colcon.colcon_core.shell:Skip shell extension 'powershell' for command environment: Not usable outside of PowerShell
[1.375s] DEBUG:colcon.colcon_core.shell:Skip shell extension 'dsv' for command environment
[1.431s] INFO:colcon.colcon_ros.task.ament_cmake.build:Building ROS package in '/home/nextup/Downloads/colcon_ws/src/ur_description' with build type 'ament_cmake'
[1.431s] INFO:colcon.colcon_cmake.task.cmake.build:Building CMake package in '/home/nextup/Downloads/colcon_ws/src/ur_description'
[1.445s] INFO:colcon.colcon_core.shell:Skip shell extension 'powershell' for command environment: Not usable outside of PowerShell
[1.445s] DEBUG:colcon.colcon_core.shell:Skip shell extension 'dsv' for command environment
[1.501s] INFO:colcon.colcon_ros.task.ament_cmake.build:Building ROS package in '/home/nextup/Downloads/colcon_ws/src/aws-robomaker-small-warehouse-world' with build type 'ament_cmake'
[1.501s] INFO:colcon.colcon_cmake.task.cmake.build:Building CMake package in '/home/nextup/Downloads/colcon_ws/src/aws-robomaker-small-warehouse-world'
[1.514s] INFO:colcon.colcon_core.shell:Skip shell extension 'powershell' for command environment: Not usable outside of PowerShell
[1.514s] DEBUG:colcon.colcon_core.shell:Skip shell extension 'dsv' for command environment
[1.570s] INFO:colcon.colcon_ros.task.ament_cmake.build:Building ROS package in '/home/nextup/Downloads/colcon_ws/src/ebot_nav2' with build type 'ament_cmake'
[1.570s] INFO:colcon.colcon_cmake.task.cmake.build:Building CMake package in '/home/nextup/Downloads/colcon_ws/src/ebot_nav2'
[1.584s] INFO:colcon.colcon_core.shell:Skip shell extension 'powershell' for command environment: Not usable outside of PowerShell
[1.584s] DEBUG:colcon.colcon_core.shell:Skip shell extension 'dsv' for command environment
[1.640s] INFO:colcon.colcon_ros.task.ament_cmake.build:Building ROS package in '/home/nextup/Downloads/colcon_ws/src/eyantra_warehouse' with build type 'ament_cmake'
[1.640s] INFO:colcon.colcon_cmake.task.cmake.build:Building CMake package in '/home/nextup/Downloads/colcon_ws/src/eyantra_warehouse'
[1.653s] INFO:colcon.colcon_core.shell:Skip shell extension 'powershell' for command environment: Not usable outside of PowerShell
[1.653s] DEBUG:colcon.colcon_core.shell:Skip shell extension 'dsv' for command environment
[1.709s] INFO:colcon.colcon_ros.task.ament_cmake.build:Building ROS package in '/home/nextup/Downloads/colcon_ws/src/gazebo_ros2_control' with build type 'ament_cmake'
[1.709s] INFO:colcon.colcon_cmake.task.cmake.build:Building CMake package in '/home/nextup/Downloads/colcon_ws/src/gazebo_ros2_control'
[1.722s] INFO:colcon.colcon_core.shell:Skip shell extension 'powershell' for command environment: Not usable outside of PowerShell
[1.722s] DEBUG:colcon.colcon_core.shell:Skip shell extension 'dsv' for command environment
[1.778s] INFO:colcon.colcon_ros.task.ament_cmake.build:Building ROS package in '/home/nextup/Downloads/colcon_ws/src/linkattacher_msgs' with build type 'ament_cmake'
[1.778s] INFO:colcon.colcon_cmake.task.cmake.build:Building CMake package in '/home/nextup/Downloads/colcon_ws/src/linkattacher_msgs'
[1.792s] INFO:colcon.colcon_core.shell:Skip shell extension 'powershell' for command environment: Not usable outside of PowerShell
[1.792s] DEBUG:colcon.colcon_core.shell:Skip shell extension 'dsv' for command environment
[1.854s] INFO:colcon.colcon_ros.task.ament_cmake.build:Building ROS package in '/home/nextup/Downloads/colcon_ws/src/pymoveit2' with build type 'ament_cmake'
[1.854s] INFO:colcon.colcon_cmake.task.cmake.build:Building CMake package in '/home/nextup/Downloads/colcon_ws/src/pymoveit2'
[1.868s] INFO:colcon.colcon_core.shell:Skip shell extension 'powershell' for command environment: Not usable outside of PowerShell
[1.868s] DEBUG:colcon.colcon_core.shell:Skip shell extension 'dsv' for command environment
[1.924s] INFO:colcon.colcon_ros.task.ament_cmake.build:Building ROS package in '/home/nextup/Downloads/colcon_ws/src/realsense_gazebo_plugin' with build type 'ament_cmake'
[1.924s] INFO:colcon.colcon_cmake.task.cmake.build:Building CMake package in '/home/nextup/Downloads/colcon_ws/src/realsense_gazebo_plugin'
[1.938s] INFO:colcon.colcon_core.shell:Skip shell extension 'powershell' for command environment: Not usable outside of PowerShell
[1.938s] DEBUG:colcon.colcon_core.shell:Skip shell extension 'dsv' for command environment
[1.998s] DEBUG:colcon.colcon_core.event_handler.log_command:Invoking command in '/home/nextup/Downloads/colcon_ws/build/ebot_docking': CMAKE_PREFIX_PATH=${CMAKE_PREFIX_PATH}:/opt/ros/humble /usr/bin/cmake /home/nextup/Downloads/colcon_ws/src/ebot_docking -DAMENT_CMAKE_SYMLINK_INSTALL=1 -DCMAKE_INSTALL_PREFIX=/home/nextup/Downloads/colcon_ws/install/ebot_docking
[1.999s] DEBUG:colcon.colcon_core.event_handler.log_command:Invoking command in '/home/nextup/Downloads/colcon_ws/build/ur_description': CMAKE_PREFIX_PATH=${CMAKE_PREFIX_PATH}:/opt/ros/humble /usr/bin/cmake /home/nextup/Downloads/colcon_ws/src/ur_description -DAMENT_CMAKE_SYMLINK_INSTALL=1 -DCMAKE_INSTALL_PREFIX=/home/nextup/Downloads/colcon_ws/install/ur_description
[2.002s] DEBUG:colcon.colcon_core.event_handler.log_command:Invoking command in '/home/nextup/Downloads/colcon_ws/build/aws_robomaker_small_warehouse_world': CMAKE_PREFIX_PATH=${CMAKE_PREFIX_PATH}:/opt/ros/humble /usr/bin/cmake /home/nextup/Downloads/colcon_ws/src/aws-robomaker-small-warehouse-world -DAMENT_CMAKE_SYMLINK_INSTALL=1 -DCMAKE_INSTALL_PREFIX=/home/nextup/Downloads/colcon_ws/install/aws_robomaker_small_warehouse_world
[2.003s] DEBUG:colcon.colcon_core.event_handler.log_command:Invoking command in '/home/nextup/Downloads/colcon_ws/build/ebot_nav2': CMAKE_PREFIX_PATH=${CMAKE_PREFIX_PATH}:/opt/ros/humble /usr/bin/cmake /home/nextup/Downloads/colcon_ws/src/ebot_nav2 -DAMENT_CMAKE_SYMLINK_INSTALL=1 -DCMAKE_INSTALL_PREFIX=/home/nextup/Downloads/colcon_ws/install/ebot_nav2
[2.005s] DEBUG:colcon.colcon_core.event_handler.log_command:Invoking command in '/home/nextup/Downloads/colcon_ws/build/eyantra_warehouse': CMAKE_PREFIX_PATH=${CMAKE_PREFIX_PATH}:/opt/ros/humble /usr/bin/cmake /home/nextup/Downloads/colcon_ws/src/eyantra_warehouse -DAMENT_CMAKE_SYMLINK_INSTALL=1 -DCMAKE_INSTALL_PREFIX=/home/nextup/Downloads/colcon_ws/install/eyantra_warehouse
[2.007s] DEBUG:colcon.colcon_core.event_handler.log_command:Invoking command in '/home/nextup/Downloads/colcon_ws/build/gazebo_ros2_control': CMAKE_PREFIX_PATH=${CMAKE_PREFIX_PATH}:/opt/ros/humble /usr/bin/cmake /home/nextup/Downloads/colcon_ws/src/gazebo_ros2_control -DAMENT_CMAKE_SYMLINK_INSTALL=1 -DCMAKE_INSTALL_PREFIX=/home/nextup/Downloads/colcon_ws/install/gazebo_ros2_control
[2.009s] DEBUG:colcon.colcon_core.event_handler.log_command:Invoking command in '/home/nextup/Downloads/colcon_ws/build/linkattacher_msgs': CMAKE_PREFIX_PATH=${CMAKE_PREFIX_PATH}:/opt/ros/humble /usr/bin/cmake /home/nextup/Downloads/colcon_ws/src/linkattacher_msgs -DAMENT_CMAKE_SYMLINK_INSTALL=1 -DCMAKE_INSTALL_PREFIX=/home/nextup/Downloads/colcon_ws/install/linkattacher_msgs
[2.012s] DEBUG:colcon.colcon_core.event_handler.log_command:Invoking command in '/home/nextup/Downloads/colcon_ws/build/pymoveit2': CMAKE_PREFIX_PATH=${CMAKE_PREFIX_PATH}:/opt/ros/humble /usr/bin/cmake /home/nextup/Downloads/colcon_ws/src/pymoveit2 -DAMENT_CMAKE_SYMLINK_INSTALL=1 -DCMAKE_INSTALL_PREFIX=/home/nextup/Downloads/colcon_ws/install/pymoveit2
[2.018s] DEBUG:colcon.colcon_core.event_handler.log_command:Invoking command in '/home/nextup/Downloads/colcon_ws/build/realsense_gazebo_plugin': CMAKE_PREFIX_PATH=${CMAKE_PREFIX_PATH}:/opt/ros/humble /usr/bin/cmake /home/nextup/Downloads/colcon_ws/src/realsense_gazebo_plugin -DAMENT_CMAKE_SYMLINK_INSTALL=1 -DCMAKE_INSTALL_PREFIX=/home/nextup/Downloads/colcon_ws/install/realsense_gazebo_plugin
[2.226s] DEBUG:colcon.colcon_core.event_handler.log_command:Invoked command in '/home/nextup/Downloads/colcon_ws/build/eyantra_warehouse' returned '0': CMAKE_PREFIX_PATH=${CMAKE_PREFIX_PATH}:/opt/ros/humble /usr/bin/cmake /home/nextup/Downloads/colcon_ws/src/eyantra_warehouse -DAMENT_CMAKE_SYMLINK_INSTALL=1 -DCMAKE_INSTALL_PREFIX=/home/nextup/Downloads/colcon_ws/install/eyantra_warehouse
[2.228s] DEBUG:colcon.colcon_core.event_handler.log_command:Invoking command in '/home/nextup/Downloads/colcon_ws/build/eyantra_warehouse': CMAKE_PREFIX_PATH=${CMAKE_PREFIX_PATH}:/opt/ros/humble /usr/bin/cmake --build /home/nextup/Downloads/colcon_ws/build/eyantra_warehouse -- -j16 -l16
[2.240s] DEBUG:colcon.colcon_core.event_handler.log_command:Invoked command in '/home/nextup/Downloads/colcon_ws/build/pymoveit2' returned '0': CMAKE_PREFIX_PATH=${CMAKE_PREFIX_PATH}:/opt/ros/humble /usr/bin/cmake /home/nextup/Downloads/colcon_ws/src/pymoveit2 -DAMENT_CMAKE_SYMLINK_INSTALL=1 -DCMAKE_INSTALL_PREFIX=/home/nextup/Downloads/colcon_ws/install/pymoveit2
[2.241s] DEBUG:colcon.colcon_core.event_handler.log_command:Invoking command in '/home/nextup/Downloads/colcon_ws/build/pymoveit2': CMAKE_PREFIX_PATH=${CMAKE_PREFIX_PATH}:/opt/ros/humble /usr/bin/cmake --build /home/nextup/Downloads/colcon_ws/build/pymoveit2 -- -j16 -l16
[2.255s] DEBUG:colcon.colcon_core.event_handler.log_command:Invoked command in '/home/nextup/Downloads/colcon_ws/build/eyantra_warehouse' returned '0': CMAKE_PREFIX_PATH=${CMAKE_PREFIX_PATH}:/opt/ros/humble /usr/bin/cmake --build /home/nextup/Downloads/colcon_ws/build/eyantra_warehouse -- -j16 -l16
[2.278s] DEBUG:colcon.colcon_core.event_handler.log_command:Invoking command in '/home/nextup/Downloads/colcon_ws/build/eyantra_warehouse': CMAKE_PREFIX_PATH=${CMAKE_PREFIX_PATH}:/opt/ros/humble /usr/bin/cmake --install /home/nextup/Downloads/colcon_ws/build/eyantra_warehouse
[2.279s] DEBUG:colcon.colcon_core.event_handler.log_command:Invoked command in '/home/nextup/Downloads/colcon_ws/build/pymoveit2' returned '2': CMAKE_PREFIX_PATH=${CMAKE_PREFIX_PATH}:/opt/ros/humble /usr/bin/cmake --build /home/nextup/Downloads/colcon_ws/build/pymoveit2 -- -j16 -l16
[2.319s] Level 1:colcon.colcon_core.environment:create_environment_scripts_only(pymoveit2)
[2.344s] Level 1:colcon.colcon_core.environment:checking '/home/nextup/Downloads/colcon_ws/install/pymoveit2' for CMake module files
[2.345s] Level 1:colcon.colcon_core.environment:checking '/home/nextup/Downloads/colcon_ws/install/pymoveit2' for CMake config files
[2.345s] Level 1:colcon.colcon_core.shell:create_environment_hook('pymoveit2', 'cmake_prefix_path')
[2.359s] INFO:colcon.colcon_core.shell:Creating environment hook '/home/nextup/Downloads/colcon_ws/install/pymoveit2/share/pymoveit2/hook/cmake_prefix_path.ps1'
[2.359s] INFO:colcon.colcon_core.shell:Creating environment descriptor '/home/nextup/Downloads/colcon_ws/install/pymoveit2/share/pymoveit2/hook/cmake_prefix_path.dsv'
[2.360s] INFO:colcon.colcon_core.shell:Creating environment hook '/home/nextup/Downloads/colcon_ws/install/pymoveit2/share/pymoveit2/hook/cmake_prefix_path.sh'
[2.360s] Level 1:colcon.colcon_core.environment:checking '/home/nextup/Downloads/colcon_ws/install/pymoveit2/lib'
[2.360s] Level 1:colcon.colcon_core.environment:checking '/home/nextup/Downloads/colcon_ws/install/pymoveit2/bin'
[2.360s] Level 1:colcon.colcon_core.environment:checking '/home/nextup/Downloads/colcon_ws/install/pymoveit2/lib/pkgconfig/pymoveit2.pc'
[2.360s] Level 1:colcon.colcon_core.environment:checking '/home/nextup/Downloads/colcon_ws/install/pymoveit2/lib/python3.10/site-packages'
[2.361s] Level 1:colcon.colcon_core.environment:checking '/home/nextup/Downloads/colcon_ws/install/pymoveit2/bin'
[2.376s] INFO:colcon.colcon_core.shell:Creating package script '/home/nextup/Downloads/colcon_ws/install/pymoveit2/share/pymoveit2/package.ps1'
[2.377s] INFO:colcon.colcon_core.shell:Creating package descriptor '/home/nextup/Downloads/colcon_ws/install/pymoveit2/share/pymoveit2/package.dsv'
[2.378s] INFO:colcon.colcon_core.shell:Creating package script '/home/nextup/Downloads/colcon_ws/install/pymoveit2/share/pymoveit2/package.sh'
[2.379s] INFO:colcon.colcon_core.shell:Creating package script '/home/nextup/Downloads/colcon_ws/install/pymoveit2/share/pymoveit2/package.bash'
[2.380s] INFO:colcon.colcon_core.shell:Creating package script '/home/nextup/Downloads/colcon_ws/install/pymoveit2/share/pymoveit2/package.zsh'
[2.380s] Level 1:colcon.colcon_core.environment:create_file_with_runtime_dependencies(/home/nextup/Downloads/colcon_ws/install/pymoveit2/share/colcon-core/packages/pymoveit2)
[4.700s] DEBUG:colcon.colcon_parallel_executor.executor.parallel:closing loop
[4.700s] DEBUG:colcon.colcon_parallel_executor.executor.parallel:loop closed
[4.700s] DEBUG:colcon.colcon_parallel_executor.executor.parallel:run_until_complete finished with '2'
[4.700s] DEBUG:colcon.colcon_core.event_reactor:joining thread
[4.718s] INFO:colcon.colcon_core.plugin_system:Skipping extension 'colcon_notification.desktop_notification.terminal_notifier': Not used on non-Darwin systems
[4.718s] INFO:colcon.colcon_core.plugin_system:Skipping extension 'colcon_notification.desktop_notification.win32': Not used on non-Windows systems
[4.718s] INFO:colcon.colcon_notification.desktop_notification:Sending desktop notification using 'notify2'
[4.725s] DEBUG:colcon.colcon_core.event_reactor:joined thread
[4.738s] INFO:colcon.colcon_core.shell:Creating prefix script '/home/nextup/Downloads/colcon_ws/install/local_setup.ps1'
[4.739s] INFO:colcon.colcon_core.shell:Creating prefix util module '/home/nextup/Downloads/colcon_ws/install/_local_setup_util_ps1.py'
[4.740s] INFO:colcon.colcon_core.shell:Creating prefix chain script '/home/nextup/Downloads/colcon_ws/install/setup.ps1'
[4.754s] INFO:colcon.colcon_core.shell:Creating prefix script '/home/nextup/Downloads/colcon_ws/install/local_setup.sh'
[4.754s] INFO:colcon.colcon_core.shell:Creating prefix util module '/home/nextup/Downloads/colcon_ws/install/_local_setup_util_sh.py'
[4.754s] INFO:colcon.colcon_core.shell:Creating prefix chain script '/home/nextup/Downloads/colcon_ws/install/setup.sh'
[4.768s] INFO:colcon.colcon_core.shell:Creating prefix script '/home/nextup/Downloads/colcon_ws/install/local_setup.bash'
[4.769s] INFO:colcon.colcon_core.shell:Creating prefix chain script '/home/nextup/Downloads/colcon_ws/install/setup.bash'
[4.782s] INFO:colcon.colcon_core.shell:Creating prefix script '/home/nextup/Downloads/colcon_ws/install/local_setup.zsh'
[4.783s] INFO:colcon.colcon_core.shell:Creating prefix chain script '/home/nextup/Downloads/colcon_ws/install/setup.zsh'
