[0.339s] Invoking command in '/home/nextup/Downloads/colcon_ws/build/ebot_description': CMAKE_PREFIX_PATH=${CMAKE_PREFIX_PATH}:/home/nextup/Downloads/colcon_ws/install/ur_description:/opt/ros/humble /usr/bin/cmake --build /home/nextup/Downloads/colcon_ws/build/ebot_description -- -j16 -l16
[0.366s] Invoked command in '/home/nextup/Downloads/colcon_ws/build/ebot_description' returned '0': CMAKE_PREFIX_PATH=${CMAKE_PREFIX_PATH}:/home/nextup/Downloads/colcon_ws/install/ur_description:/opt/ros/humble /usr/bin/cmake --build /home/nextup/Downloads/colcon_ws/build/ebot_description -- -j16 -l16
[0.388s] Invoking command in '/home/nextup/Downloads/colcon_ws/build/ebot_description': CMAKE_PREFIX_PATH=${CMAKE_PREFIX_PATH}:/home/nextup/Downloads/colcon_ws/install/ur_description:/opt/ros/humble /usr/bin/cmake --install /home/nextup/Downloads/colcon_ws/build/ebot_description
[0.394s] -- Install configuration: ""
[0.394s] -- Up-to-date: /home/nextup/Downloads/colcon_ws/install/ebot_description/share/ebot_description//launch
[0.395s] -- Up-to-date: /home/nextup/Downloads/colcon_ws/install/ebot_description/share/ebot_description//launch/ebot_gazebo_launch.py
[0.395s] -- Up-to-date: /home/nextup/Downloads/colcon_ws/install/ebot_description/share/ebot_description//launch/start_world_launch.py
[0.395s] -- Up-to-date: /home/nextup/Downloads/colcon_ws/install/ebot_description/share/ebot_description//launch/spawn_robot.py
[0.395s] -- Up-to-date: /home/nextup/Downloads/colcon_ws/install/ebot_description/share/ebot_description//worlds
[0.395s] -- Up-to-date: /home/nextup/Downloads/colcon_ws/install/ebot_description/share/ebot_description//worlds/empty.world
[0.395s] -- Up-to-date: /home/nextup/Downloads/colcon_ws/install/ebot_description/share/ebot_description//worlds/border_road.world
[0.395s] -- Up-to-date: /home/nextup/Downloads/colcon_ws/install/ebot_description/share/ebot_description//models
[0.395s] -- Up-to-date: /home/nextup/Downloads/colcon_ws/install/ebot_description/share/ebot_description//models/ebot
[0.395s] -- Up-to-date: /home/nextup/Downloads/colcon_ws/install/ebot_description/share/ebot_description//models/ebot/ebot_description2.xacro
[0.395s] -- Up-to-date: /home/nextup/Downloads/colcon_ws/install/ebot_description/share/ebot_description//models/ebot/car.urdf.xacro
[0.395s] -- Up-to-date: /home/nextup/Downloads/colcon_ws/install/ebot_description/share/ebot_description//models/ebot/ebot_description1.xacro
[0.395s] -- Up-to-date: /home/nextup/Downloads/colcon_ws/install/ebot_description/share/ebot_description//models/ebot/ebot.gazebo
[0.395s] -- Up-to-date: /home/nextup/Downloads/colcon_ws/install/ebot_description/share/ebot_description//models/ebot/ebot_description.xacro
[0.395s] -- Up-to-date: /home/nextup/Downloads/colcon_ws/install/ebot_description/share/ebot_description//meshes
[0.395s] -- Up-to-date: /home/nextup/Downloads/colcon_ws/install/ebot_description/share/ebot_description//meshes/FUS1.STL
[0.395s] -- Up-to-date: /home/nextup/Downloads/colcon_ws/install/ebot_description/share/ebot_description//meshes/RUS5.STL
[0.395s] -- Up-to-date: /home/nextup/Downloads/colcon_ws/install/ebot_description/share/ebot_description//meshes/FWL.STL
[0.395s] -- Up-to-date: /home/nextup/Downloads/colcon_ws/install/ebot_description/share/ebot_description//meshes/FUS4.STL
[0.396s] -- Up-to-date: /home/nextup/Downloads/colcon_ws/install/ebot_description/share/ebot_description//meshes/RUS6.STL
[0.396s] -- Up-to-date: /home/nextup/Downloads/colcon_ws/install/ebot_description/share/ebot_description//meshes/FUS3.STL
[0.396s] -- Up-to-date: /home/nextup/Downloads/colcon_ws/install/ebot_description/share/ebot_description//meshes/RHUS7.STL
[0.396s] -- Up-to-date: /home/nextup/Downloads/colcon_ws/install/ebot_description/share/ebot_description//meshes/LHUS9.STL
[0.396s] -- Up-to-date: /home/nextup/Downloads/colcon_ws/install/ebot_description/share/ebot_description//meshes/chassis.dae
[0.396s] -- Up-to-date: /home/nextup/Downloads/colcon_ws/install/ebot_description/share/ebot_description//meshes/RWR.STL
[0.396s] -- Up-to-date: /home/nextup/Downloads/colcon_ws/install/ebot_description/share/ebot_description//meshes/robot_base.stl
[0.396s] -- Up-to-date: /home/nextup/Downloads/colcon_ws/install/ebot_description/share/ebot_description//meshes/RWL.STL
[0.396s] -- Up-to-date: /home/nextup/Downloads/colcon_ws/install/ebot_description/share/ebot_description//meshes/FWR.STL
[0.397s] -- Up-to-date: /home/nextup/Downloads/colcon_ws/install/ebot_description/share/ebot_description//meshes/RHUS9.STL
[0.397s] -- Up-to-date: /home/nextup/Downloads/colcon_ws/install/ebot_description/share/ebot_description//meshes/FUS2.STL
[0.398s] -- Up-to-date: /home/nextup/Downloads/colcon_ws/install/ebot_description/share/ebot_description//meshes/LHUS10.STL
[0.398s] -- Up-to-date: /home/nextup/Downloads/colcon_ws/install/ebot_description/share/ebot_description//plugins
[0.398s] -- Up-to-date: /home/nextup/Downloads/colcon_ws/install/ebot_description/share/ebot_description//plugins/libgazebo_collision_sensor.so
[0.398s] -- Up-to-date: /home/nextup/Downloads/colcon_ws/install/ebot_description/share/ebot_description//plugins/libgazebo_ros_vacuum_gripper.so
[0.399s] -- Up-to-date: /home/nextup/Downloads/colcon_ws/install/ebot_description/share/ament_index/resource_index/package_run_dependencies/ebot_description
[0.399s] -- Up-to-date: /home/nextup/Downloads/colcon_ws/install/ebot_description/share/ament_index/resource_index/parent_prefix_path/ebot_description
[0.399s] -- Up-to-date: /home/nextup/Downloads/colcon_ws/install/ebot_description/share/ebot_description/environment/ament_prefix_path.sh
[0.399s] -- Up-to-date: /home/nextup/Downloads/colcon_ws/install/ebot_description/share/ebot_description/environment/ament_prefix_path.dsv
[0.399s] -- Up-to-date: /home/nextup/Downloads/colcon_ws/install/ebot_description/share/ebot_description/environment/path.sh
[0.399s] -- Up-to-date: /home/nextup/Downloads/colcon_ws/install/ebot_description/share/ebot_description/environment/path.dsv
[0.399s] -- Up-to-date: /home/nextup/Downloads/colcon_ws/install/ebot_description/share/ebot_description/local_setup.bash
[0.399s] -- Up-to-date: /home/nextup/Downloads/colcon_ws/install/ebot_description/share/ebot_description/local_setup.sh
[0.400s] -- Up-to-date: /home/nextup/Downloads/colcon_ws/install/ebot_description/share/ebot_description/local_setup.zsh
[0.400s] -- Up-to-date: /home/nextup/Downloads/colcon_ws/install/ebot_description/share/ebot_description/local_setup.dsv
[0.400s] -- Up-to-date: /home/nextup/Downloads/colcon_ws/install/ebot_description/share/ebot_description/package.dsv
[0.400s] -- Up-to-date: /home/nextup/Downloads/colcon_ws/install/ebot_description/share/ament_index/resource_index/packages/ebot_description
[0.400s] -- Up-to-date: /home/nextup/Downloads/colcon_ws/install/ebot_description/share/ebot_description/cmake/ebot_descriptionConfig.cmake
[0.401s] -- Up-to-date: /home/nextup/Downloads/colcon_ws/install/ebot_description/share/ebot_description/cmake/ebot_descriptionConfig-version.cmake
[0.401s] -- Up-to-date: /home/nextup/Downloads/colcon_ws/install/ebot_description/share/ebot_description/package.xml
[0.409s] Invoked command in '/home/nextup/Downloads/colcon_ws/build/ebot_description' returned '0': CMAKE_PREFIX_PATH=${CMAKE_PREFIX_PATH}:/home/nextup/Downloads/colcon_ws/install/ur_description:/opt/ros/humble /usr/bin/cmake --install /home/nextup/Downloads/colcon_ws/build/ebot_description
