[0.378s] Invoking command in '/home/nextup/Downloads/colcon_ws/build/gazebo_ros2_control': CMAKE_PREFIX_PATH=${CMAKE_PREFIX_PATH}:/opt/ros/humble /usr/bin/cmake /home/nextup/Downloads/colcon_ws/src/gazebo_ros2_control -DCMAKE_INSTALL_PREFIX=/home/nextup/Downloads/colcon_ws/install/gazebo_ros2_control
[0.415s] -- The C compiler identification is GNU 11.4.0
[0.456s] -- The CXX compiler identification is GNU 11.4.0
[0.463s] -- Detecting C compiler ABI info
[0.518s] -- Detecting C compiler ABI info - done
[0.524s] -- Check for working C compiler: /usr/bin/cc - skipped
[0.524s] -- Detecting C compile features
[0.524s] -- Detecting C compile features - done
[0.526s] -- Detecting CXX compiler ABI info
[0.581s] -- Detecting CXX compiler ABI info - done
[0.587s] -- Check for working CXX compiler: /usr/bin/c++ - skipped
[0.587s] -- Detecting CXX compile features
[0.588s] -- Detecting CXX compile features - done
[0.590s] -- Found ament_cmake: 1.3.6 (/opt/ros/humble/share/ament_cmake/cmake)
[0.752s] -- Found Python3: /usr/bin/python3.10 (found version "3.10.12") found components: Interpreter 
[0.850s] -- Found angles: 1.15.0 (/opt/ros/humble/share/angles/cmake)
[0.853s] -- Found controller_manager: 2.35.0 (/opt/ros/humble/share/controller_manager/cmake)
[0.900s] -- Found rosidl_generator_c: 3.1.5 (/opt/ros/humble/share/rosidl_generator_c/cmake)
[0.905s] -- Found rosidl_adapter: 3.1.5 (/opt/ros/humble/share/rosidl_adapter/cmake)
[0.913s] -- Found rosidl_generator_cpp: 3.1.5 (/opt/ros/humble/share/rosidl_generator_cpp/cmake)
[0.926s] -- Using all available rosidl_typesupport_c: rosidl_typesupport_fastrtps_c;rosidl_typesupport_introspection_c
[0.945s] -- Using all available rosidl_typesupport_cpp: rosidl_typesupport_fastrtps_cpp;rosidl_typesupport_introspection_cpp
[1.537s] -- Found rmw_implementation_cmake: 6.1.1 (/opt/ros/humble/share/rmw_implementation_cmake/cmake)
[1.541s] -- Found rmw_fastrtps_cpp: 6.2.5 (/opt/ros/humble/share/rmw_fastrtps_cpp/cmake)
[1.574s] -- Found TinyXML2 via Config file: TinyXML2_DIR-NOTFOUND
[1.613s] -- Found OpenSSL: /usr/lib/x86_64-linux-gnu/libcrypto.so (found version "3.0.2")  
[1.616s] -- Found TinyXML2 via Config file: TinyXML2_DIR-NOTFOUND
[1.633s] -- Found FastRTPS: /opt/ros/humble/include  
[1.641s] -- Found TinyXML2 via Config file: TinyXML2_DIR-NOTFOUND
[1.646s] -- Found TinyXML2 via Config file: TinyXML2_DIR-NOTFOUND
[1.655s] -- Using RMW implementation 'rmw_fastrtps_cpp' as default
[1.665s] -- Looking for pthread.h
[1.723s] -- Looking for pthread.h - found
[1.723s] -- Performing Test CMAKE_HAVE_LIBC_PTHREAD
[1.796s] -- Performing Test CMAKE_HAVE_LIBC_PTHREAD - Success
[1.797s] -- Found Threads: TRUE  
[2.539s] -- Found gazebo_dev: 3.7.0 (/opt/ros/humble/share/gazebo_dev/cmake)
[2.547s] -- Found PkgConfig: /usr/bin/pkg-config (found version "0.29.2") 
[2.549s] -- Checking for module 'bullet>=2.82'
[2.564s] --   Found bullet, version 3.05
[2.685s] -- Found fcl: /usr/include (found suitable version "0.7.0", minimum required is "0.5.0") 
[2.797s] -- Found assimp: /usr/include (found version "5.2.0") 
[2.826s] -- Found DART: /usr/include (Required is at least version "6.6") found components: dart 
[2.874s] -- Found Boost: /usr/lib/x86_64-linux-gnu/cmake/Boost-1.74.0/BoostConfig.cmake (found suitable version "1.74.0", minimum required is "1.40.0") found components: thread system filesystem program_options regex iostreams date_time 
[2.904s] -- Found Protobuf: /usr/lib/x86_64-linux-gnu/libprotobuf.so (found version "3.12.4") 
[2.923s] -- Looking for ignition-math6 -- found version 6.15.0
[2.924s] -- Searching for dependencies of ignition-math6
[2.926s] -- Looking for OGRE...
[2.926s] -- OGRE_PREFIX_WATCH changed.
[2.932s] -- Checking for module 'OGRE'
[2.951s] --   Found OGRE, version 1.9.0
[2.988s] -- Found Ogre Ghadamon (1.9.0)
[3.006s] -- Found OGRE: optimized;/usr/lib/x86_64-linux-gnu/libOgreMain.so;debug;/usr/lib/x86_64-linux-gnu/libOgreMain.so
[3.018s] -- Looking for OGRE_Paging...
[3.034s] -- Found OGRE_Paging: optimized;/usr/lib/x86_64-linux-gnu/libOgrePaging.so;debug;/usr/lib/x86_64-linux-gnu/libOgrePaging.so
[3.034s] -- Looking for OGRE_Terrain...
[3.050s] -- Found OGRE_Terrain: optimized;/usr/lib/x86_64-linux-gnu/libOgreTerrain.so;debug;/usr/lib/x86_64-linux-gnu/libOgreTerrain.so
[3.050s] -- Looking for OGRE_Property...
[3.066s] -- Found OGRE_Property: optimized;/usr/lib/x86_64-linux-gnu/libOgreProperty.so;debug;/usr/lib/x86_64-linux-gnu/libOgreProperty.so
[3.067s] -- Looking for OGRE_RTShaderSystem...
[3.084s] -- Found OGRE_RTShaderSystem: optimized;/usr/lib/x86_64-linux-gnu/libOgreRTShaderSystem.so;debug;/usr/lib/x86_64-linux-gnu/libOgreRTShaderSystem.so
[3.084s] -- Looking for OGRE_Volume...
[3.098s] -- Found OGRE_Volume: optimized;/usr/lib/x86_64-linux-gnu/libOgreVolume.so;debug;/usr/lib/x86_64-linux-gnu/libOgreVolume.so
[3.098s] -- Looking for OGRE_Overlay...
[3.109s] -- Found OGRE_Overlay: optimized;/usr/lib/x86_64-linux-gnu/libOgreOverlay.so;debug;/usr/lib/x86_64-linux-gnu/libOgreOverlay.so
[3.249s] -- Looking for ignition-math6 -- found version 6.15.0
[3.251s] -- Looking for ignition-transport8 -- found version 8.2.1
[3.251s] -- Searching for dependencies of ignition-transport8
[3.265s] -- Found Protobuf: /usr/lib/x86_64-linux-gnu/libprotobuf.so (found suitable version "3.12.4", minimum required is "3") 
[3.277s] -- Config-file not installed for ZeroMQ -- checking for pkg-config
[3.281s] -- Checking for module 'libzmq >= 4'
[3.290s] --   Found libzmq , version 4.3.4
[3.313s] -- Found ZeroMQ: TRUE (Required is at least version "4") 
[3.317s] -- Checking for module 'uuid'
[3.326s] --   Found uuid, version 2.37.2
[3.349s] -- Found UUID: TRUE  
[3.352s] -- Looking for ignition-msgs5 -- found version 5.8.1
[3.352s] -- Searching for dependencies of ignition-msgs5
[3.367s] -- Looking for ignition-math6 -- found version 6.15.0
[3.370s] -- Checking for module 'tinyxml2'
[3.379s] --   Found tinyxml2, version 9.0.0
[3.401s] -- Looking for ignition-msgs5 -- found version 5.8.1
[3.403s] -- Looking for ignition-common3 -- found version 3.14.0
[3.404s] -- Searching for dependencies of ignition-common3
[3.404s] -- Looking for dlfcn.h - found
[3.405s] -- Looking for libdl - found
[3.406s] -- Found DL: TRUE  
[3.415s] -- Found tinyobjloader: /usr/lib/x86_64-linux-gnu/cmake/tinyobjloader/tinyobjloader-config.cmake (found version "2.0.0") 
[3.415s] -- Searching for <ignition-common3> component [graphics]
[3.417s] -- Looking for ignition-common3-graphics -- found version 3.14.0
[3.418s] -- Searching for dependencies of ignition-common3-graphics
[3.418s] -- Looking for ignition-math6 -- found version 6.15.0
[3.421s] -- Looking for ignition-fuel_tools4 -- found version 4.4.0
[3.421s] -- Searching for dependencies of ignition-fuel_tools4
[3.476s] -- Found CURL: /usr/lib/x86_64-linux-gnu/libcurl.so (found version "7.81.0")  
[3.482s] -- Checking for module 'jsoncpp'
[3.492s] --   Found jsoncpp, version 1.9.5
[3.513s] -- Found JSONCPP: TRUE  
[3.517s] -- Checking for module 'libzip'
[3.527s] --   Found libzip, version 1.7.3
[3.548s] -- Found ZIP: TRUE  
[3.548s] -- Looking for ignition-common3 -- found version 3.14.0
[3.549s] -- Looking for ignition-math6 -- found version 6.15.0
[3.549s] -- Looking for ignition-msgs5 -- found version 5.8.1
[3.552s] -- Gazebo version: 11.10
[3.553s] -- Checking for module 'tbb'
[3.564s] --   Found tbb, version 2021.5.0
[3.588s] -- Found gazebo_ros: 3.7.0 (/opt/ros/humble/share/gazebo_ros/cmake)
[3.597s] -- Found yaml_cpp_vendor: 8.0.2 (/opt/ros/humble/share/yaml_cpp_vendor/cmake)
[4.171s] -- Found ament_cmake_gtest: 1.3.6 (/opt/ros/humble/share/ament_cmake_gtest/cmake)
[4.174s] -- Found ament_lint_auto: 0.12.9 (/opt/ros/humble/share/ament_lint_auto/cmake)
[4.247s] -- Added test 'copyright' to check source files copyright and LICENSE
[4.249s] -- Added test 'cppcheck' to perform static code analysis on C / C++ code
[4.250s] -- Configured cppcheck include dirs: /home/nextup/Downloads/colcon_ws/src/gazebo_ros2_control/include
[4.250s] -- Configured cppcheck exclude dirs and/or files: 
[4.250s] -- Added test 'cpplint' to check C / C++ code against the Google style
[4.250s] -- Configured cpplint exclude dirs and/or files: 
[4.251s] -- Added test 'lint_cmake' to check CMake code style
[4.252s] -- Added test 'uncrustify' to check C / C++ code style
[4.252s] -- Configured uncrustify additional arguments: 
[4.252s] -- Added test 'xmllint' to check XML markup files
[4.254s] -- Configuring done
[4.292s] -- Generating done
[4.294s] -- Build files have been written to: /home/nextup/Downloads/colcon_ws/build/gazebo_ros2_control
[4.306s] Invoked command in '/home/nextup/Downloads/colcon_ws/build/gazebo_ros2_control' returned '0': CMAKE_PREFIX_PATH=${CMAKE_PREFIX_PATH}:/opt/ros/humble /usr/bin/cmake /home/nextup/Downloads/colcon_ws/src/gazebo_ros2_control -DCMAKE_INSTALL_PREFIX=/home/nextup/Downloads/colcon_ws/install/gazebo_ros2_control
[4.307s] Invoking command in '/home/nextup/Downloads/colcon_ws/build/gazebo_ros2_control': CMAKE_PREFIX_PATH=${CMAKE_PREFIX_PATH}:/opt/ros/humble /usr/bin/cmake --build /home/nextup/Downloads/colcon_ws/build/gazebo_ros2_control -- -j16 -l16
[4.348s] [ 50%] [32mBuilding CXX object CMakeFiles/gazebo_hardware_plugins.dir/src/gazebo_system.cpp.o[0m
[4.348s] [ 50%] [32mBuilding CXX object CMakeFiles/gazebo_ros2_control.dir/src/gazebo_ros2_control_plugin.cpp.o[0m
[13.457s] [ 75%] [32m[1mLinking CXX shared library libgazebo_hardware_plugins.so[0m
[13.791s] [ 75%] Built target gazebo_hardware_plugins
[14.859s] [100%] [32m[1mLinking CXX shared library libgazebo_ros2_control.so[0m
[15.291s] [100%] Built target gazebo_ros2_control
[15.300s] Invoked command in '/home/nextup/Downloads/colcon_ws/build/gazebo_ros2_control' returned '0': CMAKE_PREFIX_PATH=${CMAKE_PREFIX_PATH}:/opt/ros/humble /usr/bin/cmake --build /home/nextup/Downloads/colcon_ws/build/gazebo_ros2_control -- -j16 -l16
[15.319s] Invoking command in '/home/nextup/Downloads/colcon_ws/build/gazebo_ros2_control': CMAKE_PREFIX_PATH=${CMAKE_PREFIX_PATH}:/opt/ros/humble /usr/bin/cmake --install /home/nextup/Downloads/colcon_ws/build/gazebo_ros2_control
[15.325s] -- Install configuration: ""
[15.325s] -- Installing: /home/nextup/Downloads/colcon_ws/install/gazebo_ros2_control/lib/libgazebo_ros2_control.so
[15.327s] -- Set runtime path of "/home/nextup/Downloads/colcon_ws/install/gazebo_ros2_control/lib/libgazebo_ros2_control.so" to ""
[15.327s] -- Installing: /home/nextup/Downloads/colcon_ws/install/gazebo_ros2_control/lib/libgazebo_hardware_plugins.so
[15.328s] -- Set runtime path of "/home/nextup/Downloads/colcon_ws/install/gazebo_ros2_control/lib/libgazebo_hardware_plugins.so" to ""
[15.328s] -- Installing: /home/nextup/Downloads/colcon_ws/install/gazebo_ros2_control/share/gazebo_ros2_control/environment/library_path.sh
[15.328s] -- Installing: /home/nextup/Downloads/colcon_ws/install/gazebo_ros2_control/share/gazebo_ros2_control/environment/library_path.dsv
[15.328s] -- Installing: /home/nextup/Downloads/colcon_ws/install/gazebo_ros2_control/include/gazebo_ros2_control
[15.328s] -- Installing: /home/nextup/Downloads/colcon_ws/install/gazebo_ros2_control/include/gazebo_ros2_control/gazebo_ros2_control_plugin.hpp
[15.328s] -- Installing: /home/nextup/Downloads/colcon_ws/install/gazebo_ros2_control/include/gazebo_ros2_control/gazebo_system.hpp
[15.329s] -- Installing: /home/nextup/Downloads/colcon_ws/install/gazebo_ros2_control/include/gazebo_ros2_control/gazebo_system_interface.hpp
[15.329s] -- Installing: /home/nextup/Downloads/colcon_ws/install/gazebo_ros2_control/share/gazebo_ros2_control/gazebo_hardware_plugins.xml
[15.329s] -- Installing: /home/nextup/Downloads/colcon_ws/install/gazebo_ros2_control/share/ament_index/resource_index/package_run_dependencies/gazebo_ros2_control
[15.329s] -- Installing: /home/nextup/Downloads/colcon_ws/install/gazebo_ros2_control/share/ament_index/resource_index/parent_prefix_path/gazebo_ros2_control
[15.329s] -- Installing: /home/nextup/Downloads/colcon_ws/install/gazebo_ros2_control/share/gazebo_ros2_control/environment/ament_prefix_path.sh
[15.329s] -- Installing: /home/nextup/Downloads/colcon_ws/install/gazebo_ros2_control/share/gazebo_ros2_control/environment/ament_prefix_path.dsv
[15.329s] -- Installing: /home/nextup/Downloads/colcon_ws/install/gazebo_ros2_control/share/gazebo_ros2_control/environment/path.sh
[15.329s] -- Installing: /home/nextup/Downloads/colcon_ws/install/gazebo_ros2_control/share/gazebo_ros2_control/environment/path.dsv
[15.329s] -- Installing: /home/nextup/Downloads/colcon_ws/install/gazebo_ros2_control/share/gazebo_ros2_control/local_setup.bash
[15.329s] -- Installing: /home/nextup/Downloads/colcon_ws/install/gazebo_ros2_control/share/gazebo_ros2_control/local_setup.sh
[15.329s] -- Installing: /home/nextup/Downloads/colcon_ws/install/gazebo_ros2_control/share/gazebo_ros2_control/local_setup.zsh
[15.329s] -- Installing: /home/nextup/Downloads/colcon_ws/install/gazebo_ros2_control/share/gazebo_ros2_control/local_setup.dsv
[15.330s] -- Installing: /home/nextup/Downloads/colcon_ws/install/gazebo_ros2_control/share/gazebo_ros2_control/package.dsv
[15.330s] -- Installing: /home/nextup/Downloads/colcon_ws/install/gazebo_ros2_control/share/ament_index/resource_index/packages/gazebo_ros2_control
[15.330s] -- Installing: /home/nextup/Downloads/colcon_ws/install/gazebo_ros2_control/share/ament_index/resource_index/gazebo_ros2_control__pluginlib__plugin/gazebo_ros2_control
[15.330s] -- Installing: /home/nextup/Downloads/colcon_ws/install/gazebo_ros2_control/share/gazebo_ros2_control/cmake/ament_cmake_export_include_directories-extras.cmake
[15.330s] -- Installing: /home/nextup/Downloads/colcon_ws/install/gazebo_ros2_control/share/gazebo_ros2_control/cmake/ament_cmake_export_dependencies-extras.cmake
[15.330s] -- Installing: /home/nextup/Downloads/colcon_ws/install/gazebo_ros2_control/share/gazebo_ros2_control/cmake/ament_cmake_export_libraries-extras.cmake
[15.330s] -- Installing: /home/nextup/Downloads/colcon_ws/install/gazebo_ros2_control/share/gazebo_ros2_control/cmake/gazebo_ros2_controlConfig.cmake
[15.330s] -- Installing: /home/nextup/Downloads/colcon_ws/install/gazebo_ros2_control/share/gazebo_ros2_control/cmake/gazebo_ros2_controlConfig-version.cmake
[15.330s] -- Installing: /home/nextup/Downloads/colcon_ws/install/gazebo_ros2_control/share/gazebo_ros2_control/package.xml
[15.331s] Invoked command in '/home/nextup/Downloads/colcon_ws/build/gazebo_ros2_control' returned '0': CMAKE_PREFIX_PATH=${CMAKE_PREFIX_PATH}:/opt/ros/humble /usr/bin/cmake --install /home/nextup/Downloads/colcon_ws/build/gazebo_ros2_control
