[0.147s] Invoking command in '/home/nextup/Downloads/colcon_ws/build/gazebo_ros2_control': CMAKE_PREFIX_PATH=${CMAKE_PREFIX_PATH}:/home/nextup/Downloads/colcon_ws/install/ur_description:/opt/ros/humble /usr/bin/cmake /home/nextup/Downloads/colcon_ws/src/gazebo_ros2_control -DAMENT_CMAKE_SYMLINK_INSTALL=1 -DCMAKE_INSTALL_PREFIX=/home/nextup/Downloads/colcon_ws/install/gazebo_ros2_control
[0.155s] -- Found ament_cmake: 1.3.6 (/opt/ros/humble/share/ament_cmake/cmake)
[0.262s] -- Override CMake install command with custom implementation using symlinks instead of copying resources
[0.269s] -- Found angles: 1.15.0 (/opt/ros/humble/share/angles/cmake)
[0.271s] -- Found controller_manager: 2.35.0 (/opt/ros/humble/share/controller_manager/cmake)
[0.305s] -- Found rosidl_generator_c: 3.1.5 (/opt/ros/humble/share/rosidl_generator_c/cmake)
[0.307s] -- Found rosidl_adapter: 3.1.5 (/opt/ros/humble/share/rosidl_adapter/cmake)
[0.311s] -- Found rosidl_generator_cpp: 3.1.5 (/opt/ros/humble/share/rosidl_generator_cpp/cmake)
[0.320s] -- Using all available rosidl_typesupport_c: rosidl_typesupport_fastrtps_c;rosidl_typesupport_introspection_c
[0.332s] -- Using all available rosidl_typesupport_cpp: rosidl_typesupport_fastrtps_cpp;rosidl_typesupport_introspection_cpp
[0.931s] -- Found rmw_implementation_cmake: 6.1.1 (/opt/ros/humble/share/rmw_implementation_cmake/cmake)
[0.931s] -- Found rmw_fastrtps_cpp: 6.2.5 (/opt/ros/humble/share/rmw_fastrtps_cpp/cmake)
[0.956s] -- Found TinyXML2 via Config file: TinyXML2_DIR-NOTFOUND
[0.961s] -- Found TinyXML2 via Config file: TinyXML2_DIR-NOTFOUND
[0.978s] -- Found TinyXML2 via Config file: TinyXML2_DIR-NOTFOUND
[0.983s] -- Found TinyXML2 via Config file: TinyXML2_DIR-NOTFOUND
[0.991s] -- Using RMW implementation 'rmw_fastrtps_cpp' as default
[1.505s] -- Found gazebo_dev: 3.7.0 (/opt/ros/humble/share/gazebo_dev/cmake)
[1.524s] -- Found DART: /usr/include (Required is at least version "6.6") found components: dart 
[1.543s] -- Found Protobuf: /usr/lib/x86_64-linux-gnu/libprotobuf.so (found version "3.12.4") 
[1.544s] -- Looking for ignition-math6 -- found version 6.15.0
[1.547s] -- Searching for dependencies of ignition-math6
[1.548s] -- Looking for OGRE...
[1.551s] -- Found Ogre Ghadamon (1.9.0)
[1.551s] -- Found OGRE: optimized;/usr/lib/x86_64-linux-gnu/libOgreMain.so;debug;/usr/lib/x86_64-linux-gnu/libOgreMain.so
[1.558s] -- Looking for OGRE_Paging...
[1.558s] -- Found OGRE_Paging: optimized;/usr/lib/x86_64-linux-gnu/libOgrePaging.so;debug;/usr/lib/x86_64-linux-gnu/libOgrePaging.so
[1.558s] -- Looking for OGRE_Terrain...
[1.558s] -- Found OGRE_Terrain: optimized;/usr/lib/x86_64-linux-gnu/libOgreTerrain.so;debug;/usr/lib/x86_64-linux-gnu/libOgreTerrain.so
[1.558s] -- Looking for OGRE_Property...
[1.558s] -- Found OGRE_Property: optimized;/usr/lib/x86_64-linux-gnu/libOgreProperty.so;debug;/usr/lib/x86_64-linux-gnu/libOgreProperty.so
[1.558s] -- Looking for OGRE_RTShaderSystem...
[1.558s] -- Found OGRE_RTShaderSystem: optimized;/usr/lib/x86_64-linux-gnu/libOgreRTShaderSystem.so;debug;/usr/lib/x86_64-linux-gnu/libOgreRTShaderSystem.so
[1.559s] -- Looking for OGRE_Volume...
[1.559s] -- Found OGRE_Volume: optimized;/usr/lib/x86_64-linux-gnu/libOgreVolume.so;debug;/usr/lib/x86_64-linux-gnu/libOgreVolume.so
[1.559s] -- Looking for OGRE_Overlay...
[1.559s] -- Found OGRE_Overlay: optimized;/usr/lib/x86_64-linux-gnu/libOgreOverlay.so;debug;/usr/lib/x86_64-linux-gnu/libOgreOverlay.so
[1.653s] -- Looking for ignition-math6 -- found version 6.15.0
[1.653s] -- Looking for ignition-transport8 -- found version 8.2.1
[1.653s] -- Searching for dependencies of ignition-transport8
[1.666s] -- Found Protobuf: /usr/lib/x86_64-linux-gnu/libprotobuf.so (found suitable version "3.12.4", minimum required is "3") 
[1.675s] -- Config-file not installed for ZeroMQ -- checking for pkg-config
[1.678s] -- Checking for module 'libzmq >= 4'
[1.686s] --   Found libzmq , version 4.3.4
[1.710s] -- Checking for module 'uuid'
[1.718s] --   Found uuid, version 2.37.2
[1.737s] -- Looking for ignition-msgs5 -- found version 5.8.1
[1.738s] -- Searching for dependencies of ignition-msgs5
[1.751s] -- Looking for ignition-math6 -- found version 6.15.0
[1.756s] -- Looking for ignition-msgs5 -- found version 5.8.1
[1.756s] -- Looking for ignition-common3 -- found version 3.14.0
[1.756s] -- Searching for dependencies of ignition-common3
[1.756s] -- Looking for dlfcn.h - found
[1.756s] -- Looking for libdl - found
[1.764s] -- Searching for <ignition-common3> component [graphics]
[1.764s] -- Looking for ignition-common3-graphics -- found version 3.14.0
[1.764s] -- Searching for dependencies of ignition-common3-graphics
[1.764s] -- Looking for ignition-math6 -- found version 6.15.0
[1.765s] -- Looking for ignition-fuel_tools4 -- found version 4.4.0
[1.766s] -- Searching for dependencies of ignition-fuel_tools4
[1.791s] -- Checking for module 'jsoncpp'
[1.799s] --   Found jsoncpp, version 1.9.5
[1.821s] -- Checking for module 'libzip'
[1.830s] --   Found libzip, version 1.7.3
[1.849s] -- Looking for ignition-common3 -- found version 3.14.0
[1.849s] -- Looking for ignition-math6 -- found version 6.15.0
[1.850s] -- Looking for ignition-msgs5 -- found version 5.8.1
[1.851s] -- Gazebo version: 11.10
[1.851s] -- Found gazebo_ros: 3.7.0 (/opt/ros/humble/share/gazebo_ros/cmake)
[1.858s] -- Found yaml_cpp_vendor: 8.0.2 (/opt/ros/humble/share/yaml_cpp_vendor/cmake)
[2.435s] -- Found ament_cmake_gtest: 1.3.6 (/opt/ros/humble/share/ament_cmake_gtest/cmake)
[2.435s] -- Found ament_lint_auto: 0.12.9 (/opt/ros/humble/share/ament_lint_auto/cmake)
[2.486s] -- Added test 'copyright' to check source files copyright and LICENSE
[2.487s] -- Added test 'cppcheck' to perform static code analysis on C / C++ code
[2.487s] -- Configured cppcheck include dirs: /home/nextup/Downloads/colcon_ws/src/gazebo_ros2_control/include
[2.487s] -- Configured cppcheck exclude dirs and/or files: 
[2.488s] -- Added test 'cpplint' to check C / C++ code against the Google style
[2.488s] -- Configured cpplint exclude dirs and/or files: 
[2.488s] -- Added test 'lint_cmake' to check CMake code style
[2.489s] -- Added test 'uncrustify' to check C / C++ code style
[2.489s] -- Configured uncrustify additional arguments: 
[2.489s] -- Added test 'xmllint' to check XML markup files
[2.490s] -- Configuring done
[2.525s] -- Generating done
[2.526s] -- Build files have been written to: /home/nextup/Downloads/colcon_ws/build/gazebo_ros2_control
[2.534s] Invoked command in '/home/nextup/Downloads/colcon_ws/build/gazebo_ros2_control' returned '0': CMAKE_PREFIX_PATH=${CMAKE_PREFIX_PATH}:/home/nextup/Downloads/colcon_ws/install/ur_description:/opt/ros/humble /usr/bin/cmake /home/nextup/Downloads/colcon_ws/src/gazebo_ros2_control -DAMENT_CMAKE_SYMLINK_INSTALL=1 -DCMAKE_INSTALL_PREFIX=/home/nextup/Downloads/colcon_ws/install/gazebo_ros2_control
[2.535s] Invoking command in '/home/nextup/Downloads/colcon_ws/build/gazebo_ros2_control': CMAKE_PREFIX_PATH=${CMAKE_PREFIX_PATH}:/home/nextup/Downloads/colcon_ws/install/ur_description:/opt/ros/humble /usr/bin/cmake --build /home/nextup/Downloads/colcon_ws/build/gazebo_ros2_control -- -j16 -l16
[2.566s] [35m[1mConsolidate compiler generated dependencies of target gazebo_hardware_plugins[0m
[2.566s] [35m[1mConsolidate compiler generated dependencies of target gazebo_ros2_control[0m
[2.587s] [ 50%] Built target gazebo_hardware_plugins
[2.589s] [100%] Built target gazebo_ros2_control
[2.596s] Invoked command in '/home/nextup/Downloads/colcon_ws/build/gazebo_ros2_control' returned '0': CMAKE_PREFIX_PATH=${CMAKE_PREFIX_PATH}:/home/nextup/Downloads/colcon_ws/install/ur_description:/opt/ros/humble /usr/bin/cmake --build /home/nextup/Downloads/colcon_ws/build/gazebo_ros2_control -- -j16 -l16
[2.615s] Invoking command in '/home/nextup/Downloads/colcon_ws/build/gazebo_ros2_control': CMAKE_PREFIX_PATH=${CMAKE_PREFIX_PATH}:/home/nextup/Downloads/colcon_ws/install/ur_description:/opt/ros/humble /usr/bin/cmake --install /home/nextup/Downloads/colcon_ws/build/gazebo_ros2_control
[2.620s] -- Install configuration: ""
[2.621s] -- Execute custom install script
[2.621s] -- Up-to-date symlink: /home/nextup/Downloads/colcon_ws/install/gazebo_ros2_control/lib/libgazebo_ros2_control.so
[2.621s] -- Up-to-date symlink: /home/nextup/Downloads/colcon_ws/install/gazebo_ros2_control/lib/libgazebo_hardware_plugins.so
[2.621s] -- Up-to-date symlink: /home/nextup/Downloads/colcon_ws/install/gazebo_ros2_control/share/gazebo_ros2_control/environment/library_path.sh
[2.621s] -- Up-to-date symlink: /home/nextup/Downloads/colcon_ws/install/gazebo_ros2_control/share/gazebo_ros2_control/environment/library_path.dsv
[2.621s] -- Up-to-date symlink: /home/nextup/Downloads/colcon_ws/install/gazebo_ros2_control/include/gazebo_ros2_control/gazebo_ros2_control_plugin.hpp
[2.622s] -- Up-to-date symlink: /home/nextup/Downloads/colcon_ws/install/gazebo_ros2_control/include/gazebo_ros2_control/gazebo_system.hpp
[2.622s] -- Up-to-date symlink: /home/nextup/Downloads/colcon_ws/install/gazebo_ros2_control/include/gazebo_ros2_control/gazebo_system_interface.hpp
[2.622s] -- Up-to-date symlink: /home/nextup/Downloads/colcon_ws/install/gazebo_ros2_control/share/gazebo_ros2_control//gazebo_hardware_plugins.xml
[2.622s] -- Up-to-date symlink: /home/nextup/Downloads/colcon_ws/install/gazebo_ros2_control/share/ament_index/resource_index/package_run_dependencies/gazebo_ros2_control
[2.622s] -- Up-to-date symlink: /home/nextup/Downloads/colcon_ws/install/gazebo_ros2_control/share/ament_index/resource_index/parent_prefix_path/gazebo_ros2_control
[2.622s] -- Up-to-date symlink: /home/nextup/Downloads/colcon_ws/install/gazebo_ros2_control/share/gazebo_ros2_control/environment/ament_prefix_path.sh
[2.622s] -- Up-to-date symlink: /home/nextup/Downloads/colcon_ws/install/gazebo_ros2_control/share/gazebo_ros2_control/environment/ament_prefix_path.dsv
[2.622s] -- Up-to-date symlink: /home/nextup/Downloads/colcon_ws/install/gazebo_ros2_control/share/gazebo_ros2_control/environment/path.sh
[2.622s] -- Up-to-date symlink: /home/nextup/Downloads/colcon_ws/install/gazebo_ros2_control/share/gazebo_ros2_control/environment/path.dsv
[2.622s] -- Up-to-date symlink: /home/nextup/Downloads/colcon_ws/install/gazebo_ros2_control/share/gazebo_ros2_control/local_setup.bash
[2.622s] -- Up-to-date symlink: /home/nextup/Downloads/colcon_ws/install/gazebo_ros2_control/share/gazebo_ros2_control/local_setup.sh
[2.623s] -- Up-to-date symlink: /home/nextup/Downloads/colcon_ws/install/gazebo_ros2_control/share/gazebo_ros2_control/local_setup.zsh
[2.623s] -- Up-to-date symlink: /home/nextup/Downloads/colcon_ws/install/gazebo_ros2_control/share/gazebo_ros2_control/local_setup.dsv
[2.623s] -- Symlinking: /home/nextup/Downloads/colcon_ws/install/gazebo_ros2_control/share/gazebo_ros2_control/package.dsv
[2.628s] -- Up-to-date symlink: /home/nextup/Downloads/colcon_ws/install/gazebo_ros2_control/share/ament_index/resource_index/packages/gazebo_ros2_control
[2.628s] -- Up-to-date symlink: /home/nextup/Downloads/colcon_ws/install/gazebo_ros2_control/share/ament_index/resource_index/gazebo_ros2_control__pluginlib__plugin/gazebo_ros2_control
[2.628s] -- Up-to-date symlink: /home/nextup/Downloads/colcon_ws/install/gazebo_ros2_control/share/gazebo_ros2_control/cmake/ament_cmake_export_include_directories-extras.cmake
[2.629s] -- Up-to-date symlink: /home/nextup/Downloads/colcon_ws/install/gazebo_ros2_control/share/gazebo_ros2_control/cmake/ament_cmake_export_dependencies-extras.cmake
[2.629s] -- Up-to-date symlink: /home/nextup/Downloads/colcon_ws/install/gazebo_ros2_control/share/gazebo_ros2_control/cmake/ament_cmake_export_libraries-extras.cmake
[2.629s] -- Up-to-date symlink: /home/nextup/Downloads/colcon_ws/install/gazebo_ros2_control/share/gazebo_ros2_control/cmake/gazebo_ros2_controlConfig.cmake
[2.629s] -- Up-to-date symlink: /home/nextup/Downloads/colcon_ws/install/gazebo_ros2_control/share/gazebo_ros2_control/cmake/gazebo_ros2_controlConfig-version.cmake
[2.629s] -- Up-to-date symlink: /home/nextup/Downloads/colcon_ws/install/gazebo_ros2_control/share/gazebo_ros2_control/package.xml
[2.630s] Invoked command in '/home/nextup/Downloads/colcon_ws/build/gazebo_ros2_control' returned '0': CMAKE_PREFIX_PATH=${CMAKE_PREFIX_PATH}:/home/nextup/Downloads/colcon_ws/install/ur_description:/opt/ros/humble /usr/bin/cmake --install /home/nextup/Downloads/colcon_ws/build/gazebo_ros2_control
