[0.846s] DEBUG:colcon:Command line arguments: ['/usr/bin/colcon', 'build']
[0.846s] DEBUG:colcon:Parsed command line arguments: Namespace(log_base=None, log_level=None, verb_name='build', build_base='build', install_base='install', merge_install=False, symlink_install=False, test_result_base=None, continue_on_error=False, executor='parallel', parallel_workers=16, event_handlers=None, ignore_user_meta=False, metas=['./colcon.meta'], base_paths=['.'], packages_ignore=None, packages_ignore_regex=None, paths=None, packages_up_to=None, packages_up_to_regex=None, packages_above=None, packages_above_and_dependencies=None, packages_above_depth=None, packages_select_by_dep=None, packages_skip_by_dep=None, packages_skip_up_to=None, packages_select_build_failed=False, packages_skip_build_finished=False, packages_select_test_failures=False, packages_skip_test_passed=False, packages_select=None, packages_skip=None, packages_select_regex=None, packages_skip_regex=None, packages_start=None, packages_end=None, allow_overriding=[], cmake_args=None, cmake_target=None, cmake_target_skip_unavailable=False, cmake_clean_cache=False, cmake_clean_first=False, cmake_force_configure=False, ament_cmake_args=None, catkin_cmake_args=None, catkin_skip_building_tests=False, verb_parser=<colcon_defaults.argument_parser.defaults.DefaultArgumentsDecorator object at 0x7fc800679450>, verb_extension=<colcon_core.verb.build.BuildVerb object at 0x7fc80067bc70>, main=<bound method BuildVerb.main of <colcon_core.verb.build.BuildVerb object at 0x7fc80067bc70>>)
[0.882s] Level 1:colcon.colcon_core.package_discovery:discover_packages(colcon_meta) check parameters
[0.882s] Level 1:colcon.colcon_core.package_discovery:discover_packages(recursive) check parameters
[0.882s] Level 1:colcon.colcon_core.package_discovery:discover_packages(ignore) check parameters
[0.882s] Level 1:colcon.colcon_core.package_discovery:discover_packages(path) check parameters
[0.882s] Level 1:colcon.colcon_core.package_discovery:discover_packages(colcon_meta) discover
[0.882s] Level 1:colcon.colcon_core.package_discovery:discover_packages(recursive) discover
[0.882s] INFO:colcon.colcon_core.package_discovery:Crawling recursively for packages in '/home/nextup/Downloads/colcon_ws'
[0.882s] Level 1:colcon.colcon_core.package_identification:_identify(.) by extensions ['ignore', 'ignore_ament_install']
[0.882s] Level 1:colcon.colcon_core.package_identification:_identify(.) by extension 'ignore'
[0.883s] Level 1:colcon.colcon_core.package_identification:_identify(.) by extension 'ignore_ament_install'
[0.883s] Level 1:colcon.colcon_core.package_identification:_identify(.) by extensions ['colcon_pkg']
[0.883s] Level 1:colcon.colcon_core.package_identification:_identify(.) by extension 'colcon_pkg'
[0.883s] Level 1:colcon.colcon_core.package_identification:_identify(.) by extensions ['colcon_meta']
[0.883s] Level 1:colcon.colcon_core.package_identification:_identify(.) by extension 'colcon_meta'
[0.883s] Level 1:colcon.colcon_core.package_identification:_identify(.) by extensions ['ros']
[0.883s] Level 1:colcon.colcon_core.package_identification:_identify(.) by extension 'ros'
[0.890s] Level 1:colcon.colcon_core.package_identification:_identify(.) by extensions ['cmake', 'python']
[0.890s] Level 1:colcon.colcon_core.package_identification:_identify(.) by extension 'cmake'
[0.890s] Level 1:colcon.colcon_core.package_identification:_identify(.) by extension 'python'
[0.890s] Level 1:colcon.colcon_core.package_identification:_identify(.) by extensions ['python_setup_py']
[0.890s] Level 1:colcon.colcon_core.package_identification:_identify(.) by extension 'python_setup_py'
[0.890s] Level 1:colcon.colcon_core.package_identification:_identify(build) by extensions ['ignore', 'ignore_ament_install']
[0.891s] Level 1:colcon.colcon_core.package_identification:_identify(build) by extension 'ignore'
[0.891s] Level 1:colcon.colcon_core.package_identification:_identify(build) ignored
[0.891s] Level 1:colcon.colcon_core.package_identification:_identify(install) by extensions ['ignore', 'ignore_ament_install']
[0.891s] Level 1:colcon.colcon_core.package_identification:_identify(install) by extension 'ignore'
[0.891s] Level 1:colcon.colcon_core.package_identification:_identify(install) ignored
[0.891s] Level 1:colcon.colcon_core.package_identification:_identify(log) by extensions ['ignore', 'ignore_ament_install']
[0.891s] Level 1:colcon.colcon_core.package_identification:_identify(log) by extension 'ignore'
[0.891s] Level 1:colcon.colcon_core.package_identification:_identify(log) ignored
[0.891s] Level 1:colcon.colcon_core.package_identification:_identify(src) by extensions ['ignore', 'ignore_ament_install']
[0.891s] Level 1:colcon.colcon_core.package_identification:_identify(src) by extension 'ignore'
[0.891s] Level 1:colcon.colcon_core.package_identification:_identify(src) by extension 'ignore_ament_install'
[0.891s] Level 1:colcon.colcon_core.package_identification:_identify(src) by extensions ['colcon_pkg']
[0.891s] Level 1:colcon.colcon_core.package_identification:_identify(src) by extension 'colcon_pkg'
[0.891s] Level 1:colcon.colcon_core.package_identification:_identify(src) by extensions ['colcon_meta']
[0.891s] Level 1:colcon.colcon_core.package_identification:_identify(src) by extension 'colcon_meta'
[0.891s] Level 1:colcon.colcon_core.package_identification:_identify(src) by extensions ['ros']
[0.891s] Level 1:colcon.colcon_core.package_identification:_identify(src) by extension 'ros'
[0.891s] Level 1:colcon.colcon_core.package_identification:_identify(src) by extensions ['cmake', 'python']
[0.891s] Level 1:colcon.colcon_core.package_identification:_identify(src) by extension 'cmake'
[0.891s] Level 1:colcon.colcon_core.package_identification:_identify(src) by extension 'python'
[0.891s] Level 1:colcon.colcon_core.package_identification:_identify(src) by extensions ['python_setup_py']
[0.891s] Level 1:colcon.colcon_core.package_identification:_identify(src) by extension 'python_setup_py'
[0.892s] Level 1:colcon.colcon_core.package_identification:_identify(src/ebot_description) by extensions ['ignore', 'ignore_ament_install']
[0.892s] Level 1:colcon.colcon_core.package_identification:_identify(src/ebot_description) by extension 'ignore'
[0.892s] Level 1:colcon.colcon_core.package_identification:_identify(src/ebot_description) by extension 'ignore_ament_install'
[0.892s] Level 1:colcon.colcon_core.package_identification:_identify(src/ebot_description) by extensions ['colcon_pkg']
[0.892s] Level 1:colcon.colcon_core.package_identification:_identify(src/ebot_description) by extension 'colcon_pkg'
[0.892s] Level 1:colcon.colcon_core.package_identification:_identify(src/ebot_description) by extensions ['colcon_meta']
[0.892s] Level 1:colcon.colcon_core.package_identification:_identify(src/ebot_description) by extension 'colcon_meta'
[0.892s] Level 1:colcon.colcon_core.package_identification:_identify(src/ebot_description) by extensions ['ros']
[0.892s] Level 1:colcon.colcon_core.package_identification:_identify(src/ebot_description) by extension 'ros'
[0.894s] DEBUG:colcon.colcon_core.package_identification:Package 'src/ebot_description' with type 'ros.ament_cmake' and name 'ebot_description'
[0.894s] Level 1:colcon.colcon_core.package_identification:_identify(src/ebot_nav2) by extensions ['ignore', 'ignore_ament_install']
[0.894s] Level 1:colcon.colcon_core.package_identification:_identify(src/ebot_nav2) by extension 'ignore'
[0.894s] Level 1:colcon.colcon_core.package_identification:_identify(src/ebot_nav2) by extension 'ignore_ament_install'
[0.894s] Level 1:colcon.colcon_core.package_identification:_identify(src/ebot_nav2) by extensions ['colcon_pkg']
[0.894s] Level 1:colcon.colcon_core.package_identification:_identify(src/ebot_nav2) by extension 'colcon_pkg'
[0.894s] Level 1:colcon.colcon_core.package_identification:_identify(src/ebot_nav2) by extensions ['colcon_meta']
[0.894s] Level 1:colcon.colcon_core.package_identification:_identify(src/ebot_nav2) by extension 'colcon_meta'
[0.894s] Level 1:colcon.colcon_core.package_identification:_identify(src/ebot_nav2) by extensions ['ros']
[0.894s] Level 1:colcon.colcon_core.package_identification:_identify(src/ebot_nav2) by extension 'ros'
[0.894s] DEBUG:colcon.colcon_core.package_identification:Package 'src/ebot_nav2' with type 'ros.ament_cmake' and name 'ebot_nav2'
[0.894s] Level 1:colcon.colcon_core.package_identification:_identify(src/gazebo_ros2_control) by extensions ['ignore', 'ignore_ament_install']
[0.894s] Level 1:colcon.colcon_core.package_identification:_identify(src/gazebo_ros2_control) by extension 'ignore'
[0.894s] Level 1:colcon.colcon_core.package_identification:_identify(src/gazebo_ros2_control) by extension 'ignore_ament_install'
[0.895s] Level 1:colcon.colcon_core.package_identification:_identify(src/gazebo_ros2_control) by extensions ['colcon_pkg']
[0.895s] Level 1:colcon.colcon_core.package_identification:_identify(src/gazebo_ros2_control) by extension 'colcon_pkg'
[0.895s] Level 1:colcon.colcon_core.package_identification:_identify(src/gazebo_ros2_control) by extensions ['colcon_meta']
[0.895s] Level 1:colcon.colcon_core.package_identification:_identify(src/gazebo_ros2_control) by extension 'colcon_meta'
[0.895s] Level 1:colcon.colcon_core.package_identification:_identify(src/gazebo_ros2_control) by extensions ['ros']
[0.895s] Level 1:colcon.colcon_core.package_identification:_identify(src/gazebo_ros2_control) by extension 'ros'
[0.895s] DEBUG:colcon.colcon_core.package_identification:Package 'src/gazebo_ros2_control' with type 'ros.ament_cmake' and name 'gazebo_ros2_control'
[0.896s] Level 1:colcon.colcon_core.package_discovery:discover_packages(recursive) using defaults
[0.896s] Level 1:colcon.colcon_core.package_discovery:discover_packages(ignore) discover
[0.896s] Level 1:colcon.colcon_core.package_discovery:discover_packages(ignore) using defaults
[0.896s] Level 1:colcon.colcon_core.package_discovery:discover_packages(path) discover
[0.896s] Level 1:colcon.colcon_core.package_discovery:discover_packages(path) using defaults
[0.970s] Level 1:colcon.colcon_core.package_discovery:discover_packages(prefix_path) check parameters
[0.970s] Level 1:colcon.colcon_core.package_discovery:discover_packages(prefix_path) discover
[0.996s] DEBUG:colcon.colcon_installed_package_information.package_discovery:Found 3 installed packages in /home/nextup/Downloads/colcon_ws/install
[1.014s] DEBUG:colcon.colcon_installed_package_information.package_discovery:Found 1 installed packages in /home/nextup/airavat_ws/install
[1.027s] DEBUG:colcon.colcon_installed_package_information.package_discovery:Found 423 installed packages in /opt/ros/humble
[1.029s] Level 1:colcon.colcon_core.package_discovery:discover_packages(prefix_path) using defaults
[1.113s] Level 5:colcon.colcon_core.verb:set package 'ebot_description' build argument 'cmake_args' from command line to 'None'
[1.113s] Level 5:colcon.colcon_core.verb:set package 'ebot_description' build argument 'cmake_target' from command line to 'None'
[1.113s] Level 5:colcon.colcon_core.verb:set package 'ebot_description' build argument 'cmake_target_skip_unavailable' from command line to 'False'
[1.113s] Level 5:colcon.colcon_core.verb:set package 'ebot_description' build argument 'cmake_clean_cache' from command line to 'False'
[1.113s] Level 5:colcon.colcon_core.verb:set package 'ebot_description' build argument 'cmake_clean_first' from command line to 'False'
[1.113s] Level 5:colcon.colcon_core.verb:set package 'ebot_description' build argument 'cmake_force_configure' from command line to 'False'
[1.113s] Level 5:colcon.colcon_core.verb:set package 'ebot_description' build argument 'ament_cmake_args' from command line to 'None'
[1.113s] Level 5:colcon.colcon_core.verb:set package 'ebot_description' build argument 'catkin_cmake_args' from command line to 'None'
[1.113s] Level 5:colcon.colcon_core.verb:set package 'ebot_description' build argument 'catkin_skip_building_tests' from command line to 'False'
[1.113s] DEBUG:colcon.colcon_core.verb:Building package 'ebot_description' with the following arguments: {'ament_cmake_args': None, 'build_base': '/home/nextup/Downloads/colcon_ws/build/ebot_description', 'catkin_cmake_args': None, 'catkin_skip_building_tests': False, 'cmake_args': None, 'cmake_clean_cache': False, 'cmake_clean_first': False, 'cmake_force_configure': False, 'cmake_target': None, 'cmake_target_skip_unavailable': False, 'install_base': '/home/nextup/Downloads/colcon_ws/install/ebot_description', 'merge_install': False, 'path': '/home/nextup/Downloads/colcon_ws/src/ebot_description', 'symlink_install': False, 'test_result_base': None}
[1.126s] Level 5:colcon.colcon_core.verb:set package 'ebot_nav2' build argument 'cmake_args' from command line to 'None'
[1.126s] Level 5:colcon.colcon_core.verb:set package 'ebot_nav2' build argument 'cmake_target' from command line to 'None'
[1.126s] Level 5:colcon.colcon_core.verb:set package 'ebot_nav2' build argument 'cmake_target_skip_unavailable' from command line to 'False'
[1.126s] Level 5:colcon.colcon_core.verb:set package 'ebot_nav2' build argument 'cmake_clean_cache' from command line to 'False'
[1.126s] Level 5:colcon.colcon_core.verb:set package 'ebot_nav2' build argument 'cmake_clean_first' from command line to 'False'
[1.126s] Level 5:colcon.colcon_core.verb:set package 'ebot_nav2' build argument 'cmake_force_configure' from command line to 'False'
[1.126s] Level 5:colcon.colcon_core.verb:set package 'ebot_nav2' build argument 'ament_cmake_args' from command line to 'None'
[1.126s] Level 5:colcon.colcon_core.verb:set package 'ebot_nav2' build argument 'catkin_cmake_args' from command line to 'None'
[1.126s] Level 5:colcon.colcon_core.verb:set package 'ebot_nav2' build argument 'catkin_skip_building_tests' from command line to 'False'
[1.126s] DEBUG:colcon.colcon_core.verb:Building package 'ebot_nav2' with the following arguments: {'ament_cmake_args': None, 'build_base': '/home/nextup/Downloads/colcon_ws/build/ebot_nav2', 'catkin_cmake_args': None, 'catkin_skip_building_tests': False, 'cmake_args': None, 'cmake_clean_cache': False, 'cmake_clean_first': False, 'cmake_force_configure': False, 'cmake_target': None, 'cmake_target_skip_unavailable': False, 'install_base': '/home/nextup/Downloads/colcon_ws/install/ebot_nav2', 'merge_install': False, 'path': '/home/nextup/Downloads/colcon_ws/src/ebot_nav2', 'symlink_install': False, 'test_result_base': None}
[1.139s] Level 5:colcon.colcon_core.verb:set package 'gazebo_ros2_control' build argument 'cmake_args' from command line to 'None'
[1.139s] Level 5:colcon.colcon_core.verb:set package 'gazebo_ros2_control' build argument 'cmake_target' from command line to 'None'
[1.139s] Level 5:colcon.colcon_core.verb:set package 'gazebo_ros2_control' build argument 'cmake_target_skip_unavailable' from command line to 'False'
[1.139s] Level 5:colcon.colcon_core.verb:set package 'gazebo_ros2_control' build argument 'cmake_clean_cache' from command line to 'False'
[1.139s] Level 5:colcon.colcon_core.verb:set package 'gazebo_ros2_control' build argument 'cmake_clean_first' from command line to 'False'
[1.139s] Level 5:colcon.colcon_core.verb:set package 'gazebo_ros2_control' build argument 'cmake_force_configure' from command line to 'False'
[1.139s] Level 5:colcon.colcon_core.verb:set package 'gazebo_ros2_control' build argument 'ament_cmake_args' from command line to 'None'
[1.139s] Level 5:colcon.colcon_core.verb:set package 'gazebo_ros2_control' build argument 'catkin_cmake_args' from command line to 'None'
[1.139s] Level 5:colcon.colcon_core.verb:set package 'gazebo_ros2_control' build argument 'catkin_skip_building_tests' from command line to 'False'
[1.139s] DEBUG:colcon.colcon_core.verb:Building package 'gazebo_ros2_control' with the following arguments: {'ament_cmake_args': None, 'build_base': '/home/nextup/Downloads/colcon_ws/build/gazebo_ros2_control', 'catkin_cmake_args': None, 'catkin_skip_building_tests': False, 'cmake_args': None, 'cmake_clean_cache': False, 'cmake_clean_first': False, 'cmake_force_configure': False, 'cmake_target': None, 'cmake_target_skip_unavailable': False, 'install_base': '/home/nextup/Downloads/colcon_ws/install/gazebo_ros2_control', 'merge_install': False, 'path': '/home/nextup/Downloads/colcon_ws/src/gazebo_ros2_control', 'symlink_install': False, 'test_result_base': None}
[1.151s] INFO:colcon.colcon_core.executor:Executing jobs using 'parallel' executor
[1.164s] DEBUG:colcon.colcon_parallel_executor.executor.parallel:run_until_complete
[1.164s] INFO:colcon.colcon_ros.task.ament_cmake.build:Building ROS package in '/home/nextup/Downloads/colcon_ws/src/ebot_description' with build type 'ament_cmake'
[1.164s] INFO:colcon.colcon_cmake.task.cmake.build:Building CMake package in '/home/nextup/Downloads/colcon_ws/src/ebot_description'
[1.177s] INFO:colcon.colcon_core.plugin_system:Skipping extension 'colcon_core.shell.bat': Not used on non-Windows systems
[1.178s] INFO:colcon.colcon_core.shell:Skip shell extension 'powershell' for command environment: Not usable outside of PowerShell
[1.178s] DEBUG:colcon.colcon_core.shell:Skip shell extension 'dsv' for command environment
[1.229s] INFO:colcon.colcon_ros.task.ament_cmake.build:Building ROS package in '/home/nextup/Downloads/colcon_ws/src/ebot_nav2' with build type 'ament_cmake'
[1.229s] INFO:colcon.colcon_cmake.task.cmake.build:Building CMake package in '/home/nextup/Downloads/colcon_ws/src/ebot_nav2'
[1.241s] INFO:colcon.colcon_core.shell:Skip shell extension 'powershell' for command environment: Not usable outside of PowerShell
[1.241s] DEBUG:colcon.colcon_core.shell:Skip shell extension 'dsv' for command environment
[1.293s] INFO:colcon.colcon_ros.task.ament_cmake.build:Building ROS package in '/home/nextup/Downloads/colcon_ws/src/gazebo_ros2_control' with build type 'ament_cmake'
[1.293s] INFO:colcon.colcon_cmake.task.cmake.build:Building CMake package in '/home/nextup/Downloads/colcon_ws/src/gazebo_ros2_control'
[1.305s] INFO:colcon.colcon_core.shell:Skip shell extension 'powershell' for command environment: Not usable outside of PowerShell
[1.305s] DEBUG:colcon.colcon_core.shell:Skip shell extension 'dsv' for command environment
[1.359s] DEBUG:colcon.colcon_core.event_handler.log_command:Invoking command in '/home/nextup/Downloads/colcon_ws/build/ebot_description': CMAKE_PREFIX_PATH=${CMAKE_PREFIX_PATH}:/opt/ros/humble /usr/bin/cmake /home/nextup/Downloads/colcon_ws/src/ebot_description -DCMAKE_INSTALL_PREFIX=/home/nextup/Downloads/colcon_ws/install/ebot_description
[1.361s] DEBUG:colcon.colcon_core.event_handler.log_command:Invoking command in '/home/nextup/Downloads/colcon_ws/build/ebot_nav2': CMAKE_PREFIX_PATH=${CMAKE_PREFIX_PATH}:/opt/ros/humble /usr/bin/cmake /home/nextup/Downloads/colcon_ws/src/ebot_nav2 -DCMAKE_INSTALL_PREFIX=/home/nextup/Downloads/colcon_ws/install/ebot_nav2
[1.363s] DEBUG:colcon.colcon_core.event_handler.log_command:Invoking command in '/home/nextup/Downloads/colcon_ws/build/gazebo_ros2_control': CMAKE_PREFIX_PATH=${CMAKE_PREFIX_PATH}:/opt/ros/humble /usr/bin/cmake /home/nextup/Downloads/colcon_ws/src/gazebo_ros2_control -DCMAKE_INSTALL_PREFIX=/home/nextup/Downloads/colcon_ws/install/gazebo_ros2_control
[1.839s] DEBUG:colcon.colcon_core.event_handler.log_command:Invoked command in '/home/nextup/Downloads/colcon_ws/build/ebot_nav2' returned '0': CMAKE_PREFIX_PATH=${CMAKE_PREFIX_PATH}:/opt/ros/humble /usr/bin/cmake /home/nextup/Downloads/colcon_ws/src/ebot_nav2 -DCMAKE_INSTALL_PREFIX=/home/nextup/Downloads/colcon_ws/install/ebot_nav2
[1.840s] DEBUG:colcon.colcon_core.event_handler.log_command:Invoking command in '/home/nextup/Downloads/colcon_ws/build/ebot_nav2': CMAKE_PREFIX_PATH=${CMAKE_PREFIX_PATH}:/opt/ros/humble /usr/bin/cmake --build /home/nextup/Downloads/colcon_ws/build/ebot_nav2 -- -j16 -l16
[1.866s] DEBUG:colcon.colcon_core.event_handler.log_command:Invoked command in '/home/nextup/Downloads/colcon_ws/build/ebot_nav2' returned '0': CMAKE_PREFIX_PATH=${CMAKE_PREFIX_PATH}:/opt/ros/humble /usr/bin/cmake --build /home/nextup/Downloads/colcon_ws/build/ebot_nav2 -- -j16 -l16
[1.884s] DEBUG:colcon.colcon_core.event_handler.log_command:Invoking command in '/home/nextup/Downloads/colcon_ws/build/ebot_nav2': CMAKE_PREFIX_PATH=${CMAKE_PREFIX_PATH}:/opt/ros/humble /usr/bin/cmake --install /home/nextup/Downloads/colcon_ws/build/ebot_nav2
[1.898s] Level 1:colcon.colcon_core.environment:create_environment_scripts_only(ebot_nav2)
[1.898s] DEBUG:colcon.colcon_core.event_handler.log_command:Invoked command in '/home/nextup/Downloads/colcon_ws/build/ebot_nav2' returned '0': CMAKE_PREFIX_PATH=${CMAKE_PREFIX_PATH}:/opt/ros/humble /usr/bin/cmake --install /home/nextup/Downloads/colcon_ws/build/ebot_nav2
[1.913s] Level 1:colcon.colcon_core.environment:checking '/home/nextup/Downloads/colcon_ws/install/ebot_nav2' for CMake module files
[1.913s] Level 1:colcon.colcon_core.environment:checking '/home/nextup/Downloads/colcon_ws/install/ebot_nav2' for CMake config files
[1.913s] Level 1:colcon.colcon_core.shell:create_environment_hook('ebot_nav2', 'cmake_prefix_path')
[1.926s] INFO:colcon.colcon_core.shell:Creating environment hook '/home/nextup/Downloads/colcon_ws/install/ebot_nav2/share/ebot_nav2/hook/cmake_prefix_path.ps1'
[1.927s] INFO:colcon.colcon_core.shell:Creating environment descriptor '/home/nextup/Downloads/colcon_ws/install/ebot_nav2/share/ebot_nav2/hook/cmake_prefix_path.dsv'
[1.927s] INFO:colcon.colcon_core.shell:Creating environment hook '/home/nextup/Downloads/colcon_ws/install/ebot_nav2/share/ebot_nav2/hook/cmake_prefix_path.sh'
[1.927s] Level 1:colcon.colcon_core.environment:checking '/home/nextup/Downloads/colcon_ws/install/ebot_nav2/lib'
[1.928s] Level 1:colcon.colcon_core.environment:checking '/home/nextup/Downloads/colcon_ws/install/ebot_nav2/bin'
[1.928s] Level 1:colcon.colcon_core.environment:checking '/home/nextup/Downloads/colcon_ws/install/ebot_nav2/lib/pkgconfig/ebot_nav2.pc'
[1.928s] Level 1:colcon.colcon_core.environment:checking '/home/nextup/Downloads/colcon_ws/install/ebot_nav2/lib/python3.10/site-packages'
[1.928s] Level 1:colcon.colcon_core.environment:checking '/home/nextup/Downloads/colcon_ws/install/ebot_nav2/bin'
[1.941s] INFO:colcon.colcon_core.shell:Creating package script '/home/nextup/Downloads/colcon_ws/install/ebot_nav2/share/ebot_nav2/package.ps1'
[1.941s] INFO:colcon.colcon_core.shell:Creating package descriptor '/home/nextup/Downloads/colcon_ws/install/ebot_nav2/share/ebot_nav2/package.dsv'
[1.941s] INFO:colcon.colcon_core.shell:Creating package script '/home/nextup/Downloads/colcon_ws/install/ebot_nav2/share/ebot_nav2/package.sh'
[1.942s] INFO:colcon.colcon_core.shell:Creating package script '/home/nextup/Downloads/colcon_ws/install/ebot_nav2/share/ebot_nav2/package.bash'
[1.942s] INFO:colcon.colcon_core.shell:Creating package script '/home/nextup/Downloads/colcon_ws/install/ebot_nav2/share/ebot_nav2/package.zsh'
[1.943s] Level 1:colcon.colcon_core.environment:create_file_with_runtime_dependencies(/home/nextup/Downloads/colcon_ws/install/ebot_nav2/share/colcon-core/packages/ebot_nav2)
[1.969s] Level 1:colcon.colcon_core.environment:create_environment_scripts_only(ebot_nav2)
[1.982s] Level 1:colcon.colcon_core.environment:checking '/home/nextup/Downloads/colcon_ws/install/ebot_nav2' for CMake module files
[1.982s] Level 1:colcon.colcon_core.environment:checking '/home/nextup/Downloads/colcon_ws/install/ebot_nav2' for CMake config files
[1.982s] Level 1:colcon.colcon_core.shell:create_environment_hook('ebot_nav2', 'cmake_prefix_path')
[1.995s] INFO:colcon.colcon_core.shell:Creating environment hook '/home/nextup/Downloads/colcon_ws/install/ebot_nav2/share/ebot_nav2/hook/cmake_prefix_path.ps1'
[1.995s] INFO:colcon.colcon_core.shell:Creating environment descriptor '/home/nextup/Downloads/colcon_ws/install/ebot_nav2/share/ebot_nav2/hook/cmake_prefix_path.dsv'
[1.995s] INFO:colcon.colcon_core.shell:Creating environment hook '/home/nextup/Downloads/colcon_ws/install/ebot_nav2/share/ebot_nav2/hook/cmake_prefix_path.sh'
[1.996s] Level 1:colcon.colcon_core.environment:checking '/home/nextup/Downloads/colcon_ws/install/ebot_nav2/lib'
[1.996s] Level 1:colcon.colcon_core.environment:checking '/home/nextup/Downloads/colcon_ws/install/ebot_nav2/bin'
[1.996s] Level 1:colcon.colcon_core.environment:checking '/home/nextup/Downloads/colcon_ws/install/ebot_nav2/lib/pkgconfig/ebot_nav2.pc'
[1.996s] Level 1:colcon.colcon_core.environment:checking '/home/nextup/Downloads/colcon_ws/install/ebot_nav2/lib/python3.10/site-packages'
[1.996s] Level 1:colcon.colcon_core.environment:checking '/home/nextup/Downloads/colcon_ws/install/ebot_nav2/bin'
[2.009s] INFO:colcon.colcon_core.shell:Creating package script '/home/nextup/Downloads/colcon_ws/install/ebot_nav2/share/ebot_nav2/package.ps1'
[2.009s] INFO:colcon.colcon_core.shell:Creating package descriptor '/home/nextup/Downloads/colcon_ws/install/ebot_nav2/share/ebot_nav2/package.dsv'
[2.010s] INFO:colcon.colcon_core.shell:Creating package script '/home/nextup/Downloads/colcon_ws/install/ebot_nav2/share/ebot_nav2/package.sh'
[2.010s] INFO:colcon.colcon_core.shell:Creating package script '/home/nextup/Downloads/colcon_ws/install/ebot_nav2/share/ebot_nav2/package.bash'
[2.010s] INFO:colcon.colcon_core.shell:Creating package script '/home/nextup/Downloads/colcon_ws/install/ebot_nav2/share/ebot_nav2/package.zsh'
[2.010s] Level 1:colcon.colcon_core.environment:create_file_with_runtime_dependencies(/home/nextup/Downloads/colcon_ws/install/ebot_nav2/share/colcon-core/packages/ebot_nav2)
[2.138s] DEBUG:colcon.colcon_core.event_handler.log_command:Invoked command in '/home/nextup/Downloads/colcon_ws/build/ebot_description' returned '0': CMAKE_PREFIX_PATH=${CMAKE_PREFIX_PATH}:/opt/ros/humble /usr/bin/cmake /home/nextup/Downloads/colcon_ws/src/ebot_description -DCMAKE_INSTALL_PREFIX=/home/nextup/Downloads/colcon_ws/install/ebot_description
[2.139s] DEBUG:colcon.colcon_core.event_handler.log_command:Invoking command in '/home/nextup/Downloads/colcon_ws/build/ebot_description': CMAKE_PREFIX_PATH=${CMAKE_PREFIX_PATH}:/opt/ros/humble /usr/bin/cmake --build /home/nextup/Downloads/colcon_ws/build/ebot_description -- -j16 -l16
[2.164s] DEBUG:colcon.colcon_core.event_handler.log_command:Invoked command in '/home/nextup/Downloads/colcon_ws/build/ebot_description' returned '0': CMAKE_PREFIX_PATH=${CMAKE_PREFIX_PATH}:/opt/ros/humble /usr/bin/cmake --build /home/nextup/Downloads/colcon_ws/build/ebot_description -- -j16 -l16
[2.177s] DEBUG:colcon.colcon_core.event_handler.log_command:Invoking command in '/home/nextup/Downloads/colcon_ws/build/ebot_description': CMAKE_PREFIX_PATH=${CMAKE_PREFIX_PATH}:/opt/ros/humble /usr/bin/cmake --install /home/nextup/Downloads/colcon_ws/build/ebot_description
[2.373s] Level 1:colcon.colcon_core.environment:create_environment_scripts_only(ebot_description)
[2.373s] DEBUG:colcon.colcon_core.event_handler.log_command:Invoked command in '/home/nextup/Downloads/colcon_ws/build/ebot_description' returned '0': CMAKE_PREFIX_PATH=${CMAKE_PREFIX_PATH}:/opt/ros/humble /usr/bin/cmake --install /home/nextup/Downloads/colcon_ws/build/ebot_description
[2.386s] Level 1:colcon.colcon_core.environment:checking '/home/nextup/Downloads/colcon_ws/install/ebot_description' for CMake module files
[2.386s] Level 1:colcon.colcon_core.environment:checking '/home/nextup/Downloads/colcon_ws/install/ebot_description' for CMake config files
[2.404s] Level 1:colcon.colcon_core.shell:create_environment_hook('ebot_description', 'cmake_prefix_path')
[2.417s] INFO:colcon.colcon_core.shell:Creating environment hook '/home/nextup/Downloads/colcon_ws/install/ebot_description/share/ebot_description/hook/cmake_prefix_path.ps1'
[2.417s] INFO:colcon.colcon_core.shell:Creating environment descriptor '/home/nextup/Downloads/colcon_ws/install/ebot_description/share/ebot_description/hook/cmake_prefix_path.dsv'
[2.417s] INFO:colcon.colcon_core.shell:Creating environment hook '/home/nextup/Downloads/colcon_ws/install/ebot_description/share/ebot_description/hook/cmake_prefix_path.sh'
[2.418s] Level 1:colcon.colcon_core.environment:checking '/home/nextup/Downloads/colcon_ws/install/ebot_description/lib'
[2.418s] Level 1:colcon.colcon_core.environment:checking '/home/nextup/Downloads/colcon_ws/install/ebot_description/bin'
[2.418s] Level 1:colcon.colcon_core.environment:checking '/home/nextup/Downloads/colcon_ws/install/ebot_description/lib/pkgconfig/ebot_description.pc'
[2.418s] Level 1:colcon.colcon_core.environment:checking '/home/nextup/Downloads/colcon_ws/install/ebot_description/lib/python3.10/site-packages'
[2.418s] Level 1:colcon.colcon_core.environment:checking '/home/nextup/Downloads/colcon_ws/install/ebot_description/bin'
[2.431s] INFO:colcon.colcon_core.shell:Creating package script '/home/nextup/Downloads/colcon_ws/install/ebot_description/share/ebot_description/package.ps1'
[2.431s] INFO:colcon.colcon_core.shell:Creating package descriptor '/home/nextup/Downloads/colcon_ws/install/ebot_description/share/ebot_description/package.dsv'
[2.431s] INFO:colcon.colcon_core.shell:Creating package script '/home/nextup/Downloads/colcon_ws/install/ebot_description/share/ebot_description/package.sh'
[2.432s] INFO:colcon.colcon_core.shell:Creating package script '/home/nextup/Downloads/colcon_ws/install/ebot_description/share/ebot_description/package.bash'
[2.432s] INFO:colcon.colcon_core.shell:Creating package script '/home/nextup/Downloads/colcon_ws/install/ebot_description/share/ebot_description/package.zsh'
[2.432s] Level 1:colcon.colcon_core.environment:create_file_with_runtime_dependencies(/home/nextup/Downloads/colcon_ws/install/ebot_description/share/colcon-core/packages/ebot_description)
[2.458s] Level 1:colcon.colcon_core.environment:create_environment_scripts_only(ebot_description)
[2.471s] Level 1:colcon.colcon_core.environment:checking '/home/nextup/Downloads/colcon_ws/install/ebot_description' for CMake module files
[2.471s] Level 1:colcon.colcon_core.environment:checking '/home/nextup/Downloads/colcon_ws/install/ebot_description' for CMake config files
[2.489s] Level 1:colcon.colcon_core.shell:create_environment_hook('ebot_description', 'cmake_prefix_path')
[2.502s] INFO:colcon.colcon_core.shell:Creating environment hook '/home/nextup/Downloads/colcon_ws/install/ebot_description/share/ebot_description/hook/cmake_prefix_path.ps1'
[2.502s] INFO:colcon.colcon_core.shell:Creating environment descriptor '/home/nextup/Downloads/colcon_ws/install/ebot_description/share/ebot_description/hook/cmake_prefix_path.dsv'
[2.502s] INFO:colcon.colcon_core.shell:Creating environment hook '/home/nextup/Downloads/colcon_ws/install/ebot_description/share/ebot_description/hook/cmake_prefix_path.sh'
[2.503s] Level 1:colcon.colcon_core.environment:checking '/home/nextup/Downloads/colcon_ws/install/ebot_description/lib'
[2.503s] Level 1:colcon.colcon_core.environment:checking '/home/nextup/Downloads/colcon_ws/install/ebot_description/bin'
[2.503s] Level 1:colcon.colcon_core.environment:checking '/home/nextup/Downloads/colcon_ws/install/ebot_description/lib/pkgconfig/ebot_description.pc'
[2.503s] Level 1:colcon.colcon_core.environment:checking '/home/nextup/Downloads/colcon_ws/install/ebot_description/lib/python3.10/site-packages'
[2.503s] Level 1:colcon.colcon_core.environment:checking '/home/nextup/Downloads/colcon_ws/install/ebot_description/bin'
[2.516s] INFO:colcon.colcon_core.shell:Creating package script '/home/nextup/Downloads/colcon_ws/install/ebot_description/share/ebot_description/package.ps1'
[2.516s] INFO:colcon.colcon_core.shell:Creating package descriptor '/home/nextup/Downloads/colcon_ws/install/ebot_description/share/ebot_description/package.dsv'
[2.516s] INFO:colcon.colcon_core.shell:Creating package script '/home/nextup/Downloads/colcon_ws/install/ebot_description/share/ebot_description/package.sh'
[2.516s] INFO:colcon.colcon_core.shell:Creating package script '/home/nextup/Downloads/colcon_ws/install/ebot_description/share/ebot_description/package.bash'
[2.517s] INFO:colcon.colcon_core.shell:Creating package script '/home/nextup/Downloads/colcon_ws/install/ebot_description/share/ebot_description/package.zsh'
[2.517s] Level 1:colcon.colcon_core.environment:create_file_with_runtime_dependencies(/home/nextup/Downloads/colcon_ws/install/ebot_description/share/colcon-core/packages/ebot_description)
[3.534s] DEBUG:colcon.colcon_core.event_handler.log_command:Invoked command in '/home/nextup/Downloads/colcon_ws/build/gazebo_ros2_control' returned '0': CMAKE_PREFIX_PATH=${CMAKE_PREFIX_PATH}:/opt/ros/humble /usr/bin/cmake /home/nextup/Downloads/colcon_ws/src/gazebo_ros2_control -DCMAKE_INSTALL_PREFIX=/home/nextup/Downloads/colcon_ws/install/gazebo_ros2_control
[3.535s] DEBUG:colcon.colcon_core.event_handler.log_command:Invoking command in '/home/nextup/Downloads/colcon_ws/build/gazebo_ros2_control': CMAKE_PREFIX_PATH=${CMAKE_PREFIX_PATH}:/opt/ros/humble /usr/bin/cmake --build /home/nextup/Downloads/colcon_ws/build/gazebo_ros2_control -- -j16 -l16
[3.592s] DEBUG:colcon.colcon_core.event_handler.log_command:Invoked command in '/home/nextup/Downloads/colcon_ws/build/gazebo_ros2_control' returned '0': CMAKE_PREFIX_PATH=${CMAKE_PREFIX_PATH}:/opt/ros/humble /usr/bin/cmake --build /home/nextup/Downloads/colcon_ws/build/gazebo_ros2_control -- -j16 -l16
[3.610s] DEBUG:colcon.colcon_core.event_handler.log_command:Invoking command in '/home/nextup/Downloads/colcon_ws/build/gazebo_ros2_control': CMAKE_PREFIX_PATH=${CMAKE_PREFIX_PATH}:/opt/ros/humble /usr/bin/cmake --install /home/nextup/Downloads/colcon_ws/build/gazebo_ros2_control
[3.623s] Level 1:colcon.colcon_core.environment:create_environment_scripts_only(gazebo_ros2_control)
[3.624s] DEBUG:colcon.colcon_core.event_handler.log_command:Invoked command in '/home/nextup/Downloads/colcon_ws/build/gazebo_ros2_control' returned '0': CMAKE_PREFIX_PATH=${CMAKE_PREFIX_PATH}:/opt/ros/humble /usr/bin/cmake --install /home/nextup/Downloads/colcon_ws/build/gazebo_ros2_control
[3.637s] Level 1:colcon.colcon_core.environment:checking '/home/nextup/Downloads/colcon_ws/install/gazebo_ros2_control' for CMake module files
[3.637s] Level 1:colcon.colcon_core.environment:checking '/home/nextup/Downloads/colcon_ws/install/gazebo_ros2_control' for CMake config files
[3.637s] Level 1:colcon.colcon_core.shell:create_environment_hook('gazebo_ros2_control', 'cmake_prefix_path')
[3.650s] INFO:colcon.colcon_core.shell:Creating environment hook '/home/nextup/Downloads/colcon_ws/install/gazebo_ros2_control/share/gazebo_ros2_control/hook/cmake_prefix_path.ps1'
[3.650s] INFO:colcon.colcon_core.shell:Creating environment descriptor '/home/nextup/Downloads/colcon_ws/install/gazebo_ros2_control/share/gazebo_ros2_control/hook/cmake_prefix_path.dsv'
[3.650s] INFO:colcon.colcon_core.shell:Creating environment hook '/home/nextup/Downloads/colcon_ws/install/gazebo_ros2_control/share/gazebo_ros2_control/hook/cmake_prefix_path.sh'
[3.650s] Level 1:colcon.colcon_core.environment:checking '/home/nextup/Downloads/colcon_ws/install/gazebo_ros2_control/lib'
[3.650s] Level 1:colcon.colcon_core.shell:create_environment_hook('gazebo_ros2_control', 'ld_library_path_lib')
[3.663s] INFO:colcon.colcon_core.shell:Creating environment hook '/home/nextup/Downloads/colcon_ws/install/gazebo_ros2_control/share/gazebo_ros2_control/hook/ld_library_path_lib.ps1'
[3.663s] INFO:colcon.colcon_core.shell:Creating environment descriptor '/home/nextup/Downloads/colcon_ws/install/gazebo_ros2_control/share/gazebo_ros2_control/hook/ld_library_path_lib.dsv'
[3.663s] INFO:colcon.colcon_core.shell:Creating environment hook '/home/nextup/Downloads/colcon_ws/install/gazebo_ros2_control/share/gazebo_ros2_control/hook/ld_library_path_lib.sh'
[3.663s] Level 1:colcon.colcon_core.environment:checking '/home/nextup/Downloads/colcon_ws/install/gazebo_ros2_control/bin'
[3.663s] Level 1:colcon.colcon_core.environment:checking '/home/nextup/Downloads/colcon_ws/install/gazebo_ros2_control/lib/pkgconfig/gazebo_ros2_control.pc'
[3.664s] Level 1:colcon.colcon_core.environment:checking '/home/nextup/Downloads/colcon_ws/install/gazebo_ros2_control/lib/python3.10/site-packages'
[3.664s] Level 1:colcon.colcon_core.environment:checking '/home/nextup/Downloads/colcon_ws/install/gazebo_ros2_control/bin'
[3.676s] INFO:colcon.colcon_core.shell:Creating package script '/home/nextup/Downloads/colcon_ws/install/gazebo_ros2_control/share/gazebo_ros2_control/package.ps1'
[3.677s] INFO:colcon.colcon_core.shell:Creating package descriptor '/home/nextup/Downloads/colcon_ws/install/gazebo_ros2_control/share/gazebo_ros2_control/package.dsv'
[3.677s] INFO:colcon.colcon_core.shell:Creating package script '/home/nextup/Downloads/colcon_ws/install/gazebo_ros2_control/share/gazebo_ros2_control/package.sh'
[3.677s] INFO:colcon.colcon_core.shell:Creating package script '/home/nextup/Downloads/colcon_ws/install/gazebo_ros2_control/share/gazebo_ros2_control/package.bash'
[3.677s] INFO:colcon.colcon_core.shell:Creating package script '/home/nextup/Downloads/colcon_ws/install/gazebo_ros2_control/share/gazebo_ros2_control/package.zsh'
[3.678s] Level 1:colcon.colcon_core.environment:create_file_with_runtime_dependencies(/home/nextup/Downloads/colcon_ws/install/gazebo_ros2_control/share/colcon-core/packages/gazebo_ros2_control)
[3.707s] Level 1:colcon.colcon_core.environment:create_environment_scripts_only(gazebo_ros2_control)
[3.720s] Level 1:colcon.colcon_core.environment:checking '/home/nextup/Downloads/colcon_ws/install/gazebo_ros2_control' for CMake module files
[3.720s] Level 1:colcon.colcon_core.environment:checking '/home/nextup/Downloads/colcon_ws/install/gazebo_ros2_control' for CMake config files
[3.720s] Level 1:colcon.colcon_core.shell:create_environment_hook('gazebo_ros2_control', 'cmake_prefix_path')
[3.733s] INFO:colcon.colcon_core.shell:Creating environment hook '/home/nextup/Downloads/colcon_ws/install/gazebo_ros2_control/share/gazebo_ros2_control/hook/cmake_prefix_path.ps1'
[3.733s] INFO:colcon.colcon_core.shell:Creating environment descriptor '/home/nextup/Downloads/colcon_ws/install/gazebo_ros2_control/share/gazebo_ros2_control/hook/cmake_prefix_path.dsv'
[3.733s] INFO:colcon.colcon_core.shell:Creating environment hook '/home/nextup/Downloads/colcon_ws/install/gazebo_ros2_control/share/gazebo_ros2_control/hook/cmake_prefix_path.sh'
[3.733s] Level 1:colcon.colcon_core.environment:checking '/home/nextup/Downloads/colcon_ws/install/gazebo_ros2_control/lib'
[3.733s] Level 1:colcon.colcon_core.shell:create_environment_hook('gazebo_ros2_control', 'ld_library_path_lib')
[3.746s] INFO:colcon.colcon_core.shell:Creating environment hook '/home/nextup/Downloads/colcon_ws/install/gazebo_ros2_control/share/gazebo_ros2_control/hook/ld_library_path_lib.ps1'
[3.746s] INFO:colcon.colcon_core.shell:Creating environment descriptor '/home/nextup/Downloads/colcon_ws/install/gazebo_ros2_control/share/gazebo_ros2_control/hook/ld_library_path_lib.dsv'
[3.746s] INFO:colcon.colcon_core.shell:Creating environment hook '/home/nextup/Downloads/colcon_ws/install/gazebo_ros2_control/share/gazebo_ros2_control/hook/ld_library_path_lib.sh'
[3.747s] Level 1:colcon.colcon_core.environment:checking '/home/nextup/Downloads/colcon_ws/install/gazebo_ros2_control/bin'
[3.747s] Level 1:colcon.colcon_core.environment:checking '/home/nextup/Downloads/colcon_ws/install/gazebo_ros2_control/lib/pkgconfig/gazebo_ros2_control.pc'
[3.747s] Level 1:colcon.colcon_core.environment:checking '/home/nextup/Downloads/colcon_ws/install/gazebo_ros2_control/lib/python3.10/site-packages'
[3.747s] Level 1:colcon.colcon_core.environment:checking '/home/nextup/Downloads/colcon_ws/install/gazebo_ros2_control/bin'
[3.759s] INFO:colcon.colcon_core.shell:Creating package script '/home/nextup/Downloads/colcon_ws/install/gazebo_ros2_control/share/gazebo_ros2_control/package.ps1'
[3.760s] INFO:colcon.colcon_core.shell:Creating package descriptor '/home/nextup/Downloads/colcon_ws/install/gazebo_ros2_control/share/gazebo_ros2_control/package.dsv'
[3.760s] INFO:colcon.colcon_core.shell:Creating package script '/home/nextup/Downloads/colcon_ws/install/gazebo_ros2_control/share/gazebo_ros2_control/package.sh'
[3.760s] INFO:colcon.colcon_core.shell:Creating package script '/home/nextup/Downloads/colcon_ws/install/gazebo_ros2_control/share/gazebo_ros2_control/package.bash'
[3.760s] INFO:colcon.colcon_core.shell:Creating package script '/home/nextup/Downloads/colcon_ws/install/gazebo_ros2_control/share/gazebo_ros2_control/package.zsh'
[3.761s] Level 1:colcon.colcon_core.environment:create_file_with_runtime_dependencies(/home/nextup/Downloads/colcon_ws/install/gazebo_ros2_control/share/colcon-core/packages/gazebo_ros2_control)
[3.761s] DEBUG:colcon.colcon_parallel_executor.executor.parallel:closing loop
[3.761s] DEBUG:colcon.colcon_parallel_executor.executor.parallel:loop closed
[3.761s] DEBUG:colcon.colcon_parallel_executor.executor.parallel:run_until_complete finished with '0'
[3.761s] DEBUG:colcon.colcon_core.event_reactor:joining thread
[3.777s] INFO:colcon.colcon_core.plugin_system:Skipping extension 'colcon_notification.desktop_notification.terminal_notifier': Not used on non-Darwin systems
[3.777s] INFO:colcon.colcon_core.plugin_system:Skipping extension 'colcon_notification.desktop_notification.win32': Not used on non-Windows systems
[3.777s] INFO:colcon.colcon_notification.desktop_notification:Sending desktop notification using 'notify2'
[3.784s] DEBUG:colcon.colcon_core.event_reactor:joined thread
[3.797s] INFO:colcon.colcon_core.shell:Creating prefix script '/home/nextup/Downloads/colcon_ws/install/local_setup.ps1'
[3.798s] INFO:colcon.colcon_core.shell:Creating prefix util module '/home/nextup/Downloads/colcon_ws/install/_local_setup_util_ps1.py'
[3.799s] INFO:colcon.colcon_core.shell:Creating prefix chain script '/home/nextup/Downloads/colcon_ws/install/setup.ps1'
[3.818s] INFO:colcon.colcon_core.shell:Creating prefix script '/home/nextup/Downloads/colcon_ws/install/local_setup.sh'
[3.818s] INFO:colcon.colcon_core.shell:Creating prefix util module '/home/nextup/Downloads/colcon_ws/install/_local_setup_util_sh.py'
[3.819s] INFO:colcon.colcon_core.shell:Creating prefix chain script '/home/nextup/Downloads/colcon_ws/install/setup.sh'
[3.832s] INFO:colcon.colcon_core.shell:Creating prefix script '/home/nextup/Downloads/colcon_ws/install/local_setup.bash'
[3.832s] INFO:colcon.colcon_core.shell:Creating prefix chain script '/home/nextup/Downloads/colcon_ws/install/setup.bash'
[3.845s] INFO:colcon.colcon_core.shell:Creating prefix script '/home/nextup/Downloads/colcon_ws/install/local_setup.zsh'
[3.846s] INFO:colcon.colcon_core.shell:Creating prefix chain script '/home/nextup/Downloads/colcon_ws/install/setup.zsh'
