[0.277s] Invoking command in '/home/nextup/Downloads/colcon_ws/build/ur5_moveit': AMENT_PREFIX_PATH=/home/nextup/Downloads/colcon_ws/install/ur_description:${AMENT_PREFIX_PATH} CMAKE_PREFIX_PATH=/home/nextup/Downloads/colcon_ws/install/ur_description:/home/nextup/Desktop/visionexplorers/install/ebot_nav2:/home/nextup/Desktop/visionexplorers/install/auto_car:/home/nextup/explorers_ws/install/auto_car:/home/nextup/vision_ws/install/ur5_moveit:/home/nextup/vision_ws/install/ur_description:/home/nextup/vision_ws/install/realsense_gazebo_plugin:/home/nextup/vision_ws/install/pymoveit2:/home/nextup/vision_ws/install/linkattacher_msgs:/home/nextup/vision_ws/install/gazebo_ros2_control:/home/nextup/vision_ws/install/eyantra_warehouse:/home/nextup/vision_ws/install/ebot_nav2:/home/nextup/vision_ws/install/ebot_description:/home/nextup/vision_ws/install/ebot_docking:/home/nextup/vision_ws/install/aws_robomaker_small_warehouse_world:/home/nextup/colcon_ws/install/ur5_moveit:/home/nextup/colcon_ws/install/ur_description:/home/nextup/colcon_ws/install/realsense_gazebo_plugin:/home/nextup/colcon_ws/install/pymoveit2:/home/nextup/colcon_ws/install/linkattacher_msgs:/home/nextup/colcon_ws/install/gazebo_ros2_control:/home/nextup/colcon_ws/install/eyantra_warehouse:/home/nextup/colcon_ws/install/ebot_nav2:/home/nextup/colcon_ws/install/ebot_docking:/home/nextup/colcon_ws/install/ebot_description:/home/nextup/colcon_ws/install/aws_robomaker_small_warehouse_world:/opt/ros/humble /usr/bin/cmake --build /home/nextup/Downloads/colcon_ws/build/ur5_moveit -- -j16 -l16
[0.410s] Invoked command in '/home/nextup/Downloads/colcon_ws/build/ur5_moveit' returned '0': AMENT_PREFIX_PATH=/home/nextup/Downloads/colcon_ws/install/ur_description:${AMENT_PREFIX_PATH} CMAKE_PREFIX_PATH=/home/nextup/Downloads/colcon_ws/install/ur_description:/home/nextup/Desktop/visionexplorers/install/ebot_nav2:/home/nextup/Desktop/visionexplorers/install/auto_car:/home/nextup/explorers_ws/install/auto_car:/home/nextup/vision_ws/install/ur5_moveit:/home/nextup/vision_ws/install/ur_description:/home/nextup/vision_ws/install/realsense_gazebo_plugin:/home/nextup/vision_ws/install/pymoveit2:/home/nextup/vision_ws/install/linkattacher_msgs:/home/nextup/vision_ws/install/gazebo_ros2_control:/home/nextup/vision_ws/install/eyantra_warehouse:/home/nextup/vision_ws/install/ebot_nav2:/home/nextup/vision_ws/install/ebot_description:/home/nextup/vision_ws/install/ebot_docking:/home/nextup/vision_ws/install/aws_robomaker_small_warehouse_world:/home/nextup/colcon_ws/install/ur5_moveit:/home/nextup/colcon_ws/install/ur_description:/home/nextup/colcon_ws/install/realsense_gazebo_plugin:/home/nextup/colcon_ws/install/pymoveit2:/home/nextup/colcon_ws/install/linkattacher_msgs:/home/nextup/colcon_ws/install/gazebo_ros2_control:/home/nextup/colcon_ws/install/eyantra_warehouse:/home/nextup/colcon_ws/install/ebot_nav2:/home/nextup/colcon_ws/install/ebot_docking:/home/nextup/colcon_ws/install/ebot_description:/home/nextup/colcon_ws/install/aws_robomaker_small_warehouse_world:/opt/ros/humble /usr/bin/cmake --build /home/nextup/Downloads/colcon_ws/build/ur5_moveit -- -j16 -l16
[0.711s] Invoking command in '/home/nextup/Downloads/colcon_ws/build/ur5_moveit': AMENT_PREFIX_PATH=/home/nextup/Downloads/colcon_ws/install/ur_description:${AMENT_PREFIX_PATH} CMAKE_PREFIX_PATH=/home/nextup/Downloads/colcon_ws/install/ur_description:/home/nextup/Desktop/visionexplorers/install/ebot_nav2:/home/nextup/Desktop/visionexplorers/install/auto_car:/home/nextup/explorers_ws/install/auto_car:/home/nextup/vision_ws/install/ur5_moveit:/home/nextup/vision_ws/install/ur_description:/home/nextup/vision_ws/install/realsense_gazebo_plugin:/home/nextup/vision_ws/install/pymoveit2:/home/nextup/vision_ws/install/linkattacher_msgs:/home/nextup/vision_ws/install/gazebo_ros2_control:/home/nextup/vision_ws/install/eyantra_warehouse:/home/nextup/vision_ws/install/ebot_nav2:/home/nextup/vision_ws/install/ebot_description:/home/nextup/vision_ws/install/ebot_docking:/home/nextup/vision_ws/install/aws_robomaker_small_warehouse_world:/home/nextup/colcon_ws/install/ur5_moveit:/home/nextup/colcon_ws/install/ur_description:/home/nextup/colcon_ws/install/realsense_gazebo_plugin:/home/nextup/colcon_ws/install/pymoveit2:/home/nextup/colcon_ws/install/linkattacher_msgs:/home/nextup/colcon_ws/install/gazebo_ros2_control:/home/nextup/colcon_ws/install/eyantra_warehouse:/home/nextup/colcon_ws/install/ebot_nav2:/home/nextup/colcon_ws/install/ebot_docking:/home/nextup/colcon_ws/install/ebot_description:/home/nextup/colcon_ws/install/aws_robomaker_small_warehouse_world:/opt/ros/humble /usr/bin/cmake --install /home/nextup/Downloads/colcon_ws/build/ur5_moveit
[0.907s] -- Install configuration: ""
[0.907s] -- Up-to-date: /home/nextup/Downloads/colcon_ws/install/ur5_moveit/share/ament_index/resource_index/package_run_dependencies/ur5_moveit
[0.907s] -- Up-to-date: /home/nextup/Downloads/colcon_ws/install/ur5_moveit/share/ament_index/resource_index/parent_prefix_path/ur5_moveit
[0.907s] -- Up-to-date: /home/nextup/Downloads/colcon_ws/install/ur5_moveit/share/ur5_moveit/environment/ament_prefix_path.sh
[0.907s] -- Up-to-date: /home/nextup/Downloads/colcon_ws/install/ur5_moveit/share/ur5_moveit/environment/ament_prefix_path.dsv
[0.907s] -- Up-to-date: /home/nextup/Downloads/colcon_ws/install/ur5_moveit/share/ur5_moveit/environment/path.sh
[0.907s] -- Up-to-date: /home/nextup/Downloads/colcon_ws/install/ur5_moveit/share/ur5_moveit/environment/path.dsv
[0.907s] -- Up-to-date: /home/nextup/Downloads/colcon_ws/install/ur5_moveit/share/ur5_moveit/local_setup.bash
[0.907s] -- Up-to-date: /home/nextup/Downloads/colcon_ws/install/ur5_moveit/share/ur5_moveit/local_setup.sh
[0.907s] -- Up-to-date: /home/nextup/Downloads/colcon_ws/install/ur5_moveit/share/ur5_moveit/local_setup.zsh
[0.907s] -- Up-to-date: /home/nextup/Downloads/colcon_ws/install/ur5_moveit/share/ur5_moveit/local_setup.dsv
[0.907s] -- Up-to-date: /home/nextup/Downloads/colcon_ws/install/ur5_moveit/share/ur5_moveit/package.dsv
[0.907s] -- Up-to-date: /home/nextup/Downloads/colcon_ws/install/ur5_moveit/share/ament_index/resource_index/packages/ur5_moveit
[0.907s] -- Up-to-date: /home/nextup/Downloads/colcon_ws/install/ur5_moveit/share/ur5_moveit/cmake/ur5_moveitConfig.cmake
[0.907s] -- Up-to-date: /home/nextup/Downloads/colcon_ws/install/ur5_moveit/share/ur5_moveit/cmake/ur5_moveitConfig-version.cmake
[0.907s] -- Up-to-date: /home/nextup/Downloads/colcon_ws/install/ur5_moveit/share/ur5_moveit/package.xml
[0.908s] -- Up-to-date: /home/nextup/Downloads/colcon_ws/install/ur5_moveit/share/ur5_moveit/launch
[0.908s] -- Up-to-date: /home/nextup/Downloads/colcon_ws/install/ur5_moveit/share/ur5_moveit/launch/setup_assistant.launch.py
[0.908s] -- Up-to-date: /home/nextup/Downloads/colcon_ws/install/ur5_moveit/share/ur5_moveit/launch/warehouse_db.launch.py
[0.908s] -- Up-to-date: /home/nextup/Downloads/colcon_ws/install/ur5_moveit/share/ur5_moveit/launch/spawn_ur5_launch_moveit.launch.py
[0.908s] -- Up-to-date: /home/nextup/Downloads/colcon_ws/install/ur5_moveit/share/ur5_moveit/launch/demo.launch.py
[0.908s] -- Up-to-date: /home/nextup/Downloads/colcon_ws/install/ur5_moveit/share/ur5_moveit/launch/moveit_rviz.launch.py
[0.908s] -- Up-to-date: /home/nextup/Downloads/colcon_ws/install/ur5_moveit/share/ur5_moveit/launch/spawn_controllers.launch.py
[0.908s] -- Up-to-date: /home/nextup/Downloads/colcon_ws/install/ur5_moveit/share/ur5_moveit/launch/static_virtual_joint_tfs.launch.py
[0.908s] -- Up-to-date: /home/nextup/Downloads/colcon_ws/install/ur5_moveit/share/ur5_moveit/launch/rsp.launch.py
[0.908s] -- Up-to-date: /home/nextup/Downloads/colcon_ws/install/ur5_moveit/share/ur5_moveit/launch/move_group.launch.py
[0.908s] -- Up-to-date: /home/nextup/Downloads/colcon_ws/install/ur5_moveit/share/ur5_moveit/config
[0.908s] -- Up-to-date: /home/nextup/Downloads/colcon_ws/install/ur5_moveit/share/ur5_moveit/config/ros_controllers.yaml
[0.908s] -- Up-to-date: /home/nextup/Downloads/colcon_ws/install/ur5_moveit/share/ur5_moveit/config/ur5.srdf
[0.908s] -- Up-to-date: /home/nextup/Downloads/colcon_ws/install/ur5_moveit/share/ur5_moveit/config/ur_servo.yaml
[0.908s] -- Up-to-date: /home/nextup/Downloads/colcon_ws/install/ur5_moveit/share/ur5_moveit/config/ur5.urdf.xacro
[0.908s] -- Up-to-date: /home/nextup/Downloads/colcon_ws/install/ur5_moveit/share/ur5_moveit/config/ur5.ros2_control.xacro
[0.908s] -- Up-to-date: /home/nextup/Downloads/colcon_ws/install/ur5_moveit/share/ur5_moveit/config/joint_limits.yaml
[0.908s] -- Up-to-date: /home/nextup/Downloads/colcon_ws/install/ur5_moveit/share/ur5_moveit/config/moveit.rviz
[0.908s] -- Up-to-date: /home/nextup/Downloads/colcon_ws/install/ur5_moveit/share/ur5_moveit/config/kinematics.yaml
[0.908s] -- Up-to-date: /home/nextup/Downloads/colcon_ws/install/ur5_moveit/share/ur5_moveit/config/initial_positions.yaml
[0.908s] -- Up-to-date: /home/nextup/Downloads/colcon_ws/install/ur5_moveit/share/ur5_moveit/config/ompl_planning.yaml
[0.909s] -- Up-to-date: /home/nextup/Downloads/colcon_ws/install/ur5_moveit/share/ur5_moveit/config/pilz_cartesian_limits.yaml
[0.909s] -- Up-to-date: /home/nextup/Downloads/colcon_ws/install/ur5_moveit/share/ur5_moveit/config/moveit_controllers.yaml
[0.909s] -- Up-to-date: /home/nextup/Downloads/colcon_ws/install/ur5_moveit/share/ur5_moveit/.setup_assistant
[1.004s] Invoked command in '/home/nextup/Downloads/colcon_ws/build/ur5_moveit' returned '0': AMENT_PREFIX_PATH=/home/nextup/Downloads/colcon_ws/install/ur_description:${AMENT_PREFIX_PATH} CMAKE_PREFIX_PATH=/home/nextup/Downloads/colcon_ws/install/ur_description:/home/nextup/Desktop/visionexplorers/install/ebot_nav2:/home/nextup/Desktop/visionexplorers/install/auto_car:/home/nextup/explorers_ws/install/auto_car:/home/nextup/vision_ws/install/ur5_moveit:/home/nextup/vision_ws/install/ur_description:/home/nextup/vision_ws/install/realsense_gazebo_plugin:/home/nextup/vision_ws/install/pymoveit2:/home/nextup/vision_ws/install/linkattacher_msgs:/home/nextup/vision_ws/install/gazebo_ros2_control:/home/nextup/vision_ws/install/eyantra_warehouse:/home/nextup/vision_ws/install/ebot_nav2:/home/nextup/vision_ws/install/ebot_description:/home/nextup/vision_ws/install/ebot_docking:/home/nextup/vision_ws/install/aws_robomaker_small_warehouse_world:/home/nextup/colcon_ws/install/ur5_moveit:/home/nextup/colcon_ws/install/ur_description:/home/nextup/colcon_ws/install/realsense_gazebo_plugin:/home/nextup/colcon_ws/install/pymoveit2:/home/nextup/colcon_ws/install/linkattacher_msgs:/home/nextup/colcon_ws/install/gazebo_ros2_control:/home/nextup/colcon_ws/install/eyantra_warehouse:/home/nextup/colcon_ws/install/ebot_nav2:/home/nextup/colcon_ws/install/ebot_docking:/home/nextup/colcon_ws/install/ebot_description:/home/nextup/colcon_ws/install/aws_robomaker_small_warehouse_world:/opt/ros/humble /usr/bin/cmake --install /home/nextup/Downloads/colcon_ws/build/ur5_moveit
