[0.070s] Invoking command in '/home/nextup/Downloads/colcon_ws/build/gazebo_ros2_control': CMAKE_PREFIX_PATH=${CMAKE_PREFIX_PATH}:/opt/ros/humble /usr/bin/cmake /home/nextup/Downloads/colcon_ws/src/gazebo_ros2_control -DCMAKE_INSTALL_PREFIX=/home/nextup/Downloads/colcon_ws/install/gazebo_ros2_control
[0.104s] -- The C compiler identification is GNU 11.4.0
[0.139s] -- The CXX compiler identification is GNU 11.4.0
[0.144s] -- Detecting C compiler ABI info
[0.185s] -- Detecting C compiler ABI info - done
[0.191s] -- Check for working C compiler: /usr/bin/cc - skipped
[0.191s] -- Detecting C compile features
[0.191s] -- Detecting C compile features - done
[0.193s] -- Detecting CXX compiler ABI info
[0.244s] -- Detecting CXX compiler ABI info - done
[0.249s] -- Check for working CXX compiler: /usr/bin/c++ - skipped
[0.249s] -- Detecting CXX compile features
[0.250s] -- Detecting CXX compile features - done
[0.251s] -- Found ament_cmake: 1.3.6 (/opt/ros/humble/share/ament_cmake/cmake)
[0.366s] -- Found Python3: /usr/bin/python3.10 (found version "3.10.12") found components: Interpreter 
[0.427s] -- Found angles: 1.15.0 (/opt/ros/humble/share/angles/cmake)
[0.429s] -- Found controller_manager: 2.35.0 (/opt/ros/humble/share/controller_manager/cmake)
[0.464s] -- Found rosidl_generator_c: 3.1.5 (/opt/ros/humble/share/rosidl_generator_c/cmake)
[0.468s] -- Found rosidl_adapter: 3.1.5 (/opt/ros/humble/share/rosidl_adapter/cmake)
[0.474s] -- Found rosidl_generator_cpp: 3.1.5 (/opt/ros/humble/share/rosidl_generator_cpp/cmake)
[0.484s] -- Using all available rosidl_typesupport_c: rosidl_typesupport_fastrtps_c;rosidl_typesupport_introspection_c
[0.499s] -- Using all available rosidl_typesupport_cpp: rosidl_typesupport_fastrtps_cpp;rosidl_typesupport_introspection_cpp
[1.037s] -- Found rmw_implementation_cmake: 6.1.1 (/opt/ros/humble/share/rmw_implementation_cmake/cmake)
[1.039s] -- Found rmw_fastrtps_cpp: 6.2.5 (/opt/ros/humble/share/rmw_fastrtps_cpp/cmake)
[1.069s] -- Found TinyXML2 via Config file: TinyXML2_DIR-NOTFOUND
[1.108s] -- Found OpenSSL: /usr/lib/x86_64-linux-gnu/libcrypto.so (found version "3.0.2")  
[1.110s] -- Found TinyXML2 via Config file: TinyXML2_DIR-NOTFOUND
[1.126s] -- Found FastRTPS: /opt/ros/humble/include  
[1.136s] -- Found TinyXML2 via Config file: TinyXML2_DIR-NOTFOUND
[1.142s] -- Found TinyXML2 via Config file: TinyXML2_DIR-NOTFOUND
[1.152s] -- Using RMW implementation 'rmw_fastrtps_cpp' as default
[1.164s] -- Looking for pthread.h
[1.212s] -- Looking for pthread.h - found
[1.212s] -- Performing Test CMAKE_HAVE_LIBC_PTHREAD
[1.257s] -- Performing Test CMAKE_HAVE_LIBC_PTHREAD - Success
[1.258s] -- Found Threads: TRUE  
[1.777s] -- Found gazebo_dev: 3.7.0 (/opt/ros/humble/share/gazebo_dev/cmake)
[1.782s] -- Found PkgConfig: /usr/bin/pkg-config (found version "0.29.2") 
[1.782s] -- Checking for module 'bullet>=2.82'
[1.790s] --   Found bullet, version 3.05
[1.856s] -- Found fcl: /usr/include (found suitable version "0.7.0", minimum required is "0.5.0") 
[1.886s] -- Found assimp: /usr/include (found version "5.2.0") 
[1.898s] -- Found DART: /usr/include (Required is at least version "6.6") found components: dart 
[1.919s] -- Found Boost: /usr/lib/x86_64-linux-gnu/cmake/Boost-1.74.0/BoostConfig.cmake (found suitable version "1.74.0", minimum required is "1.40.0") found components: thread system filesystem program_options regex iostreams date_time 
[1.930s] -- Found Protobuf: /usr/lib/x86_64-linux-gnu/libprotobuf.so (found version "3.12.4") 
[1.933s] -- Looking for ignition-math6 -- found version 6.15.0
[1.938s] -- Searching for dependencies of ignition-math6
[1.938s] -- Looking for OGRE...
[1.939s] -- OGRE_PREFIX_WATCH changed.
[1.942s] -- Checking for module 'OGRE'
[1.950s] --   Found OGRE, version 1.9.0
[1.969s] -- Found Ogre Ghadamon (1.9.0)
[1.974s] -- Found OGRE: optimized;/usr/lib/x86_64-linux-gnu/libOgreMain.so;debug;/usr/lib/x86_64-linux-gnu/libOgreMain.so
[1.981s] -- Looking for OGRE_Paging...
[1.985s] -- Found OGRE_Paging: optimized;/usr/lib/x86_64-linux-gnu/libOgrePaging.so;debug;/usr/lib/x86_64-linux-gnu/libOgrePaging.so
[1.986s] -- Looking for OGRE_Terrain...
[1.989s] -- Found OGRE_Terrain: optimized;/usr/lib/x86_64-linux-gnu/libOgreTerrain.so;debug;/usr/lib/x86_64-linux-gnu/libOgreTerrain.so
[1.989s] -- Looking for OGRE_Property...
[1.993s] -- Found OGRE_Property: optimized;/usr/lib/x86_64-linux-gnu/libOgreProperty.so;debug;/usr/lib/x86_64-linux-gnu/libOgreProperty.so
[1.993s] -- Looking for OGRE_RTShaderSystem...
[1.997s] -- Found OGRE_RTShaderSystem: optimized;/usr/lib/x86_64-linux-gnu/libOgreRTShaderSystem.so;debug;/usr/lib/x86_64-linux-gnu/libOgreRTShaderSystem.so
[1.997s] -- Looking for OGRE_Volume...
[2.001s] -- Found OGRE_Volume: optimized;/usr/lib/x86_64-linux-gnu/libOgreVolume.so;debug;/usr/lib/x86_64-linux-gnu/libOgreVolume.so
[2.001s] -- Looking for OGRE_Overlay...
[2.004s] -- Found OGRE_Overlay: optimized;/usr/lib/x86_64-linux-gnu/libOgreOverlay.so;debug;/usr/lib/x86_64-linux-gnu/libOgreOverlay.so
[2.082s] -- Looking for ignition-math6 -- found version 6.15.0
[2.084s] -- Looking for ignition-transport8 -- found version 8.2.1
[2.084s] -- Searching for dependencies of ignition-transport8
[2.097s] -- Found Protobuf: /usr/lib/x86_64-linux-gnu/libprotobuf.so (found suitable version "3.12.4", minimum required is "3") 
[2.104s] -- Config-file not installed for ZeroMQ -- checking for pkg-config
[2.108s] -- Checking for module 'libzmq >= 4'
[2.116s] --   Found libzmq , version 4.3.4
[2.138s] -- Found ZeroMQ: TRUE (Required is at least version "4") 
[2.141s] -- Checking for module 'uuid'
[2.149s] --   Found uuid, version 2.37.2
[2.168s] -- Found UUID: TRUE  
[2.170s] -- Looking for ignition-msgs5 -- found version 5.8.1
[2.170s] -- Searching for dependencies of ignition-msgs5
[2.184s] -- Looking for ignition-math6 -- found version 6.15.0
[2.187s] -- Checking for module 'tinyxml2'
[2.195s] --   Found tinyxml2, version 9.0.0
[2.215s] -- Looking for ignition-msgs5 -- found version 5.8.1
[2.217s] -- Looking for ignition-common3 -- found version 3.14.0
[2.217s] -- Searching for dependencies of ignition-common3
[2.217s] -- Looking for dlfcn.h - found
[2.218s] -- Looking for libdl - found
[2.219s] -- Found DL: TRUE  
[2.226s] -- Found tinyobjloader: /usr/lib/x86_64-linux-gnu/cmake/tinyobjloader/tinyobjloader-config.cmake (found version "2.0.0") 
[2.227s] -- Searching for <ignition-common3> component [graphics]
[2.228s] -- Looking for ignition-common3-graphics -- found version 3.14.0
[2.229s] -- Searching for dependencies of ignition-common3-graphics
[2.229s] -- Looking for ignition-math6 -- found version 6.15.0
[2.231s] -- Looking for ignition-fuel_tools4 -- found version 4.4.0
[2.232s] -- Searching for dependencies of ignition-fuel_tools4
[2.281s] -- Found CURL: /usr/lib/x86_64-linux-gnu/libcurl.so (found version "7.81.0")  
[2.287s] -- Checking for module 'jsoncpp'
[2.294s] --   Found jsoncpp, version 1.9.5
[2.314s] -- Found JSONCPP: TRUE  
[2.318s] -- Checking for module 'libzip'
[2.326s] --   Found libzip, version 1.7.3
[2.348s] -- Found ZIP: TRUE  
[2.348s] -- Looking for ignition-common3 -- found version 3.14.0
[2.349s] -- Looking for ignition-math6 -- found version 6.15.0
[2.349s] -- Looking for ignition-msgs5 -- found version 5.8.1
[2.353s] -- Gazebo version: 11.10
[2.354s] -- Checking for module 'tbb'
[2.363s] --   Found tbb, version 2021.5.0
[2.384s] -- Found gazebo_ros: 3.7.0 (/opt/ros/humble/share/gazebo_ros/cmake)
[2.392s] -- Found yaml_cpp_vendor: 8.0.2 (/opt/ros/humble/share/yaml_cpp_vendor/cmake)
[2.950s] -- Found ament_cmake_gtest: 1.3.6 (/opt/ros/humble/share/ament_cmake_gtest/cmake)
[2.951s] -- Found ament_lint_auto: 0.12.9 (/opt/ros/humble/share/ament_lint_auto/cmake)
[3.008s] -- Added test 'copyright' to check source files copyright and LICENSE
[3.009s] -- Added test 'cppcheck' to perform static code analysis on C / C++ code
[3.009s] -- Configured cppcheck include dirs: /home/nextup/Downloads/colcon_ws/src/gazebo_ros2_control/include
[3.009s] -- Configured cppcheck exclude dirs and/or files: 
[3.010s] -- Added test 'cpplint' to check C / C++ code against the Google style
[3.010s] -- Configured cpplint exclude dirs and/or files: 
[3.010s] -- Added test 'lint_cmake' to check CMake code style
[3.011s] -- Added test 'uncrustify' to check C / C++ code style
[3.011s] -- Configured uncrustify additional arguments: 
[3.011s] -- Added test 'xmllint' to check XML markup files
[3.012s] -- Configuring done
[3.047s] -- Generating done
[3.049s] -- Build files have been written to: /home/nextup/Downloads/colcon_ws/build/gazebo_ros2_control
[3.057s] Invoked command in '/home/nextup/Downloads/colcon_ws/build/gazebo_ros2_control' returned '0': CMAKE_PREFIX_PATH=${CMAKE_PREFIX_PATH}:/opt/ros/humble /usr/bin/cmake /home/nextup/Downloads/colcon_ws/src/gazebo_ros2_control -DCMAKE_INSTALL_PREFIX=/home/nextup/Downloads/colcon_ws/install/gazebo_ros2_control
[3.058s] Invoking command in '/home/nextup/Downloads/colcon_ws/build/gazebo_ros2_control': CMAKE_PREFIX_PATH=${CMAKE_PREFIX_PATH}:/opt/ros/humble /usr/bin/cmake --build /home/nextup/Downloads/colcon_ws/build/gazebo_ros2_control -- -j16 -l16
[3.092s] [ 50%] [32mBuilding CXX object CMakeFiles/gazebo_hardware_plugins.dir/src/gazebo_system.cpp.o[0m
[3.092s] [ 50%] [32mBuilding CXX object CMakeFiles/gazebo_ros2_control.dir/src/gazebo_ros2_control_plugin.cpp.o[0m
[11.569s] [ 75%] [32m[1mLinking CXX shared library libgazebo_hardware_plugins.so[0m
[11.866s] [ 75%] Built target gazebo_hardware_plugins
[12.894s] [100%] [32m[1mLinking CXX shared library libgazebo_ros2_control.so[0m
[13.280s] [100%] Built target gazebo_ros2_control
[13.286s] Invoked command in '/home/nextup/Downloads/colcon_ws/build/gazebo_ros2_control' returned '0': CMAKE_PREFIX_PATH=${CMAKE_PREFIX_PATH}:/opt/ros/humble /usr/bin/cmake --build /home/nextup/Downloads/colcon_ws/build/gazebo_ros2_control -- -j16 -l16
[13.304s] Invoking command in '/home/nextup/Downloads/colcon_ws/build/gazebo_ros2_control': CMAKE_PREFIX_PATH=${CMAKE_PREFIX_PATH}:/opt/ros/humble /usr/bin/cmake --install /home/nextup/Downloads/colcon_ws/build/gazebo_ros2_control
[13.308s] -- Install configuration: ""
[13.308s] -- Installing: /home/nextup/Downloads/colcon_ws/install/gazebo_ros2_control/lib/libgazebo_ros2_control.so
[13.310s] -- Set runtime path of "/home/nextup/Downloads/colcon_ws/install/gazebo_ros2_control/lib/libgazebo_ros2_control.so" to ""
[13.310s] -- Installing: /home/nextup/Downloads/colcon_ws/install/gazebo_ros2_control/lib/libgazebo_hardware_plugins.so
[13.312s] -- Set runtime path of "/home/nextup/Downloads/colcon_ws/install/gazebo_ros2_control/lib/libgazebo_hardware_plugins.so" to ""
[13.312s] -- Installing: /home/nextup/Downloads/colcon_ws/install/gazebo_ros2_control/share/gazebo_ros2_control/environment/library_path.sh
[13.312s] -- Installing: /home/nextup/Downloads/colcon_ws/install/gazebo_ros2_control/share/gazebo_ros2_control/environment/library_path.dsv
[13.312s] -- Installing: /home/nextup/Downloads/colcon_ws/install/gazebo_ros2_control/include/gazebo_ros2_control
[13.312s] -- Installing: /home/nextup/Downloads/colcon_ws/install/gazebo_ros2_control/include/gazebo_ros2_control/gazebo_ros2_control_plugin.hpp
[13.312s] -- Installing: /home/nextup/Downloads/colcon_ws/install/gazebo_ros2_control/include/gazebo_ros2_control/gazebo_system.hpp
[13.312s] -- Installing: /home/nextup/Downloads/colcon_ws/install/gazebo_ros2_control/include/gazebo_ros2_control/gazebo_system_interface.hpp
[13.312s] -- Installing: /home/nextup/Downloads/colcon_ws/install/gazebo_ros2_control/share/gazebo_ros2_control/gazebo_hardware_plugins.xml
[13.312s] -- Installing: /home/nextup/Downloads/colcon_ws/install/gazebo_ros2_control/share/ament_index/resource_index/package_run_dependencies/gazebo_ros2_control
[13.312s] -- Installing: /home/nextup/Downloads/colcon_ws/install/gazebo_ros2_control/share/ament_index/resource_index/parent_prefix_path/gazebo_ros2_control
[13.312s] -- Installing: /home/nextup/Downloads/colcon_ws/install/gazebo_ros2_control/share/gazebo_ros2_control/environment/ament_prefix_path.sh
[13.313s] -- Installing: /home/nextup/Downloads/colcon_ws/install/gazebo_ros2_control/share/gazebo_ros2_control/environment/ament_prefix_path.dsv
[13.313s] -- Installing: /home/nextup/Downloads/colcon_ws/install/gazebo_ros2_control/share/gazebo_ros2_control/environment/path.sh
[13.313s] -- Installing: /home/nextup/Downloads/colcon_ws/install/gazebo_ros2_control/share/gazebo_ros2_control/environment/path.dsv
[13.313s] -- Installing: /home/nextup/Downloads/colcon_ws/install/gazebo_ros2_control/share/gazebo_ros2_control/local_setup.bash
[13.313s] -- Installing: /home/nextup/Downloads/colcon_ws/install/gazebo_ros2_control/share/gazebo_ros2_control/local_setup.sh
[13.313s] -- Installing: /home/nextup/Downloads/colcon_ws/install/gazebo_ros2_control/share/gazebo_ros2_control/local_setup.zsh
[13.313s] -- Installing: /home/nextup/Downloads/colcon_ws/install/gazebo_ros2_control/share/gazebo_ros2_control/local_setup.dsv
[13.313s] -- Installing: /home/nextup/Downloads/colcon_ws/install/gazebo_ros2_control/share/gazebo_ros2_control/package.dsv
[13.313s] -- Installing: /home/nextup/Downloads/colcon_ws/install/gazebo_ros2_control/share/ament_index/resource_index/packages/gazebo_ros2_control
[13.313s] -- Installing: /home/nextup/Downloads/colcon_ws/install/gazebo_ros2_control/share/ament_index/resource_index/gazebo_ros2_control__pluginlib__plugin/gazebo_ros2_control
[13.313s] -- Installing: /home/nextup/Downloads/colcon_ws/install/gazebo_ros2_control/share/gazebo_ros2_control/cmake/ament_cmake_export_include_directories-extras.cmake
[13.313s] -- Installing: /home/nextup/Downloads/colcon_ws/install/gazebo_ros2_control/share/gazebo_ros2_control/cmake/ament_cmake_export_dependencies-extras.cmake
[13.313s] -- Installing: /home/nextup/Downloads/colcon_ws/install/gazebo_ros2_control/share/gazebo_ros2_control/cmake/ament_cmake_export_libraries-extras.cmake
[13.314s] -- Installing: /home/nextup/Downloads/colcon_ws/install/gazebo_ros2_control/share/gazebo_ros2_control/cmake/gazebo_ros2_controlConfig.cmake
[13.314s] -- Installing: /home/nextup/Downloads/colcon_ws/install/gazebo_ros2_control/share/gazebo_ros2_control/cmake/gazebo_ros2_controlConfig-version.cmake
[13.314s] -- Installing: /home/nextup/Downloads/colcon_ws/install/gazebo_ros2_control/share/gazebo_ros2_control/package.xml
[13.315s] Invoked command in '/home/nextup/Downloads/colcon_ws/build/gazebo_ros2_control' returned '0': CMAKE_PREFIX_PATH=${CMAKE_PREFIX_PATH}:/opt/ros/humble /usr/bin/cmake --install /home/nextup/Downloads/colcon_ws/build/gazebo_ros2_control
