[0.092s] Invoking command in '/home/nextup/Downloads/colcon_ws/build/realsense_gazebo_plugin': CMAKE_PREFIX_PATH=${CMAKE_PREFIX_PATH}:/home/nextup/Downloads/colcon_ws/install/ur_description:/opt/ros/humble /usr/bin/cmake /home/nextup/Downloads/colcon_ws/src/realsense_gazebo_plugin -DCMAKE_INSTALL_PREFIX=/home/nextup/Downloads/colcon_ws/install/realsense_gazebo_plugin
[0.131s] -- The C compiler identification is GNU 11.4.0
[0.173s] -- The CXX compiler identification is GNU 11.4.0
[0.178s] -- Detecting C compiler ABI info
[0.226s] -- Detecting C compiler ABI info - done
[0.232s] -- Check for working C compiler: /usr/bin/cc - skipped
[0.232s] -- Detecting C compile features
[0.233s] -- Detecting C compile features - done
[0.235s] -- Detecting CXX compiler ABI info
[0.295s] -- Detecting CXX compiler ABI info - done
[0.300s] -- Check for working CXX compiler: /usr/bin/c++ - skipped
[0.301s] -- Detecting CXX compile features
[0.301s] -- Detecting CXX compile features - done
[0.304s] -- Found ament_cmake: 1.3.6 (/opt/ros/humble/share/ament_cmake/cmake)
[0.442s] -- Found Python3: /usr/bin/python3.10 (found version "3.10.12") found components: Interpreter 
[0.522s] -- Found rclcpp: 16.0.7 (/opt/ros/humble/share/rclcpp/cmake)
[0.565s] -- Found rosidl_generator_c: 3.1.5 (/opt/ros/humble/share/rosidl_generator_c/cmake)
[0.571s] -- Found rosidl_adapter: 3.1.5 (/opt/ros/humble/share/rosidl_adapter/cmake)
[0.579s] -- Found rosidl_generator_cpp: 3.1.5 (/opt/ros/humble/share/rosidl_generator_cpp/cmake)
[0.592s] -- Using all available rosidl_typesupport_c: rosidl_typesupport_fastrtps_c;rosidl_typesupport_introspection_c
[0.611s] -- Using all available rosidl_typesupport_cpp: rosidl_typesupport_fastrtps_cpp;rosidl_typesupport_introspection_cpp
[0.676s] -- Found rmw_implementation_cmake: 6.1.1 (/opt/ros/humble/share/rmw_implementation_cmake/cmake)
[0.679s] -- Found rmw_fastrtps_cpp: 6.2.5 (/opt/ros/humble/share/rmw_fastrtps_cpp/cmake)
[0.755s] -- Found OpenSSL: /usr/lib/x86_64-linux-gnu/libcrypto.so (found version "3.0.2")  
[0.775s] -- Found FastRTPS: /opt/ros/foxy/include  
[0.813s] -- Using RMW implementation 'rmw_fastrtps_cpp' as default
[0.823s] -- Looking for pthread.h
[0.870s] -- Looking for pthread.h - found
[0.871s] -- Performing Test CMAKE_HAVE_LIBC_PTHREAD
[0.921s] -- Performing Test CMAKE_HAVE_LIBC_PTHREAD - Success
[0.922s] -- Found Threads: TRUE  
[1.059s] -- Found gazebo_ros: 3.7.0 (/opt/ros/humble/share/gazebo_ros/cmake)
[1.069s] -- Found PkgConfig: /usr/bin/pkg-config (found version "0.29.2") 
[1.070s] -- Checking for module 'bullet>=2.82'
[1.080s] --   Found bullet, version 3.05
[1.153s] -- Found fcl: /usr/include (found suitable version "0.7.0", minimum required is "0.5.0") 
[1.190s] -- Found assimp: /usr/include (found version "5.2.0") 
[1.208s] -- Found DART: /usr/include (Required is at least version "6.6") found components: dart 
[1.236s] -- Found Boost: /usr/lib/x86_64-linux-gnu/cmake/Boost-1.74.0/BoostConfig.cmake (found suitable version "1.74.0", minimum required is "1.40.0") found components: thread system filesystem program_options regex iostreams date_time 
[1.250s] -- Found Protobuf: /usr/lib/x86_64-linux-gnu/libprotobuf.so (found version "3.12.4") 
[1.257s] -- Looking for ignition-math6 -- found version 6.15.0
[1.262s] -- Searching for dependencies of ignition-math6
[1.264s] -- Looking for OGRE...
[1.264s] -- OGRE_PREFIX_WATCH changed.
[1.268s] -- Checking for module 'OGRE'
[1.278s] --   Found OGRE, version 1.9.0
[1.299s] -- Found Ogre Ghadamon (1.9.0)
[1.305s] -- Found OGRE: optimized;/usr/lib/x86_64-linux-gnu/libOgreMain.so;debug;/usr/lib/x86_64-linux-gnu/libOgreMain.so
[1.312s] -- Looking for OGRE_Paging...
[1.318s] -- Found OGRE_Paging: optimized;/usr/lib/x86_64-linux-gnu/libOgrePaging.so;debug;/usr/lib/x86_64-linux-gnu/libOgrePaging.so
[1.318s] -- Looking for OGRE_Terrain...
[1.323s] -- Found OGRE_Terrain: optimized;/usr/lib/x86_64-linux-gnu/libOgreTerrain.so;debug;/usr/lib/x86_64-linux-gnu/libOgreTerrain.so
[1.323s] -- Looking for OGRE_Property...
[1.328s] -- Found OGRE_Property: optimized;/usr/lib/x86_64-linux-gnu/libOgreProperty.so;debug;/usr/lib/x86_64-linux-gnu/libOgreProperty.so
[1.329s] -- Looking for OGRE_RTShaderSystem...
[1.334s] -- Found OGRE_RTShaderSystem: optimized;/usr/lib/x86_64-linux-gnu/libOgreRTShaderSystem.so;debug;/usr/lib/x86_64-linux-gnu/libOgreRTShaderSystem.so
[1.334s] -- Looking for OGRE_Volume...
[1.340s] -- Found OGRE_Volume: optimized;/usr/lib/x86_64-linux-gnu/libOgreVolume.so;debug;/usr/lib/x86_64-linux-gnu/libOgreVolume.so
[1.340s] -- Looking for OGRE_Overlay...
[1.345s] -- Found OGRE_Overlay: optimized;/usr/lib/x86_64-linux-gnu/libOgreOverlay.so;debug;/usr/lib/x86_64-linux-gnu/libOgreOverlay.so
[1.465s] -- Looking for ignition-math6 -- found version 6.15.0
[1.468s] -- Looking for ignition-transport8 -- found version 8.2.1
[1.468s] -- Searching for dependencies of ignition-transport8
[1.482s] -- Found Protobuf: /usr/lib/x86_64-linux-gnu/libprotobuf.so (found suitable version "3.12.4", minimum required is "3") 
[1.490s] -- Config-file not installed for ZeroMQ -- checking for pkg-config
[1.494s] -- Checking for module 'libzmq >= 4'
[1.503s] --   Found libzmq , version 4.3.4
[1.529s] -- Found ZeroMQ: TRUE (Required is at least version "4") 
[1.535s] -- Checking for module 'uuid'
[1.547s] --   Found uuid, version 2.37.2
[1.572s] -- Found UUID: TRUE  
[1.576s] -- Looking for ignition-msgs5 -- found version 5.8.1
[1.576s] -- Searching for dependencies of ignition-msgs5
[1.593s] -- Looking for ignition-math6 -- found version 6.15.0
[1.597s] -- Checking for module 'tinyxml2'
[1.607s] --   Found tinyxml2, version 9.0.0
[1.629s] -- Looking for ignition-msgs5 -- found version 5.8.1
[1.631s] -- Looking for ignition-common3 -- found version 3.14.0
[1.632s] -- Searching for dependencies of ignition-common3
[1.632s] -- Looking for dlfcn.h - found
[1.633s] -- Looking for libdl - found
[1.633s] -- Found DL: TRUE  
[1.643s] -- Found tinyobjloader: /usr/lib/x86_64-linux-gnu/cmake/tinyobjloader/tinyobjloader-config.cmake (found version "2.0.0") 
[1.643s] -- Searching for <ignition-common3> component [graphics]
[1.646s] -- Looking for ignition-common3-graphics -- found version 3.14.0
[1.646s] -- Searching for dependencies of ignition-common3-graphics
[1.646s] -- Looking for ignition-math6 -- found version 6.15.0
[1.649s] -- Looking for ignition-fuel_tools4 -- found version 4.4.0
[1.650s] -- Searching for dependencies of ignition-fuel_tools4
[1.706s] -- Found CURL: /usr/lib/x86_64-linux-gnu/libcurl.so (found version "7.81.0")  
[1.713s] -- Checking for module 'jsoncpp'
[1.722s] --   Found jsoncpp, version 1.9.5
[1.746s] -- Found JSONCPP: TRUE  
[1.751s] -- Checking for module 'libzip'
[1.760s] --   Found libzip, version 1.7.3
[1.785s] -- Found ZIP: TRUE  
[1.786s] -- Looking for ignition-common3 -- found version 3.14.0
[1.786s] -- Looking for ignition-math6 -- found version 6.15.0
[1.786s] -- Looking for ignition-msgs5 -- found version 5.8.1
[1.791s] -- Gazebo version: 11.10
[1.791s] -- Checking for module 'tbb'
[1.801s] --   Found tbb, version 2021.5.0
[1.834s] -- Found image_transport: 3.1.7 (/opt/ros/humble/share/image_transport/cmake)
[2.008s] -- Found camera_info_manager: 3.1.7 (/opt/ros/humble/share/camera_info_manager/cmake)
[2.070s] -- Found ament_lint_auto: 0.12.9 (/opt/ros/humble/share/ament_lint_auto/cmake)
[2.120s] -- Configuring done
[2.133s] -- Generating done
[2.135s] -- Build files have been written to: /home/nextup/Downloads/colcon_ws/build/realsense_gazebo_plugin
[2.144s] Invoked command in '/home/nextup/Downloads/colcon_ws/build/realsense_gazebo_plugin' returned '0': CMAKE_PREFIX_PATH=${CMAKE_PREFIX_PATH}:/home/nextup/Downloads/colcon_ws/install/ur_description:/opt/ros/humble /usr/bin/cmake /home/nextup/Downloads/colcon_ws/src/realsense_gazebo_plugin -DCMAKE_INSTALL_PREFIX=/home/nextup/Downloads/colcon_ws/install/realsense_gazebo_plugin
[2.144s] Invoking command in '/home/nextup/Downloads/colcon_ws/build/realsense_gazebo_plugin': CMAKE_PREFIX_PATH=${CMAKE_PREFIX_PATH}:/home/nextup/Downloads/colcon_ws/install/ur_description:/opt/ros/humble /usr/bin/cmake --build /home/nextup/Downloads/colcon_ws/build/realsense_gazebo_plugin -- -j16 -l16
[2.180s] [ 66%] [32mBuilding CXX object CMakeFiles/realsense_gazebo_plugin.dir/src/gazebo_ros_realsense.cpp.o[0m
[2.180s] [ 66%] [32mBuilding CXX object CMakeFiles/realsense_gazebo_plugin.dir/src/RealSensePlugin.cpp.o[0m
[18.106s] [100%] [32m[1mLinking CXX shared library librealsense_gazebo_plugin.so[0m
[18.562s] [100%] Built target realsense_gazebo_plugin
[18.569s] Invoked command in '/home/nextup/Downloads/colcon_ws/build/realsense_gazebo_plugin' returned '0': CMAKE_PREFIX_PATH=${CMAKE_PREFIX_PATH}:/home/nextup/Downloads/colcon_ws/install/ur_description:/opt/ros/humble /usr/bin/cmake --build /home/nextup/Downloads/colcon_ws/build/realsense_gazebo_plugin -- -j16 -l16
[18.589s] Invoking command in '/home/nextup/Downloads/colcon_ws/build/realsense_gazebo_plugin': CMAKE_PREFIX_PATH=${CMAKE_PREFIX_PATH}:/home/nextup/Downloads/colcon_ws/install/ur_description:/opt/ros/humble /usr/bin/cmake --install /home/nextup/Downloads/colcon_ws/build/realsense_gazebo_plugin
[18.594s] -- Install configuration: ""
[18.594s] -- Installing: /home/nextup/Downloads/colcon_ws/install/realsense_gazebo_plugin/lib/librealsense_gazebo_plugin.so
[18.597s] -- Set runtime path of "/home/nextup/Downloads/colcon_ws/install/realsense_gazebo_plugin/lib/librealsense_gazebo_plugin.so" to ""
[18.597s] -- Installing: /home/nextup/Downloads/colcon_ws/install/realsense_gazebo_plugin/include/
[18.597s] -- Installing: /home/nextup/Downloads/colcon_ws/install/realsense_gazebo_plugin/include//realsense_gazebo_plugin
[18.597s] -- Installing: /home/nextup/Downloads/colcon_ws/install/realsense_gazebo_plugin/include//realsense_gazebo_plugin/RealSensePlugin.h
[18.597s] -- Installing: /home/nextup/Downloads/colcon_ws/install/realsense_gazebo_plugin/include//realsense_gazebo_plugin/gazebo_ros_realsense.h
[18.597s] -- Installing: /home/nextup/Downloads/colcon_ws/install/realsense_gazebo_plugin/share/realsense_gazebo_plugin/environment/library_path.sh
[18.597s] -- Installing: /home/nextup/Downloads/colcon_ws/install/realsense_gazebo_plugin/share/realsense_gazebo_plugin/environment/library_path.dsv
[18.597s] -- Installing: /home/nextup/Downloads/colcon_ws/install/realsense_gazebo_plugin/share/ament_index/resource_index/package_run_dependencies/realsense_gazebo_plugin
[18.597s] -- Installing: /home/nextup/Downloads/colcon_ws/install/realsense_gazebo_plugin/share/ament_index/resource_index/parent_prefix_path/realsense_gazebo_plugin
[18.597s] -- Installing: /home/nextup/Downloads/colcon_ws/install/realsense_gazebo_plugin/share/realsense_gazebo_plugin/environment/ament_prefix_path.sh
[18.597s] -- Installing: /home/nextup/Downloads/colcon_ws/install/realsense_gazebo_plugin/share/realsense_gazebo_plugin/environment/ament_prefix_path.dsv
[18.597s] -- Installing: /home/nextup/Downloads/colcon_ws/install/realsense_gazebo_plugin/share/realsense_gazebo_plugin/environment/path.sh
[18.597s] -- Installing: /home/nextup/Downloads/colcon_ws/install/realsense_gazebo_plugin/share/realsense_gazebo_plugin/environment/path.dsv
[18.597s] -- Installing: /home/nextup/Downloads/colcon_ws/install/realsense_gazebo_plugin/share/realsense_gazebo_plugin/local_setup.bash
[18.598s] -- Installing: /home/nextup/Downloads/colcon_ws/install/realsense_gazebo_plugin/share/realsense_gazebo_plugin/local_setup.sh
[18.598s] -- Installing: /home/nextup/Downloads/colcon_ws/install/realsense_gazebo_plugin/share/realsense_gazebo_plugin/local_setup.zsh
[18.598s] -- Installing: /home/nextup/Downloads/colcon_ws/install/realsense_gazebo_plugin/share/realsense_gazebo_plugin/local_setup.dsv
[18.598s] -- Installing: /home/nextup/Downloads/colcon_ws/install/realsense_gazebo_plugin/share/realsense_gazebo_plugin/package.dsv
[18.598s] -- Installing: /home/nextup/Downloads/colcon_ws/install/realsense_gazebo_plugin/share/ament_index/resource_index/packages/realsense_gazebo_plugin
[18.598s] -- Installing: /home/nextup/Downloads/colcon_ws/install/realsense_gazebo_plugin/share/realsense_gazebo_plugin/cmake/ament_cmake_export_include_directories-extras.cmake
[18.598s] -- Installing: /home/nextup/Downloads/colcon_ws/install/realsense_gazebo_plugin/share/realsense_gazebo_plugin/cmake/ament_cmake_export_libraries-extras.cmake
[18.598s] -- Installing: /home/nextup/Downloads/colcon_ws/install/realsense_gazebo_plugin/share/realsense_gazebo_plugin/cmake/realsense_gazebo_pluginConfig.cmake
[18.598s] -- Installing: /home/nextup/Downloads/colcon_ws/install/realsense_gazebo_plugin/share/realsense_gazebo_plugin/cmake/realsense_gazebo_pluginConfig-version.cmake
[18.598s] -- Installing: /home/nextup/Downloads/colcon_ws/install/realsense_gazebo_plugin/share/realsense_gazebo_plugin/package.xml
[18.599s] Invoked command in '/home/nextup/Downloads/colcon_ws/build/realsense_gazebo_plugin' returned '0': CMAKE_PREFIX_PATH=${CMAKE_PREFIX_PATH}:/home/nextup/Downloads/colcon_ws/install/ur_description:/opt/ros/humble /usr/bin/cmake --install /home/nextup/Downloads/colcon_ws/build/realsense_gazebo_plugin
