[0.198s] Invoking command in '/home/nextup/Downloads/colcon_ws/build/pymoveit2': CMAKE_PREFIX_PATH=${CMAKE_PREFIX_PATH}:/opt/ros/humble /usr/bin/cmake /home/nextup/Downloads/colcon_ws/src/pymoveit2 -DCMAKE_INSTALL_PREFIX=/home/nextup/Downloads/colcon_ws/install/pymoveit2
[0.240s] -- The C compiler identification is GNU 11.4.0
[0.283s] -- The CXX compiler identification is GNU 11.4.0
[0.288s] -- Detecting C compiler ABI info
[0.346s] -- Detecting C compiler ABI info - done
[0.352s] -- Check for working C compiler: /usr/bin/cc - skipped
[0.353s] -- Detecting C compile features
[0.353s] -- Detecting C compile features - done
[0.355s] -- Detecting CXX compiler ABI info
[0.414s] -- Detecting CXX compiler ABI info - done
[0.423s] -- Check for working CXX compiler: /usr/bin/c++ - skipped
[0.423s] -- Detecting CXX compile features
[0.424s] -- Detecting CXX compile features - done
[0.428s] -- Found ament_cmake: 1.3.6 (/opt/ros/humble/share/ament_cmake/cmake)
[0.571s] -- Found Python3: /usr/bin/python3.10 (found version "3.10.12") found components: Interpreter 
[0.787s] -- Configuring done
[0.790s] -- Generating done
[0.790s] -- Build files have been written to: /home/nextup/Downloads/colcon_ws/build/pymoveit2
[0.793s] Invoked command in '/home/nextup/Downloads/colcon_ws/build/pymoveit2' returned '0': CMAKE_PREFIX_PATH=${CMAKE_PREFIX_PATH}:/opt/ros/humble /usr/bin/cmake /home/nextup/Downloads/colcon_ws/src/pymoveit2 -DCMAKE_INSTALL_PREFIX=/home/nextup/Downloads/colcon_ws/install/pymoveit2
[0.794s] Invoking command in '/home/nextup/Downloads/colcon_ws/build/pymoveit2': CMAKE_PREFIX_PATH=${CMAKE_PREFIX_PATH}:/opt/ros/humble /usr/bin/cmake --build /home/nextup/Downloads/colcon_ws/build/pymoveit2 -- -j16 -l16
[0.834s] Built target ament_cmake_python_copy_pymoveit2
[1.106s] running egg_info
[1.107s] creating pymoveit2.egg-info
[1.107s] writing pymoveit2.egg-info/PKG-INFO
[1.107s] writing dependency_links to pymoveit2.egg-info/dependency_links.txt
[1.107s] writing top-level names to pymoveit2.egg-info/top_level.txt
[1.108s] writing manifest file 'pymoveit2.egg-info/SOURCES.txt'
[1.111s] reading manifest file 'pymoveit2.egg-info/SOURCES.txt'
[1.112s] writing manifest file 'pymoveit2.egg-info/SOURCES.txt'
[1.137s] Built target ament_cmake_python_build_pymoveit2_egg
[1.146s] Invoked command in '/home/nextup/Downloads/colcon_ws/build/pymoveit2' returned '0': CMAKE_PREFIX_PATH=${CMAKE_PREFIX_PATH}:/opt/ros/humble /usr/bin/cmake --build /home/nextup/Downloads/colcon_ws/build/pymoveit2 -- -j16 -l16
[1.162s] Invoking command in '/home/nextup/Downloads/colcon_ws/build/pymoveit2': CMAKE_PREFIX_PATH=${CMAKE_PREFIX_PATH}:/opt/ros/humble /usr/bin/cmake --install /home/nextup/Downloads/colcon_ws/build/pymoveit2
[1.168s] -- Install configuration: ""
[1.168s] -- Installing: /home/nextup/Downloads/colcon_ws/install/pymoveit2/share/pymoveit2/environment/pythonpath.sh
[1.168s] -- Installing: /home/nextup/Downloads/colcon_ws/install/pymoveit2/share/pymoveit2/environment/pythonpath.dsv
[1.168s] -- Installing: /home/nextup/Downloads/colcon_ws/install/pymoveit2/local/lib/python3.10/dist-packages/pymoveit2-2.1.0-py3.10.egg-info
[1.168s] -- Installing: /home/nextup/Downloads/colcon_ws/install/pymoveit2/local/lib/python3.10/dist-packages/pymoveit2-2.1.0-py3.10.egg-info/top_level.txt
[1.168s] -- Installing: /home/nextup/Downloads/colcon_ws/install/pymoveit2/local/lib/python3.10/dist-packages/pymoveit2-2.1.0-py3.10.egg-info/dependency_links.txt
[1.168s] -- Installing: /home/nextup/Downloads/colcon_ws/install/pymoveit2/local/lib/python3.10/dist-packages/pymoveit2-2.1.0-py3.10.egg-info/PKG-INFO
[1.169s] -- Installing: /home/nextup/Downloads/colcon_ws/install/pymoveit2/local/lib/python3.10/dist-packages/pymoveit2-2.1.0-py3.10.egg-info/SOURCES.txt
[1.169s] -- Installing: /home/nextup/Downloads/colcon_ws/install/pymoveit2/local/lib/python3.10/dist-packages/pymoveit2
[1.169s] -- Installing: /home/nextup/Downloads/colcon_ws/install/pymoveit2/local/lib/python3.10/dist-packages/pymoveit2/moveit2.py
[1.169s] -- Installing: /home/nextup/Downloads/colcon_ws/install/pymoveit2/local/lib/python3.10/dist-packages/pymoveit2/moveit2_servo.py
[1.169s] -- Installing: /home/nextup/Downloads/colcon_ws/install/pymoveit2/local/lib/python3.10/dist-packages/pymoveit2/__init__.py
[1.169s] -- Installing: /home/nextup/Downloads/colcon_ws/install/pymoveit2/local/lib/python3.10/dist-packages/pymoveit2/robots
[1.169s] -- Installing: /home/nextup/Downloads/colcon_ws/install/pymoveit2/local/lib/python3.10/dist-packages/pymoveit2/robots/kinova.py
[1.169s] -- Installing: /home/nextup/Downloads/colcon_ws/install/pymoveit2/local/lib/python3.10/dist-packages/pymoveit2/robots/ur5.py
[1.169s] -- Installing: /home/nextup/Downloads/colcon_ws/install/pymoveit2/local/lib/python3.10/dist-packages/pymoveit2/robots/__init__.py
[1.200s] Listing '/home/nextup/Downloads/colcon_ws/install/pymoveit2/local/lib/python3.10/dist-packages/pymoveit2'...
[1.200s] Compiling '/home/nextup/Downloads/colcon_ws/install/pymoveit2/local/lib/python3.10/dist-packages/pymoveit2/__init__.py'...
[1.200s] Compiling '/home/nextup/Downloads/colcon_ws/install/pymoveit2/local/lib/python3.10/dist-packages/pymoveit2/moveit2.py'...
[1.200s] Compiling '/home/nextup/Downloads/colcon_ws/install/pymoveit2/local/lib/python3.10/dist-packages/pymoveit2/moveit2_servo.py'...
[1.200s] Listing '/home/nextup/Downloads/colcon_ws/install/pymoveit2/local/lib/python3.10/dist-packages/pymoveit2/robots'...
[1.200s] Compiling '/home/nextup/Downloads/colcon_ws/install/pymoveit2/local/lib/python3.10/dist-packages/pymoveit2/robots/__init__.py'...
[1.200s] Compiling '/home/nextup/Downloads/colcon_ws/install/pymoveit2/local/lib/python3.10/dist-packages/pymoveit2/robots/kinova.py'...
[1.200s] Compiling '/home/nextup/Downloads/colcon_ws/install/pymoveit2/local/lib/python3.10/dist-packages/pymoveit2/robots/ur5.py'...
[1.203s] -- Installing: /home/nextup/Downloads/colcon_ws/install/pymoveit2/lib/pymoveit2/ex_collision_object.py
[1.204s] -- Installing: /home/nextup/Downloads/colcon_ws/install/pymoveit2/lib/pymoveit2/ex_joint_goal.py
[1.204s] -- Installing: /home/nextup/Downloads/colcon_ws/install/pymoveit2/lib/pymoveit2/ex_pose_goal.py
[1.204s] -- Installing: /home/nextup/Downloads/colcon_ws/install/pymoveit2/lib/pymoveit2/ex_servo.py
[1.204s] -- Installing: /home/nextup/Downloads/colcon_ws/install/pymoveit2/lib/pymoveit2/assets
[1.204s] -- Installing: /home/nextup/Downloads/colcon_ws/install/pymoveit2/lib/pymoveit2/assets/box.stl
[1.205s] -- Installing: /home/nextup/Downloads/colcon_ws/install/pymoveit2/lib/pymoveit2/assets/suzanne.stl
[1.205s] -- Installing: /home/nextup/Downloads/colcon_ws/install/pymoveit2/lib/pymoveit2/assets/rack.stl
[1.209s] -- Installing: /home/nextup/Downloads/colcon_ws/install/pymoveit2/share/ament_index/resource_index/package_run_dependencies/pymoveit2
[1.210s] -- Installing: /home/nextup/Downloads/colcon_ws/install/pymoveit2/share/ament_index/resource_index/parent_prefix_path/pymoveit2
[1.210s] -- Installing: /home/nextup/Downloads/colcon_ws/install/pymoveit2/share/pymoveit2/environment/ament_prefix_path.sh
[1.210s] -- Installing: /home/nextup/Downloads/colcon_ws/install/pymoveit2/share/pymoveit2/environment/ament_prefix_path.dsv
[1.210s] -- Installing: /home/nextup/Downloads/colcon_ws/install/pymoveit2/share/pymoveit2/environment/path.sh
[1.210s] -- Installing: /home/nextup/Downloads/colcon_ws/install/pymoveit2/share/pymoveit2/environment/path.dsv
[1.210s] -- Installing: /home/nextup/Downloads/colcon_ws/install/pymoveit2/share/pymoveit2/local_setup.bash
[1.210s] -- Installing: /home/nextup/Downloads/colcon_ws/install/pymoveit2/share/pymoveit2/local_setup.sh
[1.210s] -- Installing: /home/nextup/Downloads/colcon_ws/install/pymoveit2/share/pymoveit2/local_setup.zsh
[1.210s] -- Installing: /home/nextup/Downloads/colcon_ws/install/pymoveit2/share/pymoveit2/local_setup.dsv
[1.210s] -- Installing: /home/nextup/Downloads/colcon_ws/install/pymoveit2/share/pymoveit2/package.dsv
[1.211s] -- Installing: /home/nextup/Downloads/colcon_ws/install/pymoveit2/share/ament_index/resource_index/packages/pymoveit2
[1.211s] -- Installing: /home/nextup/Downloads/colcon_ws/install/pymoveit2/share/pymoveit2/cmake/pymoveit2Config.cmake
[1.211s] -- Installing: /home/nextup/Downloads/colcon_ws/install/pymoveit2/share/pymoveit2/cmake/pymoveit2Config-version.cmake
[1.211s] -- Installing: /home/nextup/Downloads/colcon_ws/install/pymoveit2/share/pymoveit2/package.xml
[1.213s] Invoked command in '/home/nextup/Downloads/colcon_ws/build/pymoveit2' returned '0': CMAKE_PREFIX_PATH=${CMAKE_PREFIX_PATH}:/opt/ros/humble /usr/bin/cmake --install /home/nextup/Downloads/colcon_ws/build/pymoveit2
