[0.100s] Invoking command in '/home/nextup/Downloads/colcon_ws/build/ebot_description': AMENT_PREFIX_PATH=/home/nextup/Downloads/colcon_ws/install/ebot_docking:${AMENT_PREFIX_PATH} CMAKE_PREFIX_PATH=/home/nextup/Downloads/colcon_ws/install/ebot_docking:/home/nextup/Desktop/visionexplorers/install/ebot_nav2:/home/nextup/Desktop/visionexplorers/install/auto_car:/home/nextup/explorers_ws/install/auto_car:/home/nextup/vision_ws/install/ur5_moveit:/home/nextup/vision_ws/install/ur_description:/home/nextup/vision_ws/install/realsense_gazebo_plugin:/home/nextup/vision_ws/install/pymoveit2:/home/nextup/vision_ws/install/linkattacher_msgs:/home/nextup/vision_ws/install/gazebo_ros2_control:/home/nextup/vision_ws/install/eyantra_warehouse:/home/nextup/vision_ws/install/ebot_nav2:/home/nextup/vision_ws/install/ebot_description:/home/nextup/vision_ws/install/ebot_docking:/home/nextup/vision_ws/install/aws_robomaker_small_warehouse_world:/home/nextup/colcon_ws/install/ur5_moveit:/home/nextup/colcon_ws/install/ur_description:/home/nextup/colcon_ws/install/realsense_gazebo_plugin:/home/nextup/colcon_ws/install/pymoveit2:/home/nextup/colcon_ws/install/linkattacher_msgs:/home/nextup/colcon_ws/install/gazebo_ros2_control:/home/nextup/colcon_ws/install/eyantra_warehouse:/home/nextup/colcon_ws/install/ebot_nav2:/home/nextup/colcon_ws/install/ebot_docking:/home/nextup/colcon_ws/install/ebot_description:/home/nextup/colcon_ws/install/aws_robomaker_small_warehouse_world:/opt/ros/humble LD_LIBRARY_PATH=/home/nextup/Downloads/colcon_ws/install/ebot_docking/lib:/home/nextup/vision_ws/install/realsense_gazebo_plugin/lib:/home/nextup/vision_ws/install/linkattacher_msgs/lib:/home/nextup/vision_ws/install/gazebo_ros2_control/lib:/home/nextup/vision_ws/install/ebot_docking/lib:/home/nextup/colcon_ws/install/realsense_gazebo_plugin/lib:/home/nextup/colcon_ws/install/linkattacher_msgs/lib:/home/nextup/colcon_ws/install/gazebo_ros2_control/lib:/home/nextup/colcon_ws/install/ebot_docking/lib:/usr/lib/x86_64-linux-gnu/gazebo-11/plugins:/opt/ros/humble/opt/rviz_ogre_vendor/lib:/opt/ros/humble/lib/x86_64-linux-gnu:/opt/ros/humble/lib:/usr/share/gazebo-11/../../lib/x86_64-linux-gnu/gazebo-11/plugins PYTHONPATH=/home/nextup/Downloads/colcon_ws/install/ebot_docking/local/lib/python3.10/dist-packages:${PYTHONPATH} /usr/bin/cmake /home/nextup/Downloads/colcon_ws/src/ebot_description -DCMAKE_INSTALL_PREFIX=/home/nextup/Downloads/colcon_ws/install/ebot_description
[0.135s] -- The C compiler identification is GNU 11.4.0
[0.173s] -- The CXX compiler identification is GNU 11.4.0
[0.177s] -- Detecting C compiler ABI info
[0.222s] -- Detecting C compiler ABI info - done
[0.228s] -- Check for working C compiler: /usr/bin/cc - skipped
[0.228s] -- Detecting C compile features
[0.229s] -- Detecting C compile features - done
[0.231s] -- Detecting CXX compiler ABI info
[0.283s] -- Detecting CXX compiler ABI info - done
[0.289s] -- Check for working CXX compiler: /usr/bin/c++ - skipped
[0.289s] -- Detecting CXX compile features
[0.290s] -- Detecting CXX compile features - done
[0.292s] -- Found ament_cmake: 1.3.6 (/opt/ros/humble/share/ament_cmake/cmake)
[0.426s] -- Found Python3: /usr/bin/python3.10 (found version "3.10.12") found components: Interpreter 
[0.507s] -- Found rclcpp: 16.0.7 (/opt/ros/humble/share/rclcpp/cmake)
[0.556s] -- Found rosidl_generator_c: 3.1.5 (/opt/ros/humble/share/rosidl_generator_c/cmake)
[0.562s] -- Found rosidl_adapter: 3.1.5 (/opt/ros/humble/share/rosidl_adapter/cmake)
[0.570s] -- Found rosidl_generator_cpp: 3.1.5 (/opt/ros/humble/share/rosidl_generator_cpp/cmake)
[0.583s] -- Using all available rosidl_typesupport_c: rosidl_typesupport_fastrtps_c;rosidl_typesupport_introspection_c
[0.601s] -- Using all available rosidl_typesupport_cpp: rosidl_typesupport_fastrtps_cpp;rosidl_typesupport_introspection_cpp
[0.665s] -- Found rmw_implementation_cmake: 6.1.1 (/opt/ros/humble/share/rmw_implementation_cmake/cmake)
[0.669s] -- Found rmw_fastrtps_cpp: 6.2.5 (/opt/ros/humble/share/rmw_fastrtps_cpp/cmake)
[0.744s] -- Found OpenSSL: /usr/lib/x86_64-linux-gnu/libcrypto.so (found version "3.0.2")  
[0.766s] -- Found FastRTPS: /opt/ros/humble/include  
[0.804s] -- Using RMW implementation 'rmw_fastrtps_cpp' as default
[0.814s] -- Looking for pthread.h
[0.862s] -- Looking for pthread.h - found
[0.862s] -- Performing Test CMAKE_HAVE_LIBC_PTHREAD
[0.913s] -- Performing Test CMAKE_HAVE_LIBC_PTHREAD - Success
[0.914s] -- Found Threads: TRUE  
[1.063s] -- Found rclpy: 3.3.11 (/opt/ros/humble/share/rclpy/cmake)
[1.065s] -- Found urdf: 2.6.0 (/opt/ros/humble/share/urdf/cmake)
[1.101s] -- Found xacro: 2.0.8 (/opt/ros/humble/share/xacro/cmake)
[1.101s] -- Found ebot_docking: 0.0.0 (/home/nextup/Downloads/colcon_ws/install/ebot_docking/share/ebot_docking/cmake)
[1.114s] -- Found ament_lint_auto: 0.12.9 (/opt/ros/humble/share/ament_lint_auto/cmake)
[1.182s] -- Added test 'copyright' to check source files copyright and LICENSE
[1.185s] -- Added test 'flake8' to check Python code syntax and style conventions
[1.186s] -- Added test 'lint_cmake' to check CMake code style
[1.187s] -- Added test 'pep257' to check Python code against some of the docstring style conventions in PEP 257
[1.188s] -- Added test 'xmllint' to check XML markup files
[1.190s] -- Configuring done
[1.193s] -- Generating done
[1.194s] -- Build files have been written to: /home/nextup/Downloads/colcon_ws/build/ebot_description
[1.201s] Invoked command in '/home/nextup/Downloads/colcon_ws/build/ebot_description' returned '0': AMENT_PREFIX_PATH=/home/nextup/Downloads/colcon_ws/install/ebot_docking:${AMENT_PREFIX_PATH} CMAKE_PREFIX_PATH=/home/nextup/Downloads/colcon_ws/install/ebot_docking:/home/nextup/Desktop/visionexplorers/install/ebot_nav2:/home/nextup/Desktop/visionexplorers/install/auto_car:/home/nextup/explorers_ws/install/auto_car:/home/nextup/vision_ws/install/ur5_moveit:/home/nextup/vision_ws/install/ur_description:/home/nextup/vision_ws/install/realsense_gazebo_plugin:/home/nextup/vision_ws/install/pymoveit2:/home/nextup/vision_ws/install/linkattacher_msgs:/home/nextup/vision_ws/install/gazebo_ros2_control:/home/nextup/vision_ws/install/eyantra_warehouse:/home/nextup/vision_ws/install/ebot_nav2:/home/nextup/vision_ws/install/ebot_description:/home/nextup/vision_ws/install/ebot_docking:/home/nextup/vision_ws/install/aws_robomaker_small_warehouse_world:/home/nextup/colcon_ws/install/ur5_moveit:/home/nextup/colcon_ws/install/ur_description:/home/nextup/colcon_ws/install/realsense_gazebo_plugin:/home/nextup/colcon_ws/install/pymoveit2:/home/nextup/colcon_ws/install/linkattacher_msgs:/home/nextup/colcon_ws/install/gazebo_ros2_control:/home/nextup/colcon_ws/install/eyantra_warehouse:/home/nextup/colcon_ws/install/ebot_nav2:/home/nextup/colcon_ws/install/ebot_docking:/home/nextup/colcon_ws/install/ebot_description:/home/nextup/colcon_ws/install/aws_robomaker_small_warehouse_world:/opt/ros/humble LD_LIBRARY_PATH=/home/nextup/Downloads/colcon_ws/install/ebot_docking/lib:/home/nextup/vision_ws/install/realsense_gazebo_plugin/lib:/home/nextup/vision_ws/install/linkattacher_msgs/lib:/home/nextup/vision_ws/install/gazebo_ros2_control/lib:/home/nextup/vision_ws/install/ebot_docking/lib:/home/nextup/colcon_ws/install/realsense_gazebo_plugin/lib:/home/nextup/colcon_ws/install/linkattacher_msgs/lib:/home/nextup/colcon_ws/install/gazebo_ros2_control/lib:/home/nextup/colcon_ws/install/ebot_docking/lib:/usr/lib/x86_64-linux-gnu/gazebo-11/plugins:/opt/ros/humble/opt/rviz_ogre_vendor/lib:/opt/ros/humble/lib/x86_64-linux-gnu:/opt/ros/humble/lib:/usr/share/gazebo-11/../../lib/x86_64-linux-gnu/gazebo-11/plugins PYTHONPATH=/home/nextup/Downloads/colcon_ws/install/ebot_docking/local/lib/python3.10/dist-packages:${PYTHONPATH} /usr/bin/cmake /home/nextup/Downloads/colcon_ws/src/ebot_description -DCMAKE_INSTALL_PREFIX=/home/nextup/Downloads/colcon_ws/install/ebot_description
[1.202s] Invoking command in '/home/nextup/Downloads/colcon_ws/build/ebot_description': AMENT_PREFIX_PATH=/home/nextup/Downloads/colcon_ws/install/ebot_docking:${AMENT_PREFIX_PATH} CMAKE_PREFIX_PATH=/home/nextup/Downloads/colcon_ws/install/ebot_docking:/home/nextup/Desktop/visionexplorers/install/ebot_nav2:/home/nextup/Desktop/visionexplorers/install/auto_car:/home/nextup/explorers_ws/install/auto_car:/home/nextup/vision_ws/install/ur5_moveit:/home/nextup/vision_ws/install/ur_description:/home/nextup/vision_ws/install/realsense_gazebo_plugin:/home/nextup/vision_ws/install/pymoveit2:/home/nextup/vision_ws/install/linkattacher_msgs:/home/nextup/vision_ws/install/gazebo_ros2_control:/home/nextup/vision_ws/install/eyantra_warehouse:/home/nextup/vision_ws/install/ebot_nav2:/home/nextup/vision_ws/install/ebot_description:/home/nextup/vision_ws/install/ebot_docking:/home/nextup/vision_ws/install/aws_robomaker_small_warehouse_world:/home/nextup/colcon_ws/install/ur5_moveit:/home/nextup/colcon_ws/install/ur_description:/home/nextup/colcon_ws/install/realsense_gazebo_plugin:/home/nextup/colcon_ws/install/pymoveit2:/home/nextup/colcon_ws/install/linkattacher_msgs:/home/nextup/colcon_ws/install/gazebo_ros2_control:/home/nextup/colcon_ws/install/eyantra_warehouse:/home/nextup/colcon_ws/install/ebot_nav2:/home/nextup/colcon_ws/install/ebot_docking:/home/nextup/colcon_ws/install/ebot_description:/home/nextup/colcon_ws/install/aws_robomaker_small_warehouse_world:/opt/ros/humble LD_LIBRARY_PATH=/home/nextup/Downloads/colcon_ws/install/ebot_docking/lib:/home/nextup/vision_ws/install/realsense_gazebo_plugin/lib:/home/nextup/vision_ws/install/linkattacher_msgs/lib:/home/nextup/vision_ws/install/gazebo_ros2_control/lib:/home/nextup/vision_ws/install/ebot_docking/lib:/home/nextup/colcon_ws/install/realsense_gazebo_plugin/lib:/home/nextup/colcon_ws/install/linkattacher_msgs/lib:/home/nextup/colcon_ws/install/gazebo_ros2_control/lib:/home/nextup/colcon_ws/install/ebot_docking/lib:/usr/lib/x86_64-linux-gnu/gazebo-11/plugins:/opt/ros/humble/opt/rviz_ogre_vendor/lib:/opt/ros/humble/lib/x86_64-linux-gnu:/opt/ros/humble/lib:/usr/share/gazebo-11/../../lib/x86_64-linux-gnu/gazebo-11/plugins PYTHONPATH=/home/nextup/Downloads/colcon_ws/install/ebot_docking/local/lib/python3.10/dist-packages:${PYTHONPATH} /usr/bin/cmake --build /home/nextup/Downloads/colcon_ws/build/ebot_description -- -j16 -l16
[1.230s] Invoked command in '/home/nextup/Downloads/colcon_ws/build/ebot_description' returned '0': AMENT_PREFIX_PATH=/home/nextup/Downloads/colcon_ws/install/ebot_docking:${AMENT_PREFIX_PATH} CMAKE_PREFIX_PATH=/home/nextup/Downloads/colcon_ws/install/ebot_docking:/home/nextup/Desktop/visionexplorers/install/ebot_nav2:/home/nextup/Desktop/visionexplorers/install/auto_car:/home/nextup/explorers_ws/install/auto_car:/home/nextup/vision_ws/install/ur5_moveit:/home/nextup/vision_ws/install/ur_description:/home/nextup/vision_ws/install/realsense_gazebo_plugin:/home/nextup/vision_ws/install/pymoveit2:/home/nextup/vision_ws/install/linkattacher_msgs:/home/nextup/vision_ws/install/gazebo_ros2_control:/home/nextup/vision_ws/install/eyantra_warehouse:/home/nextup/vision_ws/install/ebot_nav2:/home/nextup/vision_ws/install/ebot_description:/home/nextup/vision_ws/install/ebot_docking:/home/nextup/vision_ws/install/aws_robomaker_small_warehouse_world:/home/nextup/colcon_ws/install/ur5_moveit:/home/nextup/colcon_ws/install/ur_description:/home/nextup/colcon_ws/install/realsense_gazebo_plugin:/home/nextup/colcon_ws/install/pymoveit2:/home/nextup/colcon_ws/install/linkattacher_msgs:/home/nextup/colcon_ws/install/gazebo_ros2_control:/home/nextup/colcon_ws/install/eyantra_warehouse:/home/nextup/colcon_ws/install/ebot_nav2:/home/nextup/colcon_ws/install/ebot_docking:/home/nextup/colcon_ws/install/ebot_description:/home/nextup/colcon_ws/install/aws_robomaker_small_warehouse_world:/opt/ros/humble LD_LIBRARY_PATH=/home/nextup/Downloads/colcon_ws/install/ebot_docking/lib:/home/nextup/vision_ws/install/realsense_gazebo_plugin/lib:/home/nextup/vision_ws/install/linkattacher_msgs/lib:/home/nextup/vision_ws/install/gazebo_ros2_control/lib:/home/nextup/vision_ws/install/ebot_docking/lib:/home/nextup/colcon_ws/install/realsense_gazebo_plugin/lib:/home/nextup/colcon_ws/install/linkattacher_msgs/lib:/home/nextup/colcon_ws/install/gazebo_ros2_control/lib:/home/nextup/colcon_ws/install/ebot_docking/lib:/usr/lib/x86_64-linux-gnu/gazebo-11/plugins:/opt/ros/humble/opt/rviz_ogre_vendor/lib:/opt/ros/humble/lib/x86_64-linux-gnu:/opt/ros/humble/lib:/usr/share/gazebo-11/../../lib/x86_64-linux-gnu/gazebo-11/plugins PYTHONPATH=/home/nextup/Downloads/colcon_ws/install/ebot_docking/local/lib/python3.10/dist-packages:${PYTHONPATH} /usr/bin/cmake --build /home/nextup/Downloads/colcon_ws/build/ebot_description -- -j16 -l16
[1.246s] Invoking command in '/home/nextup/Downloads/colcon_ws/build/ebot_description': AMENT_PREFIX_PATH=/home/nextup/Downloads/colcon_ws/install/ebot_docking:${AMENT_PREFIX_PATH} CMAKE_PREFIX_PATH=/home/nextup/Downloads/colcon_ws/install/ebot_docking:/home/nextup/Desktop/visionexplorers/install/ebot_nav2:/home/nextup/Desktop/visionexplorers/install/auto_car:/home/nextup/explorers_ws/install/auto_car:/home/nextup/vision_ws/install/ur5_moveit:/home/nextup/vision_ws/install/ur_description:/home/nextup/vision_ws/install/realsense_gazebo_plugin:/home/nextup/vision_ws/install/pymoveit2:/home/nextup/vision_ws/install/linkattacher_msgs:/home/nextup/vision_ws/install/gazebo_ros2_control:/home/nextup/vision_ws/install/eyantra_warehouse:/home/nextup/vision_ws/install/ebot_nav2:/home/nextup/vision_ws/install/ebot_description:/home/nextup/vision_ws/install/ebot_docking:/home/nextup/vision_ws/install/aws_robomaker_small_warehouse_world:/home/nextup/colcon_ws/install/ur5_moveit:/home/nextup/colcon_ws/install/ur_description:/home/nextup/colcon_ws/install/realsense_gazebo_plugin:/home/nextup/colcon_ws/install/pymoveit2:/home/nextup/colcon_ws/install/linkattacher_msgs:/home/nextup/colcon_ws/install/gazebo_ros2_control:/home/nextup/colcon_ws/install/eyantra_warehouse:/home/nextup/colcon_ws/install/ebot_nav2:/home/nextup/colcon_ws/install/ebot_docking:/home/nextup/colcon_ws/install/ebot_description:/home/nextup/colcon_ws/install/aws_robomaker_small_warehouse_world:/opt/ros/humble LD_LIBRARY_PATH=/home/nextup/Downloads/colcon_ws/install/ebot_docking/lib:/home/nextup/vision_ws/install/realsense_gazebo_plugin/lib:/home/nextup/vision_ws/install/linkattacher_msgs/lib:/home/nextup/vision_ws/install/gazebo_ros2_control/lib:/home/nextup/vision_ws/install/ebot_docking/lib:/home/nextup/colcon_ws/install/realsense_gazebo_plugin/lib:/home/nextup/colcon_ws/install/linkattacher_msgs/lib:/home/nextup/colcon_ws/install/gazebo_ros2_control/lib:/home/nextup/colcon_ws/install/ebot_docking/lib:/usr/lib/x86_64-linux-gnu/gazebo-11/plugins:/opt/ros/humble/opt/rviz_ogre_vendor/lib:/opt/ros/humble/lib/x86_64-linux-gnu:/opt/ros/humble/lib:/usr/share/gazebo-11/../../lib/x86_64-linux-gnu/gazebo-11/plugins PYTHONPATH=/home/nextup/Downloads/colcon_ws/install/ebot_docking/local/lib/python3.10/dist-packages:${PYTHONPATH} /usr/bin/cmake --install /home/nextup/Downloads/colcon_ws/build/ebot_description
[1.251s] -- Install configuration: ""
[1.252s] -- Installing: /home/nextup/Downloads/colcon_ws/install/ebot_description/share/ebot_description//launch
[1.252s] -- Installing: /home/nextup/Downloads/colcon_ws/install/ebot_description/share/ebot_description//launch/ebot_gazebo_launch.py
[1.252s] -- Installing: /home/nextup/Downloads/colcon_ws/install/ebot_description/share/ebot_description//launch/start_world_launch.py
[1.252s] -- Installing: /home/nextup/Downloads/colcon_ws/install/ebot_description/share/ebot_description//launch/spawn_robot.py
[1.252s] -- Installing: /home/nextup/Downloads/colcon_ws/install/ebot_description/share/ebot_description//worlds
[1.252s] -- Installing: /home/nextup/Downloads/colcon_ws/install/ebot_description/share/ebot_description//worlds/empty.world
[1.252s] -- Installing: /home/nextup/Downloads/colcon_ws/install/ebot_description/share/ebot_description//worlds/border_road.world
[1.253s] -- Installing: /home/nextup/Downloads/colcon_ws/install/ebot_description/share/ebot_description//models
[1.253s] -- Installing: /home/nextup/Downloads/colcon_ws/install/ebot_description/share/ebot_description//models/ebot
[1.253s] -- Installing: /home/nextup/Downloads/colcon_ws/install/ebot_description/share/ebot_description//models/ebot/car.urdf.xacro
[1.253s] -- Installing: /home/nextup/Downloads/colcon_ws/install/ebot_description/share/ebot_description//models/ebot/ebot_description copy.xacro
[1.253s] -- Installing: /home/nextup/Downloads/colcon_ws/install/ebot_description/share/ebot_description//models/ebot/ebot.gazebo
[1.254s] -- Installing: /home/nextup/Downloads/colcon_ws/install/ebot_description/share/ebot_description//models/ebot/ebot_description.xacro
[1.254s] -- Installing: /home/nextup/Downloads/colcon_ws/install/ebot_description/share/ebot_description//meshes
[1.254s] -- Installing: /home/nextup/Downloads/colcon_ws/install/ebot_description/share/ebot_description//meshes/FUS1.STL
[1.254s] -- Installing: /home/nextup/Downloads/colcon_ws/install/ebot_description/share/ebot_description//meshes/RUS5.STL
[1.254s] -- Installing: /home/nextup/Downloads/colcon_ws/install/ebot_description/share/ebot_description//meshes/FWL.STL
[1.255s] -- Installing: /home/nextup/Downloads/colcon_ws/install/ebot_description/share/ebot_description//meshes/FUS4.STL
[1.256s] -- Installing: /home/nextup/Downloads/colcon_ws/install/ebot_description/share/ebot_description//meshes/RUS6.STL
[1.256s] -- Installing: /home/nextup/Downloads/colcon_ws/install/ebot_description/share/ebot_description//meshes/FUS3.STL
[1.256s] -- Installing: /home/nextup/Downloads/colcon_ws/install/ebot_description/share/ebot_description//meshes/RHUS7.STL
[1.256s] -- Installing: /home/nextup/Downloads/colcon_ws/install/ebot_description/share/ebot_description//meshes/LHUS9.STL
[1.257s] -- Installing: /home/nextup/Downloads/colcon_ws/install/ebot_description/share/ebot_description//meshes/chassis.dae
[1.279s] -- Installing: /home/nextup/Downloads/colcon_ws/install/ebot_description/share/ebot_description//meshes/RWR.STL
[1.280s] -- Installing: /home/nextup/Downloads/colcon_ws/install/ebot_description/share/ebot_description//meshes/robot_base.stl
[1.280s] -- Installing: /home/nextup/Downloads/colcon_ws/install/ebot_description/share/ebot_description//meshes/RWL.STL
[1.281s] -- Installing: /home/nextup/Downloads/colcon_ws/install/ebot_description/share/ebot_description//meshes/FWR.STL
[1.282s] -- Installing: /home/nextup/Downloads/colcon_ws/install/ebot_description/share/ebot_description//meshes/RHUS9.STL
[1.282s] -- Installing: /home/nextup/Downloads/colcon_ws/install/ebot_description/share/ebot_description//meshes/FUS2.STL
[1.282s] -- Installing: /home/nextup/Downloads/colcon_ws/install/ebot_description/share/ebot_description//meshes/LHUS10.STL
[1.282s] -- Installing: /home/nextup/Downloads/colcon_ws/install/ebot_description/share/ebot_description//plugins
[1.283s] -- Installing: /home/nextup/Downloads/colcon_ws/install/ebot_description/share/ebot_description//plugins/libgazebo_collision_sensor.so
[1.284s] -- Installing: /home/nextup/Downloads/colcon_ws/install/ebot_description/share/ebot_description//plugins/libgazebo_ros_vacuum_gripper.so
[1.288s] -- Installing: /home/nextup/Downloads/colcon_ws/install/ebot_description/share/ament_index/resource_index/package_run_dependencies/ebot_description
[1.288s] -- Installing: /home/nextup/Downloads/colcon_ws/install/ebot_description/share/ament_index/resource_index/parent_prefix_path/ebot_description
[1.288s] -- Installing: /home/nextup/Downloads/colcon_ws/install/ebot_description/share/ebot_description/environment/ament_prefix_path.sh
[1.288s] -- Installing: /home/nextup/Downloads/colcon_ws/install/ebot_description/share/ebot_description/environment/ament_prefix_path.dsv
[1.288s] -- Installing: /home/nextup/Downloads/colcon_ws/install/ebot_description/share/ebot_description/environment/path.sh
[1.288s] -- Installing: /home/nextup/Downloads/colcon_ws/install/ebot_description/share/ebot_description/environment/path.dsv
[1.288s] -- Installing: /home/nextup/Downloads/colcon_ws/install/ebot_description/share/ebot_description/local_setup.bash
[1.288s] -- Installing: /home/nextup/Downloads/colcon_ws/install/ebot_description/share/ebot_description/local_setup.sh
[1.288s] -- Installing: /home/nextup/Downloads/colcon_ws/install/ebot_description/share/ebot_description/local_setup.zsh
[1.288s] -- Installing: /home/nextup/Downloads/colcon_ws/install/ebot_description/share/ebot_description/local_setup.dsv
[1.288s] -- Installing: /home/nextup/Downloads/colcon_ws/install/ebot_description/share/ebot_description/package.dsv
[1.288s] -- Installing: /home/nextup/Downloads/colcon_ws/install/ebot_description/share/ament_index/resource_index/packages/ebot_description
[1.288s] -- Installing: /home/nextup/Downloads/colcon_ws/install/ebot_description/share/ebot_description/cmake/ebot_descriptionConfig.cmake
[1.288s] -- Installing: /home/nextup/Downloads/colcon_ws/install/ebot_description/share/ebot_description/cmake/ebot_descriptionConfig-version.cmake
[1.288s] -- Installing: /home/nextup/Downloads/colcon_ws/install/ebot_description/share/ebot_description/package.xml
[1.290s] Invoked command in '/home/nextup/Downloads/colcon_ws/build/ebot_description' returned '0': AMENT_PREFIX_PATH=/home/nextup/Downloads/colcon_ws/install/ebot_docking:${AMENT_PREFIX_PATH} CMAKE_PREFIX_PATH=/home/nextup/Downloads/colcon_ws/install/ebot_docking:/home/nextup/Desktop/visionexplorers/install/ebot_nav2:/home/nextup/Desktop/visionexplorers/install/auto_car:/home/nextup/explorers_ws/install/auto_car:/home/nextup/vision_ws/install/ur5_moveit:/home/nextup/vision_ws/install/ur_description:/home/nextup/vision_ws/install/realsense_gazebo_plugin:/home/nextup/vision_ws/install/pymoveit2:/home/nextup/vision_ws/install/linkattacher_msgs:/home/nextup/vision_ws/install/gazebo_ros2_control:/home/nextup/vision_ws/install/eyantra_warehouse:/home/nextup/vision_ws/install/ebot_nav2:/home/nextup/vision_ws/install/ebot_description:/home/nextup/vision_ws/install/ebot_docking:/home/nextup/vision_ws/install/aws_robomaker_small_warehouse_world:/home/nextup/colcon_ws/install/ur5_moveit:/home/nextup/colcon_ws/install/ur_description:/home/nextup/colcon_ws/install/realsense_gazebo_plugin:/home/nextup/colcon_ws/install/pymoveit2:/home/nextup/colcon_ws/install/linkattacher_msgs:/home/nextup/colcon_ws/install/gazebo_ros2_control:/home/nextup/colcon_ws/install/eyantra_warehouse:/home/nextup/colcon_ws/install/ebot_nav2:/home/nextup/colcon_ws/install/ebot_docking:/home/nextup/colcon_ws/install/ebot_description:/home/nextup/colcon_ws/install/aws_robomaker_small_warehouse_world:/opt/ros/humble LD_LIBRARY_PATH=/home/nextup/Downloads/colcon_ws/install/ebot_docking/lib:/home/nextup/vision_ws/install/realsense_gazebo_plugin/lib:/home/nextup/vision_ws/install/linkattacher_msgs/lib:/home/nextup/vision_ws/install/gazebo_ros2_control/lib:/home/nextup/vision_ws/install/ebot_docking/lib:/home/nextup/colcon_ws/install/realsense_gazebo_plugin/lib:/home/nextup/colcon_ws/install/linkattacher_msgs/lib:/home/nextup/colcon_ws/install/gazebo_ros2_control/lib:/home/nextup/colcon_ws/install/ebot_docking/lib:/usr/lib/x86_64-linux-gnu/gazebo-11/plugins:/opt/ros/humble/opt/rviz_ogre_vendor/lib:/opt/ros/humble/lib/x86_64-linux-gnu:/opt/ros/humble/lib:/usr/share/gazebo-11/../../lib/x86_64-linux-gnu/gazebo-11/plugins PYTHONPATH=/home/nextup/Downloads/colcon_ws/install/ebot_docking/local/lib/python3.10/dist-packages:${PYTHONPATH} /usr/bin/cmake --install /home/nextup/Downloads/colcon_ws/build/ebot_description
