[0.637s] Invoking command in '/home/nextup/Downloads/colcon_ws/build/ebot_docking': CMAKE_PREFIX_PATH=${CMAKE_PREFIX_PATH}:/opt/ros/humble /usr/bin/cmake /home/nextup/Downloads/colcon_ws/src/ebot_docking -DAMENT_CMAKE_SYMLINK_INSTALL=1 -DCMAKE_INSTALL_PREFIX=/home/nextup/Downloads/colcon_ws/install/ebot_docking
[0.652s] -- Found ament_cmake: 1.3.6 (/opt/ros/humble/share/ament_cmake/cmake)
[0.766s] -- Override CMake install command with custom implementation using symlinks instead of copying resources
[0.771s] -- Found rosidl_default_generators: 1.2.0 (/opt/ros/humble/share/rosidl_default_generators/cmake)
[0.775s] -- Using all available rosidl_typesupport_c: rosidl_typesupport_fastrtps_c;rosidl_typesupport_introspection_c
[0.777s] -- Found rosidl_adapter: 3.1.5 (/opt/ros/humble/share/rosidl_adapter/cmake)
[0.801s] -- Using all available rosidl_typesupport_cpp: rosidl_typesupport_fastrtps_cpp;rosidl_typesupport_introspection_cpp
[0.822s] -- Found rclpy: 3.3.11 (/opt/ros/humble/share/rclpy/cmake)
[1.011s] -- Found ament_cmake_ros: 0.10.0 (/opt/ros/humble/share/ament_cmake_ros/cmake)
[1.158s] -- Using all available rosidl_typesupport_c: rosidl_typesupport_fastrtps_c;rosidl_typesupport_introspection_c
[1.343s] -- Using all available rosidl_typesupport_cpp: rosidl_typesupport_fastrtps_cpp;rosidl_typesupport_introspection_cpp
[1.360s] -- Found python_cmake_module: 0.10.0 (/opt/ros/humble/share/python_cmake_module/cmake)
[1.377s] -- Using PYTHON_EXECUTABLE: /usr/bin/python3
[1.378s] -- Using PYTHON_INCLUDE_DIRS: /usr/include/python3.10
[1.378s] -- Using PYTHON_LIBRARIES: /usr/lib/x86_64-linux-gnu/libpython3.10.so
[1.406s] -- Found ament_lint_auto: 0.12.9 (/opt/ros/humble/share/ament_lint_auto/cmake)
[1.416s] -- Added test 'flake8' to check Python code syntax and style conventions
[1.416s] -- Added test 'lint_cmake' to check CMake code style
[1.416s] -- Added test 'pep257' to check Python code against some of the docstring style conventions in PEP 257
[1.417s] -- Added test 'xmllint' to check XML markup files
[1.420s] -- Configuring done
[1.444s] -- Generating done
[1.447s] -- Build files have been written to: /home/nextup/Downloads/colcon_ws/build/ebot_docking
