[0.110s] Invoking command in '/home/nextup/Downloads/colcon_ws/build/realsense_gazebo_plugin': CMAKE_PREFIX_PATH=${CMAKE_PREFIX_PATH}:/opt/ros/humble /usr/bin/cmake /home/nextup/Downloads/colcon_ws/src/realsense_gazebo_plugin -DCMAKE_INSTALL_PREFIX=/home/nextup/Downloads/colcon_ws/install/realsense_gazebo_plugin
[0.149s] -- The C compiler identification is GNU 11.4.0
[0.202s] -- The CXX compiler identification is GNU 11.4.0
[0.208s] -- Detecting C compiler ABI info
[0.258s] -- Detecting C compiler ABI info - done
[0.264s] -- Check for working C compiler: /usr/bin/cc - skipped
[0.264s] -- Detecting C compile features
[0.265s] -- Detecting C compile features - done
[0.268s] -- Detecting CXX compiler ABI info
[0.333s] -- Detecting CXX compiler ABI info - done
[0.339s] -- Check for working CXX compiler: /usr/bin/c++ - skipped
[0.339s] -- Detecting CXX compile features
[0.340s] -- Detecting CXX compile features - done
[0.342s] -- Found ament_cmake: 1.3.6 (/opt/ros/humble/share/ament_cmake/cmake)
[0.506s] -- Found Python3: /usr/bin/python3.10 (found version "3.10.12") found components: Interpreter 
[0.614s] -- Found rclcpp: 16.0.7 (/opt/ros/humble/share/rclcpp/cmake)
[0.681s] -- Found rosidl_generator_c: 3.1.5 (/opt/ros/humble/share/rosidl_generator_c/cmake)
[0.690s] -- Found rosidl_adapter: 3.1.5 (/opt/ros/humble/share/rosidl_adapter/cmake)
[0.703s] -- Found rosidl_generator_cpp: 3.1.5 (/opt/ros/humble/share/rosidl_generator_cpp/cmake)
[0.725s] -- Using all available rosidl_typesupport_c: rosidl_typesupport_fastrtps_c;rosidl_typesupport_introspection_c
[0.756s] -- Using all available rosidl_typesupport_cpp: rosidl_typesupport_fastrtps_cpp;rosidl_typesupport_introspection_cpp
[0.843s] -- Found rmw_implementation_cmake: 6.1.1 (/opt/ros/humble/share/rmw_implementation_cmake/cmake)
[0.847s] -- Found rmw_fastrtps_cpp: 6.2.5 (/opt/ros/humble/share/rmw_fastrtps_cpp/cmake)
[0.928s] -- Found OpenSSL: /usr/lib/x86_64-linux-gnu/libcrypto.so (found version "3.0.2")  
[0.952s] -- Found FastRTPS: /opt/ros/foxy/include  
[0.991s] -- Using RMW implementation 'rmw_fastrtps_cpp' as default
[1.004s] -- Looking for pthread.h
[1.055s] -- Looking for pthread.h - found
[1.055s] -- Performing Test CMAKE_HAVE_LIBC_PTHREAD
[1.108s] -- Performing Test CMAKE_HAVE_LIBC_PTHREAD - Success
[1.109s] -- Found Threads: TRUE  
[1.318s] -- Found gazebo_ros: 3.7.0 (/opt/ros/humble/share/gazebo_ros/cmake)
[1.328s] -- Found PkgConfig: /usr/bin/pkg-config (found version "0.29.2") 
[1.329s] -- Checking for module 'bullet>=2.82'
[1.338s] --   Found bullet, version 3.05
[1.425s] -- Found fcl: /usr/include (found suitable version "0.7.0", minimum required is "0.5.0") 
[1.479s] -- Found assimp: /usr/include (found version "5.2.0") 
[1.506s] -- Found DART: /usr/include (Required is at least version "6.6") found components: dart 
[1.549s] -- Found Boost: /usr/lib/x86_64-linux-gnu/cmake/Boost-1.74.0/BoostConfig.cmake (found suitable version "1.74.0", minimum required is "1.40.0") found components: thread system filesystem program_options regex iostreams date_time 
[1.570s] -- Found Protobuf: /usr/lib/x86_64-linux-gnu/libprotobuf.so (found version "3.12.4") 
[1.578s] -- Looking for ignition-math6 -- found version 6.15.0
[1.587s] -- Searching for dependencies of ignition-math6
[1.588s] -- Looking for OGRE...
[1.589s] -- OGRE_PREFIX_WATCH changed.
[1.594s] -- Checking for module 'OGRE'
[1.608s] --   Found OGRE, version 1.9.0
[1.640s] -- Found Ogre Ghadamon (1.9.0)
[1.653s] -- Found OGRE: optimized;/usr/lib/x86_64-linux-gnu/libOgreMain.so;debug;/usr/lib/x86_64-linux-gnu/libOgreMain.so
[1.664s] -- Looking for OGRE_Paging...
[1.680s] -- Found OGRE_Paging: optimized;/usr/lib/x86_64-linux-gnu/libOgrePaging.so;debug;/usr/lib/x86_64-linux-gnu/libOgrePaging.so
[1.680s] -- Looking for OGRE_Terrain...
[1.695s] -- Found OGRE_Terrain: optimized;/usr/lib/x86_64-linux-gnu/libOgreTerrain.so;debug;/usr/lib/x86_64-linux-gnu/libOgreTerrain.so
[1.695s] -- Looking for OGRE_Property...
[1.706s] -- Found OGRE_Property: optimized;/usr/lib/x86_64-linux-gnu/libOgreProperty.so;debug;/usr/lib/x86_64-linux-gnu/libOgreProperty.so
[1.706s] -- Looking for OGRE_RTShaderSystem...
[1.717s] -- Found OGRE_RTShaderSystem: optimized;/usr/lib/x86_64-linux-gnu/libOgreRTShaderSystem.so;debug;/usr/lib/x86_64-linux-gnu/libOgreRTShaderSystem.so
[1.717s] -- Looking for OGRE_Volume...
[1.729s] -- Found OGRE_Volume: optimized;/usr/lib/x86_64-linux-gnu/libOgreVolume.so;debug;/usr/lib/x86_64-linux-gnu/libOgreVolume.so
[1.729s] -- Looking for OGRE_Overlay...
[1.744s] -- Found OGRE_Overlay: optimized;/usr/lib/x86_64-linux-gnu/libOgreOverlay.so;debug;/usr/lib/x86_64-linux-gnu/libOgreOverlay.so
[2.043s] -- Looking for ignition-math6 -- found version 6.15.0
[2.047s] -- Looking for ignition-transport8 -- found version 8.2.1
[2.048s] -- Searching for dependencies of ignition-transport8
[2.072s] -- Found Protobuf: /usr/lib/x86_64-linux-gnu/libprotobuf.so (found suitable version "3.12.4", minimum required is "3") 
[2.087s] -- Config-file not installed for ZeroMQ -- checking for pkg-config
[2.092s] -- Checking for module 'libzmq >= 4'
[2.110s] --   Found libzmq , version 4.3.4
[2.157s] -- Found ZeroMQ: TRUE (Required is at least version "4") 
[2.163s] -- Checking for module 'uuid'
[2.179s] --   Found uuid, version 2.37.2
[2.213s] -- Found UUID: TRUE  
[2.217s] -- Looking for ignition-msgs5 -- found version 5.8.1
[2.218s] -- Searching for dependencies of ignition-msgs5
[2.241s] -- Looking for ignition-math6 -- found version 6.15.0
[2.247s] -- Checking for module 'tinyxml2'
[2.263s] --   Found tinyxml2, version 9.0.0
[2.301s] -- Looking for ignition-msgs5 -- found version 5.8.1
[2.305s] -- Looking for ignition-common3 -- found version 3.14.0
[2.305s] -- Searching for dependencies of ignition-common3
[2.306s] -- Looking for dlfcn.h - found
[2.308s] -- Looking for libdl - found
[2.309s] -- Found DL: TRUE  
[2.325s] -- Found tinyobjloader: /usr/lib/x86_64-linux-gnu/cmake/tinyobjloader/tinyobjloader-config.cmake (found version "2.0.0") 
[2.326s] -- Searching for <ignition-common3> component [graphics]
[2.330s] -- Looking for ignition-common3-graphics -- found version 3.14.0
[2.331s] -- Searching for dependencies of ignition-common3-graphics
[2.332s] -- Looking for ignition-math6 -- found version 6.15.0
[2.337s] -- Looking for ignition-fuel_tools4 -- found version 4.4.0
[2.338s] -- Searching for dependencies of ignition-fuel_tools4
[2.454s] -- Found CURL: /usr/lib/x86_64-linux-gnu/libcurl.so (found version "7.81.0")  
[2.466s] -- Checking for module 'jsoncpp'
[2.484s] --   Found jsoncpp, version 1.9.5
[2.552s] -- Found JSONCPP: TRUE  
[2.559s] -- Checking for module 'libzip'
[2.590s] --   Found libzip, version 1.7.3
[2.649s] -- Found ZIP: TRUE  
[2.650s] -- Looking for ignition-common3 -- found version 3.14.0
[2.650s] -- Looking for ignition-math6 -- found version 6.15.0
[2.651s] -- Looking for ignition-msgs5 -- found version 5.8.1
[2.655s] -- Gazebo version: 11.10
[2.656s] -- Checking for module 'tbb'
[2.675s] --   Found tbb, version 2021.5.0
[2.711s] -- Found image_transport: 3.1.7 (/opt/ros/humble/share/image_transport/cmake)
[2.901s] -- Found camera_info_manager: 3.1.7 (/opt/ros/humble/share/camera_info_manager/cmake)
[2.960s] -- Found ament_lint_auto: 0.12.9 (/opt/ros/humble/share/ament_lint_auto/cmake)
[3.009s] -- Configuring done
[3.023s] -- Generating done
[3.025s] -- Build files have been written to: /home/nextup/Downloads/colcon_ws/build/realsense_gazebo_plugin
[3.052s] Invoked command in '/home/nextup/Downloads/colcon_ws/build/realsense_gazebo_plugin' returned '0': CMAKE_PREFIX_PATH=${CMAKE_PREFIX_PATH}:/opt/ros/humble /usr/bin/cmake /home/nextup/Downloads/colcon_ws/src/realsense_gazebo_plugin -DCMAKE_INSTALL_PREFIX=/home/nextup/Downloads/colcon_ws/install/realsense_gazebo_plugin
[3.053s] Invoking command in '/home/nextup/Downloads/colcon_ws/build/realsense_gazebo_plugin': CMAKE_PREFIX_PATH=${CMAKE_PREFIX_PATH}:/opt/ros/humble /usr/bin/cmake --build /home/nextup/Downloads/colcon_ws/build/realsense_gazebo_plugin -- -j16 -l16
[3.088s] [ 66%] [32mBuilding CXX object CMakeFiles/realsense_gazebo_plugin.dir/src/RealSensePlugin.cpp.o[0m
[3.088s] [ 66%] [32mBuilding CXX object CMakeFiles/realsense_gazebo_plugin.dir/src/gazebo_ros_realsense.cpp.o[0m
[19.570s] [100%] [32m[1mLinking CXX shared library librealsense_gazebo_plugin.so[0m
[20.030s] [100%] Built target realsense_gazebo_plugin
[20.037s] Invoked command in '/home/nextup/Downloads/colcon_ws/build/realsense_gazebo_plugin' returned '0': CMAKE_PREFIX_PATH=${CMAKE_PREFIX_PATH}:/opt/ros/humble /usr/bin/cmake --build /home/nextup/Downloads/colcon_ws/build/realsense_gazebo_plugin -- -j16 -l16
[20.056s] Invoking command in '/home/nextup/Downloads/colcon_ws/build/realsense_gazebo_plugin': CMAKE_PREFIX_PATH=${CMAKE_PREFIX_PATH}:/opt/ros/humble /usr/bin/cmake --install /home/nextup/Downloads/colcon_ws/build/realsense_gazebo_plugin
[20.061s] -- Install configuration: ""
[20.061s] -- Installing: /home/nextup/Downloads/colcon_ws/install/realsense_gazebo_plugin/lib/librealsense_gazebo_plugin.so
[20.063s] -- Set runtime path of "/home/nextup/Downloads/colcon_ws/install/realsense_gazebo_plugin/lib/librealsense_gazebo_plugin.so" to ""
[20.063s] -- Installing: /home/nextup/Downloads/colcon_ws/install/realsense_gazebo_plugin/include/
[20.063s] -- Installing: /home/nextup/Downloads/colcon_ws/install/realsense_gazebo_plugin/include//realsense_gazebo_plugin
[20.063s] -- Installing: /home/nextup/Downloads/colcon_ws/install/realsense_gazebo_plugin/include//realsense_gazebo_plugin/RealSensePlugin.h
[20.063s] -- Installing: /home/nextup/Downloads/colcon_ws/install/realsense_gazebo_plugin/include//realsense_gazebo_plugin/gazebo_ros_realsense.h
[20.063s] -- Installing: /home/nextup/Downloads/colcon_ws/install/realsense_gazebo_plugin/share/realsense_gazebo_plugin/environment/library_path.sh
[20.063s] -- Installing: /home/nextup/Downloads/colcon_ws/install/realsense_gazebo_plugin/share/realsense_gazebo_plugin/environment/library_path.dsv
[20.064s] -- Installing: /home/nextup/Downloads/colcon_ws/install/realsense_gazebo_plugin/share/ament_index/resource_index/package_run_dependencies/realsense_gazebo_plugin
[20.064s] -- Installing: /home/nextup/Downloads/colcon_ws/install/realsense_gazebo_plugin/share/ament_index/resource_index/parent_prefix_path/realsense_gazebo_plugin
[20.064s] -- Installing: /home/nextup/Downloads/colcon_ws/install/realsense_gazebo_plugin/share/realsense_gazebo_plugin/environment/ament_prefix_path.sh
[20.064s] -- Installing: /home/nextup/Downloads/colcon_ws/install/realsense_gazebo_plugin/share/realsense_gazebo_plugin/environment/ament_prefix_path.dsv
[20.064s] -- Installing: /home/nextup/Downloads/colcon_ws/install/realsense_gazebo_plugin/share/realsense_gazebo_plugin/environment/path.sh
[20.064s] -- Installing: /home/nextup/Downloads/colcon_ws/install/realsense_gazebo_plugin/share/realsense_gazebo_plugin/environment/path.dsv
[20.064s] -- Installing: /home/nextup/Downloads/colcon_ws/install/realsense_gazebo_plugin/share/realsense_gazebo_plugin/local_setup.bash
[20.064s] -- Installing: /home/nextup/Downloads/colcon_ws/install/realsense_gazebo_plugin/share/realsense_gazebo_plugin/local_setup.sh
[20.064s] -- Installing: /home/nextup/Downloads/colcon_ws/install/realsense_gazebo_plugin/share/realsense_gazebo_plugin/local_setup.zsh
[20.064s] -- Installing: /home/nextup/Downloads/colcon_ws/install/realsense_gazebo_plugin/share/realsense_gazebo_plugin/local_setup.dsv
[20.064s] -- Installing: /home/nextup/Downloads/colcon_ws/install/realsense_gazebo_plugin/share/realsense_gazebo_plugin/package.dsv
[20.064s] -- Installing: /home/nextup/Downloads/colcon_ws/install/realsense_gazebo_plugin/share/ament_index/resource_index/packages/realsense_gazebo_plugin
[20.064s] -- Installing: /home/nextup/Downloads/colcon_ws/install/realsense_gazebo_plugin/share/realsense_gazebo_plugin/cmake/ament_cmake_export_include_directories-extras.cmake
[20.064s] -- Installing: /home/nextup/Downloads/colcon_ws/install/realsense_gazebo_plugin/share/realsense_gazebo_plugin/cmake/ament_cmake_export_libraries-extras.cmake
[20.064s] -- Installing: /home/nextup/Downloads/colcon_ws/install/realsense_gazebo_plugin/share/realsense_gazebo_plugin/cmake/realsense_gazebo_pluginConfig.cmake
[20.064s] -- Installing: /home/nextup/Downloads/colcon_ws/install/realsense_gazebo_plugin/share/realsense_gazebo_plugin/cmake/realsense_gazebo_pluginConfig-version.cmake
[20.065s] -- Installing: /home/nextup/Downloads/colcon_ws/install/realsense_gazebo_plugin/share/realsense_gazebo_plugin/package.xml
[20.066s] Invoked command in '/home/nextup/Downloads/colcon_ws/build/realsense_gazebo_plugin' returned '0': CMAKE_PREFIX_PATH=${CMAKE_PREFIX_PATH}:/opt/ros/humble /usr/bin/cmake --install /home/nextup/Downloads/colcon_ws/build/realsense_gazebo_plugin
