[0.336s] Invoking command in '/home/nextup/Downloads/colcon_ws/build/ebot_description': CMAKE_PREFIX_PATH=${CMAKE_PREFIX_PATH}:/home/nextup/Downloads/colcon_ws/install/ur_description:/opt/ros/humble /usr/bin/cmake /home/nextup/Downloads/colcon_ws/src/ebot_description -DCMAKE_INSTALL_PREFIX=/home/nextup/Downloads/colcon_ws/install/ebot_description
[0.371s] -- The C compiler identification is GNU 11.4.0
[0.409s] -- The CXX compiler identification is GNU 11.4.0
[0.416s] -- Detecting C compiler ABI info
[0.463s] -- Detecting C compiler ABI info - done
[0.469s] -- Check for working C compiler: /usr/bin/cc - skipped
[0.469s] -- Detecting C compile features
[0.469s] -- Detecting C compile features - done
[0.471s] -- Detecting CXX compiler ABI info
[0.524s] -- Detecting CXX compiler ABI info - done
[0.534s] -- Check for working CXX compiler: /usr/bin/c++ - skipped
[0.535s] -- Detecting CXX compile features
[0.535s] -- Detecting CXX compile features - done
[0.540s] -- Found ament_cmake: 1.3.6 (/opt/ros/humble/share/ament_cmake/cmake)
[0.677s] -- Found Python3: /usr/bin/python3.10 (found version "3.10.12") found components: Interpreter 
[0.776s] -- Found rclcpp: 16.0.7 (/opt/ros/humble/share/rclcpp/cmake)
[0.823s] -- Found rosidl_generator_c: 3.1.5 (/opt/ros/humble/share/rosidl_generator_c/cmake)
[0.829s] -- Found rosidl_adapter: 3.1.5 (/opt/ros/humble/share/rosidl_adapter/cmake)
[0.837s] -- Found rosidl_generator_cpp: 3.1.5 (/opt/ros/humble/share/rosidl_generator_cpp/cmake)
[0.850s] -- Using all available rosidl_typesupport_c: rosidl_typesupport_fastrtps_c;rosidl_typesupport_introspection_c
[0.869s] -- Using all available rosidl_typesupport_cpp: rosidl_typesupport_fastrtps_cpp;rosidl_typesupport_introspection_cpp
[0.933s] -- Found rmw_implementation_cmake: 6.1.1 (/opt/ros/humble/share/rmw_implementation_cmake/cmake)
[0.937s] -- Found rmw_fastrtps_cpp: 6.2.5 (/opt/ros/humble/share/rmw_fastrtps_cpp/cmake)
[1.016s] -- Found OpenSSL: /usr/lib/x86_64-linux-gnu/libcrypto.so (found version "3.0.2")  
[1.050s] -- Found FastRTPS: /opt/ros/humble/include  
[1.102s] -- Using RMW implementation 'rmw_fastrtps_cpp' as default
[1.112s] -- Looking for pthread.h
[1.161s] -- Looking for pthread.h - found
[1.162s] -- Performing Test CMAKE_HAVE_LIBC_PTHREAD
[1.212s] -- Performing Test CMAKE_HAVE_LIBC_PTHREAD - Success
[1.213s] -- Found Threads: TRUE  
[1.345s] -- Found rclpy: 3.3.11 (/opt/ros/humble/share/rclpy/cmake)
[1.347s] -- Found urdf: 2.6.0 (/opt/ros/humble/share/urdf/cmake)
[1.385s] -- Found xacro: 2.0.8 (/opt/ros/humble/share/xacro/cmake)
[1.385s] -- Found ebot_docking: 0.0.0 (/home/nextup/Documents/colcon_ws/install/ebot_docking/share/ebot_docking/cmake)
[1.398s] -- Found ament_lint_auto: 0.12.9 (/opt/ros/humble/share/ament_lint_auto/cmake)
[1.483s] -- Added test 'copyright' to check source files copyright and LICENSE
[1.486s] -- Added test 'flake8' to check Python code syntax and style conventions
[1.487s] -- Added test 'lint_cmake' to check CMake code style
[1.487s] -- Added test 'pep257' to check Python code against some of the docstring style conventions in PEP 257
[1.489s] -- Added test 'xmllint' to check XML markup files
[1.490s] -- Configuring done
[1.494s] -- Generating done
[1.495s] -- Build files have been written to: /home/nextup/Downloads/colcon_ws/build/ebot_description
[1.502s] Invoked command in '/home/nextup/Downloads/colcon_ws/build/ebot_description' returned '0': CMAKE_PREFIX_PATH=${CMAKE_PREFIX_PATH}:/home/nextup/Downloads/colcon_ws/install/ur_description:/opt/ros/humble /usr/bin/cmake /home/nextup/Downloads/colcon_ws/src/ebot_description -DCMAKE_INSTALL_PREFIX=/home/nextup/Downloads/colcon_ws/install/ebot_description
[1.503s] Invoking command in '/home/nextup/Downloads/colcon_ws/build/ebot_description': CMAKE_PREFIX_PATH=${CMAKE_PREFIX_PATH}:/home/nextup/Downloads/colcon_ws/install/ur_description:/opt/ros/humble /usr/bin/cmake --build /home/nextup/Downloads/colcon_ws/build/ebot_description -- -j16 -l16
[1.571s] Invoked command in '/home/nextup/Downloads/colcon_ws/build/ebot_description' returned '0': CMAKE_PREFIX_PATH=${CMAKE_PREFIX_PATH}:/home/nextup/Downloads/colcon_ws/install/ur_description:/opt/ros/humble /usr/bin/cmake --build /home/nextup/Downloads/colcon_ws/build/ebot_description -- -j16 -l16
[1.658s] Invoking command in '/home/nextup/Downloads/colcon_ws/build/ebot_description': CMAKE_PREFIX_PATH=${CMAKE_PREFIX_PATH}:/home/nextup/Downloads/colcon_ws/install/ur_description:/opt/ros/humble /usr/bin/cmake --install /home/nextup/Downloads/colcon_ws/build/ebot_description
[1.663s] -- Install configuration: ""
[1.663s] -- Installing: /home/nextup/Downloads/colcon_ws/install/ebot_description/share/ebot_description//launch
[1.663s] -- Installing: /home/nextup/Downloads/colcon_ws/install/ebot_description/share/ebot_description//launch/ebot_gazebo_launch.py
[1.663s] -- Installing: /home/nextup/Downloads/colcon_ws/install/ebot_description/share/ebot_description//launch/start_world_launch.py
[1.663s] -- Installing: /home/nextup/Downloads/colcon_ws/install/ebot_description/share/ebot_description//launch/spawn_robot.py
[1.663s] -- Installing: /home/nextup/Downloads/colcon_ws/install/ebot_description/share/ebot_description//worlds
[1.663s] -- Installing: /home/nextup/Downloads/colcon_ws/install/ebot_description/share/ebot_description//worlds/empty.world
[1.663s] -- Installing: /home/nextup/Downloads/colcon_ws/install/ebot_description/share/ebot_description//worlds/border_road.world
[1.664s] -- Installing: /home/nextup/Downloads/colcon_ws/install/ebot_description/share/ebot_description//models
[1.664s] -- Installing: /home/nextup/Downloads/colcon_ws/install/ebot_description/share/ebot_description//models/ebot
[1.664s] -- Installing: /home/nextup/Downloads/colcon_ws/install/ebot_description/share/ebot_description//models/ebot/ebot_description2.xacro
[1.664s] -- Installing: /home/nextup/Downloads/colcon_ws/install/ebot_description/share/ebot_description//models/ebot/car.urdf.xacro
[1.664s] -- Installing: /home/nextup/Downloads/colcon_ws/install/ebot_description/share/ebot_description//models/ebot/ebot_description1.xacro
[1.664s] -- Installing: /home/nextup/Downloads/colcon_ws/install/ebot_description/share/ebot_description//models/ebot/ebot.gazebo
[1.664s] -- Installing: /home/nextup/Downloads/colcon_ws/install/ebot_description/share/ebot_description//models/ebot/ebot_description.xacro
[1.664s] -- Installing: /home/nextup/Downloads/colcon_ws/install/ebot_description/share/ebot_description//meshes
[1.664s] -- Installing: /home/nextup/Downloads/colcon_ws/install/ebot_description/share/ebot_description//meshes/FUS1.STL
[1.664s] -- Installing: /home/nextup/Downloads/colcon_ws/install/ebot_description/share/ebot_description//meshes/RUS5.STL
[1.664s] -- Installing: /home/nextup/Downloads/colcon_ws/install/ebot_description/share/ebot_description//meshes/FWL.STL
[1.665s] -- Installing: /home/nextup/Downloads/colcon_ws/install/ebot_description/share/ebot_description//meshes/FUS4.STL
[1.665s] -- Installing: /home/nextup/Downloads/colcon_ws/install/ebot_description/share/ebot_description//meshes/RUS6.STL
[1.665s] -- Installing: /home/nextup/Downloads/colcon_ws/install/ebot_description/share/ebot_description//meshes/FUS3.STL
[1.665s] -- Installing: /home/nextup/Downloads/colcon_ws/install/ebot_description/share/ebot_description//meshes/RHUS7.STL
[1.665s] -- Installing: /home/nextup/Downloads/colcon_ws/install/ebot_description/share/ebot_description//meshes/LHUS9.STL
[1.665s] -- Installing: /home/nextup/Downloads/colcon_ws/install/ebot_description/share/ebot_description//meshes/chassis.dae
[1.688s] -- Installing: /home/nextup/Downloads/colcon_ws/install/ebot_description/share/ebot_description//meshes/RWR.STL
[1.689s] -- Installing: /home/nextup/Downloads/colcon_ws/install/ebot_description/share/ebot_description//meshes/robot_base.stl
[1.689s] -- Installing: /home/nextup/Downloads/colcon_ws/install/ebot_description/share/ebot_description//meshes/RWL.STL
[1.689s] -- Installing: /home/nextup/Downloads/colcon_ws/install/ebot_description/share/ebot_description//meshes/FWR.STL
[1.690s] -- Installing: /home/nextup/Downloads/colcon_ws/install/ebot_description/share/ebot_description//meshes/RHUS9.STL
[1.690s] -- Installing: /home/nextup/Downloads/colcon_ws/install/ebot_description/share/ebot_description//meshes/FUS2.STL
[1.690s] -- Installing: /home/nextup/Downloads/colcon_ws/install/ebot_description/share/ebot_description//meshes/LHUS10.STL
[1.690s] -- Installing: /home/nextup/Downloads/colcon_ws/install/ebot_description/share/ebot_description//plugins
[1.690s] -- Installing: /home/nextup/Downloads/colcon_ws/install/ebot_description/share/ebot_description//plugins/libgazebo_collision_sensor.so
[1.692s] -- Installing: /home/nextup/Downloads/colcon_ws/install/ebot_description/share/ebot_description//plugins/libgazebo_ros_vacuum_gripper.so
[1.695s] -- Installing: /home/nextup/Downloads/colcon_ws/install/ebot_description/share/ament_index/resource_index/package_run_dependencies/ebot_description
[1.695s] -- Installing: /home/nextup/Downloads/colcon_ws/install/ebot_description/share/ament_index/resource_index/parent_prefix_path/ebot_description
[1.695s] -- Installing: /home/nextup/Downloads/colcon_ws/install/ebot_description/share/ebot_description/environment/ament_prefix_path.sh
[1.695s] -- Installing: /home/nextup/Downloads/colcon_ws/install/ebot_description/share/ebot_description/environment/ament_prefix_path.dsv
[1.695s] -- Installing: /home/nextup/Downloads/colcon_ws/install/ebot_description/share/ebot_description/environment/path.sh
[1.695s] -- Installing: /home/nextup/Downloads/colcon_ws/install/ebot_description/share/ebot_description/environment/path.dsv
[1.695s] -- Installing: /home/nextup/Downloads/colcon_ws/install/ebot_description/share/ebot_description/local_setup.bash
[1.695s] -- Installing: /home/nextup/Downloads/colcon_ws/install/ebot_description/share/ebot_description/local_setup.sh
[1.695s] -- Installing: /home/nextup/Downloads/colcon_ws/install/ebot_description/share/ebot_description/local_setup.zsh
[1.696s] -- Installing: /home/nextup/Downloads/colcon_ws/install/ebot_description/share/ebot_description/local_setup.dsv
[1.696s] -- Installing: /home/nextup/Downloads/colcon_ws/install/ebot_description/share/ebot_description/package.dsv
[1.696s] -- Installing: /home/nextup/Downloads/colcon_ws/install/ebot_description/share/ament_index/resource_index/packages/ebot_description
[1.696s] -- Installing: /home/nextup/Downloads/colcon_ws/install/ebot_description/share/ebot_description/cmake/ebot_descriptionConfig.cmake
[1.696s] -- Installing: /home/nextup/Downloads/colcon_ws/install/ebot_description/share/ebot_description/cmake/ebot_descriptionConfig-version.cmake
[1.696s] -- Installing: /home/nextup/Downloads/colcon_ws/install/ebot_description/share/ebot_description/package.xml
[1.697s] Invoked command in '/home/nextup/Downloads/colcon_ws/build/ebot_description' returned '0': CMAKE_PREFIX_PATH=${CMAKE_PREFIX_PATH}:/home/nextup/Downloads/colcon_ws/install/ur_description:/opt/ros/humble /usr/bin/cmake --install /home/nextup/Downloads/colcon_ws/build/ebot_description
