[0.172s] Invoking command in '/home/nextup/Downloads/colcon_ws/build/gazebo_ros2_control': CMAKE_PREFIX_PATH=${CMAKE_PREFIX_PATH}:/home/nextup/Downloads/colcon_ws/install/ur_description:/opt/ros/humble /usr/bin/cmake /home/nextup/Downloads/colcon_ws/src/gazebo_ros2_control -DCMAKE_INSTALL_PREFIX=/home/nextup/Downloads/colcon_ws/install/gazebo_ros2_control
[0.209s] -- The C compiler identification is GNU 11.4.0
[0.246s] -- The CXX compiler identification is GNU 11.4.0
[0.251s] -- Detecting C compiler ABI info
[0.297s] -- Detecting C compiler ABI info - done
[0.307s] -- Check for working C compiler: /usr/bin/cc - skipped
[0.307s] -- Detecting C compile features
[0.308s] -- Detecting C compile features - done
[0.310s] -- Detecting CXX compiler ABI info
[0.364s] -- Detecting CXX compiler ABI info - done
[0.370s] -- Check for working CXX compiler: /usr/bin/c++ - skipped
[0.370s] -- Detecting CXX compile features
[0.370s] -- Detecting CXX compile features - done
[0.373s] -- Found ament_cmake: 1.3.6 (/opt/ros/humble/share/ament_cmake/cmake)
[0.510s] -- Found Python3: /usr/bin/python3.10 (found version "3.10.12") found components: Interpreter 
[0.593s] -- Found angles: 1.15.0 (/opt/ros/humble/share/angles/cmake)
[0.596s] -- Found controller_manager: 2.35.0 (/opt/ros/humble/share/controller_manager/cmake)
[0.646s] -- Found rosidl_generator_c: 3.1.5 (/opt/ros/humble/share/rosidl_generator_c/cmake)
[0.651s] -- Found rosidl_adapter: 3.1.5 (/opt/ros/humble/share/rosidl_adapter/cmake)
[0.660s] -- Found rosidl_generator_cpp: 3.1.5 (/opt/ros/humble/share/rosidl_generator_cpp/cmake)
[0.673s] -- Using all available rosidl_typesupport_c: rosidl_typesupport_fastrtps_c;rosidl_typesupport_introspection_c
[0.694s] -- Using all available rosidl_typesupport_cpp: rosidl_typesupport_fastrtps_cpp;rosidl_typesupport_introspection_cpp
[1.271s] -- Found rmw_implementation_cmake: 6.1.1 (/opt/ros/humble/share/rmw_implementation_cmake/cmake)
[1.275s] -- Found rmw_fastrtps_cpp: 6.2.5 (/opt/ros/humble/share/rmw_fastrtps_cpp/cmake)
[1.310s] -- Found TinyXML2 via Config file: TinyXML2_DIR-NOTFOUND
[1.347s] -- Found OpenSSL: /usr/lib/x86_64-linux-gnu/libcrypto.so (found version "3.0.2")  
[1.349s] -- Found TinyXML2 via Config file: TinyXML2_DIR-NOTFOUND
[1.361s] -- Found FastRTPS: /opt/ros/humble/include  
[1.370s] -- Found TinyXML2 via Config file: TinyXML2_DIR-NOTFOUND
[1.374s] -- Found TinyXML2 via Config file: TinyXML2_DIR-NOTFOUND
[1.383s] -- Using RMW implementation 'rmw_fastrtps_cpp' as default
[1.393s] -- Looking for pthread.h
[1.442s] -- Looking for pthread.h - found
[1.442s] -- Performing Test CMAKE_HAVE_LIBC_PTHREAD
[1.494s] -- Performing Test CMAKE_HAVE_LIBC_PTHREAD - Success
[1.495s] -- Found Threads: TRUE  
[2.028s] -- Found gazebo_dev: 3.7.0 (/opt/ros/humble/share/gazebo_dev/cmake)
[2.033s] -- Found PkgConfig: /usr/bin/pkg-config (found version "0.29.2") 
[2.034s] -- Checking for module 'bullet>=2.82'
[2.044s] --   Found bullet, version 3.05
[2.118s] -- Found fcl: /usr/include (found suitable version "0.7.0", minimum required is "0.5.0") 
[2.151s] -- Found assimp: /usr/include (found version "5.2.0") 
[2.169s] -- Found DART: /usr/include (Required is at least version "6.6") found components: dart 
[2.196s] -- Found Boost: /usr/lib/x86_64-linux-gnu/cmake/Boost-1.74.0/BoostConfig.cmake (found suitable version "1.74.0", minimum required is "1.40.0") found components: thread system filesystem program_options regex iostreams date_time 
[2.208s] -- Found Protobuf: /usr/lib/x86_64-linux-gnu/libprotobuf.so (found version "3.12.4") 
[2.214s] -- Looking for ignition-math6 -- found version 6.15.0
[2.219s] -- Searching for dependencies of ignition-math6
[2.220s] -- Looking for OGRE...
[2.221s] -- OGRE_PREFIX_WATCH changed.
[2.225s] -- Checking for module 'OGRE'
[2.234s] --   Found OGRE, version 1.9.0
[2.255s] -- Found Ogre Ghadamon (1.9.0)
[2.262s] -- Found OGRE: optimized;/usr/lib/x86_64-linux-gnu/libOgreMain.so;debug;/usr/lib/x86_64-linux-gnu/libOgreMain.so
[2.269s] -- Looking for OGRE_Paging...
[2.274s] -- Found OGRE_Paging: optimized;/usr/lib/x86_64-linux-gnu/libOgrePaging.so;debug;/usr/lib/x86_64-linux-gnu/libOgrePaging.so
[2.274s] -- Looking for OGRE_Terrain...
[2.280s] -- Found OGRE_Terrain: optimized;/usr/lib/x86_64-linux-gnu/libOgreTerrain.so;debug;/usr/lib/x86_64-linux-gnu/libOgreTerrain.so
[2.280s] -- Looking for OGRE_Property...
[2.285s] -- Found OGRE_Property: optimized;/usr/lib/x86_64-linux-gnu/libOgreProperty.so;debug;/usr/lib/x86_64-linux-gnu/libOgreProperty.so
[2.285s] -- Looking for OGRE_RTShaderSystem...
[2.290s] -- Found OGRE_RTShaderSystem: optimized;/usr/lib/x86_64-linux-gnu/libOgreRTShaderSystem.so;debug;/usr/lib/x86_64-linux-gnu/libOgreRTShaderSystem.so
[2.290s] -- Looking for OGRE_Volume...
[2.296s] -- Found OGRE_Volume: optimized;/usr/lib/x86_64-linux-gnu/libOgreVolume.so;debug;/usr/lib/x86_64-linux-gnu/libOgreVolume.so
[2.296s] -- Looking for OGRE_Overlay...
[2.301s] -- Found OGRE_Overlay: optimized;/usr/lib/x86_64-linux-gnu/libOgreOverlay.so;debug;/usr/lib/x86_64-linux-gnu/libOgreOverlay.so
[2.422s] -- Looking for ignition-math6 -- found version 6.15.0
[2.425s] -- Looking for ignition-transport8 -- found version 8.2.1
[2.425s] -- Searching for dependencies of ignition-transport8
[2.439s] -- Found Protobuf: /usr/lib/x86_64-linux-gnu/libprotobuf.so (found suitable version "3.12.4", minimum required is "3") 
[2.448s] -- Config-file not installed for ZeroMQ -- checking for pkg-config
[2.451s] -- Checking for module 'libzmq >= 4'
[2.461s] --   Found libzmq , version 4.3.4
[2.484s] -- Found ZeroMQ: TRUE (Required is at least version "4") 
[2.488s] -- Checking for module 'uuid'
[2.498s] --   Found uuid, version 2.37.2
[2.519s] -- Found UUID: TRUE  
[2.522s] -- Looking for ignition-msgs5 -- found version 5.8.1
[2.522s] -- Searching for dependencies of ignition-msgs5
[2.537s] -- Looking for ignition-math6 -- found version 6.15.0
[2.540s] -- Checking for module 'tinyxml2'
[2.550s] --   Found tinyxml2, version 9.0.0
[2.572s] -- Looking for ignition-msgs5 -- found version 5.8.1
[2.575s] -- Looking for ignition-common3 -- found version 3.14.0
[2.575s] -- Searching for dependencies of ignition-common3
[2.575s] -- Looking for dlfcn.h - found
[2.576s] -- Looking for libdl - found
[2.577s] -- Found DL: TRUE  
[2.586s] -- Found tinyobjloader: /usr/lib/x86_64-linux-gnu/cmake/tinyobjloader/tinyobjloader-config.cmake (found version "2.0.0") 
[2.587s] -- Searching for <ignition-common3> component [graphics]
[2.589s] -- Looking for ignition-common3-graphics -- found version 3.14.0
[2.590s] -- Searching for dependencies of ignition-common3-graphics
[2.590s] -- Looking for ignition-math6 -- found version 6.15.0
[2.593s] -- Looking for ignition-fuel_tools4 -- found version 4.4.0
[2.593s] -- Searching for dependencies of ignition-fuel_tools4
[2.650s] -- Found CURL: /usr/lib/x86_64-linux-gnu/libcurl.so (found version "7.81.0")  
[2.657s] -- Checking for module 'jsoncpp'
[2.667s] --   Found jsoncpp, version 1.9.5
[2.689s] -- Found JSONCPP: TRUE  
[2.693s] -- Checking for module 'libzip'
[2.702s] --   Found libzip, version 1.7.3
[2.724s] -- Found ZIP: TRUE  
[2.724s] -- Looking for ignition-common3 -- found version 3.14.0
[2.724s] -- Looking for ignition-math6 -- found version 6.15.0
[2.725s] -- Looking for ignition-msgs5 -- found version 5.8.1
[2.728s] -- Gazebo version: 11.10
[2.729s] -- Checking for module 'tbb'
[2.739s] --   Found tbb, version 2021.5.0
[2.762s] -- Found gazebo_ros: 3.7.0 (/opt/ros/humble/share/gazebo_ros/cmake)
[2.771s] -- Found yaml_cpp_vendor: 8.0.2 (/opt/ros/humble/share/yaml_cpp_vendor/cmake)
[3.348s] -- Found ament_cmake_gtest: 1.3.6 (/opt/ros/humble/share/ament_cmake_gtest/cmake)
[3.351s] -- Found ament_lint_auto: 0.12.9 (/opt/ros/humble/share/ament_lint_auto/cmake)
[3.424s] -- Added test 'copyright' to check source files copyright and LICENSE
[3.425s] -- Added test 'cppcheck' to perform static code analysis on C / C++ code
[3.426s] -- Configured cppcheck include dirs: /home/nextup/Downloads/colcon_ws/src/gazebo_ros2_control/include
[3.426s] -- Configured cppcheck exclude dirs and/or files: 
[3.427s] -- Added test 'cpplint' to check C / C++ code against the Google style
[3.427s] -- Configured cpplint exclude dirs and/or files: 
[3.428s] -- Added test 'lint_cmake' to check CMake code style
[3.429s] -- Added test 'uncrustify' to check C / C++ code style
[3.429s] -- Configured uncrustify additional arguments: 
[3.430s] -- Added test 'xmllint' to check XML markup files
[3.432s] -- Configuring done
[3.469s] -- Generating done
[3.471s] -- Build files have been written to: /home/nextup/Downloads/colcon_ws/build/gazebo_ros2_control
[3.481s] Invoked command in '/home/nextup/Downloads/colcon_ws/build/gazebo_ros2_control' returned '0': CMAKE_PREFIX_PATH=${CMAKE_PREFIX_PATH}:/home/nextup/Downloads/colcon_ws/install/ur_description:/opt/ros/humble /usr/bin/cmake /home/nextup/Downloads/colcon_ws/src/gazebo_ros2_control -DCMAKE_INSTALL_PREFIX=/home/nextup/Downloads/colcon_ws/install/gazebo_ros2_control
[3.483s] Invoking command in '/home/nextup/Downloads/colcon_ws/build/gazebo_ros2_control': CMAKE_PREFIX_PATH=${CMAKE_PREFIX_PATH}:/home/nextup/Downloads/colcon_ws/install/ur_description:/opt/ros/humble /usr/bin/cmake --build /home/nextup/Downloads/colcon_ws/build/gazebo_ros2_control -- -j16 -l16
[3.523s] [ 50%] [32mBuilding CXX object CMakeFiles/gazebo_ros2_control.dir/src/gazebo_ros2_control_plugin.cpp.o[0m
[3.523s] [ 50%] [32mBuilding CXX object CMakeFiles/gazebo_hardware_plugins.dir/src/gazebo_system.cpp.o[0m
[12.560s] [ 75%] [32m[1mLinking CXX shared library libgazebo_hardware_plugins.so[0m
[12.892s] [ 75%] Built target gazebo_hardware_plugins
[14.116s] [100%] [32m[1mLinking CXX shared library libgazebo_ros2_control.so[0m
[14.534s] [100%] Built target gazebo_ros2_control
[14.542s] Invoked command in '/home/nextup/Downloads/colcon_ws/build/gazebo_ros2_control' returned '0': CMAKE_PREFIX_PATH=${CMAKE_PREFIX_PATH}:/home/nextup/Downloads/colcon_ws/install/ur_description:/opt/ros/humble /usr/bin/cmake --build /home/nextup/Downloads/colcon_ws/build/gazebo_ros2_control -- -j16 -l16
[14.564s] Invoking command in '/home/nextup/Downloads/colcon_ws/build/gazebo_ros2_control': CMAKE_PREFIX_PATH=${CMAKE_PREFIX_PATH}:/home/nextup/Downloads/colcon_ws/install/ur_description:/opt/ros/humble /usr/bin/cmake --install /home/nextup/Downloads/colcon_ws/build/gazebo_ros2_control
[14.570s] -- Install configuration: ""
[14.570s] -- Installing: /home/nextup/Downloads/colcon_ws/install/gazebo_ros2_control/lib/libgazebo_ros2_control.so
[14.572s] -- Set runtime path of "/home/nextup/Downloads/colcon_ws/install/gazebo_ros2_control/lib/libgazebo_ros2_control.so" to ""
[14.572s] -- Installing: /home/nextup/Downloads/colcon_ws/install/gazebo_ros2_control/lib/libgazebo_hardware_plugins.so
[14.573s] -- Set runtime path of "/home/nextup/Downloads/colcon_ws/install/gazebo_ros2_control/lib/libgazebo_hardware_plugins.so" to ""
[14.573s] -- Installing: /home/nextup/Downloads/colcon_ws/install/gazebo_ros2_control/share/gazebo_ros2_control/environment/library_path.sh
[14.574s] -- Installing: /home/nextup/Downloads/colcon_ws/install/gazebo_ros2_control/share/gazebo_ros2_control/environment/library_path.dsv
[14.574s] -- Installing: /home/nextup/Downloads/colcon_ws/install/gazebo_ros2_control/include/gazebo_ros2_control
[14.574s] -- Installing: /home/nextup/Downloads/colcon_ws/install/gazebo_ros2_control/include/gazebo_ros2_control/gazebo_ros2_control_plugin.hpp
[14.574s] -- Installing: /home/nextup/Downloads/colcon_ws/install/gazebo_ros2_control/include/gazebo_ros2_control/gazebo_system.hpp
[14.574s] -- Installing: /home/nextup/Downloads/colcon_ws/install/gazebo_ros2_control/include/gazebo_ros2_control/gazebo_system_interface.hpp
[14.574s] -- Installing: /home/nextup/Downloads/colcon_ws/install/gazebo_ros2_control/share/gazebo_ros2_control/gazebo_hardware_plugins.xml
[14.574s] -- Installing: /home/nextup/Downloads/colcon_ws/install/gazebo_ros2_control/share/ament_index/resource_index/package_run_dependencies/gazebo_ros2_control
[14.574s] -- Installing: /home/nextup/Downloads/colcon_ws/install/gazebo_ros2_control/share/ament_index/resource_index/parent_prefix_path/gazebo_ros2_control
[14.574s] -- Installing: /home/nextup/Downloads/colcon_ws/install/gazebo_ros2_control/share/gazebo_ros2_control/environment/ament_prefix_path.sh
[14.574s] -- Installing: /home/nextup/Downloads/colcon_ws/install/gazebo_ros2_control/share/gazebo_ros2_control/environment/ament_prefix_path.dsv
[14.574s] -- Installing: /home/nextup/Downloads/colcon_ws/install/gazebo_ros2_control/share/gazebo_ros2_control/environment/path.sh
[14.574s] -- Installing: /home/nextup/Downloads/colcon_ws/install/gazebo_ros2_control/share/gazebo_ros2_control/environment/path.dsv
[14.575s] -- Installing: /home/nextup/Downloads/colcon_ws/install/gazebo_ros2_control/share/gazebo_ros2_control/local_setup.bash
[14.575s] -- Installing: /home/nextup/Downloads/colcon_ws/install/gazebo_ros2_control/share/gazebo_ros2_control/local_setup.sh
[14.575s] -- Installing: /home/nextup/Downloads/colcon_ws/install/gazebo_ros2_control/share/gazebo_ros2_control/local_setup.zsh
[14.575s] -- Installing: /home/nextup/Downloads/colcon_ws/install/gazebo_ros2_control/share/gazebo_ros2_control/local_setup.dsv
[14.575s] -- Installing: /home/nextup/Downloads/colcon_ws/install/gazebo_ros2_control/share/gazebo_ros2_control/package.dsv
[14.575s] -- Installing: /home/nextup/Downloads/colcon_ws/install/gazebo_ros2_control/share/ament_index/resource_index/packages/gazebo_ros2_control
[14.575s] -- Installing: /home/nextup/Downloads/colcon_ws/install/gazebo_ros2_control/share/ament_index/resource_index/gazebo_ros2_control__pluginlib__plugin/gazebo_ros2_control
[14.575s] -- Installing: /home/nextup/Downloads/colcon_ws/install/gazebo_ros2_control/share/gazebo_ros2_control/cmake/ament_cmake_export_include_directories-extras.cmake
[14.575s] -- Installing: /home/nextup/Downloads/colcon_ws/install/gazebo_ros2_control/share/gazebo_ros2_control/cmake/ament_cmake_export_dependencies-extras.cmake
[14.575s] -- Installing: /home/nextup/Downloads/colcon_ws/install/gazebo_ros2_control/share/gazebo_ros2_control/cmake/ament_cmake_export_libraries-extras.cmake
[14.575s] -- Installing: /home/nextup/Downloads/colcon_ws/install/gazebo_ros2_control/share/gazebo_ros2_control/cmake/gazebo_ros2_controlConfig.cmake
[14.575s] -- Installing: /home/nextup/Downloads/colcon_ws/install/gazebo_ros2_control/share/gazebo_ros2_control/cmake/gazebo_ros2_controlConfig-version.cmake
[14.575s] -- Installing: /home/nextup/Downloads/colcon_ws/install/gazebo_ros2_control/share/gazebo_ros2_control/package.xml
[14.577s] Invoked command in '/home/nextup/Downloads/colcon_ws/build/gazebo_ros2_control' returned '0': CMAKE_PREFIX_PATH=${CMAKE_PREFIX_PATH}:/home/nextup/Downloads/colcon_ws/install/ur_description:/opt/ros/humble /usr/bin/cmake --install /home/nextup/Downloads/colcon_ws/build/gazebo_ros2_control
