[0.049s] Invoking command in '/home/nextup/Downloads/colcon_ws/build/realsense_gazebo_plugin': CMAKE_PREFIX_PATH=/opt/ros/humble /usr/bin/cmake /home/nextup/Downloads/colcon_ws/src/realsense_gazebo_plugin -DCMAKE_INSTALL_PREFIX=/home/nextup/Downloads/colcon_ws/install/realsense_gazebo_plugin
[0.057s] -- Found ament_cmake: 1.3.6 (/opt/ros/humble/share/ament_cmake/cmake)
[0.153s] -- Override CMake install command with custom implementation using symlinks instead of copying resources
[0.159s] -- Found rclcpp: 16.0.7 (/opt/ros/humble/share/rclcpp/cmake)
[0.182s] -- Found rosidl_generator_c: 3.1.5 (/opt/ros/humble/share/rosidl_generator_c/cmake)
[0.184s] -- Found rosidl_adapter: 3.1.5 (/opt/ros/humble/share/rosidl_adapter/cmake)
[0.189s] -- Found rosidl_generator_cpp: 3.1.5 (/opt/ros/humble/share/rosidl_generator_cpp/cmake)
[0.198s] -- Using all available rosidl_typesupport_c: rosidl_typesupport_fastrtps_c;rosidl_typesupport_introspection_c
[0.210s] -- Using all available rosidl_typesupport_cpp: rosidl_typesupport_fastrtps_cpp;rosidl_typesupport_introspection_cpp
[0.256s] -- Found rmw_implementation_cmake: 6.1.1 (/opt/ros/humble/share/rmw_implementation_cmake/cmake)
[0.257s] -- Found rmw_fastrtps_cpp: 6.2.5 (/opt/ros/humble/share/rmw_fastrtps_cpp/cmake)
[0.366s] -- Using RMW implementation 'rmw_fastrtps_cpp' as default
[0.493s] -- Found gazebo_ros: 3.7.0 (/opt/ros/humble/share/gazebo_ros/cmake)
[0.515s] -- Found DART: /usr/include (Required is at least version "6.6") found components: dart 
[0.534s] -- Found Protobuf: /usr/lib/x86_64-linux-gnu/libprotobuf.so (found version "3.12.4") 
[0.536s] -- Looking for ignition-math6 -- found version 6.15.0
[0.538s] -- Searching for dependencies of ignition-math6
[0.539s] -- Looking for OGRE...
[0.543s] -- Found Ogre Ghadamon (1.9.0)
[0.543s] -- Found OGRE: optimized;/usr/lib/x86_64-linux-gnu/libOgreMain.so;debug;/usr/lib/x86_64-linux-gnu/libOgreMain.so
[0.550s] -- Looking for OGRE_Paging...
[0.550s] -- Found OGRE_Paging: optimized;/usr/lib/x86_64-linux-gnu/libOgrePaging.so;debug;/usr/lib/x86_64-linux-gnu/libOgrePaging.so
[0.550s] -- Looking for OGRE_Terrain...
[0.550s] -- Found OGRE_Terrain: optimized;/usr/lib/x86_64-linux-gnu/libOgreTerrain.so;debug;/usr/lib/x86_64-linux-gnu/libOgreTerrain.so
[0.551s] -- Looking for OGRE_Property...
[0.551s] -- Found OGRE_Property: optimized;/usr/lib/x86_64-linux-gnu/libOgreProperty.so;debug;/usr/lib/x86_64-linux-gnu/libOgreProperty.so
[0.551s] -- Looking for OGRE_RTShaderSystem...
[0.551s] -- Found OGRE_RTShaderSystem: optimized;/usr/lib/x86_64-linux-gnu/libOgreRTShaderSystem.so;debug;/usr/lib/x86_64-linux-gnu/libOgreRTShaderSystem.so
[0.551s] -- Looking for OGRE_Volume...
[0.551s] -- Found OGRE_Volume: optimized;/usr/lib/x86_64-linux-gnu/libOgreVolume.so;debug;/usr/lib/x86_64-linux-gnu/libOgreVolume.so
[0.551s] -- Looking for OGRE_Overlay...
[0.551s] -- Found OGRE_Overlay: optimized;/usr/lib/x86_64-linux-gnu/libOgreOverlay.so;debug;/usr/lib/x86_64-linux-gnu/libOgreOverlay.so
[0.622s] -- Looking for ignition-math6 -- found version 6.15.0
[0.622s] -- Looking for ignition-transport8 -- found version 8.2.1
[0.623s] -- Searching for dependencies of ignition-transport8
[0.634s] -- Found Protobuf: /usr/lib/x86_64-linux-gnu/libprotobuf.so (found suitable version "3.12.4", minimum required is "3") 
[0.642s] -- Config-file not installed for ZeroMQ -- checking for pkg-config
[0.645s] -- Checking for module 'libzmq >= 4'
[0.652s] --   Found libzmq , version 4.3.4
[0.673s] -- Checking for module 'uuid'
[0.680s] --   Found uuid, version 2.37.2
[0.696s] -- Looking for ignition-msgs5 -- found version 5.8.1
[0.696s] -- Searching for dependencies of ignition-msgs5
[0.709s] -- Looking for ignition-math6 -- found version 6.15.0
[0.713s] -- Checking for module 'tinyxml2'
[0.719s] --   Found tinyxml2, version 9.0.0
[0.736s] -- Looking for ignition-msgs5 -- found version 5.8.1
[0.736s] -- Looking for ignition-common3 -- found version 3.14.0
[0.737s] -- Searching for dependencies of ignition-common3
[0.737s] -- Looking for dlfcn.h - found
[0.737s] -- Looking for libdl - found
[0.744s] -- Searching for <ignition-common3> component [graphics]
[0.744s] -- Looking for ignition-common3-graphics -- found version 3.14.0
[0.745s] -- Searching for dependencies of ignition-common3-graphics
[0.745s] -- Looking for ignition-math6 -- found version 6.15.0
[0.746s] -- Looking for ignition-fuel_tools4 -- found version 4.4.0
[0.746s] -- Searching for dependencies of ignition-fuel_tools4
[0.770s] -- Checking for module 'jsoncpp'
[0.776s] --   Found jsoncpp, version 1.9.5
[0.797s] -- Checking for module 'libzip'
[0.803s] --   Found libzip, version 1.7.3
[0.820s] -- Looking for ignition-common3 -- found version 3.14.0
[0.821s] -- Looking for ignition-math6 -- found version 6.15.0
[0.821s] -- Looking for ignition-msgs5 -- found version 5.8.1
[0.822s] -- Gazebo version: 11.10
[0.826s] -- Found image_transport: 3.1.7 (/opt/ros/humble/share/image_transport/cmake)
[0.955s] -- Found camera_info_manager: 3.1.7 (/opt/ros/humble/share/camera_info_manager/cmake)
[0.999s] -- Found ament_lint_auto: 0.12.9 (/opt/ros/humble/share/ament_lint_auto/cmake)
[1.046s] -- Configuring done
[1.060s] -- Generating done
[1.061s] -- Build files have been written to: /home/nextup/Downloads/colcon_ws/build/realsense_gazebo_plugin
[1.068s] Invoked command in '/home/nextup/Downloads/colcon_ws/build/realsense_gazebo_plugin' returned '0': CMAKE_PREFIX_PATH=/opt/ros/humble /usr/bin/cmake /home/nextup/Downloads/colcon_ws/src/realsense_gazebo_plugin -DCMAKE_INSTALL_PREFIX=/home/nextup/Downloads/colcon_ws/install/realsense_gazebo_plugin
[1.069s] Invoking command in '/home/nextup/Downloads/colcon_ws/build/realsense_gazebo_plugin': CMAKE_PREFIX_PATH=/opt/ros/humble /usr/bin/cmake --build /home/nextup/Downloads/colcon_ws/build/realsense_gazebo_plugin -- -j16 -l16
[1.098s] [35m[1mConsolidate compiler generated dependencies of target realsense_gazebo_plugin[0m
[1.134s] [100%] Built target realsense_gazebo_plugin
[1.140s] Invoked command in '/home/nextup/Downloads/colcon_ws/build/realsense_gazebo_plugin' returned '0': CMAKE_PREFIX_PATH=/opt/ros/humble /usr/bin/cmake --build /home/nextup/Downloads/colcon_ws/build/realsense_gazebo_plugin -- -j16 -l16
[1.156s] Invoking command in '/home/nextup/Downloads/colcon_ws/build/realsense_gazebo_plugin': CMAKE_PREFIX_PATH=/opt/ros/humble /usr/bin/cmake --install /home/nextup/Downloads/colcon_ws/build/realsense_gazebo_plugin
[1.161s] -- Install configuration: ""
[1.161s] -- Execute custom install script
[1.161s] -- Up-to-date symlink: /home/nextup/Downloads/colcon_ws/install/realsense_gazebo_plugin/lib/librealsense_gazebo_plugin.so
[1.162s] -- Up-to-date symlink: /home/nextup/Downloads/colcon_ws/install/realsense_gazebo_plugin/include//realsense_gazebo_plugin/RealSensePlugin.h
[1.162s] -- Up-to-date symlink: /home/nextup/Downloads/colcon_ws/install/realsense_gazebo_plugin/include//realsense_gazebo_plugin/gazebo_ros_realsense.h
[1.162s] -- Up-to-date symlink: /home/nextup/Downloads/colcon_ws/install/realsense_gazebo_plugin/share/realsense_gazebo_plugin/environment/library_path.sh
[1.162s] -- Up-to-date symlink: /home/nextup/Downloads/colcon_ws/install/realsense_gazebo_plugin/share/realsense_gazebo_plugin/environment/library_path.dsv
[1.162s] -- Up-to-date symlink: /home/nextup/Downloads/colcon_ws/install/realsense_gazebo_plugin/share/ament_index/resource_index/package_run_dependencies/realsense_gazebo_plugin
[1.162s] -- Up-to-date symlink: /home/nextup/Downloads/colcon_ws/install/realsense_gazebo_plugin/share/ament_index/resource_index/parent_prefix_path/realsense_gazebo_plugin
[1.162s] -- Up-to-date symlink: /home/nextup/Downloads/colcon_ws/install/realsense_gazebo_plugin/share/realsense_gazebo_plugin/environment/ament_prefix_path.sh
[1.162s] -- Up-to-date symlink: /home/nextup/Downloads/colcon_ws/install/realsense_gazebo_plugin/share/realsense_gazebo_plugin/environment/ament_prefix_path.dsv
[1.163s] -- Up-to-date symlink: /home/nextup/Downloads/colcon_ws/install/realsense_gazebo_plugin/share/realsense_gazebo_plugin/environment/path.sh
[1.163s] -- Up-to-date symlink: /home/nextup/Downloads/colcon_ws/install/realsense_gazebo_plugin/share/realsense_gazebo_plugin/environment/path.dsv
[1.163s] -- Up-to-date symlink: /home/nextup/Downloads/colcon_ws/install/realsense_gazebo_plugin/share/realsense_gazebo_plugin/local_setup.bash
[1.163s] -- Up-to-date symlink: /home/nextup/Downloads/colcon_ws/install/realsense_gazebo_plugin/share/realsense_gazebo_plugin/local_setup.sh
[1.163s] -- Up-to-date symlink: /home/nextup/Downloads/colcon_ws/install/realsense_gazebo_plugin/share/realsense_gazebo_plugin/local_setup.zsh
[1.163s] -- Up-to-date symlink: /home/nextup/Downloads/colcon_ws/install/realsense_gazebo_plugin/share/realsense_gazebo_plugin/local_setup.dsv
[1.163s] -- Symlinking: /home/nextup/Downloads/colcon_ws/install/realsense_gazebo_plugin/share/realsense_gazebo_plugin/package.dsv
[1.168s] -- Up-to-date symlink: /home/nextup/Downloads/colcon_ws/install/realsense_gazebo_plugin/share/ament_index/resource_index/packages/realsense_gazebo_plugin
[1.168s] -- Up-to-date symlink: /home/nextup/Downloads/colcon_ws/install/realsense_gazebo_plugin/share/realsense_gazebo_plugin/cmake/ament_cmake_export_include_directories-extras.cmake
[1.168s] -- Up-to-date symlink: /home/nextup/Downloads/colcon_ws/install/realsense_gazebo_plugin/share/realsense_gazebo_plugin/cmake/ament_cmake_export_libraries-extras.cmake
[1.169s] -- Up-to-date symlink: /home/nextup/Downloads/colcon_ws/install/realsense_gazebo_plugin/share/realsense_gazebo_plugin/cmake/realsense_gazebo_pluginConfig.cmake
[1.169s] -- Up-to-date symlink: /home/nextup/Downloads/colcon_ws/install/realsense_gazebo_plugin/share/realsense_gazebo_plugin/cmake/realsense_gazebo_pluginConfig-version.cmake
[1.169s] -- Up-to-date symlink: /home/nextup/Downloads/colcon_ws/install/realsense_gazebo_plugin/share/realsense_gazebo_plugin/package.xml
[1.170s] Invoked command in '/home/nextup/Downloads/colcon_ws/build/realsense_gazebo_plugin' returned '0': CMAKE_PREFIX_PATH=/opt/ros/humble /usr/bin/cmake --install /home/nextup/Downloads/colcon_ws/build/realsense_gazebo_plugin
