[0.071s] Invoking command in '/home/nextup/Downloads/colcon_ws/build/gazebo_ros2_control': CMAKE_PREFIX_PATH=${CMAKE_PREFIX_PATH}:/opt/ros/humble /usr/bin/cmake /home/nextup/Downloads/colcon_ws/src/gazebo_ros2_control -DAMENT_CMAKE_SYMLINK_INSTALL=1 -DCMAKE_INSTALL_PREFIX=/home/nextup/Downloads/colcon_ws/install/gazebo_ros2_control
[0.079s] -- Found ament_cmake: 1.3.6 (/opt/ros/humble/share/ament_cmake/cmake)
[0.174s] -- Override CMake install command with custom implementation using symlinks instead of copying resources
[0.179s] -- Found angles: 1.15.0 (/opt/ros/humble/share/angles/cmake)
[0.180s] -- Found controller_manager: 2.35.0 (/opt/ros/humble/share/controller_manager/cmake)
[0.202s] -- Found rosidl_generator_c: 3.1.5 (/opt/ros/humble/share/rosidl_generator_c/cmake)
[0.204s] -- Found rosidl_adapter: 3.1.5 (/opt/ros/humble/share/rosidl_adapter/cmake)
[0.208s] -- Found rosidl_generator_cpp: 3.1.5 (/opt/ros/humble/share/rosidl_generator_cpp/cmake)
[0.216s] -- Using all available rosidl_typesupport_c: rosidl_typesupport_fastrtps_c;rosidl_typesupport_introspection_c
[0.228s] -- Using all available rosidl_typesupport_cpp: rosidl_typesupport_fastrtps_cpp;rosidl_typesupport_introspection_cpp
[0.734s] -- Found rmw_implementation_cmake: 6.1.1 (/opt/ros/humble/share/rmw_implementation_cmake/cmake)
[0.735s] -- Found rmw_fastrtps_cpp: 6.2.5 (/opt/ros/humble/share/rmw_fastrtps_cpp/cmake)
[0.759s] -- Found TinyXML2 via Config file: TinyXML2_DIR-NOTFOUND
[0.765s] -- Found TinyXML2 via Config file: TinyXML2_DIR-NOTFOUND
[0.781s] -- Found TinyXML2 via Config file: TinyXML2_DIR-NOTFOUND
[0.787s] -- Found TinyXML2 via Config file: TinyXML2_DIR-NOTFOUND
[0.794s] -- Using RMW implementation 'rmw_fastrtps_cpp' as default
[1.304s] -- Found gazebo_dev: 3.7.0 (/opt/ros/humble/share/gazebo_dev/cmake)
[1.323s] -- Found DART: /usr/include (Required is at least version "6.6") found components: dart 
[1.342s] -- Found Protobuf: /usr/lib/x86_64-linux-gnu/libprotobuf.so (found version "3.12.4") 
[1.343s] -- Looking for ignition-math6 -- found version 6.15.0
[1.346s] -- Searching for dependencies of ignition-math6
[1.347s] -- Looking for OGRE...
[1.350s] -- Found Ogre Ghadamon (1.9.0)
[1.351s] -- Found OGRE: optimized;/usr/lib/x86_64-linux-gnu/libOgreMain.so;debug;/usr/lib/x86_64-linux-gnu/libOgreMain.so
[1.357s] -- Looking for OGRE_Paging...
[1.357s] -- Found OGRE_Paging: optimized;/usr/lib/x86_64-linux-gnu/libOgrePaging.so;debug;/usr/lib/x86_64-linux-gnu/libOgrePaging.so
[1.357s] -- Looking for OGRE_Terrain...
[1.357s] -- Found OGRE_Terrain: optimized;/usr/lib/x86_64-linux-gnu/libOgreTerrain.so;debug;/usr/lib/x86_64-linux-gnu/libOgreTerrain.so
[1.357s] -- Looking for OGRE_Property...
[1.358s] -- Found OGRE_Property: optimized;/usr/lib/x86_64-linux-gnu/libOgreProperty.so;debug;/usr/lib/x86_64-linux-gnu/libOgreProperty.so
[1.358s] -- Looking for OGRE_RTShaderSystem...
[1.358s] -- Found OGRE_RTShaderSystem: optimized;/usr/lib/x86_64-linux-gnu/libOgreRTShaderSystem.so;debug;/usr/lib/x86_64-linux-gnu/libOgreRTShaderSystem.so
[1.358s] -- Looking for OGRE_Volume...
[1.358s] -- Found OGRE_Volume: optimized;/usr/lib/x86_64-linux-gnu/libOgreVolume.so;debug;/usr/lib/x86_64-linux-gnu/libOgreVolume.so
[1.358s] -- Looking for OGRE_Overlay...
[1.358s] -- Found OGRE_Overlay: optimized;/usr/lib/x86_64-linux-gnu/libOgreOverlay.so;debug;/usr/lib/x86_64-linux-gnu/libOgreOverlay.so
[1.431s] -- Looking for ignition-math6 -- found version 6.15.0
[1.431s] -- Looking for ignition-transport8 -- found version 8.2.1
[1.431s] -- Searching for dependencies of ignition-transport8
[1.443s] -- Found Protobuf: /usr/lib/x86_64-linux-gnu/libprotobuf.so (found suitable version "3.12.4", minimum required is "3") 
[1.451s] -- Config-file not installed for ZeroMQ -- checking for pkg-config
[1.454s] -- Checking for module 'libzmq >= 4'
[1.462s] --   Found libzmq , version 4.3.4
[1.485s] -- Checking for module 'uuid'
[1.493s] --   Found uuid, version 2.37.2
[1.512s] -- Looking for ignition-msgs5 -- found version 5.8.1
[1.512s] -- Searching for dependencies of ignition-msgs5
[1.526s] -- Looking for ignition-math6 -- found version 6.15.0
[1.531s] -- Looking for ignition-msgs5 -- found version 5.8.1
[1.531s] -- Looking for ignition-common3 -- found version 3.14.0
[1.531s] -- Searching for dependencies of ignition-common3
[1.531s] -- Looking for dlfcn.h - found
[1.532s] -- Looking for libdl - found
[1.539s] -- Searching for <ignition-common3> component [graphics]
[1.539s] -- Looking for ignition-common3-graphics -- found version 3.14.0
[1.539s] -- Searching for dependencies of ignition-common3-graphics
[1.540s] -- Looking for ignition-math6 -- found version 6.15.0
[1.540s] -- Looking for ignition-fuel_tools4 -- found version 4.4.0
[1.541s] -- Searching for dependencies of ignition-fuel_tools4
[1.566s] -- Checking for module 'jsoncpp'
[1.574s] --   Found jsoncpp, version 1.9.5
[1.597s] -- Checking for module 'libzip'
[1.604s] --   Found libzip, version 1.7.3
[1.623s] -- Looking for ignition-common3 -- found version 3.14.0
[1.624s] -- Looking for ignition-math6 -- found version 6.15.0
[1.624s] -- Looking for ignition-msgs5 -- found version 5.8.1
[1.625s] -- Gazebo version: 11.10
[1.626s] -- Found gazebo_ros: 3.7.0 (/opt/ros/humble/share/gazebo_ros/cmake)
[1.632s] -- Found yaml_cpp_vendor: 8.0.2 (/opt/ros/humble/share/yaml_cpp_vendor/cmake)
[2.202s] -- Found ament_cmake_gtest: 1.3.6 (/opt/ros/humble/share/ament_cmake_gtest/cmake)
[2.203s] -- Found ament_lint_auto: 0.12.9 (/opt/ros/humble/share/ament_lint_auto/cmake)
[2.253s] -- Added test 'copyright' to check source files copyright and LICENSE
[2.254s] -- Added test 'cppcheck' to perform static code analysis on C / C++ code
[2.254s] -- Configured cppcheck include dirs: /home/nextup/Downloads/colcon_ws/src/gazebo_ros2_control/include
[2.255s] -- Configured cppcheck exclude dirs and/or files: 
[2.255s] -- Added test 'cpplint' to check C / C++ code against the Google style
[2.255s] -- Configured cpplint exclude dirs and/or files: 
[2.255s] -- Added test 'lint_cmake' to check CMake code style
[2.256s] -- Added test 'uncrustify' to check C / C++ code style
[2.256s] -- Configured uncrustify additional arguments: 
[2.256s] -- Added test 'xmllint' to check XML markup files
[2.257s] -- Configuring done
[2.294s] -- Generating done
[2.295s] -- Build files have been written to: /home/nextup/Downloads/colcon_ws/build/gazebo_ros2_control
[2.305s] Invoked command in '/home/nextup/Downloads/colcon_ws/build/gazebo_ros2_control' returned '0': CMAKE_PREFIX_PATH=${CMAKE_PREFIX_PATH}:/opt/ros/humble /usr/bin/cmake /home/nextup/Downloads/colcon_ws/src/gazebo_ros2_control -DAMENT_CMAKE_SYMLINK_INSTALL=1 -DCMAKE_INSTALL_PREFIX=/home/nextup/Downloads/colcon_ws/install/gazebo_ros2_control
[2.305s] Invoking command in '/home/nextup/Downloads/colcon_ws/build/gazebo_ros2_control': CMAKE_PREFIX_PATH=${CMAKE_PREFIX_PATH}:/opt/ros/humble /usr/bin/cmake --build /home/nextup/Downloads/colcon_ws/build/gazebo_ros2_control -- -j16 -l16
[2.333s] [35m[1mConsolidate compiler generated dependencies of target gazebo_hardware_plugins[0m
[2.333s] [35m[1mConsolidate compiler generated dependencies of target gazebo_ros2_control[0m
[2.356s] [ 25%] [32m[1mLinking CXX shared library libgazebo_hardware_plugins.so[0m
[2.358s] [ 50%] [32m[1mLinking CXX shared library libgazebo_ros2_control.so[0m
[2.701s] [ 75%] Built target gazebo_hardware_plugins
[2.787s] [100%] Built target gazebo_ros2_control
[2.794s] Invoked command in '/home/nextup/Downloads/colcon_ws/build/gazebo_ros2_control' returned '0': CMAKE_PREFIX_PATH=${CMAKE_PREFIX_PATH}:/opt/ros/humble /usr/bin/cmake --build /home/nextup/Downloads/colcon_ws/build/gazebo_ros2_control -- -j16 -l16
[2.812s] Invoking command in '/home/nextup/Downloads/colcon_ws/build/gazebo_ros2_control': CMAKE_PREFIX_PATH=${CMAKE_PREFIX_PATH}:/opt/ros/humble /usr/bin/cmake --install /home/nextup/Downloads/colcon_ws/build/gazebo_ros2_control
[2.816s] -- Install configuration: ""
[2.816s] -- Execute custom install script
[2.817s] -- Symlinking: /home/nextup/Downloads/colcon_ws/install/gazebo_ros2_control/lib/libgazebo_ros2_control.so
[2.822s] -- Symlinking: /home/nextup/Downloads/colcon_ws/install/gazebo_ros2_control/lib/libgazebo_hardware_plugins.so
[2.828s] -- Symlinking: /home/nextup/Downloads/colcon_ws/install/gazebo_ros2_control/share/gazebo_ros2_control/environment/library_path.sh
[2.833s] -- Symlinking: /home/nextup/Downloads/colcon_ws/install/gazebo_ros2_control/share/gazebo_ros2_control/environment/library_path.dsv
[2.838s] -- Symlinking: /home/nextup/Downloads/colcon_ws/install/gazebo_ros2_control/include/gazebo_ros2_control/gazebo_ros2_control_plugin.hpp
[2.844s] -- Symlinking: /home/nextup/Downloads/colcon_ws/install/gazebo_ros2_control/include/gazebo_ros2_control/gazebo_system.hpp
[2.849s] -- Symlinking: /home/nextup/Downloads/colcon_ws/install/gazebo_ros2_control/include/gazebo_ros2_control/gazebo_system_interface.hpp
[2.854s] -- Symlinking: /home/nextup/Downloads/colcon_ws/install/gazebo_ros2_control/share/gazebo_ros2_control//gazebo_hardware_plugins.xml
[2.860s] -- Symlinking: /home/nextup/Downloads/colcon_ws/install/gazebo_ros2_control/share/ament_index/resource_index/package_run_dependencies/gazebo_ros2_control
[2.865s] -- Symlinking: /home/nextup/Downloads/colcon_ws/install/gazebo_ros2_control/share/ament_index/resource_index/parent_prefix_path/gazebo_ros2_control
[2.871s] -- Symlinking: /home/nextup/Downloads/colcon_ws/install/gazebo_ros2_control/share/gazebo_ros2_control/environment/ament_prefix_path.sh
[2.876s] -- Symlinking: /home/nextup/Downloads/colcon_ws/install/gazebo_ros2_control/share/gazebo_ros2_control/environment/ament_prefix_path.dsv
[2.882s] -- Symlinking: /home/nextup/Downloads/colcon_ws/install/gazebo_ros2_control/share/gazebo_ros2_control/environment/path.sh
[2.887s] -- Symlinking: /home/nextup/Downloads/colcon_ws/install/gazebo_ros2_control/share/gazebo_ros2_control/environment/path.dsv
[2.893s] -- Symlinking: /home/nextup/Downloads/colcon_ws/install/gazebo_ros2_control/share/gazebo_ros2_control/local_setup.bash
[2.898s] -- Symlinking: /home/nextup/Downloads/colcon_ws/install/gazebo_ros2_control/share/gazebo_ros2_control/local_setup.sh
[2.904s] -- Symlinking: /home/nextup/Downloads/colcon_ws/install/gazebo_ros2_control/share/gazebo_ros2_control/local_setup.zsh
[2.909s] -- Symlinking: /home/nextup/Downloads/colcon_ws/install/gazebo_ros2_control/share/gazebo_ros2_control/local_setup.dsv
[2.915s] -- Symlinking: /home/nextup/Downloads/colcon_ws/install/gazebo_ros2_control/share/gazebo_ros2_control/package.dsv
[2.920s] -- Symlinking: /home/nextup/Downloads/colcon_ws/install/gazebo_ros2_control/share/ament_index/resource_index/packages/gazebo_ros2_control
[2.926s] -- Symlinking: /home/nextup/Downloads/colcon_ws/install/gazebo_ros2_control/share/ament_index/resource_index/gazebo_ros2_control__pluginlib__plugin/gazebo_ros2_control
[2.931s] -- Symlinking: /home/nextup/Downloads/colcon_ws/install/gazebo_ros2_control/share/gazebo_ros2_control/cmake/ament_cmake_export_include_directories-extras.cmake
[2.937s] -- Symlinking: /home/nextup/Downloads/colcon_ws/install/gazebo_ros2_control/share/gazebo_ros2_control/cmake/ament_cmake_export_dependencies-extras.cmake
[2.942s] -- Symlinking: /home/nextup/Downloads/colcon_ws/install/gazebo_ros2_control/share/gazebo_ros2_control/cmake/ament_cmake_export_libraries-extras.cmake
[2.948s] -- Symlinking: /home/nextup/Downloads/colcon_ws/install/gazebo_ros2_control/share/gazebo_ros2_control/cmake/gazebo_ros2_controlConfig.cmake
[2.953s] -- Symlinking: /home/nextup/Downloads/colcon_ws/install/gazebo_ros2_control/share/gazebo_ros2_control/cmake/gazebo_ros2_controlConfig-version.cmake
[2.959s] -- Symlinking: /home/nextup/Downloads/colcon_ws/install/gazebo_ros2_control/share/gazebo_ros2_control/package.xml
[2.965s] Invoked command in '/home/nextup/Downloads/colcon_ws/build/gazebo_ros2_control' returned '0': CMAKE_PREFIX_PATH=${CMAKE_PREFIX_PATH}:/opt/ros/humble /usr/bin/cmake --install /home/nextup/Downloads/colcon_ws/build/gazebo_ros2_control
