[0.136s] Invoking command in '/home/nextup/Downloads/colcon_ws/build/ebot_nav2': CMAKE_PREFIX_PATH=${CMAKE_PREFIX_PATH}:/opt/ros/humble /usr/bin/cmake /home/nextup/Downloads/colcon_ws/src/ebot_nav2 -DAMENT_CMAKE_SYMLINK_INSTALL=1 -DCMAKE_INSTALL_PREFIX=/home/nextup/Downloads/colcon_ws/install/ebot_nav2
[0.143s] -- Found ament_cmake: 1.3.6 (/opt/ros/humble/share/ament_cmake/cmake)
[0.238s] -- Override CMake install command with custom implementation using symlinks instead of copying resources
[0.243s] -- Found rclcpp: 16.0.7 (/opt/ros/humble/share/rclcpp/cmake)
[0.265s] -- Found rosidl_generator_c: 3.1.5 (/opt/ros/humble/share/rosidl_generator_c/cmake)
[0.266s] -- Found rosidl_adapter: 3.1.5 (/opt/ros/humble/share/rosidl_adapter/cmake)
[0.271s] -- Found rosidl_generator_cpp: 3.1.5 (/opt/ros/humble/share/rosidl_generator_cpp/cmake)
[0.279s] -- Using all available rosidl_typesupport_c: rosidl_typesupport_fastrtps_c;rosidl_typesupport_introspection_c
[0.291s] -- Using all available rosidl_typesupport_cpp: rosidl_typesupport_fastrtps_cpp;rosidl_typesupport_introspection_cpp
[0.335s] -- Found rmw_implementation_cmake: 6.1.1 (/opt/ros/humble/share/rmw_implementation_cmake/cmake)
[0.336s] -- Found rmw_fastrtps_cpp: 6.2.5 (/opt/ros/humble/share/rmw_fastrtps_cpp/cmake)
[0.422s] -- Using RMW implementation 'rmw_fastrtps_cpp' as default
[0.546s] -- Found rclpy: 3.3.11 (/opt/ros/humble/share/rclpy/cmake)
[0.546s] -- Found urdf: 2.6.0 (/opt/ros/humble/share/urdf/cmake)
[0.562s] -- Found xacro: 2.0.8 (/opt/ros/humble/share/xacro/cmake)
[0.563s] -- Found ament_lint_auto: 0.12.9 (/opt/ros/humble/share/ament_lint_auto/cmake)
[0.612s] -- Added test 'flake8' to check Python code syntax and style conventions
[0.612s] -- Added test 'lint_cmake' to check CMake code style
[0.612s] -- Added test 'pep257' to check Python code against some of the docstring style conventions in PEP 257
[0.613s] -- Added test 'xmllint' to check XML markup files
[0.614s] -- Configuring done
[0.616s] -- Generating done
[0.617s] -- Build files have been written to: /home/nextup/Downloads/colcon_ws/build/ebot_nav2
[0.622s] Invoked command in '/home/nextup/Downloads/colcon_ws/build/ebot_nav2' returned '0': CMAKE_PREFIX_PATH=${CMAKE_PREFIX_PATH}:/opt/ros/humble /usr/bin/cmake /home/nextup/Downloads/colcon_ws/src/ebot_nav2 -DAMENT_CMAKE_SYMLINK_INSTALL=1 -DCMAKE_INSTALL_PREFIX=/home/nextup/Downloads/colcon_ws/install/ebot_nav2
[0.624s] Invoking command in '/home/nextup/Downloads/colcon_ws/build/ebot_nav2': CMAKE_PREFIX_PATH=${CMAKE_PREFIX_PATH}:/opt/ros/humble /usr/bin/cmake --build /home/nextup/Downloads/colcon_ws/build/ebot_nav2 -- -j16 -l16
[0.649s] Invoked command in '/home/nextup/Downloads/colcon_ws/build/ebot_nav2' returned '0': CMAKE_PREFIX_PATH=${CMAKE_PREFIX_PATH}:/opt/ros/humble /usr/bin/cmake --build /home/nextup/Downloads/colcon_ws/build/ebot_nav2 -- -j16 -l16
[0.668s] Invoking command in '/home/nextup/Downloads/colcon_ws/build/ebot_nav2': CMAKE_PREFIX_PATH=${CMAKE_PREFIX_PATH}:/opt/ros/humble /usr/bin/cmake --install /home/nextup/Downloads/colcon_ws/build/ebot_nav2
[0.673s] -- Install configuration: ""
[0.674s] -- Execute custom install script
[0.674s] -- Up-to-date symlink: /home/nextup/Downloads/colcon_ws/install/ebot_nav2/share/ebot_nav2//launch/ebot_bringup_launch.py
[0.674s] -- Up-to-date symlink: /home/nextup/Downloads/colcon_ws/install/ebot_nav2/share/ebot_nav2//config/ekf.yaml
[0.674s] -- Up-to-date symlink: /home/nextup/Downloads/colcon_ws/install/ebot_nav2/share/ebot_nav2//config/mapper_params_online_async.yaml
[0.674s] -- Up-to-date symlink: /home/nextup/Downloads/colcon_ws/install/ebot_nav2/share/ebot_nav2//maps/map.data
[0.674s] -- Up-to-date symlink: /home/nextup/Downloads/colcon_ws/install/ebot_nav2/share/ebot_nav2//maps/map.pgm
[0.674s] -- Up-to-date symlink: /home/nextup/Downloads/colcon_ws/install/ebot_nav2/share/ebot_nav2//maps/map.posegraph
[0.675s] -- Up-to-date symlink: /home/nextup/Downloads/colcon_ws/install/ebot_nav2/share/ebot_nav2//maps/map.yaml
[0.675s] -- Up-to-date symlink: /home/nextup/Downloads/colcon_ws/install/ebot_nav2/share/ebot_nav2//params/nav2_params.yaml
[0.675s] -- Up-to-date symlink: /home/nextup/Downloads/colcon_ws/install/ebot_nav2/share/ebot_nav2//rviz/nav2_default_view.rviz
[0.675s] -- Up-to-date symlink: /home/nextup/Downloads/colcon_ws/install/ebot_nav2/share/ament_index/resource_index/package_run_dependencies/ebot_nav2
[0.675s] -- Up-to-date symlink: /home/nextup/Downloads/colcon_ws/install/ebot_nav2/share/ament_index/resource_index/parent_prefix_path/ebot_nav2
[0.675s] -- Up-to-date symlink: /home/nextup/Downloads/colcon_ws/install/ebot_nav2/share/ebot_nav2/environment/ament_prefix_path.sh
[0.675s] -- Up-to-date symlink: /home/nextup/Downloads/colcon_ws/install/ebot_nav2/share/ebot_nav2/environment/ament_prefix_path.dsv
[0.675s] -- Up-to-date symlink: /home/nextup/Downloads/colcon_ws/install/ebot_nav2/share/ebot_nav2/environment/path.sh
[0.675s] -- Up-to-date symlink: /home/nextup/Downloads/colcon_ws/install/ebot_nav2/share/ebot_nav2/environment/path.dsv
[0.676s] -- Up-to-date symlink: /home/nextup/Downloads/colcon_ws/install/ebot_nav2/share/ebot_nav2/local_setup.bash
[0.676s] -- Up-to-date symlink: /home/nextup/Downloads/colcon_ws/install/ebot_nav2/share/ebot_nav2/local_setup.sh
[0.676s] -- Up-to-date symlink: /home/nextup/Downloads/colcon_ws/install/ebot_nav2/share/ebot_nav2/local_setup.zsh
[0.676s] -- Up-to-date symlink: /home/nextup/Downloads/colcon_ws/install/ebot_nav2/share/ebot_nav2/local_setup.dsv
[0.676s] -- Symlinking: /home/nextup/Downloads/colcon_ws/install/ebot_nav2/share/ebot_nav2/package.dsv
[0.682s] -- Up-to-date symlink: /home/nextup/Downloads/colcon_ws/install/ebot_nav2/share/ament_index/resource_index/packages/ebot_nav2
[0.682s] -- Up-to-date symlink: /home/nextup/Downloads/colcon_ws/install/ebot_nav2/share/ebot_nav2/cmake/ebot_nav2Config.cmake
[0.682s] -- Up-to-date symlink: /home/nextup/Downloads/colcon_ws/install/ebot_nav2/share/ebot_nav2/cmake/ebot_nav2Config-version.cmake
[0.682s] -- Up-to-date symlink: /home/nextup/Downloads/colcon_ws/install/ebot_nav2/share/ebot_nav2/package.xml
[0.683s] Invoked command in '/home/nextup/Downloads/colcon_ws/build/ebot_nav2' returned '0': CMAKE_PREFIX_PATH=${CMAKE_PREFIX_PATH}:/opt/ros/humble /usr/bin/cmake --install /home/nextup/Downloads/colcon_ws/build/ebot_nav2
