[0.287s] Invoking command in '/home/nextup/Downloads/colcon_ws/build/linkattacher_msgs': CMAKE_PREFIX_PATH=${CMAKE_PREFIX_PATH}:/opt/ros/humble /usr/bin/cmake /home/nextup/Downloads/colcon_ws/src/linkattacher_msgs -DCMAKE_INSTALL_PREFIX=/home/nextup/Downloads/colcon_ws/install/linkattacher_msgs
[0.331s] -- The C compiler identification is GNU 11.4.0
[0.375s] -- The CXX compiler identification is GNU 11.4.0
[0.379s] -- Detecting C compiler ABI info
[0.430s] -- Detecting C compiler ABI info - done
[0.440s] -- Check for working C compiler: /usr/bin/cc - skipped
[0.440s] -- Detecting C compile features
[0.440s] -- Detecting C compile features - done
[0.442s] -- Detecting CXX compiler ABI info
[0.500s] -- Detecting CXX compiler ABI info - done
[0.506s] -- Check for working CXX compiler: /usr/bin/c++ - skipped
[0.506s] -- Detecting CXX compile features
[0.506s] -- Detecting CXX compile features - done
[0.509s] -- Found ament_cmake: 1.3.6 (/opt/ros/humble/share/ament_cmake/cmake)
[0.655s] -- Found Python3: /usr/bin/python3.10 (found version "3.10.12") found components: Interpreter 
[0.757s] -- Found ament_lint_auto: 0.12.9 (/opt/ros/humble/share/ament_lint_auto/cmake)
[0.824s] -- Found rosidl_default_generators: 1.2.0 (/opt/ros/humble/share/rosidl_default_generators/cmake)
[0.829s] -- Using all available rosidl_typesupport_c: rosidl_typesupport_fastrtps_c;rosidl_typesupport_introspection_c
[0.836s] -- Found rosidl_adapter: 3.1.5 (/opt/ros/humble/share/rosidl_adapter/cmake)
[0.874s] -- Using all available rosidl_typesupport_cpp: rosidl_typesupport_fastrtps_cpp;rosidl_typesupport_introspection_cpp
[1.059s] -- Found ament_cmake_ros: 0.10.0 (/opt/ros/humble/share/ament_cmake_ros/cmake)
[1.204s] -- Using all available rosidl_typesupport_c: rosidl_typesupport_fastrtps_c;rosidl_typesupport_introspection_c
[1.389s] -- Using all available rosidl_typesupport_cpp: rosidl_typesupport_fastrtps_cpp;rosidl_typesupport_introspection_cpp
[1.406s] -- Found PythonInterp: /usr/bin/python3 (found suitable version "3.10.12", minimum required is "3.6") 
[1.409s] -- Found python_cmake_module: 0.10.0 (/opt/ros/humble/share/python_cmake_module/cmake)
[1.428s] -- Found PythonLibs: /usr/lib/x86_64-linux-gnu/libpython3.10.so (found suitable version "3.10.12", minimum required is "3.5") 
[1.428s] -- Using PYTHON_EXECUTABLE: /usr/bin/python3
[1.428s] -- Using PYTHON_INCLUDE_DIRS: /usr/include/python3.10
[1.428s] -- Using PYTHON_LIBRARIES: /usr/lib/x86_64-linux-gnu/libpython3.10.so
[1.443s] -- Found PythonExtra: .so  
[1.473s] -- Added test 'copyright' to check source files copyright and LICENSE
[1.474s] -- Added test 'lint_cmake' to check CMake code style
[1.475s] -- Added test 'xmllint' to check XML markup files
[1.479s] -- Configuring done
[1.499s] -- Generating done
[1.500s] -- Build files have been written to: /home/nextup/Downloads/colcon_ws/build/linkattacher_msgs
[1.578s] Invoked command in '/home/nextup/Downloads/colcon_ws/build/linkattacher_msgs' returned '0': CMAKE_PREFIX_PATH=${CMAKE_PREFIX_PATH}:/opt/ros/humble /usr/bin/cmake /home/nextup/Downloads/colcon_ws/src/linkattacher_msgs -DCMAKE_INSTALL_PREFIX=/home/nextup/Downloads/colcon_ws/install/linkattacher_msgs
[1.579s] Invoking command in '/home/nextup/Downloads/colcon_ws/build/linkattacher_msgs': CMAKE_PREFIX_PATH=${CMAKE_PREFIX_PATH}:/opt/ros/humble /usr/bin/cmake --build /home/nextup/Downloads/colcon_ws/build/linkattacher_msgs -- -j16 -l16
[1.611s] [  2%] [34m[1mGenerating C code for ROS interfaces[0m
[1.615s] [  5%] [34m[1mGenerating C++ code for ROS interfaces[0m
[1.625s] [  5%] Built target ament_cmake_python_copy_linkattacher_msgs
[1.907s] running egg_info
[1.907s] creating linkattacher_msgs.egg-info
[1.907s] writing linkattacher_msgs.egg-info/PKG-INFO
[1.908s] writing dependency_links to linkattacher_msgs.egg-info/dependency_links.txt
[1.908s] writing top-level names to linkattacher_msgs.egg-info/top_level.txt
[1.908s] writing manifest file 'linkattacher_msgs.egg-info/SOURCES.txt'
[1.909s] reading manifest file 'linkattacher_msgs.egg-info/SOURCES.txt'
[1.910s] writing manifest file 'linkattacher_msgs.egg-info/SOURCES.txt'
[1.930s] [  5%] Built target ament_cmake_python_build_linkattacher_msgs_egg
[2.051s] [  5%] Built target linkattacher_msgs__cpp
[2.061s] [  7%] [34m[1mGenerating C++ introspection for ROS interfaces[0m
[2.068s] [ 10%] [34m[1mGenerating C++ type support for eProsima Fast-RTPS[0m
[2.069s] [ 12%] [34m[1mGenerating C++ type support dispatch for ROS interfaces[0m
[2.080s] [ 15%] [32mBuilding C object CMakeFiles/linkattacher_msgs__rosidl_generator_c.dir/rosidl_generator_c/linkattacher_msgs/srv/detail/attach_link__functions.c.o[0m
[2.081s] [ 17%] [32mBuilding C object CMakeFiles/linkattacher_msgs__rosidl_generator_c.dir/rosidl_generator_c/linkattacher_msgs/srv/detail/detach_link__functions.c.o[0m
[2.146s] [ 20%] [32m[1mLinking C shared library liblinkattacher_msgs__rosidl_generator_c.so[0m
[2.184s] [ 20%] Built target linkattacher_msgs__rosidl_generator_c
[2.195s] [ 23%] [34m[1mGenerating C type support dispatch for ROS interfaces[0m
[2.195s] [ 25%] [34m[1mGenerating C type support for eProsima Fast-RTPS[0m
[2.195s] [ 28%] [34m[1mGenerating C introspection for ROS interfaces[0m
[2.514s] [ 30%] [32mBuilding CXX object CMakeFiles/linkattacher_msgs__rosidl_typesupport_introspection_cpp.dir/rosidl_typesupport_introspection_cpp/linkattacher_msgs/srv/detail/attach_link__type_support.cpp.o[0m
[2.515s] [ 33%] [32mBuilding CXX object CMakeFiles/linkattacher_msgs__rosidl_typesupport_introspection_cpp.dir/rosidl_typesupport_introspection_cpp/linkattacher_msgs/srv/detail/detach_link__type_support.cpp.o[0m
[2.586s] [ 38%] [32mBuilding CXX object CMakeFiles/linkattacher_msgs__rosidl_typesupport_cpp.dir/rosidl_typesupport_cpp/linkattacher_msgs/srv/detach_link__type_support.cpp.o[0m
[2.586s] [ 38%] [32mBuilding CXX object CMakeFiles/linkattacher_msgs__rosidl_typesupport_cpp.dir/rosidl_typesupport_cpp/linkattacher_msgs/srv/attach_link__type_support.cpp.o[0m
[2.591s] [ 41%] [32mBuilding CXX object CMakeFiles/linkattacher_msgs__rosidl_typesupport_fastrtps_cpp.dir/rosidl_typesupport_fastrtps_cpp/linkattacher_msgs/srv/detail/dds_fastrtps/detach_link__type_support.cpp.o[0m
[2.591s] [ 43%] [32mBuilding CXX object CMakeFiles/linkattacher_msgs__rosidl_typesupport_fastrtps_cpp.dir/rosidl_typesupport_fastrtps_cpp/linkattacher_msgs/srv/detail/dds_fastrtps/attach_link__type_support.cpp.o[0m
[2.721s] [ 46%] [32mBuilding CXX object CMakeFiles/linkattacher_msgs__rosidl_typesupport_c.dir/rosidl_typesupport_c/linkattacher_msgs/srv/attach_link__type_support.cpp.o[0m
[2.727s] [ 48%] [32mBuilding CXX object CMakeFiles/linkattacher_msgs__rosidl_typesupport_c.dir/rosidl_typesupport_c/linkattacher_msgs/srv/detach_link__type_support.cpp.o[0m
[2.758s] [ 51%] [32mBuilding CXX object CMakeFiles/linkattacher_msgs__rosidl_typesupport_fastrtps_c.dir/rosidl_typesupport_fastrtps_c/linkattacher_msgs/srv/detail/attach_link__type_support_c.cpp.o[0m
[2.760s] [ 53%] [32mBuilding CXX object CMakeFiles/linkattacher_msgs__rosidl_typesupport_fastrtps_c.dir/rosidl_typesupport_fastrtps_c/linkattacher_msgs/srv/detail/detach_link__type_support_c.cpp.o[0m
[2.771s] [ 56%] [32m[1mLinking CXX shared library liblinkattacher_msgs__rosidl_typesupport_c.so[0m
[2.785s] [ 61%] [32mBuilding C object CMakeFiles/linkattacher_msgs__rosidl_typesupport_introspection_c.dir/rosidl_typesupport_introspection_c/linkattacher_msgs/srv/detail/attach_link__type_support.c.o[0m
[2.785s] [ 61%] [32mBuilding C object CMakeFiles/linkattacher_msgs__rosidl_typesupport_introspection_c.dir/rosidl_typesupport_introspection_c/linkattacher_msgs/srv/detail/detach_link__type_support.c.o[0m
[2.816s] [ 61%] Built target linkattacher_msgs__rosidl_typesupport_c
[2.831s] [ 64%] [32m[1mLinking C shared library liblinkattacher_msgs__rosidl_typesupport_introspection_c.so[0m
[2.859s] [ 64%] Built target linkattacher_msgs__rosidl_typesupport_introspection_c
[2.901s] [ 66%] [32m[1mLinking CXX shared library liblinkattacher_msgs__rosidl_typesupport_cpp.so[0m
[2.938s] [ 66%] Built target linkattacher_msgs__rosidl_typesupport_cpp
[2.960s] [ 69%] [32m[1mLinking CXX shared library liblinkattacher_msgs__rosidl_typesupport_introspection_cpp.so[0m
[3.005s] [ 69%] Built target linkattacher_msgs__rosidl_typesupport_introspection_cpp
[3.062s] [ 71%] [32m[1mLinking CXX shared library liblinkattacher_msgs__rosidl_typesupport_fastrtps_cpp.so[0m
[3.114s] [ 71%] Built target linkattacher_msgs__rosidl_typesupport_fastrtps_cpp
[3.137s] [ 74%] [32m[1mLinking CXX shared library liblinkattacher_msgs__rosidl_typesupport_fastrtps_c.so[0m
[3.189s] [ 74%] Built target linkattacher_msgs__rosidl_typesupport_fastrtps_c
[3.202s] [ 74%] Built target linkattacher_msgs
[3.216s] [ 76%] [34m[1mGenerating Python code for ROS interfaces[0m
[3.764s] [ 76%] Built target linkattacher_msgs__py
[3.779s] [ 79%] [32mBuilding C object CMakeFiles/linkattacher_msgs__rosidl_generator_py.dir/rosidl_generator_py/linkattacher_msgs/srv/_attach_link_s.c.o[0m
[3.779s] [ 82%] [32mBuilding C object CMakeFiles/linkattacher_msgs__rosidl_generator_py.dir/rosidl_generator_py/linkattacher_msgs/srv/_detach_link_s.c.o[0m
[3.852s] [ 84%] [32m[1mLinking C shared library rosidl_generator_py/linkattacher_msgs/liblinkattacher_msgs__rosidl_generator_py.so[0m
[3.879s] [ 84%] Built target linkattacher_msgs__rosidl_generator_py
[3.894s] [ 92%] [32mBuilding C object CMakeFiles/linkattacher_msgs__rosidl_typesupport_c__pyext.dir/rosidl_generator_py/linkattacher_msgs/_linkattacher_msgs_s.ep.rosidl_typesupport_c.c.o[0m
[3.894s] [ 92%] [32mBuilding C object CMakeFiles/linkattacher_msgs__rosidl_typesupport_introspection_c__pyext.dir/rosidl_generator_py/linkattacher_msgs/_linkattacher_msgs_s.ep.rosidl_typesupport_introspection_c.c.o[0m
[3.894s] [ 92%] [32mBuilding C object CMakeFiles/linkattacher_msgs__rosidl_typesupport_fastrtps_c__pyext.dir/rosidl_generator_py/linkattacher_msgs/_linkattacher_msgs_s.ep.rosidl_typesupport_fastrtps_c.c.o[0m
[3.963s] [ 94%] [32m[1mLinking C shared library rosidl_generator_py/linkattacher_msgs/linkattacher_msgs_s__rosidl_typesupport_c.cpython-310-x86_64-linux-gnu.so[0m
[3.963s] [ 97%] [32m[1mLinking C shared library rosidl_generator_py/linkattacher_msgs/linkattacher_msgs_s__rosidl_typesupport_introspection_c.cpython-310-x86_64-linux-gnu.so[0m
[3.967s] [100%] [32m[1mLinking C shared library rosidl_generator_py/linkattacher_msgs/linkattacher_msgs_s__rosidl_typesupport_fastrtps_c.cpython-310-x86_64-linux-gnu.so[0m
[3.986s] [100%] Built target linkattacher_msgs__rosidl_typesupport_c__pyext
[3.986s] [100%] Built target linkattacher_msgs__rosidl_typesupport_introspection_c__pyext
[3.991s] [100%] Built target linkattacher_msgs__rosidl_typesupport_fastrtps_c__pyext
[3.998s] Invoked command in '/home/nextup/Downloads/colcon_ws/build/linkattacher_msgs' returned '0': CMAKE_PREFIX_PATH=${CMAKE_PREFIX_PATH}:/opt/ros/humble /usr/bin/cmake --build /home/nextup/Downloads/colcon_ws/build/linkattacher_msgs -- -j16 -l16
[4.051s] Invoking command in '/home/nextup/Downloads/colcon_ws/build/linkattacher_msgs': CMAKE_PREFIX_PATH=${CMAKE_PREFIX_PATH}:/opt/ros/humble /usr/bin/cmake --install /home/nextup/Downloads/colcon_ws/build/linkattacher_msgs
[4.057s] -- Install configuration: ""
[4.057s] -- Installing: /home/nextup/Downloads/colcon_ws/install/linkattacher_msgs/share/linkattacher_msgs/srv
[4.057s] -- Installing: /home/nextup/Downloads/colcon_ws/install/linkattacher_msgs/share/linkattacher_msgs/srv/AttachLink.srv
[4.057s] -- Installing: /home/nextup/Downloads/colcon_ws/install/linkattacher_msgs/share/linkattacher_msgs/srv/DetachLink.srv
[4.058s] -- Installing: /home/nextup/Downloads/colcon_ws/install/linkattacher_msgs/share/ament_index/resource_index/rosidl_interfaces/linkattacher_msgs
[4.058s] -- Installing: /home/nextup/Downloads/colcon_ws/install/linkattacher_msgs/include/linkattacher_msgs/linkattacher_msgs
[4.058s] -- Installing: /home/nextup/Downloads/colcon_ws/install/linkattacher_msgs/include/linkattacher_msgs/linkattacher_msgs/msg
[4.058s] -- Installing: /home/nextup/Downloads/colcon_ws/install/linkattacher_msgs/include/linkattacher_msgs/linkattacher_msgs/msg/rosidl_generator_c__visibility_control.h
[4.058s] -- Installing: /home/nextup/Downloads/colcon_ws/install/linkattacher_msgs/include/linkattacher_msgs/linkattacher_msgs/srv
[4.058s] -- Installing: /home/nextup/Downloads/colcon_ws/install/linkattacher_msgs/include/linkattacher_msgs/linkattacher_msgs/srv/detach_link.h
[4.058s] -- Installing: /home/nextup/Downloads/colcon_ws/install/linkattacher_msgs/include/linkattacher_msgs/linkattacher_msgs/srv/attach_link.h
[4.058s] -- Installing: /home/nextup/Downloads/colcon_ws/install/linkattacher_msgs/include/linkattacher_msgs/linkattacher_msgs/srv/detail
[4.058s] -- Installing: /home/nextup/Downloads/colcon_ws/install/linkattacher_msgs/include/linkattacher_msgs/linkattacher_msgs/srv/detail/attach_link__type_support.h
[4.058s] -- Installing: /home/nextup/Downloads/colcon_ws/install/linkattacher_msgs/include/linkattacher_msgs/linkattacher_msgs/srv/detail/attach_link__functions.c
[4.058s] -- Installing: /home/nextup/Downloads/colcon_ws/install/linkattacher_msgs/include/linkattacher_msgs/linkattacher_msgs/srv/detail/detach_link__functions.h
[4.058s] -- Installing: /home/nextup/Downloads/colcon_ws/install/linkattacher_msgs/include/linkattacher_msgs/linkattacher_msgs/srv/detail/detach_link__struct.h
[4.058s] -- Installing: /home/nextup/Downloads/colcon_ws/install/linkattacher_msgs/include/linkattacher_msgs/linkattacher_msgs/srv/detail/attach_link__functions.h
[4.058s] -- Installing: /home/nextup/Downloads/colcon_ws/install/linkattacher_msgs/include/linkattacher_msgs/linkattacher_msgs/srv/detail/attach_link__struct.h
[4.058s] -- Installing: /home/nextup/Downloads/colcon_ws/install/linkattacher_msgs/include/linkattacher_msgs/linkattacher_msgs/srv/detail/detach_link__functions.c
[4.058s] -- Installing: /home/nextup/Downloads/colcon_ws/install/linkattacher_msgs/include/linkattacher_msgs/linkattacher_msgs/srv/detail/detach_link__type_support.h
[4.059s] -- Installing: /home/nextup/Downloads/colcon_ws/install/linkattacher_msgs/share/linkattacher_msgs/environment/library_path.sh
[4.059s] -- Installing: /home/nextup/Downloads/colcon_ws/install/linkattacher_msgs/share/linkattacher_msgs/environment/library_path.dsv
[4.059s] -- Installing: /home/nextup/Downloads/colcon_ws/install/linkattacher_msgs/lib/liblinkattacher_msgs__rosidl_generator_c.so
[4.059s] -- Set runtime path of "/home/nextup/Downloads/colcon_ws/install/linkattacher_msgs/lib/liblinkattacher_msgs__rosidl_generator_c.so" to ""
[4.059s] -- Up-to-date: /home/nextup/Downloads/colcon_ws/install/linkattacher_msgs/include/linkattacher_msgs/linkattacher_msgs
[4.059s] -- Up-to-date: /home/nextup/Downloads/colcon_ws/install/linkattacher_msgs/include/linkattacher_msgs/linkattacher_msgs/msg
[4.059s] -- Installing: /home/nextup/Downloads/colcon_ws/install/linkattacher_msgs/include/linkattacher_msgs/linkattacher_msgs/msg/rosidl_typesupport_fastrtps_c__visibility_control.h
[4.059s] -- Up-to-date: /home/nextup/Downloads/colcon_ws/install/linkattacher_msgs/include/linkattacher_msgs/linkattacher_msgs/srv
[4.059s] -- Up-to-date: /home/nextup/Downloads/colcon_ws/install/linkattacher_msgs/include/linkattacher_msgs/linkattacher_msgs/srv/detail
[4.059s] -- Installing: /home/nextup/Downloads/colcon_ws/install/linkattacher_msgs/include/linkattacher_msgs/linkattacher_msgs/srv/detail/detach_link__rosidl_typesupport_fastrtps_c.h
[4.060s] -- Installing: /home/nextup/Downloads/colcon_ws/install/linkattacher_msgs/include/linkattacher_msgs/linkattacher_msgs/srv/detail/attach_link__rosidl_typesupport_fastrtps_c.h
[4.060s] -- Installing: /home/nextup/Downloads/colcon_ws/install/linkattacher_msgs/lib/liblinkattacher_msgs__rosidl_typesupport_fastrtps_c.so
[4.060s] -- Set runtime path of "/home/nextup/Downloads/colcon_ws/install/linkattacher_msgs/lib/liblinkattacher_msgs__rosidl_typesupport_fastrtps_c.so" to ""
[4.060s] -- Up-to-date: /home/nextup/Downloads/colcon_ws/install/linkattacher_msgs/include/linkattacher_msgs/linkattacher_msgs
[4.060s] -- Up-to-date: /home/nextup/Downloads/colcon_ws/install/linkattacher_msgs/include/linkattacher_msgs/linkattacher_msgs/msg
[4.060s] -- Installing: /home/nextup/Downloads/colcon_ws/install/linkattacher_msgs/include/linkattacher_msgs/linkattacher_msgs/msg/rosidl_typesupport_introspection_c__visibility_control.h
[4.060s] -- Up-to-date: /home/nextup/Downloads/colcon_ws/install/linkattacher_msgs/include/linkattacher_msgs/linkattacher_msgs/srv
[4.060s] -- Up-to-date: /home/nextup/Downloads/colcon_ws/install/linkattacher_msgs/include/linkattacher_msgs/linkattacher_msgs/srv/detail
[4.060s] -- Installing: /home/nextup/Downloads/colcon_ws/install/linkattacher_msgs/include/linkattacher_msgs/linkattacher_msgs/srv/detail/attach_link__type_support.c
[4.060s] -- Installing: /home/nextup/Downloads/colcon_ws/install/linkattacher_msgs/include/linkattacher_msgs/linkattacher_msgs/srv/detail/attach_link__rosidl_typesupport_introspection_c.h
[4.060s] -- Installing: /home/nextup/Downloads/colcon_ws/install/linkattacher_msgs/include/linkattacher_msgs/linkattacher_msgs/srv/detail/detach_link__type_support.c
[4.060s] -- Installing: /home/nextup/Downloads/colcon_ws/install/linkattacher_msgs/include/linkattacher_msgs/linkattacher_msgs/srv/detail/detach_link__rosidl_typesupport_introspection_c.h
[4.060s] -- Installing: /home/nextup/Downloads/colcon_ws/install/linkattacher_msgs/lib/liblinkattacher_msgs__rosidl_typesupport_introspection_c.so
[4.060s] -- Set runtime path of "/home/nextup/Downloads/colcon_ws/install/linkattacher_msgs/lib/liblinkattacher_msgs__rosidl_typesupport_introspection_c.so" to ""
[4.060s] -- Installing: /home/nextup/Downloads/colcon_ws/install/linkattacher_msgs/lib/liblinkattacher_msgs__rosidl_typesupport_c.so
[4.060s] -- Set runtime path of "/home/nextup/Downloads/colcon_ws/install/linkattacher_msgs/lib/liblinkattacher_msgs__rosidl_typesupport_c.so" to ""
[4.060s] -- Up-to-date: /home/nextup/Downloads/colcon_ws/install/linkattacher_msgs/include/linkattacher_msgs/linkattacher_msgs
[4.060s] -- Up-to-date: /home/nextup/Downloads/colcon_ws/install/linkattacher_msgs/include/linkattacher_msgs/linkattacher_msgs/srv
[4.060s] -- Installing: /home/nextup/Downloads/colcon_ws/install/linkattacher_msgs/include/linkattacher_msgs/linkattacher_msgs/srv/attach_link.hpp
[4.061s] -- Installing: /home/nextup/Downloads/colcon_ws/install/linkattacher_msgs/include/linkattacher_msgs/linkattacher_msgs/srv/detach_link.hpp
[4.061s] -- Up-to-date: /home/nextup/Downloads/colcon_ws/install/linkattacher_msgs/include/linkattacher_msgs/linkattacher_msgs/srv/detail
[4.061s] -- Installing: /home/nextup/Downloads/colcon_ws/install/linkattacher_msgs/include/linkattacher_msgs/linkattacher_msgs/srv/detail/attach_link__traits.hpp
[4.061s] -- Installing: /home/nextup/Downloads/colcon_ws/install/linkattacher_msgs/include/linkattacher_msgs/linkattacher_msgs/srv/detail/attach_link__struct.hpp
[4.061s] -- Installing: /home/nextup/Downloads/colcon_ws/install/linkattacher_msgs/include/linkattacher_msgs/linkattacher_msgs/srv/detail/detach_link__builder.hpp
[4.061s] -- Installing: /home/nextup/Downloads/colcon_ws/install/linkattacher_msgs/include/linkattacher_msgs/linkattacher_msgs/srv/detail/detach_link__struct.hpp
[4.061s] -- Installing: /home/nextup/Downloads/colcon_ws/install/linkattacher_msgs/include/linkattacher_msgs/linkattacher_msgs/srv/detail/attach_link__builder.hpp
[4.061s] -- Installing: /home/nextup/Downloads/colcon_ws/install/linkattacher_msgs/include/linkattacher_msgs/linkattacher_msgs/srv/detail/detach_link__traits.hpp
[4.061s] -- Up-to-date: /home/nextup/Downloads/colcon_ws/install/linkattacher_msgs/include/linkattacher_msgs/linkattacher_msgs
[4.061s] -- Up-to-date: /home/nextup/Downloads/colcon_ws/install/linkattacher_msgs/include/linkattacher_msgs/linkattacher_msgs/msg
[4.061s] -- Installing: /home/nextup/Downloads/colcon_ws/install/linkattacher_msgs/include/linkattacher_msgs/linkattacher_msgs/msg/rosidl_typesupport_fastrtps_cpp__visibility_control.h
[4.061s] -- Up-to-date: /home/nextup/Downloads/colcon_ws/install/linkattacher_msgs/include/linkattacher_msgs/linkattacher_msgs/srv
[4.061s] -- Up-to-date: /home/nextup/Downloads/colcon_ws/install/linkattacher_msgs/include/linkattacher_msgs/linkattacher_msgs/srv/detail
[4.061s] -- Installing: /home/nextup/Downloads/colcon_ws/install/linkattacher_msgs/include/linkattacher_msgs/linkattacher_msgs/srv/detail/detach_link__rosidl_typesupport_fastrtps_cpp.hpp
[4.061s] -- Installing: /home/nextup/Downloads/colcon_ws/install/linkattacher_msgs/include/linkattacher_msgs/linkattacher_msgs/srv/detail/dds_fastrtps
[4.061s] -- Installing: /home/nextup/Downloads/colcon_ws/install/linkattacher_msgs/include/linkattacher_msgs/linkattacher_msgs/srv/detail/attach_link__rosidl_typesupport_fastrtps_cpp.hpp
[4.061s] -- Installing: /home/nextup/Downloads/colcon_ws/install/linkattacher_msgs/lib/liblinkattacher_msgs__rosidl_typesupport_fastrtps_cpp.so
[4.061s] -- Set runtime path of "/home/nextup/Downloads/colcon_ws/install/linkattacher_msgs/lib/liblinkattacher_msgs__rosidl_typesupport_fastrtps_cpp.so" to ""
[4.062s] -- Up-to-date: /home/nextup/Downloads/colcon_ws/install/linkattacher_msgs/include/linkattacher_msgs/linkattacher_msgs
[4.062s] -- Up-to-date: /home/nextup/Downloads/colcon_ws/install/linkattacher_msgs/include/linkattacher_msgs/linkattacher_msgs/srv
[4.062s] -- Up-to-date: /home/nextup/Downloads/colcon_ws/install/linkattacher_msgs/include/linkattacher_msgs/linkattacher_msgs/srv/detail
[4.062s] -- Installing: /home/nextup/Downloads/colcon_ws/install/linkattacher_msgs/include/linkattacher_msgs/linkattacher_msgs/srv/detail/attach_link__rosidl_typesupport_introspection_cpp.hpp
[4.062s] -- Installing: /home/nextup/Downloads/colcon_ws/install/linkattacher_msgs/include/linkattacher_msgs/linkattacher_msgs/srv/detail/detach_link__rosidl_typesupport_introspection_cpp.hpp
[4.062s] -- Installing: /home/nextup/Downloads/colcon_ws/install/linkattacher_msgs/include/linkattacher_msgs/linkattacher_msgs/srv/detail/attach_link__type_support.cpp
[4.062s] -- Installing: /home/nextup/Downloads/colcon_ws/install/linkattacher_msgs/include/linkattacher_msgs/linkattacher_msgs/srv/detail/detach_link__type_support.cpp
[4.062s] -- Installing: /home/nextup/Downloads/colcon_ws/install/linkattacher_msgs/lib/liblinkattacher_msgs__rosidl_typesupport_introspection_cpp.so
[4.062s] -- Set runtime path of "/home/nextup/Downloads/colcon_ws/install/linkattacher_msgs/lib/liblinkattacher_msgs__rosidl_typesupport_introspection_cpp.so" to ""
[4.062s] -- Installing: /home/nextup/Downloads/colcon_ws/install/linkattacher_msgs/lib/liblinkattacher_msgs__rosidl_typesupport_cpp.so
[4.062s] -- Set runtime path of "/home/nextup/Downloads/colcon_ws/install/linkattacher_msgs/lib/liblinkattacher_msgs__rosidl_typesupport_cpp.so" to ""
[4.062s] -- Installing: /home/nextup/Downloads/colcon_ws/install/linkattacher_msgs/share/linkattacher_msgs/environment/pythonpath.sh
[4.062s] -- Installing: /home/nextup/Downloads/colcon_ws/install/linkattacher_msgs/share/linkattacher_msgs/environment/pythonpath.dsv
[4.062s] -- Installing: /home/nextup/Downloads/colcon_ws/install/linkattacher_msgs/local/lib/python3.10/dist-packages/linkattacher_msgs-0.0.0-py3.10.egg-info
[4.062s] -- Installing: /home/nextup/Downloads/colcon_ws/install/linkattacher_msgs/local/lib/python3.10/dist-packages/linkattacher_msgs-0.0.0-py3.10.egg-info/top_level.txt
[4.062s] -- Installing: /home/nextup/Downloads/colcon_ws/install/linkattacher_msgs/local/lib/python3.10/dist-packages/linkattacher_msgs-0.0.0-py3.10.egg-info/dependency_links.txt
[4.063s] -- Installing: /home/nextup/Downloads/colcon_ws/install/linkattacher_msgs/local/lib/python3.10/dist-packages/linkattacher_msgs-0.0.0-py3.10.egg-info/PKG-INFO
[4.063s] -- Installing: /home/nextup/Downloads/colcon_ws/install/linkattacher_msgs/local/lib/python3.10/dist-packages/linkattacher_msgs-0.0.0-py3.10.egg-info/SOURCES.txt
[4.063s] -- Installing: /home/nextup/Downloads/colcon_ws/install/linkattacher_msgs/local/lib/python3.10/dist-packages/linkattacher_msgs
[4.063s] -- Installing: /home/nextup/Downloads/colcon_ws/install/linkattacher_msgs/local/lib/python3.10/dist-packages/linkattacher_msgs/liblinkattacher_msgs__rosidl_generator_py.so
[4.063s] -- Installing: /home/nextup/Downloads/colcon_ws/install/linkattacher_msgs/local/lib/python3.10/dist-packages/linkattacher_msgs/_linkattacher_msgs_s.ep.rosidl_typesupport_fastrtps_c.c
[4.063s] -- Installing: /home/nextup/Downloads/colcon_ws/install/linkattacher_msgs/local/lib/python3.10/dist-packages/linkattacher_msgs/_linkattacher_msgs_s.ep.rosidl_typesupport_c.c
[4.063s] -- Installing: /home/nextup/Downloads/colcon_ws/install/linkattacher_msgs/local/lib/python3.10/dist-packages/linkattacher_msgs/linkattacher_msgs_s__rosidl_typesupport_introspection_c.cpython-310-x86_64-linux-gnu.so
[4.063s] -- Installing: /home/nextup/Downloads/colcon_ws/install/linkattacher_msgs/local/lib/python3.10/dist-packages/linkattacher_msgs/__init__.py
[4.063s] -- Installing: /home/nextup/Downloads/colcon_ws/install/linkattacher_msgs/local/lib/python3.10/dist-packages/linkattacher_msgs/_linkattacher_msgs_s.ep.rosidl_typesupport_introspection_c.c
[4.063s] -- Installing: /home/nextup/Downloads/colcon_ws/install/linkattacher_msgs/local/lib/python3.10/dist-packages/linkattacher_msgs/linkattacher_msgs_s__rosidl_typesupport_c.cpython-310-x86_64-linux-gnu.so
[4.063s] -- Installing: /home/nextup/Downloads/colcon_ws/install/linkattacher_msgs/local/lib/python3.10/dist-packages/linkattacher_msgs/srv
[4.063s] -- Installing: /home/nextup/Downloads/colcon_ws/install/linkattacher_msgs/local/lib/python3.10/dist-packages/linkattacher_msgs/srv/__init__.py
[4.063s] -- Installing: /home/nextup/Downloads/colcon_ws/install/linkattacher_msgs/local/lib/python3.10/dist-packages/linkattacher_msgs/srv/_detach_link_s.c
[4.063s] -- Installing: /home/nextup/Downloads/colcon_ws/install/linkattacher_msgs/local/lib/python3.10/dist-packages/linkattacher_msgs/srv/_attach_link_s.c
[4.063s] -- Installing: /home/nextup/Downloads/colcon_ws/install/linkattacher_msgs/local/lib/python3.10/dist-packages/linkattacher_msgs/srv/_attach_link.py
[4.063s] -- Installing: /home/nextup/Downloads/colcon_ws/install/linkattacher_msgs/local/lib/python3.10/dist-packages/linkattacher_msgs/srv/_detach_link.py
[4.064s] -- Installing: /home/nextup/Downloads/colcon_ws/install/linkattacher_msgs/local/lib/python3.10/dist-packages/linkattacher_msgs/linkattacher_msgs_s__rosidl_typesupport_fastrtps_c.cpython-310-x86_64-linux-gnu.so
[4.090s] Listing '/home/nextup/Downloads/colcon_ws/install/linkattacher_msgs/local/lib/python3.10/dist-packages/linkattacher_msgs'...
[4.090s] Compiling '/home/nextup/Downloads/colcon_ws/install/linkattacher_msgs/local/lib/python3.10/dist-packages/linkattacher_msgs/__init__.py'...
[4.090s] Listing '/home/nextup/Downloads/colcon_ws/install/linkattacher_msgs/local/lib/python3.10/dist-packages/linkattacher_msgs/srv'...
[4.090s] Compiling '/home/nextup/Downloads/colcon_ws/install/linkattacher_msgs/local/lib/python3.10/dist-packages/linkattacher_msgs/srv/__init__.py'...
[4.090s] Compiling '/home/nextup/Downloads/colcon_ws/install/linkattacher_msgs/local/lib/python3.10/dist-packages/linkattacher_msgs/srv/_attach_link.py'...
[4.091s] Compiling '/home/nextup/Downloads/colcon_ws/install/linkattacher_msgs/local/lib/python3.10/dist-packages/linkattacher_msgs/srv/_detach_link.py'...
[4.094s] -- Installing: /home/nextup/Downloads/colcon_ws/install/linkattacher_msgs/local/lib/python3.10/dist-packages/linkattacher_msgs/linkattacher_msgs_s__rosidl_typesupport_fastrtps_c.cpython-310-x86_64-linux-gnu.so
[4.094s] -- Set runtime path of "/home/nextup/Downloads/colcon_ws/install/linkattacher_msgs/local/lib/python3.10/dist-packages/linkattacher_msgs/linkattacher_msgs_s__rosidl_typesupport_fastrtps_c.cpython-310-x86_64-linux-gnu.so" to ""
[4.094s] -- Installing: /home/nextup/Downloads/colcon_ws/install/linkattacher_msgs/local/lib/python3.10/dist-packages/linkattacher_msgs/linkattacher_msgs_s__rosidl_typesupport_introspection_c.cpython-310-x86_64-linux-gnu.so
[4.094s] -- Set runtime path of "/home/nextup/Downloads/colcon_ws/install/linkattacher_msgs/local/lib/python3.10/dist-packages/linkattacher_msgs/linkattacher_msgs_s__rosidl_typesupport_introspection_c.cpython-310-x86_64-linux-gnu.so" to ""
[4.094s] -- Installing: /home/nextup/Downloads/colcon_ws/install/linkattacher_msgs/local/lib/python3.10/dist-packages/linkattacher_msgs/linkattacher_msgs_s__rosidl_typesupport_c.cpython-310-x86_64-linux-gnu.so
[4.094s] -- Set runtime path of "/home/nextup/Downloads/colcon_ws/install/linkattacher_msgs/local/lib/python3.10/dist-packages/linkattacher_msgs/linkattacher_msgs_s__rosidl_typesupport_c.cpython-310-x86_64-linux-gnu.so" to ""
[4.095s] -- Installing: /home/nextup/Downloads/colcon_ws/install/linkattacher_msgs/lib/liblinkattacher_msgs__rosidl_generator_py.so
[4.095s] -- Set runtime path of "/home/nextup/Downloads/colcon_ws/install/linkattacher_msgs/lib/liblinkattacher_msgs__rosidl_generator_py.so" to ""
[4.095s] -- Installing: /home/nextup/Downloads/colcon_ws/install/linkattacher_msgs/share/linkattacher_msgs/srv/AttachLink.idl
[4.095s] -- Installing: /home/nextup/Downloads/colcon_ws/install/linkattacher_msgs/share/linkattacher_msgs/srv/DetachLink.idl
[4.095s] -- Up-to-date: /home/nextup/Downloads/colcon_ws/install/linkattacher_msgs/share/linkattacher_msgs/srv/AttachLink.srv
[4.095s] -- Installing: /home/nextup/Downloads/colcon_ws/install/linkattacher_msgs/share/linkattacher_msgs/srv/AttachLink_Request.msg
[4.095s] -- Installing: /home/nextup/Downloads/colcon_ws/install/linkattacher_msgs/share/linkattacher_msgs/srv/AttachLink_Response.msg
[4.095s] -- Up-to-date: /home/nextup/Downloads/colcon_ws/install/linkattacher_msgs/share/linkattacher_msgs/srv/DetachLink.srv
[4.095s] -- Installing: /home/nextup/Downloads/colcon_ws/install/linkattacher_msgs/share/linkattacher_msgs/srv/DetachLink_Request.msg
[4.095s] -- Installing: /home/nextup/Downloads/colcon_ws/install/linkattacher_msgs/share/linkattacher_msgs/srv/DetachLink_Response.msg
[4.096s] -- Installing: /home/nextup/Downloads/colcon_ws/install/linkattacher_msgs/share/ament_index/resource_index/package_run_dependencies/linkattacher_msgs
[4.096s] -- Installing: /home/nextup/Downloads/colcon_ws/install/linkattacher_msgs/share/ament_index/resource_index/parent_prefix_path/linkattacher_msgs
[4.096s] -- Installing: /home/nextup/Downloads/colcon_ws/install/linkattacher_msgs/share/linkattacher_msgs/environment/ament_prefix_path.sh
[4.096s] -- Installing: /home/nextup/Downloads/colcon_ws/install/linkattacher_msgs/share/linkattacher_msgs/environment/ament_prefix_path.dsv
[4.096s] -- Installing: /home/nextup/Downloads/colcon_ws/install/linkattacher_msgs/share/linkattacher_msgs/environment/path.sh
[4.096s] -- Installing: /home/nextup/Downloads/colcon_ws/install/linkattacher_msgs/share/linkattacher_msgs/environment/path.dsv
[4.096s] -- Installing: /home/nextup/Downloads/colcon_ws/install/linkattacher_msgs/share/linkattacher_msgs/local_setup.bash
[4.096s] -- Installing: /home/nextup/Downloads/colcon_ws/install/linkattacher_msgs/share/linkattacher_msgs/local_setup.sh
[4.096s] -- Installing: /home/nextup/Downloads/colcon_ws/install/linkattacher_msgs/share/linkattacher_msgs/local_setup.zsh
[4.096s] -- Installing: /home/nextup/Downloads/colcon_ws/install/linkattacher_msgs/share/linkattacher_msgs/local_setup.dsv
[4.096s] -- Installing: /home/nextup/Downloads/colcon_ws/install/linkattacher_msgs/share/linkattacher_msgs/package.dsv
[4.097s] -- Installing: /home/nextup/Downloads/colcon_ws/install/linkattacher_msgs/share/ament_index/resource_index/packages/linkattacher_msgs
[4.097s] -- Installing: /home/nextup/Downloads/colcon_ws/install/linkattacher_msgs/share/linkattacher_msgs/cmake/export_linkattacher_msgs__rosidl_generator_cExport.cmake
[4.097s] -- Installing: /home/nextup/Downloads/colcon_ws/install/linkattacher_msgs/share/linkattacher_msgs/cmake/export_linkattacher_msgs__rosidl_generator_cExport-noconfig.cmake
[4.097s] -- Installing: /home/nextup/Downloads/colcon_ws/install/linkattacher_msgs/share/linkattacher_msgs/cmake/export_linkattacher_msgs__rosidl_typesupport_fastrtps_cExport.cmake
[4.097s] -- Installing: /home/nextup/Downloads/colcon_ws/install/linkattacher_msgs/share/linkattacher_msgs/cmake/export_linkattacher_msgs__rosidl_typesupport_fastrtps_cExport-noconfig.cmake
[4.097s] -- Installing: /home/nextup/Downloads/colcon_ws/install/linkattacher_msgs/share/linkattacher_msgs/cmake/linkattacher_msgs__rosidl_typesupport_introspection_cExport.cmake
[4.097s] -- Installing: /home/nextup/Downloads/colcon_ws/install/linkattacher_msgs/share/linkattacher_msgs/cmake/linkattacher_msgs__rosidl_typesupport_introspection_cExport-noconfig.cmake
[4.097s] -- Installing: /home/nextup/Downloads/colcon_ws/install/linkattacher_msgs/share/linkattacher_msgs/cmake/linkattacher_msgs__rosidl_typesupport_cExport.cmake
[4.097s] -- Installing: /home/nextup/Downloads/colcon_ws/install/linkattacher_msgs/share/linkattacher_msgs/cmake/linkattacher_msgs__rosidl_typesupport_cExport-noconfig.cmake
[4.097s] -- Installing: /home/nextup/Downloads/colcon_ws/install/linkattacher_msgs/share/linkattacher_msgs/cmake/export_linkattacher_msgs__rosidl_generator_cppExport.cmake
[4.097s] -- Installing: /home/nextup/Downloads/colcon_ws/install/linkattacher_msgs/share/linkattacher_msgs/cmake/export_linkattacher_msgs__rosidl_typesupport_fastrtps_cppExport.cmake
[4.098s] -- Installing: /home/nextup/Downloads/colcon_ws/install/linkattacher_msgs/share/linkattacher_msgs/cmake/export_linkattacher_msgs__rosidl_typesupport_fastrtps_cppExport-noconfig.cmake
[4.098s] -- Installing: /home/nextup/Downloads/colcon_ws/install/linkattacher_msgs/share/linkattacher_msgs/cmake/linkattacher_msgs__rosidl_typesupport_introspection_cppExport.cmake
[4.098s] -- Installing: /home/nextup/Downloads/colcon_ws/install/linkattacher_msgs/share/linkattacher_msgs/cmake/linkattacher_msgs__rosidl_typesupport_introspection_cppExport-noconfig.cmake
[4.098s] -- Installing: /home/nextup/Downloads/colcon_ws/install/linkattacher_msgs/share/linkattacher_msgs/cmake/linkattacher_msgs__rosidl_typesupport_cppExport.cmake
[4.098s] -- Installing: /home/nextup/Downloads/colcon_ws/install/linkattacher_msgs/share/linkattacher_msgs/cmake/linkattacher_msgs__rosidl_typesupport_cppExport-noconfig.cmake
[4.098s] -- Installing: /home/nextup/Downloads/colcon_ws/install/linkattacher_msgs/share/linkattacher_msgs/cmake/export_linkattacher_msgs__rosidl_generator_pyExport.cmake
[4.098s] -- Installing: /home/nextup/Downloads/colcon_ws/install/linkattacher_msgs/share/linkattacher_msgs/cmake/export_linkattacher_msgs__rosidl_generator_pyExport-noconfig.cmake
[4.098s] -- Installing: /home/nextup/Downloads/colcon_ws/install/linkattacher_msgs/share/linkattacher_msgs/cmake/rosidl_cmake-extras.cmake
[4.098s] -- Installing: /home/nextup/Downloads/colcon_ws/install/linkattacher_msgs/share/linkattacher_msgs/cmake/ament_cmake_export_include_directories-extras.cmake
[4.098s] -- Installing: /home/nextup/Downloads/colcon_ws/install/linkattacher_msgs/share/linkattacher_msgs/cmake/ament_cmake_export_libraries-extras.cmake
[4.098s] -- Installing: /home/nextup/Downloads/colcon_ws/install/linkattacher_msgs/share/linkattacher_msgs/cmake/ament_cmake_export_targets-extras.cmake
[4.099s] -- Installing: /home/nextup/Downloads/colcon_ws/install/linkattacher_msgs/share/linkattacher_msgs/cmake/rosidl_cmake_export_typesupport_targets-extras.cmake
[4.099s] -- Installing: /home/nextup/Downloads/colcon_ws/install/linkattacher_msgs/share/linkattacher_msgs/cmake/ament_cmake_export_dependencies-extras.cmake
[4.099s] -- Installing: /home/nextup/Downloads/colcon_ws/install/linkattacher_msgs/share/linkattacher_msgs/cmake/rosidl_cmake_export_typesupport_libraries-extras.cmake
[4.099s] -- Installing: /home/nextup/Downloads/colcon_ws/install/linkattacher_msgs/share/linkattacher_msgs/cmake/linkattacher_msgsConfig.cmake
[4.099s] -- Installing: /home/nextup/Downloads/colcon_ws/install/linkattacher_msgs/share/linkattacher_msgs/cmake/linkattacher_msgsConfig-version.cmake
[4.099s] -- Installing: /home/nextup/Downloads/colcon_ws/install/linkattacher_msgs/share/linkattacher_msgs/package.xml
[4.100s] Invoked command in '/home/nextup/Downloads/colcon_ws/build/linkattacher_msgs' returned '0': CMAKE_PREFIX_PATH=${CMAKE_PREFIX_PATH}:/opt/ros/humble /usr/bin/cmake --install /home/nextup/Downloads/colcon_ws/build/linkattacher_msgs
