[0.113s] Invoking command in '/home/nextup/Downloads/colcon_ws/build/gazebo_ros2_control': CMAKE_PREFIX_PATH=${CMAKE_PREFIX_PATH}:/opt/ros/humble /usr/bin/cmake /home/nextup/Downloads/colcon_ws/src/gazebo_ros2_control -DAMENT_CMAKE_SYMLINK_INSTALL=1 -DCMAKE_INSTALL_PREFIX=/home/nextup/Downloads/colcon_ws/install/gazebo_ros2_control
[0.121s] -- Found ament_cmake: 1.3.6 (/opt/ros/humble/share/ament_cmake/cmake)
[0.217s] -- Override CMake install command with custom implementation using symlinks instead of copying resources
[0.224s] -- Found angles: 1.15.0 (/opt/ros/humble/share/angles/cmake)
[0.226s] -- Found controller_manager: 2.35.0 (/opt/ros/humble/share/controller_manager/cmake)
[0.261s] -- Found rosidl_generator_c: 3.1.5 (/opt/ros/humble/share/rosidl_generator_c/cmake)
[0.264s] -- Found rosidl_adapter: 3.1.5 (/opt/ros/humble/share/rosidl_adapter/cmake)
[0.270s] -- Found rosidl_generator_cpp: 3.1.5 (/opt/ros/humble/share/rosidl_generator_cpp/cmake)
[0.279s] -- Using all available rosidl_typesupport_c: rosidl_typesupport_fastrtps_c;rosidl_typesupport_introspection_c
[0.290s] -- Using all available rosidl_typesupport_cpp: rosidl_typesupport_fastrtps_cpp;rosidl_typesupport_introspection_cpp
[0.801s] -- Found rmw_implementation_cmake: 6.1.1 (/opt/ros/humble/share/rmw_implementation_cmake/cmake)
[0.802s] -- Found rmw_fastrtps_cpp: 6.2.5 (/opt/ros/humble/share/rmw_fastrtps_cpp/cmake)
[0.826s] -- Found TinyXML2 via Config file: TinyXML2_DIR-NOTFOUND
[0.832s] -- Found TinyXML2 via Config file: TinyXML2_DIR-NOTFOUND
[0.848s] -- Found TinyXML2 via Config file: TinyXML2_DIR-NOTFOUND
[0.854s] -- Found TinyXML2 via Config file: TinyXML2_DIR-NOTFOUND
[0.861s] -- Using RMW implementation 'rmw_fastrtps_cpp' as default
[1.362s] -- Found gazebo_dev: 3.7.0 (/opt/ros/humble/share/gazebo_dev/cmake)
[1.381s] -- Found DART: /usr/include (Required is at least version "6.6") found components: dart 
[1.399s] -- Found Protobuf: /usr/lib/x86_64-linux-gnu/libprotobuf.so (found version "3.12.4") 
[1.400s] -- Looking for ignition-math6 -- found version 6.15.0
[1.403s] -- Searching for dependencies of ignition-math6
[1.404s] -- Looking for OGRE...
[1.407s] -- Found Ogre Ghadamon (1.9.0)
[1.407s] -- Found OGRE: optimized;/usr/lib/x86_64-linux-gnu/libOgreMain.so;debug;/usr/lib/x86_64-linux-gnu/libOgreMain.so
[1.414s] -- Looking for OGRE_Paging...
[1.414s] -- Found OGRE_Paging: optimized;/usr/lib/x86_64-linux-gnu/libOgrePaging.so;debug;/usr/lib/x86_64-linux-gnu/libOgrePaging.so
[1.415s] -- Looking for OGRE_Terrain...
[1.415s] -- Found OGRE_Terrain: optimized;/usr/lib/x86_64-linux-gnu/libOgreTerrain.so;debug;/usr/lib/x86_64-linux-gnu/libOgreTerrain.so
[1.415s] -- Looking for OGRE_Property...
[1.415s] -- Found OGRE_Property: optimized;/usr/lib/x86_64-linux-gnu/libOgreProperty.so;debug;/usr/lib/x86_64-linux-gnu/libOgreProperty.so
[1.415s] -- Looking for OGRE_RTShaderSystem...
[1.415s] -- Found OGRE_RTShaderSystem: optimized;/usr/lib/x86_64-linux-gnu/libOgreRTShaderSystem.so;debug;/usr/lib/x86_64-linux-gnu/libOgreRTShaderSystem.so
[1.415s] -- Looking for OGRE_Volume...
[1.415s] -- Found OGRE_Volume: optimized;/usr/lib/x86_64-linux-gnu/libOgreVolume.so;debug;/usr/lib/x86_64-linux-gnu/libOgreVolume.so
[1.415s] -- Looking for OGRE_Overlay...
[1.415s] -- Found OGRE_Overlay: optimized;/usr/lib/x86_64-linux-gnu/libOgreOverlay.so;debug;/usr/lib/x86_64-linux-gnu/libOgreOverlay.so
[1.489s] -- Looking for ignition-math6 -- found version 6.15.0
[1.489s] -- Looking for ignition-transport8 -- found version 8.2.1
[1.489s] -- Searching for dependencies of ignition-transport8
[1.501s] -- Found Protobuf: /usr/lib/x86_64-linux-gnu/libprotobuf.so (found suitable version "3.12.4", minimum required is "3") 
[1.509s] -- Config-file not installed for ZeroMQ -- checking for pkg-config
[1.512s] -- Checking for module 'libzmq >= 4'
[1.519s] --   Found libzmq , version 4.3.4
[1.542s] -- Checking for module 'uuid'
[1.549s] --   Found uuid, version 2.37.2
[1.566s] -- Looking for ignition-msgs5 -- found version 5.8.1
[1.566s] -- Searching for dependencies of ignition-msgs5
[1.579s] -- Looking for ignition-math6 -- found version 6.15.0
[1.583s] -- Looking for ignition-msgs5 -- found version 5.8.1
[1.583s] -- Looking for ignition-common3 -- found version 3.14.0
[1.584s] -- Searching for dependencies of ignition-common3
[1.584s] -- Looking for dlfcn.h - found
[1.584s] -- Looking for libdl - found
[1.591s] -- Searching for <ignition-common3> component [graphics]
[1.591s] -- Looking for ignition-common3-graphics -- found version 3.14.0
[1.592s] -- Searching for dependencies of ignition-common3-graphics
[1.592s] -- Looking for ignition-math6 -- found version 6.15.0
[1.593s] -- Looking for ignition-fuel_tools4 -- found version 4.4.0
[1.593s] -- Searching for dependencies of ignition-fuel_tools4
[1.616s] -- Checking for module 'jsoncpp'
[1.624s] --   Found jsoncpp, version 1.9.5
[1.644s] -- Checking for module 'libzip'
[1.651s] --   Found libzip, version 1.7.3
[1.669s] -- Looking for ignition-common3 -- found version 3.14.0
[1.669s] -- Looking for ignition-math6 -- found version 6.15.0
[1.670s] -- Looking for ignition-msgs5 -- found version 5.8.1
[1.671s] -- Gazebo version: 11.10
[1.671s] -- Found gazebo_ros: 3.7.0 (/opt/ros/humble/share/gazebo_ros/cmake)
[1.678s] -- Found yaml_cpp_vendor: 8.0.2 (/opt/ros/humble/share/yaml_cpp_vendor/cmake)
[2.224s] -- Found ament_cmake_gtest: 1.3.6 (/opt/ros/humble/share/ament_cmake_gtest/cmake)
[2.224s] -- Found ament_lint_auto: 0.12.9 (/opt/ros/humble/share/ament_lint_auto/cmake)
[2.273s] -- Added test 'copyright' to check source files copyright and LICENSE
[2.274s] -- Added test 'cppcheck' to perform static code analysis on C / C++ code
[2.274s] -- Configured cppcheck include dirs: /home/nextup/Downloads/colcon_ws/src/gazebo_ros2_control/include
[2.274s] -- Configured cppcheck exclude dirs and/or files: 
[2.275s] -- Added test 'cpplint' to check C / C++ code against the Google style
[2.275s] -- Configured cpplint exclude dirs and/or files: 
[2.275s] -- Added test 'lint_cmake' to check CMake code style
[2.276s] -- Added test 'uncrustify' to check C / C++ code style
[2.276s] -- Configured uncrustify additional arguments: 
[2.276s] -- Added test 'xmllint' to check XML markup files
[2.277s] -- Configuring done
[2.312s] -- Generating done
[2.314s] -- Build files have been written to: /home/nextup/Downloads/colcon_ws/build/gazebo_ros2_control
[2.321s] Invoked command in '/home/nextup/Downloads/colcon_ws/build/gazebo_ros2_control' returned '0': CMAKE_PREFIX_PATH=${CMAKE_PREFIX_PATH}:/opt/ros/humble /usr/bin/cmake /home/nextup/Downloads/colcon_ws/src/gazebo_ros2_control -DAMENT_CMAKE_SYMLINK_INSTALL=1 -DCMAKE_INSTALL_PREFIX=/home/nextup/Downloads/colcon_ws/install/gazebo_ros2_control
[2.323s] Invoking command in '/home/nextup/Downloads/colcon_ws/build/gazebo_ros2_control': CMAKE_PREFIX_PATH=${CMAKE_PREFIX_PATH}:/opt/ros/humble /usr/bin/cmake --build /home/nextup/Downloads/colcon_ws/build/gazebo_ros2_control -- -j16 -l16
[2.350s] [35m[1mConsolidate compiler generated dependencies of target gazebo_hardware_plugins[0m
[2.350s] [35m[1mConsolidate compiler generated dependencies of target gazebo_ros2_control[0m
[2.373s] [ 50%] Built target gazebo_hardware_plugins
[2.374s] [100%] Built target gazebo_ros2_control
[2.381s] Invoked command in '/home/nextup/Downloads/colcon_ws/build/gazebo_ros2_control' returned '0': CMAKE_PREFIX_PATH=${CMAKE_PREFIX_PATH}:/opt/ros/humble /usr/bin/cmake --build /home/nextup/Downloads/colcon_ws/build/gazebo_ros2_control -- -j16 -l16
[2.397s] Invoking command in '/home/nextup/Downloads/colcon_ws/build/gazebo_ros2_control': CMAKE_PREFIX_PATH=${CMAKE_PREFIX_PATH}:/opt/ros/humble /usr/bin/cmake --install /home/nextup/Downloads/colcon_ws/build/gazebo_ros2_control
[2.401s] -- Install configuration: ""
[2.402s] -- Execute custom install script
[2.402s] -- Up-to-date symlink: /home/nextup/Downloads/colcon_ws/install/gazebo_ros2_control/lib/libgazebo_ros2_control.so
[2.402s] -- Up-to-date symlink: /home/nextup/Downloads/colcon_ws/install/gazebo_ros2_control/lib/libgazebo_hardware_plugins.so
[2.402s] -- Up-to-date symlink: /home/nextup/Downloads/colcon_ws/install/gazebo_ros2_control/share/gazebo_ros2_control/environment/library_path.sh
[2.402s] -- Up-to-date symlink: /home/nextup/Downloads/colcon_ws/install/gazebo_ros2_control/share/gazebo_ros2_control/environment/library_path.dsv
[2.403s] -- Up-to-date symlink: /home/nextup/Downloads/colcon_ws/install/gazebo_ros2_control/include/gazebo_ros2_control/gazebo_ros2_control_plugin.hpp
[2.403s] -- Up-to-date symlink: /home/nextup/Downloads/colcon_ws/install/gazebo_ros2_control/include/gazebo_ros2_control/gazebo_system.hpp
[2.403s] -- Up-to-date symlink: /home/nextup/Downloads/colcon_ws/install/gazebo_ros2_control/include/gazebo_ros2_control/gazebo_system_interface.hpp
[2.403s] -- Up-to-date symlink: /home/nextup/Downloads/colcon_ws/install/gazebo_ros2_control/share/gazebo_ros2_control//gazebo_hardware_plugins.xml
[2.403s] -- Up-to-date symlink: /home/nextup/Downloads/colcon_ws/install/gazebo_ros2_control/share/ament_index/resource_index/package_run_dependencies/gazebo_ros2_control
[2.403s] -- Up-to-date symlink: /home/nextup/Downloads/colcon_ws/install/gazebo_ros2_control/share/ament_index/resource_index/parent_prefix_path/gazebo_ros2_control
[2.403s] -- Up-to-date symlink: /home/nextup/Downloads/colcon_ws/install/gazebo_ros2_control/share/gazebo_ros2_control/environment/ament_prefix_path.sh
[2.403s] -- Up-to-date symlink: /home/nextup/Downloads/colcon_ws/install/gazebo_ros2_control/share/gazebo_ros2_control/environment/ament_prefix_path.dsv
[2.403s] -- Up-to-date symlink: /home/nextup/Downloads/colcon_ws/install/gazebo_ros2_control/share/gazebo_ros2_control/environment/path.sh
[2.403s] -- Up-to-date symlink: /home/nextup/Downloads/colcon_ws/install/gazebo_ros2_control/share/gazebo_ros2_control/environment/path.dsv
[2.404s] -- Up-to-date symlink: /home/nextup/Downloads/colcon_ws/install/gazebo_ros2_control/share/gazebo_ros2_control/local_setup.bash
[2.404s] -- Up-to-date symlink: /home/nextup/Downloads/colcon_ws/install/gazebo_ros2_control/share/gazebo_ros2_control/local_setup.sh
[2.404s] -- Up-to-date symlink: /home/nextup/Downloads/colcon_ws/install/gazebo_ros2_control/share/gazebo_ros2_control/local_setup.zsh
[2.404s] -- Up-to-date symlink: /home/nextup/Downloads/colcon_ws/install/gazebo_ros2_control/share/gazebo_ros2_control/local_setup.dsv
[2.404s] -- Symlinking: /home/nextup/Downloads/colcon_ws/install/gazebo_ros2_control/share/gazebo_ros2_control/package.dsv
[2.409s] -- Up-to-date symlink: /home/nextup/Downloads/colcon_ws/install/gazebo_ros2_control/share/ament_index/resource_index/packages/gazebo_ros2_control
[2.409s] -- Up-to-date symlink: /home/nextup/Downloads/colcon_ws/install/gazebo_ros2_control/share/ament_index/resource_index/gazebo_ros2_control__pluginlib__plugin/gazebo_ros2_control
[2.409s] -- Up-to-date symlink: /home/nextup/Downloads/colcon_ws/install/gazebo_ros2_control/share/gazebo_ros2_control/cmake/ament_cmake_export_include_directories-extras.cmake
[2.410s] -- Up-to-date symlink: /home/nextup/Downloads/colcon_ws/install/gazebo_ros2_control/share/gazebo_ros2_control/cmake/ament_cmake_export_dependencies-extras.cmake
[2.410s] -- Up-to-date symlink: /home/nextup/Downloads/colcon_ws/install/gazebo_ros2_control/share/gazebo_ros2_control/cmake/ament_cmake_export_libraries-extras.cmake
[2.410s] -- Up-to-date symlink: /home/nextup/Downloads/colcon_ws/install/gazebo_ros2_control/share/gazebo_ros2_control/cmake/gazebo_ros2_controlConfig.cmake
[2.410s] -- Up-to-date symlink: /home/nextup/Downloads/colcon_ws/install/gazebo_ros2_control/share/gazebo_ros2_control/cmake/gazebo_ros2_controlConfig-version.cmake
[2.410s] -- Up-to-date symlink: /home/nextup/Downloads/colcon_ws/install/gazebo_ros2_control/share/gazebo_ros2_control/package.xml
[2.411s] Invoked command in '/home/nextup/Downloads/colcon_ws/build/gazebo_ros2_control' returned '0': CMAKE_PREFIX_PATH=${CMAKE_PREFIX_PATH}:/opt/ros/humble /usr/bin/cmake --install /home/nextup/Downloads/colcon_ws/build/gazebo_ros2_control
