[0.356s] Invoking command in '/home/nextup/Downloads/colcon_ws/build/eyantra_warehouse': CMAKE_PREFIX_PATH=${CMAKE_PREFIX_PATH}:/opt/ros/humble /usr/bin/cmake --build /home/nextup/Downloads/colcon_ws/build/eyantra_warehouse -- -j16 -l16
[0.382s] Invoked command in '/home/nextup/Downloads/colcon_ws/build/eyantra_warehouse' returned '0': CMAKE_PREFIX_PATH=${CMAKE_PREFIX_PATH}:/opt/ros/humble /usr/bin/cmake --build /home/nextup/Downloads/colcon_ws/build/eyantra_warehouse -- -j16 -l16
[0.408s] Invoking command in '/home/nextup/Downloads/colcon_ws/build/eyantra_warehouse': CMAKE_PREFIX_PATH=${CMAKE_PREFIX_PATH}:/opt/ros/humble /usr/bin/cmake --install /home/nextup/Downloads/colcon_ws/build/eyantra_warehouse
[0.415s] -- Install configuration: ""
[0.416s] -- Execute custom install script
[0.416s] -- Up-to-date symlink: /home/nextup/Downloads/colcon_ws/install/eyantra_warehouse/share/eyantra_warehouse//launch/some_launch_file.launch.py
[0.416s] -- Up-to-date symlink: /home/nextup/Downloads/colcon_ws/install/eyantra_warehouse/share/eyantra_warehouse//worlds/border_road.world
[0.417s] -- Up-to-date symlink: /home/nextup/Downloads/colcon_ws/install/eyantra_warehouse/share/eyantra_warehouse//worlds/eyantra_warehouse.world
[0.417s] -- Up-to-date symlink: /home/nextup/Downloads/colcon_ws/install/eyantra_warehouse/share/eyantra_warehouse//worlds/eyantra_warehouse_task2a.world
[0.417s] -- Up-to-date symlink: /home/nextup/Downloads/colcon_ws/install/eyantra_warehouse/share/eyantra_warehouse//worlds/eyantra_warehouse_task2b.world
[0.417s] -- Up-to-date symlink: /home/nextup/Downloads/colcon_ws/install/eyantra_warehouse/share/eyantra_warehouse//worlds/office.world
[0.421s] -- Up-to-date symlink: /home/nextup/Downloads/colcon_ws/install/eyantra_warehouse/share/eyantra_warehouse//models/arm_base/meshes/arm_base.dae
[0.421s] -- Up-to-date symlink: /home/nextup/Downloads/colcon_ws/install/eyantra_warehouse/share/eyantra_warehouse//models/arm_base/model.config
[0.422s] -- Up-to-date symlink: /home/nextup/Downloads/colcon_ws/install/eyantra_warehouse/share/eyantra_warehouse//models/arm_base/model.sdf
[0.422s] -- Up-to-date symlink: /home/nextup/Downloads/colcon_ws/install/eyantra_warehouse/share/eyantra_warehouse//models/box/meshes/aruco_tag.jpg
[0.422s] -- Up-to-date symlink: /home/nextup/Downloads/colcon_ws/install/eyantra_warehouse/share/eyantra_warehouse//models/box/meshes/box.dae
[0.422s] -- Up-to-date symlink: /home/nextup/Downloads/colcon_ws/install/eyantra_warehouse/share/eyantra_warehouse//models/box/meshes/box__bg.png
[0.422s] -- Up-to-date symlink: /home/nextup/Downloads/colcon_ws/install/eyantra_warehouse/share/eyantra_warehouse//models/box/meshes/cardboard_bg.png
[0.422s] -- Up-to-date symlink: /home/nextup/Downloads/colcon_ws/install/eyantra_warehouse/share/eyantra_warehouse//models/box/meshes/centroid_old_box.zip
[0.422s] -- Up-to-date symlink: /home/nextup/Downloads/colcon_ws/install/eyantra_warehouse/share/eyantra_warehouse//models/box/model.config
[0.422s] -- Up-to-date symlink: /home/nextup/Downloads/colcon_ws/install/eyantra_warehouse/share/eyantra_warehouse//models/box/model.sdf
[0.423s] -- Up-to-date symlink: /home/nextup/Downloads/colcon_ws/install/eyantra_warehouse/share/eyantra_warehouse//models/boxes/box.stl
[0.423s] -- Up-to-date symlink: /home/nextup/Downloads/colcon_ws/install/eyantra_warehouse/share/eyantra_warehouse//models/boxes/box_1/meshes/aruco_tag.jpg
[0.423s] -- Up-to-date symlink: /home/nextup/Downloads/colcon_ws/install/eyantra_warehouse/share/eyantra_warehouse//models/boxes/box_1/meshes/box.dae
[0.423s] -- Up-to-date symlink: /home/nextup/Downloads/colcon_ws/install/eyantra_warehouse/share/eyantra_warehouse//models/boxes/box_1/meshes/box__bg.png
[0.423s] -- Up-to-date symlink: /home/nextup/Downloads/colcon_ws/install/eyantra_warehouse/share/eyantra_warehouse//models/boxes/box_1/meshes/cardboard_bg.png
[0.424s] -- Up-to-date symlink: /home/nextup/Downloads/colcon_ws/install/eyantra_warehouse/share/eyantra_warehouse//models/boxes/box_1/model.config
[0.424s] -- Up-to-date symlink: /home/nextup/Downloads/colcon_ws/install/eyantra_warehouse/share/eyantra_warehouse//models/boxes/box_1/model.sdf
[0.424s] -- Up-to-date symlink: /home/nextup/Downloads/colcon_ws/install/eyantra_warehouse/share/eyantra_warehouse//models/boxes/box_10/meshes/aruco_tag.jpg
[0.424s] -- Up-to-date symlink: /home/nextup/Downloads/colcon_ws/install/eyantra_warehouse/share/eyantra_warehouse//models/boxes/box_10/meshes/box.dae
[0.424s] -- Up-to-date symlink: /home/nextup/Downloads/colcon_ws/install/eyantra_warehouse/share/eyantra_warehouse//models/boxes/box_10/meshes/box__bg.png
[0.425s] -- Up-to-date symlink: /home/nextup/Downloads/colcon_ws/install/eyantra_warehouse/share/eyantra_warehouse//models/boxes/box_10/meshes/cardboard_bg.png
[0.425s] -- Up-to-date symlink: /home/nextup/Downloads/colcon_ws/install/eyantra_warehouse/share/eyantra_warehouse//models/boxes/box_10/model.config
[0.425s] -- Up-to-date symlink: /home/nextup/Downloads/colcon_ws/install/eyantra_warehouse/share/eyantra_warehouse//models/boxes/box_10/model.sdf
[0.425s] -- Up-to-date symlink: /home/nextup/Downloads/colcon_ws/install/eyantra_warehouse/share/eyantra_warehouse//models/boxes/box_11/meshes/aruco_tag.jpg
[0.426s] -- Up-to-date symlink: /home/nextup/Downloads/colcon_ws/install/eyantra_warehouse/share/eyantra_warehouse//models/boxes/box_11/meshes/box.dae
[0.426s] -- Up-to-date symlink: /home/nextup/Downloads/colcon_ws/install/eyantra_warehouse/share/eyantra_warehouse//models/boxes/box_11/meshes/box__bg.png
[0.426s] -- Up-to-date symlink: /home/nextup/Downloads/colcon_ws/install/eyantra_warehouse/share/eyantra_warehouse//models/boxes/box_11/meshes/cardboard_bg.png
[0.426s] -- Up-to-date symlink: /home/nextup/Downloads/colcon_ws/install/eyantra_warehouse/share/eyantra_warehouse//models/boxes/box_11/model.config
[0.426s] -- Up-to-date symlink: /home/nextup/Downloads/colcon_ws/install/eyantra_warehouse/share/eyantra_warehouse//models/boxes/box_11/model.sdf
[0.426s] -- Up-to-date symlink: /home/nextup/Downloads/colcon_ws/install/eyantra_warehouse/share/eyantra_warehouse//models/boxes/box_12/meshes/aruco_tag.jpg
[0.426s] -- Up-to-date symlink: /home/nextup/Downloads/colcon_ws/install/eyantra_warehouse/share/eyantra_warehouse//models/boxes/box_12/meshes/box.dae
[0.426s] -- Up-to-date symlink: /home/nextup/Downloads/colcon_ws/install/eyantra_warehouse/share/eyantra_warehouse//models/boxes/box_12/meshes/box__bg.png
[0.426s] -- Up-to-date symlink: /home/nextup/Downloads/colcon_ws/install/eyantra_warehouse/share/eyantra_warehouse//models/boxes/box_12/meshes/cardboard_bg.png
[0.428s] -- Up-to-date symlink: /home/nextup/Downloads/colcon_ws/install/eyantra_warehouse/share/eyantra_warehouse//models/boxes/box_12/model.config
[0.428s] -- Up-to-date symlink: /home/nextup/Downloads/colcon_ws/install/eyantra_warehouse/share/eyantra_warehouse//models/boxes/box_12/model.sdf
[0.428s] -- Up-to-date symlink: /home/nextup/Downloads/colcon_ws/install/eyantra_warehouse/share/eyantra_warehouse//models/boxes/box_13/meshes/aruco_tag.jpg
[0.428s] -- Up-to-date symlink: /home/nextup/Downloads/colcon_ws/install/eyantra_warehouse/share/eyantra_warehouse//models/boxes/box_13/meshes/box.dae
[0.429s] -- Up-to-date symlink: /home/nextup/Downloads/colcon_ws/install/eyantra_warehouse/share/eyantra_warehouse//models/boxes/box_13/meshes/box__bg.png
[0.429s] -- Up-to-date symlink: /home/nextup/Downloads/colcon_ws/install/eyantra_warehouse/share/eyantra_warehouse//models/boxes/box_13/meshes/cardboard_bg.png
[0.429s] -- Up-to-date symlink: /home/nextup/Downloads/colcon_ws/install/eyantra_warehouse/share/eyantra_warehouse//models/boxes/box_13/model.config
[0.429s] -- Up-to-date symlink: /home/nextup/Downloads/colcon_ws/install/eyantra_warehouse/share/eyantra_warehouse//models/boxes/box_13/model.sdf
[0.429s] -- Up-to-date symlink: /home/nextup/Downloads/colcon_ws/install/eyantra_warehouse/share/eyantra_warehouse//models/boxes/box_14/meshes/aruco_tag.jpg
[0.429s] -- Up-to-date symlink: /home/nextup/Downloads/colcon_ws/install/eyantra_warehouse/share/eyantra_warehouse//models/boxes/box_14/meshes/box.dae
[0.429s] -- Up-to-date symlink: /home/nextup/Downloads/colcon_ws/install/eyantra_warehouse/share/eyantra_warehouse//models/boxes/box_14/meshes/box__bg.png
[0.429s] -- Up-to-date symlink: /home/nextup/Downloads/colcon_ws/install/eyantra_warehouse/share/eyantra_warehouse//models/boxes/box_14/meshes/cardboard_bg.png
[0.430s] -- Up-to-date symlink: /home/nextup/Downloads/colcon_ws/install/eyantra_warehouse/share/eyantra_warehouse//models/boxes/box_14/model.config
[0.430s] -- Up-to-date symlink: /home/nextup/Downloads/colcon_ws/install/eyantra_warehouse/share/eyantra_warehouse//models/boxes/box_14/model.sdf
[0.430s] -- Up-to-date symlink: /home/nextup/Downloads/colcon_ws/install/eyantra_warehouse/share/eyantra_warehouse//models/boxes/box_15/meshes/aruco_tag.jpg
[0.430s] -- Up-to-date symlink: /home/nextup/Downloads/colcon_ws/install/eyantra_warehouse/share/eyantra_warehouse//models/boxes/box_15/meshes/box.dae
[0.430s] -- Up-to-date symlink: /home/nextup/Downloads/colcon_ws/install/eyantra_warehouse/share/eyantra_warehouse//models/boxes/box_15/meshes/box__bg.png
[0.430s] -- Up-to-date symlink: /home/nextup/Downloads/colcon_ws/install/eyantra_warehouse/share/eyantra_warehouse//models/boxes/box_15/meshes/cardboard_bg.png
[0.430s] -- Up-to-date symlink: /home/nextup/Downloads/colcon_ws/install/eyantra_warehouse/share/eyantra_warehouse//models/boxes/box_15/model.config
[0.430s] -- Up-to-date symlink: /home/nextup/Downloads/colcon_ws/install/eyantra_warehouse/share/eyantra_warehouse//models/boxes/box_15/model.sdf
[0.430s] -- Up-to-date symlink: /home/nextup/Downloads/colcon_ws/install/eyantra_warehouse/share/eyantra_warehouse//models/boxes/box_16/meshes/aruco_tag.jpg
[0.431s] -- Up-to-date symlink: /home/nextup/Downloads/colcon_ws/install/eyantra_warehouse/share/eyantra_warehouse//models/boxes/box_16/meshes/box.dae
[0.431s] -- Up-to-date symlink: /home/nextup/Downloads/colcon_ws/install/eyantra_warehouse/share/eyantra_warehouse//models/boxes/box_16/meshes/box__bg.png
[0.432s] -- Up-to-date symlink: /home/nextup/Downloads/colcon_ws/install/eyantra_warehouse/share/eyantra_warehouse//models/boxes/box_16/meshes/cardboard_bg.png
[0.432s] -- Up-to-date symlink: /home/nextup/Downloads/colcon_ws/install/eyantra_warehouse/share/eyantra_warehouse//models/boxes/box_16/model.config
[0.432s] -- Up-to-date symlink: /home/nextup/Downloads/colcon_ws/install/eyantra_warehouse/share/eyantra_warehouse//models/boxes/box_16/model.sdf
[0.432s] -- Up-to-date symlink: /home/nextup/Downloads/colcon_ws/install/eyantra_warehouse/share/eyantra_warehouse//models/boxes/box_17/meshes/aruco_tag.jpg
[0.432s] -- Up-to-date symlink: /home/nextup/Downloads/colcon_ws/install/eyantra_warehouse/share/eyantra_warehouse//models/boxes/box_17/meshes/box.dae
[0.432s] -- Up-to-date symlink: /home/nextup/Downloads/colcon_ws/install/eyantra_warehouse/share/eyantra_warehouse//models/boxes/box_17/meshes/box__bg.png
[0.432s] -- Up-to-date symlink: /home/nextup/Downloads/colcon_ws/install/eyantra_warehouse/share/eyantra_warehouse//models/boxes/box_17/meshes/cardboard_bg.png
[0.432s] -- Up-to-date symlink: /home/nextup/Downloads/colcon_ws/install/eyantra_warehouse/share/eyantra_warehouse//models/boxes/box_17/model.config
[0.432s] -- Up-to-date symlink: /home/nextup/Downloads/colcon_ws/install/eyantra_warehouse/share/eyantra_warehouse//models/boxes/box_17/model.sdf
[0.432s] -- Up-to-date symlink: /home/nextup/Downloads/colcon_ws/install/eyantra_warehouse/share/eyantra_warehouse//models/boxes/box_18/meshes/aruco_tag.jpg
[0.433s] -- Up-to-date symlink: /home/nextup/Downloads/colcon_ws/install/eyantra_warehouse/share/eyantra_warehouse//models/boxes/box_18/meshes/box.dae
[0.433s] -- Up-to-date symlink: /home/nextup/Downloads/colcon_ws/install/eyantra_warehouse/share/eyantra_warehouse//models/boxes/box_18/meshes/box__bg.png
[0.433s] -- Up-to-date symlink: /home/nextup/Downloads/colcon_ws/install/eyantra_warehouse/share/eyantra_warehouse//models/boxes/box_18/meshes/cardboard_bg.png
[0.433s] -- Up-to-date symlink: /home/nextup/Downloads/colcon_ws/install/eyantra_warehouse/share/eyantra_warehouse//models/boxes/box_18/model.config
[0.433s] -- Up-to-date symlink: /home/nextup/Downloads/colcon_ws/install/eyantra_warehouse/share/eyantra_warehouse//models/boxes/box_18/model.sdf
[0.434s] -- Up-to-date symlink: /home/nextup/Downloads/colcon_ws/install/eyantra_warehouse/share/eyantra_warehouse//models/boxes/box_19/meshes/aruco_tag.jpg
[0.434s] -- Up-to-date symlink: /home/nextup/Downloads/colcon_ws/install/eyantra_warehouse/share/eyantra_warehouse//models/boxes/box_19/meshes/box.dae
[0.434s] -- Up-to-date symlink: /home/nextup/Downloads/colcon_ws/install/eyantra_warehouse/share/eyantra_warehouse//models/boxes/box_19/meshes/box__bg.png
[0.434s] -- Up-to-date symlink: /home/nextup/Downloads/colcon_ws/install/eyantra_warehouse/share/eyantra_warehouse//models/boxes/box_19/meshes/cardboard_bg.png
[0.434s] -- Up-to-date symlink: /home/nextup/Downloads/colcon_ws/install/eyantra_warehouse/share/eyantra_warehouse//models/boxes/box_19/model.config
[0.435s] -- Up-to-date symlink: /home/nextup/Downloads/colcon_ws/install/eyantra_warehouse/share/eyantra_warehouse//models/boxes/box_19/model.sdf
[0.435s] -- Up-to-date symlink: /home/nextup/Downloads/colcon_ws/install/eyantra_warehouse/share/eyantra_warehouse//models/boxes/box_2/meshes/aruco_tag.jpg
[0.435s] -- Up-to-date symlink: /home/nextup/Downloads/colcon_ws/install/eyantra_warehouse/share/eyantra_warehouse//models/boxes/box_2/meshes/box.dae
[0.435s] -- Up-to-date symlink: /home/nextup/Downloads/colcon_ws/install/eyantra_warehouse/share/eyantra_warehouse//models/boxes/box_2/meshes/box__bg.png
[0.436s] -- Up-to-date symlink: /home/nextup/Downloads/colcon_ws/install/eyantra_warehouse/share/eyantra_warehouse//models/boxes/box_2/meshes/cardboard_bg.png
[0.436s] -- Up-to-date symlink: /home/nextup/Downloads/colcon_ws/install/eyantra_warehouse/share/eyantra_warehouse//models/boxes/box_2/model.config
[0.436s] -- Up-to-date symlink: /home/nextup/Downloads/colcon_ws/install/eyantra_warehouse/share/eyantra_warehouse//models/boxes/box_2/model.sdf
[0.436s] -- Up-to-date symlink: /home/nextup/Downloads/colcon_ws/install/eyantra_warehouse/share/eyantra_warehouse//models/boxes/box_20/meshes/aruco_tag.jpg
[0.436s] -- Up-to-date symlink: /home/nextup/Downloads/colcon_ws/install/eyantra_warehouse/share/eyantra_warehouse//models/boxes/box_20/meshes/box.dae
[0.436s] -- Up-to-date symlink: /home/nextup/Downloads/colcon_ws/install/eyantra_warehouse/share/eyantra_warehouse//models/boxes/box_20/meshes/box__bg.png
[0.436s] -- Up-to-date symlink: /home/nextup/Downloads/colcon_ws/install/eyantra_warehouse/share/eyantra_warehouse//models/boxes/box_20/meshes/cardboard_bg.png
[0.436s] -- Up-to-date symlink: /home/nextup/Downloads/colcon_ws/install/eyantra_warehouse/share/eyantra_warehouse//models/boxes/box_20/model.config
[0.437s] -- Up-to-date symlink: /home/nextup/Downloads/colcon_ws/install/eyantra_warehouse/share/eyantra_warehouse//models/boxes/box_20/model.sdf
[0.437s] -- Up-to-date symlink: /home/nextup/Downloads/colcon_ws/install/eyantra_warehouse/share/eyantra_warehouse//models/boxes/box_21/meshes/aruco_tag.jpg
[0.437s] -- Up-to-date symlink: /home/nextup/Downloads/colcon_ws/install/eyantra_warehouse/share/eyantra_warehouse//models/boxes/box_21/meshes/box.dae
[0.437s] -- Up-to-date symlink: /home/nextup/Downloads/colcon_ws/install/eyantra_warehouse/share/eyantra_warehouse//models/boxes/box_21/meshes/box__bg.png
[0.437s] -- Up-to-date symlink: /home/nextup/Downloads/colcon_ws/install/eyantra_warehouse/share/eyantra_warehouse//models/boxes/box_21/meshes/cardboard_bg.png
[0.437s] -- Up-to-date symlink: /home/nextup/Downloads/colcon_ws/install/eyantra_warehouse/share/eyantra_warehouse//models/boxes/box_21/model.config
[0.437s] -- Up-to-date symlink: /home/nextup/Downloads/colcon_ws/install/eyantra_warehouse/share/eyantra_warehouse//models/boxes/box_21/model.sdf
[0.438s] -- Up-to-date symlink: /home/nextup/Downloads/colcon_ws/install/eyantra_warehouse/share/eyantra_warehouse//models/boxes/box_22/meshes/aruco_tag.jpg
[0.438s] -- Up-to-date symlink: /home/nextup/Downloads/colcon_ws/install/eyantra_warehouse/share/eyantra_warehouse//models/boxes/box_22/meshes/box.dae
[0.438s] -- Up-to-date symlink: /home/nextup/Downloads/colcon_ws/install/eyantra_warehouse/share/eyantra_warehouse//models/boxes/box_22/meshes/box__bg.png
[0.438s] -- Up-to-date symlink: /home/nextup/Downloads/colcon_ws/install/eyantra_warehouse/share/eyantra_warehouse//models/boxes/box_22/meshes/cardboard_bg.png
[0.439s] -- Up-to-date symlink: /home/nextup/Downloads/colcon_ws/install/eyantra_warehouse/share/eyantra_warehouse//models/boxes/box_22/model.config
[0.439s] -- Up-to-date symlink: /home/nextup/Downloads/colcon_ws/install/eyantra_warehouse/share/eyantra_warehouse//models/boxes/box_22/model.sdf
[0.439s] -- Up-to-date symlink: /home/nextup/Downloads/colcon_ws/install/eyantra_warehouse/share/eyantra_warehouse//models/boxes/box_23/meshes/aruco_tag.jpg
[0.439s] -- Up-to-date symlink: /home/nextup/Downloads/colcon_ws/install/eyantra_warehouse/share/eyantra_warehouse//models/boxes/box_23/meshes/box.dae
[0.439s] -- Up-to-date symlink: /home/nextup/Downloads/colcon_ws/install/eyantra_warehouse/share/eyantra_warehouse//models/boxes/box_23/meshes/box__bg.png
[0.440s] -- Up-to-date symlink: /home/nextup/Downloads/colcon_ws/install/eyantra_warehouse/share/eyantra_warehouse//models/boxes/box_23/meshes/cardboard_bg.png
[0.440s] -- Up-to-date symlink: /home/nextup/Downloads/colcon_ws/install/eyantra_warehouse/share/eyantra_warehouse//models/boxes/box_23/model.config
[0.441s] -- Up-to-date symlink: /home/nextup/Downloads/colcon_ws/install/eyantra_warehouse/share/eyantra_warehouse//models/boxes/box_23/model.sdf
[0.441s] -- Up-to-date symlink: /home/nextup/Downloads/colcon_ws/install/eyantra_warehouse/share/eyantra_warehouse//models/boxes/box_24/meshes/aruco_tag.jpg
[0.441s] -- Up-to-date symlink: /home/nextup/Downloads/colcon_ws/install/eyantra_warehouse/share/eyantra_warehouse//models/boxes/box_24/meshes/box.dae
[0.442s] -- Up-to-date symlink: /home/nextup/Downloads/colcon_ws/install/eyantra_warehouse/share/eyantra_warehouse//models/boxes/box_24/meshes/box__bg.png
[0.442s] -- Up-to-date symlink: /home/nextup/Downloads/colcon_ws/install/eyantra_warehouse/share/eyantra_warehouse//models/boxes/box_24/meshes/cardboard_bg.png
[0.442s] -- Up-to-date symlink: /home/nextup/Downloads/colcon_ws/install/eyantra_warehouse/share/eyantra_warehouse//models/boxes/box_24/model.config
[0.443s] -- Up-to-date symlink: /home/nextup/Downloads/colcon_ws/install/eyantra_warehouse/share/eyantra_warehouse//models/boxes/box_24/model.sdf
[0.443s] -- Up-to-date symlink: /home/nextup/Downloads/colcon_ws/install/eyantra_warehouse/share/eyantra_warehouse//models/boxes/box_25/meshes/aruco_tag.jpg
[0.443s] -- Up-to-date symlink: /home/nextup/Downloads/colcon_ws/install/eyantra_warehouse/share/eyantra_warehouse//models/boxes/box_25/meshes/box.dae
[0.443s] -- Up-to-date symlink: /home/nextup/Downloads/colcon_ws/install/eyantra_warehouse/share/eyantra_warehouse//models/boxes/box_25/meshes/box__bg.png
[0.443s] -- Up-to-date symlink: /home/nextup/Downloads/colcon_ws/install/eyantra_warehouse/share/eyantra_warehouse//models/boxes/box_25/meshes/cardboard_bg.png
[0.443s] -- Up-to-date symlink: /home/nextup/Downloads/colcon_ws/install/eyantra_warehouse/share/eyantra_warehouse//models/boxes/box_25/model.config
[0.443s] -- Up-to-date symlink: /home/nextup/Downloads/colcon_ws/install/eyantra_warehouse/share/eyantra_warehouse//models/boxes/box_25/model.sdf
[0.443s] -- Up-to-date symlink: /home/nextup/Downloads/colcon_ws/install/eyantra_warehouse/share/eyantra_warehouse//models/boxes/box_26/meshes/aruco_tag.jpg
[0.443s] -- Up-to-date symlink: /home/nextup/Downloads/colcon_ws/install/eyantra_warehouse/share/eyantra_warehouse//models/boxes/box_26/meshes/box.dae
[0.443s] -- Up-to-date symlink: /home/nextup/Downloads/colcon_ws/install/eyantra_warehouse/share/eyantra_warehouse//models/boxes/box_26/meshes/box__bg.png
[0.444s] -- Up-to-date symlink: /home/nextup/Downloads/colcon_ws/install/eyantra_warehouse/share/eyantra_warehouse//models/boxes/box_26/meshes/cardboard_bg.png
[0.444s] -- Up-to-date symlink: /home/nextup/Downloads/colcon_ws/install/eyantra_warehouse/share/eyantra_warehouse//models/boxes/box_26/model.config
[0.444s] -- Up-to-date symlink: /home/nextup/Downloads/colcon_ws/install/eyantra_warehouse/share/eyantra_warehouse//models/boxes/box_26/model.sdf
[0.444s] -- Up-to-date symlink: /home/nextup/Downloads/colcon_ws/install/eyantra_warehouse/share/eyantra_warehouse//models/boxes/box_27/meshes/aruco_tag.jpg
[0.444s] -- Up-to-date symlink: /home/nextup/Downloads/colcon_ws/install/eyantra_warehouse/share/eyantra_warehouse//models/boxes/box_27/meshes/box.dae
[0.444s] -- Up-to-date symlink: /home/nextup/Downloads/colcon_ws/install/eyantra_warehouse/share/eyantra_warehouse//models/boxes/box_27/meshes/box__bg.png
[0.444s] -- Up-to-date symlink: /home/nextup/Downloads/colcon_ws/install/eyantra_warehouse/share/eyantra_warehouse//models/boxes/box_27/meshes/cardboard_bg.png
[0.444s] -- Up-to-date symlink: /home/nextup/Downloads/colcon_ws/install/eyantra_warehouse/share/eyantra_warehouse//models/boxes/box_27/model.config
[0.444s] -- Up-to-date symlink: /home/nextup/Downloads/colcon_ws/install/eyantra_warehouse/share/eyantra_warehouse//models/boxes/box_27/model.sdf
[0.444s] -- Up-to-date symlink: /home/nextup/Downloads/colcon_ws/install/eyantra_warehouse/share/eyantra_warehouse//models/boxes/box_28/meshes/aruco_tag.jpg
[0.445s] -- Up-to-date symlink: /home/nextup/Downloads/colcon_ws/install/eyantra_warehouse/share/eyantra_warehouse//models/boxes/box_28/meshes/box.dae
[0.445s] -- Up-to-date symlink: /home/nextup/Downloads/colcon_ws/install/eyantra_warehouse/share/eyantra_warehouse//models/boxes/box_28/meshes/box__bg.png
[0.445s] -- Up-to-date symlink: /home/nextup/Downloads/colcon_ws/install/eyantra_warehouse/share/eyantra_warehouse//models/boxes/box_28/meshes/cardboard_bg.png
[0.445s] -- Up-to-date symlink: /home/nextup/Downloads/colcon_ws/install/eyantra_warehouse/share/eyantra_warehouse//models/boxes/box_28/model.config
[0.446s] -- Up-to-date symlink: /home/nextup/Downloads/colcon_ws/install/eyantra_warehouse/share/eyantra_warehouse//models/boxes/box_28/model.sdf
[0.446s] -- Up-to-date symlink: /home/nextup/Downloads/colcon_ws/install/eyantra_warehouse/share/eyantra_warehouse//models/boxes/box_29/meshes/aruco_tag.jpg
[0.446s] -- Up-to-date symlink: /home/nextup/Downloads/colcon_ws/install/eyantra_warehouse/share/eyantra_warehouse//models/boxes/box_29/meshes/box.dae
[0.446s] -- Up-to-date symlink: /home/nextup/Downloads/colcon_ws/install/eyantra_warehouse/share/eyantra_warehouse//models/boxes/box_29/meshes/box__bg.png
[0.447s] -- Up-to-date symlink: /home/nextup/Downloads/colcon_ws/install/eyantra_warehouse/share/eyantra_warehouse//models/boxes/box_29/meshes/cardboard_bg.png
[0.447s] -- Up-to-date symlink: /home/nextup/Downloads/colcon_ws/install/eyantra_warehouse/share/eyantra_warehouse//models/boxes/box_29/model.config
[0.447s] -- Up-to-date symlink: /home/nextup/Downloads/colcon_ws/install/eyantra_warehouse/share/eyantra_warehouse//models/boxes/box_29/model.sdf
[0.448s] -- Up-to-date symlink: /home/nextup/Downloads/colcon_ws/install/eyantra_warehouse/share/eyantra_warehouse//models/boxes/box_3/meshes/aruco_tag.jpg
[0.448s] -- Up-to-date symlink: /home/nextup/Downloads/colcon_ws/install/eyantra_warehouse/share/eyantra_warehouse//models/boxes/box_3/meshes/box.dae
[0.448s] -- Up-to-date symlink: /home/nextup/Downloads/colcon_ws/install/eyantra_warehouse/share/eyantra_warehouse//models/boxes/box_3/meshes/box__bg.png
[0.448s] -- Up-to-date symlink: /home/nextup/Downloads/colcon_ws/install/eyantra_warehouse/share/eyantra_warehouse//models/boxes/box_3/meshes/cardboard_bg.png
[0.449s] -- Up-to-date symlink: /home/nextup/Downloads/colcon_ws/install/eyantra_warehouse/share/eyantra_warehouse//models/boxes/box_3/model.config
[0.449s] -- Up-to-date symlink: /home/nextup/Downloads/colcon_ws/install/eyantra_warehouse/share/eyantra_warehouse//models/boxes/box_3/model.sdf
[0.449s] -- Up-to-date symlink: /home/nextup/Downloads/colcon_ws/install/eyantra_warehouse/share/eyantra_warehouse//models/boxes/box_30/meshes/aruco_tag.jpg
[0.449s] -- Up-to-date symlink: /home/nextup/Downloads/colcon_ws/install/eyantra_warehouse/share/eyantra_warehouse//models/boxes/box_30/meshes/box.dae
[0.449s] -- Up-to-date symlink: /home/nextup/Downloads/colcon_ws/install/eyantra_warehouse/share/eyantra_warehouse//models/boxes/box_30/meshes/box__bg.png
[0.449s] -- Up-to-date symlink: /home/nextup/Downloads/colcon_ws/install/eyantra_warehouse/share/eyantra_warehouse//models/boxes/box_30/meshes/cardboard_bg.png
[0.450s] -- Up-to-date symlink: /home/nextup/Downloads/colcon_ws/install/eyantra_warehouse/share/eyantra_warehouse//models/boxes/box_30/model.config
[0.450s] -- Up-to-date symlink: /home/nextup/Downloads/colcon_ws/install/eyantra_warehouse/share/eyantra_warehouse//models/boxes/box_30/model.sdf
[0.450s] -- Up-to-date symlink: /home/nextup/Downloads/colcon_ws/install/eyantra_warehouse/share/eyantra_warehouse//models/boxes/box_31/meshes/aruco_tag.jpg
[0.450s] -- Up-to-date symlink: /home/nextup/Downloads/colcon_ws/install/eyantra_warehouse/share/eyantra_warehouse//models/boxes/box_31/meshes/box.dae
[0.450s] -- Up-to-date symlink: /home/nextup/Downloads/colcon_ws/install/eyantra_warehouse/share/eyantra_warehouse//models/boxes/box_31/meshes/box__bg.png
[0.451s] -- Up-to-date symlink: /home/nextup/Downloads/colcon_ws/install/eyantra_warehouse/share/eyantra_warehouse//models/boxes/box_31/meshes/cardboard_bg.png
[0.451s] -- Up-to-date symlink: /home/nextup/Downloads/colcon_ws/install/eyantra_warehouse/share/eyantra_warehouse//models/boxes/box_31/model.config
[0.452s] -- Up-to-date symlink: /home/nextup/Downloads/colcon_ws/install/eyantra_warehouse/share/eyantra_warehouse//models/boxes/box_31/model.sdf
[0.452s] -- Up-to-date symlink: /home/nextup/Downloads/colcon_ws/install/eyantra_warehouse/share/eyantra_warehouse//models/boxes/box_32/meshes/aruco_tag.jpg
[0.452s] -- Up-to-date symlink: /home/nextup/Downloads/colcon_ws/install/eyantra_warehouse/share/eyantra_warehouse//models/boxes/box_32/meshes/box.dae
[0.453s] -- Up-to-date symlink: /home/nextup/Downloads/colcon_ws/install/eyantra_warehouse/share/eyantra_warehouse//models/boxes/box_32/meshes/box__bg.png
[0.453s] -- Up-to-date symlink: /home/nextup/Downloads/colcon_ws/install/eyantra_warehouse/share/eyantra_warehouse//models/boxes/box_32/meshes/cardboard_bg.png
[0.453s] -- Up-to-date symlink: /home/nextup/Downloads/colcon_ws/install/eyantra_warehouse/share/eyantra_warehouse//models/boxes/box_32/model.config
[0.454s] -- Up-to-date symlink: /home/nextup/Downloads/colcon_ws/install/eyantra_warehouse/share/eyantra_warehouse//models/boxes/box_32/model.sdf
[0.455s] -- Up-to-date symlink: /home/nextup/Downloads/colcon_ws/install/eyantra_warehouse/share/eyantra_warehouse//models/boxes/box_33/meshes/aruco_tag.jpg
[0.455s] -- Up-to-date symlink: /home/nextup/Downloads/colcon_ws/install/eyantra_warehouse/share/eyantra_warehouse//models/boxes/box_33/meshes/box.dae
[0.455s] -- Up-to-date symlink: /home/nextup/Downloads/colcon_ws/install/eyantra_warehouse/share/eyantra_warehouse//models/boxes/box_33/meshes/box__bg.png
[0.456s] -- Up-to-date symlink: /home/nextup/Downloads/colcon_ws/install/eyantra_warehouse/share/eyantra_warehouse//models/boxes/box_33/meshes/cardboard_bg.png
[0.456s] -- Up-to-date symlink: /home/nextup/Downloads/colcon_ws/install/eyantra_warehouse/share/eyantra_warehouse//models/boxes/box_33/model.config
[0.456s] -- Up-to-date symlink: /home/nextup/Downloads/colcon_ws/install/eyantra_warehouse/share/eyantra_warehouse//models/boxes/box_33/model.sdf
[0.456s] -- Up-to-date symlink: /home/nextup/Downloads/colcon_ws/install/eyantra_warehouse/share/eyantra_warehouse//models/boxes/box_34/meshes/aruco_tag.jpg
[0.456s] -- Up-to-date symlink: /home/nextup/Downloads/colcon_ws/install/eyantra_warehouse/share/eyantra_warehouse//models/boxes/box_34/meshes/box.dae
[0.456s] -- Up-to-date symlink: /home/nextup/Downloads/colcon_ws/install/eyantra_warehouse/share/eyantra_warehouse//models/boxes/box_34/meshes/box__bg.png
[0.456s] -- Up-to-date symlink: /home/nextup/Downloads/colcon_ws/install/eyantra_warehouse/share/eyantra_warehouse//models/boxes/box_34/meshes/cardboard_bg.png
[0.456s] -- Up-to-date symlink: /home/nextup/Downloads/colcon_ws/install/eyantra_warehouse/share/eyantra_warehouse//models/boxes/box_34/model.config
[0.456s] -- Up-to-date symlink: /home/nextup/Downloads/colcon_ws/install/eyantra_warehouse/share/eyantra_warehouse//models/boxes/box_34/model.sdf
[0.456s] -- Up-to-date symlink: /home/nextup/Downloads/colcon_ws/install/eyantra_warehouse/share/eyantra_warehouse//models/boxes/box_35/meshes/aruco_tag.jpg
[0.456s] -- Up-to-date symlink: /home/nextup/Downloads/colcon_ws/install/eyantra_warehouse/share/eyantra_warehouse//models/boxes/box_35/meshes/box.dae
[0.456s] -- Up-to-date symlink: /home/nextup/Downloads/colcon_ws/install/eyantra_warehouse/share/eyantra_warehouse//models/boxes/box_35/meshes/box__bg.png
[0.456s] -- Up-to-date symlink: /home/nextup/Downloads/colcon_ws/install/eyantra_warehouse/share/eyantra_warehouse//models/boxes/box_35/meshes/cardboard_bg.png
[0.456s] -- Up-to-date symlink: /home/nextup/Downloads/colcon_ws/install/eyantra_warehouse/share/eyantra_warehouse//models/boxes/box_35/model.config
[0.456s] -- Up-to-date symlink: /home/nextup/Downloads/colcon_ws/install/eyantra_warehouse/share/eyantra_warehouse//models/boxes/box_35/model.sdf
[0.456s] -- Up-to-date symlink: /home/nextup/Downloads/colcon_ws/install/eyantra_warehouse/share/eyantra_warehouse//models/boxes/box_36/meshes/aruco_tag.jpg
[0.456s] -- Up-to-date symlink: /home/nextup/Downloads/colcon_ws/install/eyantra_warehouse/share/eyantra_warehouse//models/boxes/box_36/meshes/box.dae
[0.456s] -- Up-to-date symlink: /home/nextup/Downloads/colcon_ws/install/eyantra_warehouse/share/eyantra_warehouse//models/boxes/box_36/meshes/box__bg.png
[0.456s] -- Up-to-date symlink: /home/nextup/Downloads/colcon_ws/install/eyantra_warehouse/share/eyantra_warehouse//models/boxes/box_36/meshes/cardboard_bg.png
[0.456s] -- Up-to-date symlink: /home/nextup/Downloads/colcon_ws/install/eyantra_warehouse/share/eyantra_warehouse//models/boxes/box_36/model.config
[0.457s] -- Up-to-date symlink: /home/nextup/Downloads/colcon_ws/install/eyantra_warehouse/share/eyantra_warehouse//models/boxes/box_36/model.sdf
[0.457s] -- Up-to-date symlink: /home/nextup/Downloads/colcon_ws/install/eyantra_warehouse/share/eyantra_warehouse//models/boxes/box_37/meshes/aruco_tag.jpg
[0.458s] -- Up-to-date symlink: /home/nextup/Downloads/colcon_ws/install/eyantra_warehouse/share/eyantra_warehouse//models/boxes/box_37/meshes/box.dae
[0.458s] -- Up-to-date symlink: /home/nextup/Downloads/colcon_ws/install/eyantra_warehouse/share/eyantra_warehouse//models/boxes/box_37/meshes/box__bg.png
[0.458s] -- Up-to-date symlink: /home/nextup/Downloads/colcon_ws/install/eyantra_warehouse/share/eyantra_warehouse//models/boxes/box_37/meshes/cardboard_bg.png
[0.458s] -- Up-to-date symlink: /home/nextup/Downloads/colcon_ws/install/eyantra_warehouse/share/eyantra_warehouse//models/boxes/box_37/model.config
[0.458s] -- Up-to-date symlink: /home/nextup/Downloads/colcon_ws/install/eyantra_warehouse/share/eyantra_warehouse//models/boxes/box_37/model.sdf
[0.458s] -- Up-to-date symlink: /home/nextup/Downloads/colcon_ws/install/eyantra_warehouse/share/eyantra_warehouse//models/boxes/box_38/meshes/aruco_tag.jpg
[0.458s] -- Up-to-date symlink: /home/nextup/Downloads/colcon_ws/install/eyantra_warehouse/share/eyantra_warehouse//models/boxes/box_38/meshes/box.dae
[0.459s] -- Up-to-date symlink: /home/nextup/Downloads/colcon_ws/install/eyantra_warehouse/share/eyantra_warehouse//models/boxes/box_38/meshes/box__bg.png
[0.459s] -- Up-to-date symlink: /home/nextup/Downloads/colcon_ws/install/eyantra_warehouse/share/eyantra_warehouse//models/boxes/box_38/meshes/cardboard_bg.png
[0.459s] -- Up-to-date symlink: /home/nextup/Downloads/colcon_ws/install/eyantra_warehouse/share/eyantra_warehouse//models/boxes/box_38/model.config
[0.459s] -- Up-to-date symlink: /home/nextup/Downloads/colcon_ws/install/eyantra_warehouse/share/eyantra_warehouse//models/boxes/box_38/model.sdf
[0.459s] -- Up-to-date symlink: /home/nextup/Downloads/colcon_ws/install/eyantra_warehouse/share/eyantra_warehouse//models/boxes/box_39/meshes/aruco_tag.jpg
[0.459s] -- Up-to-date symlink: /home/nextup/Downloads/colcon_ws/install/eyantra_warehouse/share/eyantra_warehouse//models/boxes/box_39/meshes/box.dae
[0.460s] -- Up-to-date symlink: /home/nextup/Downloads/colcon_ws/install/eyantra_warehouse/share/eyantra_warehouse//models/boxes/box_39/meshes/box__bg.png
[0.460s] -- Up-to-date symlink: /home/nextup/Downloads/colcon_ws/install/eyantra_warehouse/share/eyantra_warehouse//models/boxes/box_39/meshes/cardboard_bg.png
[0.460s] -- Up-to-date symlink: /home/nextup/Downloads/colcon_ws/install/eyantra_warehouse/share/eyantra_warehouse//models/boxes/box_39/model.config
[0.460s] -- Up-to-date symlink: /home/nextup/Downloads/colcon_ws/install/eyantra_warehouse/share/eyantra_warehouse//models/boxes/box_39/model.sdf
[0.460s] -- Up-to-date symlink: /home/nextup/Downloads/colcon_ws/install/eyantra_warehouse/share/eyantra_warehouse//models/boxes/box_4/meshes/aruco_tag.jpg
[0.460s] -- Up-to-date symlink: /home/nextup/Downloads/colcon_ws/install/eyantra_warehouse/share/eyantra_warehouse//models/boxes/box_4/meshes/box.dae
[0.460s] -- Up-to-date symlink: /home/nextup/Downloads/colcon_ws/install/eyantra_warehouse/share/eyantra_warehouse//models/boxes/box_4/meshes/box__bg.png
[0.460s] -- Up-to-date symlink: /home/nextup/Downloads/colcon_ws/install/eyantra_warehouse/share/eyantra_warehouse//models/boxes/box_4/meshes/cardboard_bg.png
[0.460s] -- Up-to-date symlink: /home/nextup/Downloads/colcon_ws/install/eyantra_warehouse/share/eyantra_warehouse//models/boxes/box_4/model.config
[0.460s] -- Up-to-date symlink: /home/nextup/Downloads/colcon_ws/install/eyantra_warehouse/share/eyantra_warehouse//models/boxes/box_4/model.sdf
[0.460s] -- Up-to-date symlink: /home/nextup/Downloads/colcon_ws/install/eyantra_warehouse/share/eyantra_warehouse//models/boxes/box_40/meshes/aruco_tag.jpg
[0.460s] -- Up-to-date symlink: /home/nextup/Downloads/colcon_ws/install/eyantra_warehouse/share/eyantra_warehouse//models/boxes/box_40/meshes/box.dae
[0.461s] -- Up-to-date symlink: /home/nextup/Downloads/colcon_ws/install/eyantra_warehouse/share/eyantra_warehouse//models/boxes/box_40/meshes/box__bg.png
[0.461s] -- Up-to-date symlink: /home/nextup/Downloads/colcon_ws/install/eyantra_warehouse/share/eyantra_warehouse//models/boxes/box_40/meshes/cardboard_bg.png
[0.461s] -- Up-to-date symlink: /home/nextup/Downloads/colcon_ws/install/eyantra_warehouse/share/eyantra_warehouse//models/boxes/box_40/model.config
[0.461s] -- Up-to-date symlink: /home/nextup/Downloads/colcon_ws/install/eyantra_warehouse/share/eyantra_warehouse//models/boxes/box_40/model.sdf
[0.461s] -- Up-to-date symlink: /home/nextup/Downloads/colcon_ws/install/eyantra_warehouse/share/eyantra_warehouse//models/boxes/box_41/meshes/aruco_tag.jpg
[0.461s] -- Up-to-date symlink: /home/nextup/Downloads/colcon_ws/install/eyantra_warehouse/share/eyantra_warehouse//models/boxes/box_41/meshes/box.dae
[0.461s] -- Up-to-date symlink: /home/nextup/Downloads/colcon_ws/install/eyantra_warehouse/share/eyantra_warehouse//models/boxes/box_41/meshes/box__bg.png
[0.461s] -- Up-to-date symlink: /home/nextup/Downloads/colcon_ws/install/eyantra_warehouse/share/eyantra_warehouse//models/boxes/box_41/meshes/cardboard_bg.png
[0.461s] -- Up-to-date symlink: /home/nextup/Downloads/colcon_ws/install/eyantra_warehouse/share/eyantra_warehouse//models/boxes/box_41/model.config
[0.462s] -- Up-to-date symlink: /home/nextup/Downloads/colcon_ws/install/eyantra_warehouse/share/eyantra_warehouse//models/boxes/box_41/model.sdf
[0.462s] -- Up-to-date symlink: /home/nextup/Downloads/colcon_ws/install/eyantra_warehouse/share/eyantra_warehouse//models/boxes/box_42/meshes/aruco_tag.jpg
[0.462s] -- Up-to-date symlink: /home/nextup/Downloads/colcon_ws/install/eyantra_warehouse/share/eyantra_warehouse//models/boxes/box_42/meshes/box.dae
[0.462s] -- Up-to-date symlink: /home/nextup/Downloads/colcon_ws/install/eyantra_warehouse/share/eyantra_warehouse//models/boxes/box_42/meshes/box__bg.png
[0.462s] -- Up-to-date symlink: /home/nextup/Downloads/colcon_ws/install/eyantra_warehouse/share/eyantra_warehouse//models/boxes/box_42/meshes/cardboard_bg.png
[0.462s] -- Up-to-date symlink: /home/nextup/Downloads/colcon_ws/install/eyantra_warehouse/share/eyantra_warehouse//models/boxes/box_42/model.config
[0.462s] -- Up-to-date symlink: /home/nextup/Downloads/colcon_ws/install/eyantra_warehouse/share/eyantra_warehouse//models/boxes/box_42/model.sdf
[0.462s] -- Up-to-date symlink: /home/nextup/Downloads/colcon_ws/install/eyantra_warehouse/share/eyantra_warehouse//models/boxes/box_43/meshes/aruco_tag.jpg
[0.462s] -- Up-to-date symlink: /home/nextup/Downloads/colcon_ws/install/eyantra_warehouse/share/eyantra_warehouse//models/boxes/box_43/meshes/box.dae
[0.462s] -- Up-to-date symlink: /home/nextup/Downloads/colcon_ws/install/eyantra_warehouse/share/eyantra_warehouse//models/boxes/box_43/meshes/box__bg.png
[0.462s] -- Up-to-date symlink: /home/nextup/Downloads/colcon_ws/install/eyantra_warehouse/share/eyantra_warehouse//models/boxes/box_43/meshes/cardboard_bg.png
[0.462s] -- Up-to-date symlink: /home/nextup/Downloads/colcon_ws/install/eyantra_warehouse/share/eyantra_warehouse//models/boxes/box_43/model.config
[0.462s] -- Up-to-date symlink: /home/nextup/Downloads/colcon_ws/install/eyantra_warehouse/share/eyantra_warehouse//models/boxes/box_43/model.sdf
[0.463s] -- Up-to-date symlink: /home/nextup/Downloads/colcon_ws/install/eyantra_warehouse/share/eyantra_warehouse//models/boxes/box_44/meshes/aruco_tag.jpg
[0.463s] -- Up-to-date symlink: /home/nextup/Downloads/colcon_ws/install/eyantra_warehouse/share/eyantra_warehouse//models/boxes/box_44/meshes/box.dae
[0.463s] -- Up-to-date symlink: /home/nextup/Downloads/colcon_ws/install/eyantra_warehouse/share/eyantra_warehouse//models/boxes/box_44/meshes/box__bg.png
[0.463s] -- Up-to-date symlink: /home/nextup/Downloads/colcon_ws/install/eyantra_warehouse/share/eyantra_warehouse//models/boxes/box_44/meshes/cardboard_bg.png
[0.463s] -- Up-to-date symlink: /home/nextup/Downloads/colcon_ws/install/eyantra_warehouse/share/eyantra_warehouse//models/boxes/box_44/model.config
[0.464s] -- Up-to-date symlink: /home/nextup/Downloads/colcon_ws/install/eyantra_warehouse/share/eyantra_warehouse//models/boxes/box_44/model.sdf
[0.464s] -- Up-to-date symlink: /home/nextup/Downloads/colcon_ws/install/eyantra_warehouse/share/eyantra_warehouse//models/boxes/box_45/meshes/aruco_tag.jpg
[0.464s] -- Up-to-date symlink: /home/nextup/Downloads/colcon_ws/install/eyantra_warehouse/share/eyantra_warehouse//models/boxes/box_45/meshes/box.dae
[0.464s] -- Up-to-date symlink: /home/nextup/Downloads/colcon_ws/install/eyantra_warehouse/share/eyantra_warehouse//models/boxes/box_45/meshes/box__bg.png
[0.465s] -- Up-to-date symlink: /home/nextup/Downloads/colcon_ws/install/eyantra_warehouse/share/eyantra_warehouse//models/boxes/box_45/meshes/cardboard_bg.png
[0.465s] -- Up-to-date symlink: /home/nextup/Downloads/colcon_ws/install/eyantra_warehouse/share/eyantra_warehouse//models/boxes/box_45/model.config
[0.465s] -- Up-to-date symlink: /home/nextup/Downloads/colcon_ws/install/eyantra_warehouse/share/eyantra_warehouse//models/boxes/box_45/model.sdf
[0.466s] -- Up-to-date symlink: /home/nextup/Downloads/colcon_ws/install/eyantra_warehouse/share/eyantra_warehouse//models/boxes/box_46/meshes/aruco_tag.jpg
[0.466s] -- Up-to-date symlink: /home/nextup/Downloads/colcon_ws/install/eyantra_warehouse/share/eyantra_warehouse//models/boxes/box_46/meshes/box.dae
[0.466s] -- Up-to-date symlink: /home/nextup/Downloads/colcon_ws/install/eyantra_warehouse/share/eyantra_warehouse//models/boxes/box_46/meshes/box__bg.png
[0.466s] -- Up-to-date symlink: /home/nextup/Downloads/colcon_ws/install/eyantra_warehouse/share/eyantra_warehouse//models/boxes/box_46/meshes/cardboard_bg.png
[0.467s] -- Up-to-date symlink: /home/nextup/Downloads/colcon_ws/install/eyantra_warehouse/share/eyantra_warehouse//models/boxes/box_46/model.config
[0.467s] -- Up-to-date symlink: /home/nextup/Downloads/colcon_ws/install/eyantra_warehouse/share/eyantra_warehouse//models/boxes/box_46/model.sdf
[0.467s] -- Up-to-date symlink: /home/nextup/Downloads/colcon_ws/install/eyantra_warehouse/share/eyantra_warehouse//models/boxes/box_47/meshes/aruco_tag.jpg
[0.467s] -- Up-to-date symlink: /home/nextup/Downloads/colcon_ws/install/eyantra_warehouse/share/eyantra_warehouse//models/boxes/box_47/meshes/box.dae
[0.467s] -- Up-to-date symlink: /home/nextup/Downloads/colcon_ws/install/eyantra_warehouse/share/eyantra_warehouse//models/boxes/box_47/meshes/box__bg.png
[0.468s] -- Up-to-date symlink: /home/nextup/Downloads/colcon_ws/install/eyantra_warehouse/share/eyantra_warehouse//models/boxes/box_47/meshes/cardboard_bg.png
[0.468s] -- Up-to-date symlink: /home/nextup/Downloads/colcon_ws/install/eyantra_warehouse/share/eyantra_warehouse//models/boxes/box_47/model.config
[0.468s] -- Up-to-date symlink: /home/nextup/Downloads/colcon_ws/install/eyantra_warehouse/share/eyantra_warehouse//models/boxes/box_47/model.sdf
[0.468s] -- Up-to-date symlink: /home/nextup/Downloads/colcon_ws/install/eyantra_warehouse/share/eyantra_warehouse//models/boxes/box_48/meshes/aruco_tag.jpg
[0.468s] -- Up-to-date symlink: /home/nextup/Downloads/colcon_ws/install/eyantra_warehouse/share/eyantra_warehouse//models/boxes/box_48/meshes/box.dae
[0.468s] -- Up-to-date symlink: /home/nextup/Downloads/colcon_ws/install/eyantra_warehouse/share/eyantra_warehouse//models/boxes/box_48/meshes/box__bg.png
[0.468s] -- Up-to-date symlink: /home/nextup/Downloads/colcon_ws/install/eyantra_warehouse/share/eyantra_warehouse//models/boxes/box_48/meshes/cardboard_bg.png
[0.468s] -- Up-to-date symlink: /home/nextup/Downloads/colcon_ws/install/eyantra_warehouse/share/eyantra_warehouse//models/boxes/box_48/model.config
[0.468s] -- Up-to-date symlink: /home/nextup/Downloads/colcon_ws/install/eyantra_warehouse/share/eyantra_warehouse//models/boxes/box_48/model.sdf
[0.468s] -- Up-to-date symlink: /home/nextup/Downloads/colcon_ws/install/eyantra_warehouse/share/eyantra_warehouse//models/boxes/box_49/meshes/aruco_tag.jpg
[0.468s] -- Up-to-date symlink: /home/nextup/Downloads/colcon_ws/install/eyantra_warehouse/share/eyantra_warehouse//models/boxes/box_49/meshes/box.dae
[0.468s] -- Up-to-date symlink: /home/nextup/Downloads/colcon_ws/install/eyantra_warehouse/share/eyantra_warehouse//models/boxes/box_49/meshes/box__bg.png
[0.468s] -- Up-to-date symlink: /home/nextup/Downloads/colcon_ws/install/eyantra_warehouse/share/eyantra_warehouse//models/boxes/box_49/meshes/cardboard_bg.png
[0.468s] -- Up-to-date symlink: /home/nextup/Downloads/colcon_ws/install/eyantra_warehouse/share/eyantra_warehouse//models/boxes/box_49/model.config
[0.468s] -- Up-to-date symlink: /home/nextup/Downloads/colcon_ws/install/eyantra_warehouse/share/eyantra_warehouse//models/boxes/box_49/model.sdf
[0.468s] -- Up-to-date symlink: /home/nextup/Downloads/colcon_ws/install/eyantra_warehouse/share/eyantra_warehouse//models/boxes/box_5/meshes/aruco_tag.jpg
[0.468s] -- Up-to-date symlink: /home/nextup/Downloads/colcon_ws/install/eyantra_warehouse/share/eyantra_warehouse//models/boxes/box_5/meshes/box.dae
[0.468s] -- Up-to-date symlink: /home/nextup/Downloads/colcon_ws/install/eyantra_warehouse/share/eyantra_warehouse//models/boxes/box_5/meshes/box__bg.png
[0.469s] -- Up-to-date symlink: /home/nextup/Downloads/colcon_ws/install/eyantra_warehouse/share/eyantra_warehouse//models/boxes/box_5/meshes/cardboard_bg.png
[0.469s] -- Up-to-date symlink: /home/nextup/Downloads/colcon_ws/install/eyantra_warehouse/share/eyantra_warehouse//models/boxes/box_5/model.config
[0.469s] -- Up-to-date symlink: /home/nextup/Downloads/colcon_ws/install/eyantra_warehouse/share/eyantra_warehouse//models/boxes/box_5/model.sdf
[0.469s] -- Up-to-date symlink: /home/nextup/Downloads/colcon_ws/install/eyantra_warehouse/share/eyantra_warehouse//models/boxes/box_50/meshes/aruco_tag.jpg
[0.469s] -- Up-to-date symlink: /home/nextup/Downloads/colcon_ws/install/eyantra_warehouse/share/eyantra_warehouse//models/boxes/box_50/meshes/box.dae
[0.469s] -- Up-to-date symlink: /home/nextup/Downloads/colcon_ws/install/eyantra_warehouse/share/eyantra_warehouse//models/boxes/box_50/meshes/box__bg.png
[0.469s] -- Up-to-date symlink: /home/nextup/Downloads/colcon_ws/install/eyantra_warehouse/share/eyantra_warehouse//models/boxes/box_50/meshes/cardboard_bg.png
[0.469s] -- Up-to-date symlink: /home/nextup/Downloads/colcon_ws/install/eyantra_warehouse/share/eyantra_warehouse//models/boxes/box_50/model.config
[0.469s] -- Up-to-date symlink: /home/nextup/Downloads/colcon_ws/install/eyantra_warehouse/share/eyantra_warehouse//models/boxes/box_50/model.sdf
[0.469s] -- Up-to-date symlink: /home/nextup/Downloads/colcon_ws/install/eyantra_warehouse/share/eyantra_warehouse//models/boxes/box_6/meshes/aruco_tag.jpg
[0.469s] -- Up-to-date symlink: /home/nextup/Downloads/colcon_ws/install/eyantra_warehouse/share/eyantra_warehouse//models/boxes/box_6/meshes/box.dae
[0.469s] -- Up-to-date symlink: /home/nextup/Downloads/colcon_ws/install/eyantra_warehouse/share/eyantra_warehouse//models/boxes/box_6/meshes/box__bg.png
[0.469s] -- Up-to-date symlink: /home/nextup/Downloads/colcon_ws/install/eyantra_warehouse/share/eyantra_warehouse//models/boxes/box_6/meshes/cardboard_bg.png
[0.469s] -- Up-to-date symlink: /home/nextup/Downloads/colcon_ws/install/eyantra_warehouse/share/eyantra_warehouse//models/boxes/box_6/model.config
[0.469s] -- Up-to-date symlink: /home/nextup/Downloads/colcon_ws/install/eyantra_warehouse/share/eyantra_warehouse//models/boxes/box_6/model.sdf
[0.469s] -- Up-to-date symlink: /home/nextup/Downloads/colcon_ws/install/eyantra_warehouse/share/eyantra_warehouse//models/boxes/box_7/meshes/aruco_tag.jpg
[0.469s] -- Up-to-date symlink: /home/nextup/Downloads/colcon_ws/install/eyantra_warehouse/share/eyantra_warehouse//models/boxes/box_7/meshes/box.dae
[0.470s] -- Up-to-date symlink: /home/nextup/Downloads/colcon_ws/install/eyantra_warehouse/share/eyantra_warehouse//models/boxes/box_7/meshes/box__bg.png
[0.470s] -- Up-to-date symlink: /home/nextup/Downloads/colcon_ws/install/eyantra_warehouse/share/eyantra_warehouse//models/boxes/box_7/meshes/cardboard_bg.png
[0.470s] -- Up-to-date symlink: /home/nextup/Downloads/colcon_ws/install/eyantra_warehouse/share/eyantra_warehouse//models/boxes/box_7/model.config
[0.470s] -- Up-to-date symlink: /home/nextup/Downloads/colcon_ws/install/eyantra_warehouse/share/eyantra_warehouse//models/boxes/box_7/model.sdf
[0.470s] -- Up-to-date symlink: /home/nextup/Downloads/colcon_ws/install/eyantra_warehouse/share/eyantra_warehouse//models/boxes/box_8/meshes/aruco_tag.jpg
[0.470s] -- Up-to-date symlink: /home/nextup/Downloads/colcon_ws/install/eyantra_warehouse/share/eyantra_warehouse//models/boxes/box_8/meshes/box.dae
[0.470s] -- Up-to-date symlink: /home/nextup/Downloads/colcon_ws/install/eyantra_warehouse/share/eyantra_warehouse//models/boxes/box_8/meshes/box__bg.png
[0.470s] -- Up-to-date symlink: /home/nextup/Downloads/colcon_ws/install/eyantra_warehouse/share/eyantra_warehouse//models/boxes/box_8/meshes/cardboard_bg.png
[0.470s] -- Up-to-date symlink: /home/nextup/Downloads/colcon_ws/install/eyantra_warehouse/share/eyantra_warehouse//models/boxes/box_8/model.config
[0.470s] -- Up-to-date symlink: /home/nextup/Downloads/colcon_ws/install/eyantra_warehouse/share/eyantra_warehouse//models/boxes/box_8/model.sdf
[0.470s] -- Up-to-date symlink: /home/nextup/Downloads/colcon_ws/install/eyantra_warehouse/share/eyantra_warehouse//models/boxes/box_9/meshes/aruco_tag.jpg
[0.471s] -- Up-to-date symlink: /home/nextup/Downloads/colcon_ws/install/eyantra_warehouse/share/eyantra_warehouse//models/boxes/box_9/meshes/box.dae
[0.471s] -- Up-to-date symlink: /home/nextup/Downloads/colcon_ws/install/eyantra_warehouse/share/eyantra_warehouse//models/boxes/box_9/meshes/box__bg.png
[0.471s] -- Up-to-date symlink: /home/nextup/Downloads/colcon_ws/install/eyantra_warehouse/share/eyantra_warehouse//models/boxes/box_9/meshes/cardboard_bg.png
[0.471s] -- Up-to-date symlink: /home/nextup/Downloads/colcon_ws/install/eyantra_warehouse/share/eyantra_warehouse//models/boxes/box_9/model.config
[0.471s] -- Up-to-date symlink: /home/nextup/Downloads/colcon_ws/install/eyantra_warehouse/share/eyantra_warehouse//models/boxes/box_9/model.sdf
[0.471s] -- Up-to-date symlink: /home/nextup/Downloads/colcon_ws/install/eyantra_warehouse/share/eyantra_warehouse//models/lab/meshes/WoodFlooring044_COL_3K.jpg.001.jpg
[0.471s] -- Up-to-date symlink: /home/nextup/Downloads/colcon_ws/install/eyantra_warehouse/share/eyantra_warehouse//models/lab/meshes/WoodPlanksWorn33_COL_VAR1_3K.jpg.002.jpg
[0.472s] -- Up-to-date symlink: /home/nextup/Downloads/colcon_ws/install/eyantra_warehouse/share/eyantra_warehouse//models/lab/meshes/lab.dae
[0.472s] -- Up-to-date symlink: /home/nextup/Downloads/colcon_ws/install/eyantra_warehouse/share/eyantra_warehouse//models/lab/meshes/lab.stl
[0.472s] -- Up-to-date symlink: /home/nextup/Downloads/colcon_ws/install/eyantra_warehouse/share/eyantra_warehouse//models/lab/model.config
[0.472s] -- Up-to-date symlink: /home/nextup/Downloads/colcon_ws/install/eyantra_warehouse/share/eyantra_warehouse//models/lab/model.sdf
[0.472s] -- Up-to-date symlink: /home/nextup/Downloads/colcon_ws/install/eyantra_warehouse/share/eyantra_warehouse//models/moon_surface/meshes/moon_surface.dae
[0.472s] -- Up-to-date symlink: /home/nextup/Downloads/colcon_ws/install/eyantra_warehouse/share/eyantra_warehouse//models/moon_surface/meshes/moon_texture.jpg
[0.473s] -- Up-to-date symlink: /home/nextup/Downloads/colcon_ws/install/eyantra_warehouse/share/eyantra_warehouse//models/moon_surface/model.config
[0.473s] -- Up-to-date symlink: /home/nextup/Downloads/colcon_ws/install/eyantra_warehouse/share/eyantra_warehouse//models/moon_surface/model.sdf
[0.473s] -- Up-to-date symlink: /home/nextup/Downloads/colcon_ws/install/eyantra_warehouse/share/eyantra_warehouse//models/office/meshes/Bricks01_COL_VAR1_3K.jpg.002.jpg
[0.473s] -- Up-to-date symlink: /home/nextup/Downloads/colcon_ws/install/eyantra_warehouse/share/eyantra_warehouse//models/office/meshes/ConcreteWall001_COL_VAR1_3K.jpg.002.jpg
[0.473s] -- Up-to-date symlink: /home/nextup/Downloads/colcon_ws/install/eyantra_warehouse/share/eyantra_warehouse//models/office/meshes/GroundClay002_COL_VAR1_3K.jpg.001.jpg
[0.474s] -- Up-to-date symlink: /home/nextup/Downloads/colcon_ws/install/eyantra_warehouse/share/eyantra_warehouse//models/office/meshes/MetalCorrodedHeavy001_COL_3K_METALNESS.jpg.002.jpg
[0.474s] -- Up-to-date symlink: /home/nextup/Downloads/colcon_ws/install/eyantra_warehouse/share/eyantra_warehouse//models/office/meshes/MetalCorrugatedIronSheet002_METALNESS_3K_METALNESS.jpg.002.jpg
[0.474s] -- Up-to-date symlink: /home/nextup/Downloads/colcon_ws/install/eyantra_warehouse/share/eyantra_warehouse//models/office/meshes/MetalSpottyDiscoloration001_COL_3K_METALNESS.jpg.002.jpg
[0.474s] -- Up-to-date symlink: /home/nextup/Downloads/colcon_ws/install/eyantra_warehouse/share/eyantra_warehouse//models/office/meshes/SB.mtl
[0.475s] -- Up-to-date symlink: /home/nextup/Downloads/colcon_ws/install/eyantra_warehouse/share/eyantra_warehouse//models/office/meshes/SB.obj
[0.475s] -- Up-to-date symlink: /home/nextup/Downloads/colcon_ws/install/eyantra_warehouse/share/eyantra_warehouse//models/office/meshes/SB_fixed.mtl
[0.475s] -- Up-to-date symlink: /home/nextup/Downloads/colcon_ws/install/eyantra_warehouse/share/eyantra_warehouse//models/office/meshes/SB_fixed.obj
[0.475s] -- Up-to-date symlink: /home/nextup/Downloads/colcon_ws/install/eyantra_warehouse/share/eyantra_warehouse//models/office/meshes/Tiles05_COL_VAR1_3K.jpg.001.jpg
[0.475s] -- Up-to-date symlink: /home/nextup/Downloads/colcon_ws/install/eyantra_warehouse/share/eyantra_warehouse//models/office/meshes/TilesRectangularMirrorGray001_COL_3K.jpg.001.jpg
[0.475s] -- Up-to-date symlink: /home/nextup/Downloads/colcon_ws/install/eyantra_warehouse/share/eyantra_warehouse//models/office/meshes/WoodFlooring061_COL_3K.jpg.001.jpg
[0.475s] -- Up-to-date symlink: /home/nextup/Downloads/colcon_ws/install/eyantra_warehouse/share/eyantra_warehouse//models/office/meshes/WoodFlooringMahoganyAfricanSanded001_COL_3K.jpg.001.jpg
[0.475s] -- Up-to-date symlink: /home/nextup/Downloads/colcon_ws/install/eyantra_warehouse/share/eyantra_warehouse//models/office/meshes/WoodPlanksWorn33_COL_VAR1_3K.jpg.002.jpg
[0.475s] -- Up-to-date symlink: /home/nextup/Downloads/colcon_ws/install/eyantra_warehouse/share/eyantra_warehouse//models/office/meshes/cardboard.jpg
[0.475s] -- Up-to-date symlink: /home/nextup/Downloads/colcon_ws/install/eyantra_warehouse/share/eyantra_warehouse//models/office/meshes/concrete_bag.jpg
[0.475s] -- Up-to-date symlink: /home/nextup/Downloads/colcon_ws/install/eyantra_warehouse/share/eyantra_warehouse//models/office/meshes/cp_walls.jpg
[0.476s] -- Up-to-date symlink: /home/nextup/Downloads/colcon_ws/install/eyantra_warehouse/share/eyantra_warehouse//models/office/meshes/fixed_sb_bake_2k.png
[0.476s] -- Up-to-date symlink: /home/nextup/Downloads/colcon_ws/install/eyantra_warehouse/share/eyantra_warehouse//models/office/meshes/office.dae
[0.476s] -- Up-to-date symlink: /home/nextup/Downloads/colcon_ws/install/eyantra_warehouse/share/eyantra_warehouse//models/office/meshes/office_construction.dae
[0.476s] -- Up-to-date symlink: /home/nextup/Downloads/colcon_ws/install/eyantra_warehouse/share/eyantra_warehouse//models/office/meshes/sb_bake_2k.png
[0.476s] -- Up-to-date symlink: /home/nextup/Downloads/colcon_ws/install/eyantra_warehouse/share/eyantra_warehouse//models/office/meshes/whiteboard.jpg
[0.476s] -- Up-to-date symlink: /home/nextup/Downloads/colcon_ws/install/eyantra_warehouse/share/eyantra_warehouse//models/office/model.config
[0.476s] -- Up-to-date symlink: /home/nextup/Downloads/colcon_ws/install/eyantra_warehouse/share/eyantra_warehouse//models/office/model.sdf
[0.476s] -- Up-to-date symlink: /home/nextup/Downloads/colcon_ws/install/eyantra_warehouse/share/eyantra_warehouse//models/package_box/meshes/4x4_1000-0.png
[0.476s] -- Up-to-date symlink: /home/nextup/Downloads/colcon_ws/install/eyantra_warehouse/share/eyantra_warehouse//models/package_box/meshes/aws_robomaker_warehouse_ClutteringC_02.png
[0.476s] -- Up-to-date symlink: /home/nextup/Downloads/colcon_ws/install/eyantra_warehouse/share/eyantra_warehouse//models/package_box/meshes/package_box.dae
[0.476s] -- Up-to-date symlink: /home/nextup/Downloads/colcon_ws/install/eyantra_warehouse/share/eyantra_warehouse//models/package_box/model.config
[0.476s] -- Up-to-date symlink: /home/nextup/Downloads/colcon_ws/install/eyantra_warehouse/share/eyantra_warehouse//models/package_box/model.sdf
[0.476s] -- Up-to-date symlink: /home/nextup/Downloads/colcon_ws/install/eyantra_warehouse/share/eyantra_warehouse//models/rack/meshes/brushedsteel4.jpg
[0.477s] -- Up-to-date symlink: /home/nextup/Downloads/colcon_ws/install/eyantra_warehouse/share/eyantra_warehouse//models/rack/meshes/brushedsteel_bg.jpg
[0.477s] -- Up-to-date symlink: /home/nextup/Downloads/colcon_ws/install/eyantra_warehouse/share/eyantra_warehouse//models/rack/meshes/rack.dae
[0.477s] -- Up-to-date symlink: /home/nextup/Downloads/colcon_ws/install/eyantra_warehouse/share/eyantra_warehouse//models/rack/meshes/rack.stl
[0.477s] -- Up-to-date symlink: /home/nextup/Downloads/colcon_ws/install/eyantra_warehouse/share/eyantra_warehouse//models/rack/model.config
[0.477s] -- Up-to-date symlink: /home/nextup/Downloads/colcon_ws/install/eyantra_warehouse/share/eyantra_warehouse//models/rack/model.sdf
[0.477s] -- Up-to-date symlink: /home/nextup/Downloads/colcon_ws/install/eyantra_warehouse/share/eyantra_warehouse//models/rack_base/model.config
[0.477s] -- Up-to-date symlink: /home/nextup/Downloads/colcon_ws/install/eyantra_warehouse/share/eyantra_warehouse//models/rack_base/model.sdf
[0.477s] -- Up-to-date symlink: /home/nextup/Downloads/colcon_ws/install/eyantra_warehouse/share/eyantra_warehouse//models/rack_with_box/meshes/brushedsteel_bg.jpg
[0.477s] -- Up-to-date symlink: /home/nextup/Downloads/colcon_ws/install/eyantra_warehouse/share/eyantra_warehouse//models/rack_with_box/meshes/rack.dae
[0.477s] -- Up-to-date symlink: /home/nextup/Downloads/colcon_ws/install/eyantra_warehouse/share/eyantra_warehouse//models/rack_with_box/model.config
[0.478s] -- Up-to-date symlink: /home/nextup/Downloads/colcon_ws/install/eyantra_warehouse/share/eyantra_warehouse//models/rack_with_box/model.sdf
[0.478s] -- Up-to-date symlink: /home/nextup/Downloads/colcon_ws/install/eyantra_warehouse/share/eyantra_warehouse//models/table/meshes/eyantra_logo~red_280x55.png
[0.478s] -- Up-to-date symlink: /home/nextup/Downloads/colcon_ws/install/eyantra_warehouse/share/eyantra_warehouse//models/table/meshes/eyantra_logo~red_280x55.png.001.png
[0.478s] -- Up-to-date symlink: /home/nextup/Downloads/colcon_ws/install/eyantra_warehouse/share/eyantra_warehouse//models/table/meshes/table.dae
[0.478s] -- Up-to-date symlink: /home/nextup/Downloads/colcon_ws/install/eyantra_warehouse/share/eyantra_warehouse//models/table/model.config
[0.478s] -- Up-to-date symlink: /home/nextup/Downloads/colcon_ws/install/eyantra_warehouse/share/eyantra_warehouse//models/table/model.sdf
[0.478s] -- Up-to-date symlink: /home/nextup/Downloads/colcon_ws/install/eyantra_warehouse/share/eyantra_warehouse//models/table_box/model.config
[0.478s] -- Up-to-date symlink: /home/nextup/Downloads/colcon_ws/install/eyantra_warehouse/share/eyantra_warehouse//models/table_box/model.sdf
[0.478s] -- Up-to-date symlink: /home/nextup/Downloads/colcon_ws/install/eyantra_warehouse/share/eyantra_warehouse//models/warehouse_boundary/meshes/warehouse_boundary.dae
[0.478s] -- Up-to-date symlink: /home/nextup/Downloads/colcon_ws/install/eyantra_warehouse/share/eyantra_warehouse//models/warehouse_boundary/meshes/warehouse_boundary_glass_cover.dae
[0.479s] -- Up-to-date symlink: /home/nextup/Downloads/colcon_ws/install/eyantra_warehouse/share/eyantra_warehouse//models/warehouse_boundary/meshes/warehouse_floor.jpg
[0.479s] -- Up-to-date symlink: /home/nextup/Downloads/colcon_ws/install/eyantra_warehouse/share/eyantra_warehouse//models/warehouse_boundary/model.config
[0.479s] -- Up-to-date symlink: /home/nextup/Downloads/colcon_ws/install/eyantra_warehouse/share/eyantra_warehouse//models/warehouse_boundary/model.sdf
[0.479s] -- Up-to-date symlink: /home/nextup/Downloads/colcon_ws/install/eyantra_warehouse/share/eyantra_warehouse//config/SkyX_Moon.fragment
[0.479s] -- Up-to-date symlink: /home/nextup/Downloads/colcon_ws/install/eyantra_warehouse/share/eyantra_warehouse//config/SkyX_Moon.png
[0.479s] -- Up-to-date symlink: /home/nextup/Downloads/colcon_ws/install/eyantra_warehouse/share/eyantra_warehouse//config/package_link.json
[0.479s] -- Up-to-date symlink: /home/nextup/Downloads/colcon_ws/install/eyantra_warehouse/share/ament_index/resource_index/package_run_dependencies/eyantra_warehouse
[0.479s] -- Up-to-date symlink: /home/nextup/Downloads/colcon_ws/install/eyantra_warehouse/share/ament_index/resource_index/parent_prefix_path/eyantra_warehouse
[0.479s] -- Up-to-date symlink: /home/nextup/Downloads/colcon_ws/install/eyantra_warehouse/share/eyantra_warehouse/environment/ament_prefix_path.sh
[0.479s] -- Up-to-date symlink: /home/nextup/Downloads/colcon_ws/install/eyantra_warehouse/share/eyantra_warehouse/environment/ament_prefix_path.dsv
[0.479s] -- Up-to-date symlink: /home/nextup/Downloads/colcon_ws/install/eyantra_warehouse/share/eyantra_warehouse/environment/path.sh
[0.479s] -- Up-to-date symlink: /home/nextup/Downloads/colcon_ws/install/eyantra_warehouse/share/eyantra_warehouse/environment/path.dsv
[0.480s] -- Up-to-date symlink: /home/nextup/Downloads/colcon_ws/install/eyantra_warehouse/share/eyantra_warehouse/local_setup.bash
[0.480s] -- Up-to-date symlink: /home/nextup/Downloads/colcon_ws/install/eyantra_warehouse/share/eyantra_warehouse/local_setup.sh
[0.480s] -- Up-to-date symlink: /home/nextup/Downloads/colcon_ws/install/eyantra_warehouse/share/eyantra_warehouse/local_setup.zsh
[0.480s] -- Up-to-date symlink: /home/nextup/Downloads/colcon_ws/install/eyantra_warehouse/share/eyantra_warehouse/local_setup.dsv
[0.480s] -- Up-to-date symlink: /home/nextup/Downloads/colcon_ws/install/eyantra_warehouse/share/eyantra_warehouse/package.dsv
[0.480s] -- Up-to-date symlink: /home/nextup/Downloads/colcon_ws/install/eyantra_warehouse/share/ament_index/resource_index/packages/eyantra_warehouse
[0.480s] -- Up-to-date symlink: /home/nextup/Downloads/colcon_ws/install/eyantra_warehouse/share/eyantra_warehouse/cmake/eyantra_warehouseConfig.cmake
[0.481s] -- Up-to-date symlink: /home/nextup/Downloads/colcon_ws/install/eyantra_warehouse/share/eyantra_warehouse/cmake/eyantra_warehouseConfig-version.cmake
[0.481s] -- Up-to-date symlink: /home/nextup/Downloads/colcon_ws/install/eyantra_warehouse/share/eyantra_warehouse/package.xml
