[0.298s] Invoking command in '/home/nextup/Downloads/colcon_ws/build/gazebo_ros2_control': CMAKE_PREFIX_PATH=${CMAKE_PREFIX_PATH}:/opt/ros/humble /usr/bin/cmake /home/nextup/Downloads/colcon_ws/src/gazebo_ros2_control -DAMENT_CMAKE_SYMLINK_INSTALL=1 -DCMAKE_INSTALL_PREFIX=/home/nextup/Downloads/colcon_ws/install/gazebo_ros2_control
[0.307s] -- Found ament_cmake: 1.3.6 (/opt/ros/humble/share/ament_cmake/cmake)
[0.449s] -- Override CMake install command with custom implementation using symlinks instead of copying resources
[0.454s] -- Found angles: 1.15.0 (/opt/ros/humble/share/angles/cmake)
[0.454s] -- Found controller_manager: 2.35.0 (/opt/ros/humble/share/controller_manager/cmake)
[0.489s] -- Found rosidl_generator_c: 3.1.5 (/opt/ros/humble/share/rosidl_generator_c/cmake)
[0.492s] -- Found rosidl_adapter: 3.1.5 (/opt/ros/humble/share/rosidl_adapter/cmake)
[0.499s] -- Found rosidl_generator_cpp: 3.1.5 (/opt/ros/humble/share/rosidl_generator_cpp/cmake)
[0.515s] -- Using all available rosidl_typesupport_c: rosidl_typesupport_fastrtps_c;rosidl_typesupport_introspection_c
[0.537s] -- Using all available rosidl_typesupport_cpp: rosidl_typesupport_fastrtps_cpp;rosidl_typesupport_introspection_cpp
[1.221s] -- Found rmw_implementation_cmake: 6.1.1 (/opt/ros/humble/share/rmw_implementation_cmake/cmake)
[1.222s] -- Found rmw_fastrtps_cpp: 6.2.5 (/opt/ros/humble/share/rmw_fastrtps_cpp/cmake)
[1.247s] -- Found TinyXML2 via Config file: TinyXML2_DIR-NOTFOUND
[1.253s] -- Found TinyXML2 via Config file: TinyXML2_DIR-NOTFOUND
[1.271s] -- Found TinyXML2 via Config file: TinyXML2_DIR-NOTFOUND
[1.276s] -- Found TinyXML2 via Config file: TinyXML2_DIR-NOTFOUND
[1.285s] -- Using RMW implementation 'rmw_fastrtps_cpp' as default
[1.793s] -- Found gazebo_dev: 3.7.0 (/opt/ros/humble/share/gazebo_dev/cmake)
[1.812s] -- Found DART: /usr/include (Required is at least version "6.6") found components: dart 
[1.831s] -- Found Protobuf: /usr/lib/x86_64-linux-gnu/libprotobuf.so (found version "3.12.4") 
[1.832s] -- Looking for ignition-math6 -- found version 6.15.0
[1.835s] -- Searching for dependencies of ignition-math6
[1.836s] -- Looking for OGRE...
[1.840s] -- Found Ogre Ghadamon (1.9.0)
[1.840s] -- Found OGRE: optimized;/usr/lib/x86_64-linux-gnu/libOgreMain.so;debug;/usr/lib/x86_64-linux-gnu/libOgreMain.so
[1.847s] -- Looking for OGRE_Paging...
[1.847s] -- Found OGRE_Paging: optimized;/usr/lib/x86_64-linux-gnu/libOgrePaging.so;debug;/usr/lib/x86_64-linux-gnu/libOgrePaging.so
[1.847s] -- Looking for OGRE_Terrain...
[1.847s] -- Found OGRE_Terrain: optimized;/usr/lib/x86_64-linux-gnu/libOgreTerrain.so;debug;/usr/lib/x86_64-linux-gnu/libOgreTerrain.so
[1.847s] -- Looking for OGRE_Property...
[1.847s] -- Found OGRE_Property: optimized;/usr/lib/x86_64-linux-gnu/libOgreProperty.so;debug;/usr/lib/x86_64-linux-gnu/libOgreProperty.so
[1.847s] -- Looking for OGRE_RTShaderSystem...
[1.847s] -- Found OGRE_RTShaderSystem: optimized;/usr/lib/x86_64-linux-gnu/libOgreRTShaderSystem.so;debug;/usr/lib/x86_64-linux-gnu/libOgreRTShaderSystem.so
[1.847s] -- Looking for OGRE_Volume...
[1.847s] -- Found OGRE_Volume: optimized;/usr/lib/x86_64-linux-gnu/libOgreVolume.so;debug;/usr/lib/x86_64-linux-gnu/libOgreVolume.so
[1.847s] -- Looking for OGRE_Overlay...
[1.848s] -- Found OGRE_Overlay: optimized;/usr/lib/x86_64-linux-gnu/libOgreOverlay.so;debug;/usr/lib/x86_64-linux-gnu/libOgreOverlay.so
[1.960s] -- Looking for ignition-math6 -- found version 6.15.0
[1.960s] -- Looking for ignition-transport8 -- found version 8.2.1
[1.961s] -- Searching for dependencies of ignition-transport8
[1.974s] -- Found Protobuf: /usr/lib/x86_64-linux-gnu/libprotobuf.so (found suitable version "3.12.4", minimum required is "3") 
[1.982s] -- Config-file not installed for ZeroMQ -- checking for pkg-config
[1.986s] -- Checking for module 'libzmq >= 4'
[1.995s] --   Found libzmq , version 4.3.4
[2.021s] -- Checking for module 'uuid'
[2.030s] --   Found uuid, version 2.37.2
[2.051s] -- Looking for ignition-msgs5 -- found version 5.8.1
[2.051s] -- Searching for dependencies of ignition-msgs5
[2.065s] -- Looking for ignition-math6 -- found version 6.15.0
[2.070s] -- Looking for ignition-msgs5 -- found version 5.8.1
[2.070s] -- Looking for ignition-common3 -- found version 3.14.0
[2.071s] -- Searching for dependencies of ignition-common3
[2.071s] -- Looking for dlfcn.h - found
[2.071s] -- Looking for libdl - found
[2.078s] -- Searching for <ignition-common3> component [graphics]
[2.079s] -- Looking for ignition-common3-graphics -- found version 3.14.0
[2.079s] -- Searching for dependencies of ignition-common3-graphics
[2.079s] -- Looking for ignition-math6 -- found version 6.15.0
[2.080s] -- Looking for ignition-fuel_tools4 -- found version 4.4.0
[2.080s] -- Searching for dependencies of ignition-fuel_tools4
[2.108s] -- Checking for module 'jsoncpp'
[2.118s] --   Found jsoncpp, version 1.9.5
[2.142s] -- Checking for module 'libzip'
[2.151s] --   Found libzip, version 1.7.3
[2.172s] -- Looking for ignition-common3 -- found version 3.14.0
[2.172s] -- Looking for ignition-math6 -- found version 6.15.0
[2.172s] -- Looking for ignition-msgs5 -- found version 5.8.1
[2.173s] -- Gazebo version: 11.10
[2.174s] -- Found gazebo_ros: 3.7.0 (/opt/ros/humble/share/gazebo_ros/cmake)
[2.180s] -- Found yaml_cpp_vendor: 8.0.2 (/opt/ros/humble/share/yaml_cpp_vendor/cmake)
[2.763s] -- Found ament_cmake_gtest: 1.3.6 (/opt/ros/humble/share/ament_cmake_gtest/cmake)
[2.763s] -- Found ament_lint_auto: 0.12.9 (/opt/ros/humble/share/ament_lint_auto/cmake)
[2.817s] -- Added test 'copyright' to check source files copyright and LICENSE
[2.817s] -- Added test 'cppcheck' to perform static code analysis on C / C++ code
[2.818s] -- Configured cppcheck include dirs: /home/nextup/Downloads/colcon_ws/src/gazebo_ros2_control/include
[2.818s] -- Configured cppcheck exclude dirs and/or files: 
[2.818s] -- Added test 'cpplint' to check C / C++ code against the Google style
[2.818s] -- Configured cpplint exclude dirs and/or files: 
[2.818s] -- Added test 'lint_cmake' to check CMake code style
[2.819s] -- Added test 'uncrustify' to check C / C++ code style
[2.819s] -- Configured uncrustify additional arguments: 
[2.819s] -- Added test 'xmllint' to check XML markup files
[2.820s] -- Configuring done
[2.857s] -- Generating done
[2.859s] -- Build files have been written to: /home/nextup/Downloads/colcon_ws/build/gazebo_ros2_control
